[0.028s] Invoking command in '/home/utc_sim/ros2_dvrk/src/build/crtk_msgs': /usr/bin/cmake /home/utc_sim/ros2_dvrk/src/crtk/crtk_msgs -DCMAKE_BUILD_TYPE=Release -DCATKIN_INSTALL_INTO_PREFIX_ROOT=0 -DCATKIN_SYMLINK_INSTALL=ON -DCMAKE_INSTALL_PREFIX=/home/utc_sim/ros2_dvrk/src/install/crtk_msgs
[0.210s] -- The C compiler identification is GNU 11.4.0
[0.340s] -- The CXX compiler identification is GNU 11.4.0
[0.363s] -- Detecting C compiler ABI info
[0.447s] -- Detecting C compiler ABI info - done
[0.456s] -- Check for working C compiler: /usr/bin/cc - skipped
[0.456s] -- Detecting C compile features
[0.456s] -- Detecting C compile features - done
[0.464s] -- Detecting CXX compiler ABI info
[0.556s] -- Detecting CXX compiler ABI info - done
[0.562s] -- Check for working CXX compiler: /usr/bin/c++ - skipped
[0.562s] -- Detecting CXX compile features
[0.562s] -- Detecting CXX compile features - done
[0.833s] -- Found Python3: /usr/bin/python3 (found version "3.10.12") found components: Interpreter 
[0.901s] Traceback (most recent call last):
[0.901s]   File "/opt/ros/humble/share/ament_cmake_core/cmake/package_templates/templates_2_cmake.py", line 21, in <module>
[0.901s]     from ament_package.templates import get_environment_hook_template_path
[0.901s] ModuleNotFoundError: No module named 'ament_package'
[0.915s] -- Configuring incomplete, errors occurred!
[0.915s] See also "/home/utc_sim/ros2_dvrk/src/build/crtk_msgs/CMakeFiles/CMakeOutput.log".
[0.915s] [31mCMake Error at /opt/ros/humble/share/ament_cmake_core/cmake/ament_cmake_package_templates-extras.cmake:41 (message):
[0.915s]   execute_process(/usr/bin/python3
[0.915s]   /opt/ros/humble/share/ament_cmake_core/cmake/package_templates/templates_2_cmake.py
[0.915s]   /home/utc_sim/ros2_dvrk/src/build/crtk_msgs/ament_cmake_package_templates/templates.cmake)
[0.915s]   returned error code 1
[0.915s] Call Stack (most recent call first):
[0.915s]   /opt/ros/humble/share/ament_cmake_core/cmake/ament_cmake_coreConfig.cmake:41 (include)
[0.915s]   /opt/ros/humble/share/ament_cmake/cmake/ament_cmake_export_dependencies-extras.cmake:15 (find_package)
[0.915s]   /opt/ros/humble/share/ament_cmake/cmake/ament_cmakeConfig.cmake:41 (include)
[0.915s]   CMakeLists.txt:43 (find_package)
[0.915s] 
[0.915s] [0m
