Built target ament_cmake_python_symlink_crtk
running egg_info
writing crtk.egg-info/PKG-INFO
writing dependency_links to crtk.egg-info/dependency_links.txt
writing top-level names to crtk.egg-info/top_level.txt
reading manifest file 'crtk.egg-info/SOURCES.txt'
writing manifest file 'crtk.egg-info/SOURCES.txt'
Built target ament_cmake_python_build_crtk_egg
-- Install configuration: "Release"
-- Execute custom install script
-- Up-to-date symlink: /home/utc_sim/ros2_dvrk/install/crtk_python_client/share/crtk_python_client/environment/pythonpath.sh
-- Up-to-date symlink: /home/utc_sim/ros2_dvrk/install/crtk_python_client/share/crtk_python_client/environment/pythonpath.dsv
-- Up-to-date symlink: /home/utc_sim/ros2_dvrk/install/crtk_python_client/local/lib/python3.10/dist-packages/crtk-1.4.0-py3.10.egg-info/PKG-INFO
-- Up-to-date symlink: /home/utc_sim/ros2_dvrk/install/crtk_python_client/local/lib/python3.10/dist-packages/crtk-1.4.0-py3.10.egg-info/SOURCES.txt
-- Up-to-date symlink: /home/utc_sim/ros2_dvrk/install/crtk_python_client/local/lib/python3.10/dist-packages/crtk-1.4.0-py3.10.egg-info/dependency_links.txt
-- Up-to-date symlink: /home/utc_sim/ros2_dvrk/install/crtk_python_client/local/lib/python3.10/dist-packages/crtk-1.4.0-py3.10.egg-info/top_level.txt
-- Up-to-date symlink: /home/utc_sim/ros2_dvrk/install/crtk_python_client/local/lib/python3.10/dist-packages/crtk/__init__.py
-- Up-to-date symlink: /home/utc_sim/ros2_dvrk/install/crtk_python_client/local/lib/python3.10/dist-packages/crtk/joystick_button.py
-- Up-to-date symlink: /home/utc_sim/ros2_dvrk/install/crtk_python_client/local/lib/python3.10/dist-packages/crtk/measured_cp.py
-- Up-to-date symlink: /home/utc_sim/ros2_dvrk/install/crtk_python_client/local/lib/python3.10/dist-packages/crtk/msg_conversions.py
-- Up-to-date symlink: /home/utc_sim/ros2_dvrk/install/crtk_python_client/local/lib/python3.10/dist-packages/crtk/py.typed
-- Up-to-date symlink: /home/utc_sim/ros2_dvrk/install/crtk_python_client/local/lib/python3.10/dist-packages/crtk/ral_ros1.py
-- Up-to-date symlink: /home/utc_sim/ros2_dvrk/install/crtk_python_client/local/lib/python3.10/dist-packages/crtk/ral_ros2.py
-- Up-to-date symlink: /home/utc_sim/ros2_dvrk/install/crtk_python_client/local/lib/python3.10/dist-packages/crtk/utils.py
-- Up-to-date symlink: /home/utc_sim/ros2_dvrk/install/crtk_python_client/local/lib/python3.10/dist-packages/crtk/wait_move_handle.py
-- Up-to-date symlink: /home/utc_sim/ros2_dvrk/install/crtk_python_client/lib/crtk_python_client/crtk_haptic_example.py
-- Up-to-date symlink: /home/utc_sim/ros2_dvrk/install/crtk_python_client/lib/crtk_python_client/crtk_move_cp_example.py
-- Up-to-date symlink: /home/utc_sim/ros2_dvrk/install/crtk_python_client/lib/crtk_python_client/crtk_rate_example.py
-- Up-to-date symlink: /home/utc_sim/ros2_dvrk/install/crtk_python_client/lib/crtk_python_client/crtk_servo_cp_example.py
-- Up-to-date symlink: /home/utc_sim/ros2_dvrk/install/crtk_python_client/lib/crtk_python_client/crtk_servo_cv_example.py
-- Up-to-date symlink: /home/utc_sim/ros2_dvrk/install/crtk_python_client/lib/crtk_python_client/crtk_servo_jp_example.py
-- Up-to-date symlink: /home/utc_sim/ros2_dvrk/install/crtk_python_client/lib/crtk_python_client/crtk_simple_orientation_registration.py
-- Up-to-date symlink: /home/utc_sim/ros2_dvrk/install/crtk_python_client/lib/crtk_python_client/crtk_teleop_example.py
-- Up-to-date symlink: /home/utc_sim/ros2_dvrk/install/crtk_python_client/share/ament_index/resource_index/package_run_dependencies/crtk_python_client
-- Up-to-date symlink: /home/utc_sim/ros2_dvrk/install/crtk_python_client/share/ament_index/resource_index/parent_prefix_path/crtk_python_client
-- Up-to-date symlink: /home/utc_sim/ros2_dvrk/install/crtk_python_client/share/crtk_python_client/environment/ament_prefix_path.sh
-- Up-to-date symlink: /home/utc_sim/ros2_dvrk/install/crtk_python_client/share/crtk_python_client/environment/ament_prefix_path.dsv
-- Up-to-date symlink: /home/utc_sim/ros2_dvrk/install/crtk_python_client/share/crtk_python_client/environment/path.sh
-- Up-to-date symlink: /home/utc_sim/ros2_dvrk/install/crtk_python_client/share/crtk_python_client/environment/path.dsv
-- Up-to-date symlink: /home/utc_sim/ros2_dvrk/install/crtk_python_client/share/crtk_python_client/local_setup.bash
-- Up-to-date symlink: /home/utc_sim/ros2_dvrk/install/crtk_python_client/share/crtk_python_client/local_setup.sh
-- Up-to-date symlink: /home/utc_sim/ros2_dvrk/install/crtk_python_client/share/crtk_python_client/local_setup.zsh
-- Up-to-date symlink: /home/utc_sim/ros2_dvrk/install/crtk_python_client/share/crtk_python_client/local_setup.dsv
-- Symlinking: /home/utc_sim/ros2_dvrk/install/crtk_python_client/share/crtk_python_client/package.dsv
-- Up-to-date symlink: /home/utc_sim/ros2_dvrk/install/crtk_python_client/share/ament_index/resource_index/packages/crtk_python_client
-- Up-to-date symlink: /home/utc_sim/ros2_dvrk/install/crtk_python_client/share/crtk_python_client/cmake/crtk_python_clientConfig.cmake
-- Up-to-date symlink: /home/utc_sim/ros2_dvrk/install/crtk_python_client/share/crtk_python_client/cmake/crtk_python_clientConfig-version.cmake
-- Up-to-date symlink: /home/utc_sim/ros2_dvrk/install/crtk_python_client/share/crtk_python_client/package.xml
Listing '/home/utc_sim/ros2_dvrk/install/crtk_python_client/local/lib/python3.10/dist-packages/crtk'...
