[100%] Built target saw_robot_io_1394_ros
-- Install configuration: "Release"
-- Execute custom install script
-- Up-to-date symlink: /home/utc_sim/ros2_dvrk/install/saw_robot_io_1394_ros/include/saw_robot_io_1394_ros/mts_ros_crtk_robot_io_bridge.h
-- Up-to-date symlink: /home/utc_sim/ros2_dvrk/install/saw_robot_io_1394_ros/share/saw_robot_io_1394_ros/environment/library_path.sh
-- Up-to-date symlink: /home/utc_sim/ros2_dvrk/install/saw_robot_io_1394_ros/share/saw_robot_io_1394_ros/environment/library_path.dsv
-- Up-to-date symlink: /home/utc_sim/ros2_dvrk/install/saw_robot_io_1394_ros/share/ament_index/resource_index/package_run_dependencies/saw_robot_io_1394_ros
-- Up-to-date symlink: /home/utc_sim/ros2_dvrk/install/saw_robot_io_1394_ros/share/ament_index/resource_index/parent_prefix_path/saw_robot_io_1394_ros
-- Up-to-date symlink: /home/utc_sim/ros2_dvrk/install/saw_robot_io_1394_ros/share/saw_robot_io_1394_ros/environment/ament_prefix_path.sh
-- Up-to-date symlink: /home/utc_sim/ros2_dvrk/install/saw_robot_io_1394_ros/share/saw_robot_io_1394_ros/environment/ament_prefix_path.dsv
-- Up-to-date symlink: /home/utc_sim/ros2_dvrk/install/saw_robot_io_1394_ros/share/saw_robot_io_1394_ros/environment/path.sh
-- Up-to-date symlink: /home/utc_sim/ros2_dvrk/install/saw_robot_io_1394_ros/share/saw_robot_io_1394_ros/environment/path.dsv
-- Up-to-date symlink: /home/utc_sim/ros2_dvrk/install/saw_robot_io_1394_ros/share/saw_robot_io_1394_ros/local_setup.bash
-- Up-to-date symlink: /home/utc_sim/ros2_dvrk/install/saw_robot_io_1394_ros/share/saw_robot_io_1394_ros/local_setup.sh
-- Up-to-date symlink: /home/utc_sim/ros2_dvrk/install/saw_robot_io_1394_ros/share/saw_robot_io_1394_ros/local_setup.zsh
-- Up-to-date symlink: /home/utc_sim/ros2_dvrk/install/saw_robot_io_1394_ros/share/saw_robot_io_1394_ros/local_setup.dsv
-- Symlinking: /home/utc_sim/ros2_dvrk/install/saw_robot_io_1394_ros/share/saw_robot_io_1394_ros/package.dsv
-- Up-to-date symlink: /home/utc_sim/ros2_dvrk/install/saw_robot_io_1394_ros/share/ament_index/resource_index/packages/saw_robot_io_1394_ros
-- Up-to-date symlink: /home/utc_sim/ros2_dvrk/install/saw_robot_io_1394_ros/share/saw_robot_io_1394_ros/cmake/ament_cmake_export_targets-extras.cmake
-- Up-to-date symlink: /home/utc_sim/ros2_dvrk/install/saw_robot_io_1394_ros/share/saw_robot_io_1394_ros/cmake/saw_robot_io_1394_rosConfig.cmake
-- Up-to-date symlink: /home/utc_sim/ros2_dvrk/install/saw_robot_io_1394_ros/share/saw_robot_io_1394_ros/cmake/saw_robot_io_1394_rosConfig-version.cmake
-- Up-to-date symlink: /home/utc_sim/ros2_dvrk/install/saw_robot_io_1394_ros/share/saw_robot_io_1394_ros/package.xml
-- Up-to-date: /home/utc_sim/ros2_dvrk/install/saw_robot_io_1394_ros/lib/libsaw_robot_io_1394_ros.so
-- Up-to-date: /home/utc_sim/ros2_dvrk/install/saw_robot_io_1394_ros/share/saw_robot_io_1394_ros/cmake/saw_robot_io_1394_rosExport.cmake
-- Up-to-date: /home/utc_sim/ros2_dvrk/install/saw_robot_io_1394_ros/share/saw_robot_io_1394_ros/cmake/saw_robot_io_1394_rosExport-release.cmake
