[0.119s] Invoking command in '/home/utc_sim/ros2_dvrk/build/saw_robot_io_1394_ros': AMENT_PREFIX_PATH=/home/utc_sim/ros2_dvrk/install/cisst_ros_crtk:/home/utc_sim/ros2_dvrk/install/cisst_ros_bridge:/home/utc_sim/ros2_dvrk/install/crtk_msgs:/home/utc_sim/ros2_dvrk/install/cisst_msgs:${AMENT_PREFIX_PATH} CISST_ROOT=/home/utc_sim/ros2_dvrk/install/cisst CMAKE_PREFIX_PATH=/home/utc_sim/ros2_dvrk/install/cisst_ros_crtk:/home/utc_sim/ros2_dvrk/install/sawRobotIO1394Core:/home/utc_sim/ros2_dvrk/install/cisst_ros_bridge:/home/utc_sim/ros2_ws/install::/home/utc_sim/ros2_dvrk/install/cisst:/home/utc_sim/ros2_dvrk/install/crtk_msgs:/home/utc_sim/ros2_dvrk/install/cisst_msgs:/home/utc_sim/ros2_dvrk/install/cisstNetlib:/opt/ros/humble:/opt/ros/humble LD_LIBRARY_PATH=/home/utc_sim/ros2_dvrk/install/cisst_ros_crtk/lib:/home/utc_sim/ros2_dvrk/install/sawRobotIO1394Core/lib:/home/utc_sim/ros2_dvrk/install/cisst_ros_bridge/lib:/home/utc_sim/ros2_dvrk/install/cisst/lib:/home/utc_sim/ros2_dvrk/install/cisst/lib:/home/utc_sim/ros2_dvrk/install/crtk_msgs/lib:/home/utc_sim/ros2_dvrk/install/cisst_msgs/lib:${LD_LIBRARY_PATH} PATH=/home/utc_sim/ros2_dvrk/install/sawRobotIO1394Core/bin:/home/utc_sim/ros2_dvrk/install/cisst/bin:/home/utc_sim/ros2_dvrk/install/cisst/bin:${PATH} PKG_CONFIG_PATH=/home/utc_sim/ros2_dvrk/install/cisst/lib/aarch64-linux-gnu/pkgconfig:/home/utc_sim/ros2_dvrk/install/cisst/lib/pkgconfig:/home/utc_sim/ros2_dvrk/install/cisstNetlib/lib/aarch64-linux-gnu/pkgconfig:/home/utc_sim/ros2_dvrk/install/cisstNetlib/lib/pkgconfig PYTHONPATH=/home/utc_sim/ros2_dvrk/install/cisst/lib:/home/utc_sim/ros2_dvrk/install/crtk_msgs/local/lib/python3.10/dist-packages:/home/utc_sim/ros2_dvrk/install/cisst_msgs/local/lib/python3.10/dist-packages:${PYTHONPATH} ROS_PACKAGE_PATH=/home/utc_sim/ros2_dvrk/install/cisst/share /usr/bin/cmake /home/utc_sim/ros2_dvrk/src/cisst-saw/sawRobotIO1394/ros -DCMAKE_BUILD_TYPE=Release -DCMAKE_INSTALL_PREFIX=/home/utc_sim/ros2_dvrk/install/saw_robot_io_1394_ros
[0.182s] -- The C compiler identification is GNU 11.4.0
[0.228s] -- The CXX compiler identification is GNU 11.4.0
[0.240s] -- Detecting C compiler ABI info
[0.295s] -- Detecting C compiler ABI info - done
[0.301s] -- Check for working C compiler: /usr/bin/cc - skipped
[0.301s] -- Detecting C compile features
[0.301s] -- Detecting C compile features - done
[0.304s] -- Detecting CXX compiler ABI info
[0.352s] -- Detecting CXX compiler ABI info - done
[0.359s] -- Check for working CXX compiler: /usr/bin/c++ - skipped
[0.359s] -- Detecting CXX compile features
[0.360s] -- Detecting CXX compile features - done
[0.471s] -- Found Python3: /usr/bin/python3 (found version "3.10.12") found components: Interpreter 
[0.535s] -- Found rclcpp: 16.0.17 (/opt/ros/humble/share/rclcpp/cmake)
[0.571s] -- Found rosidl_generator_c: 3.1.8 (/opt/ros/humble/share/rosidl_generator_c/cmake)
[0.575s] -- Found rosidl_adapter: 3.1.8 (/opt/ros/humble/share/rosidl_adapter/cmake)
[0.582s] -- Found rosidl_generator_cpp: 3.1.8 (/opt/ros/humble/share/rosidl_generator_cpp/cmake)
[0.592s] -- Using all available rosidl_typesupport_c: rosidl_typesupport_fastrtps_c;rosidl_typesupport_introspection_c
[0.605s] -- Using all available rosidl_typesupport_cpp: rosidl_typesupport_fastrtps_cpp;rosidl_typesupport_introspection_cpp
[0.640s] -- Found rmw_implementation_cmake: 6.1.2 (/opt/ros/humble/share/rmw_implementation_cmake/cmake)
[0.642s] -- Found rmw_fastrtps_cpp: 6.2.9 (/opt/ros/humble/share/rmw_fastrtps_cpp/cmake)
[0.698s] -- Found OpenSSL: /usr/lib/aarch64-linux-gnu/libcrypto.so (found version "3.0.2")  
[0.721s] -- Found FastRTPS: /opt/ros/humble/include  
[0.757s] -- Using RMW implementation 'rmw_fastrtps_cpp' as default
[0.764s] -- Looking for pthread.h
[0.809s] -- Looking for pthread.h - found
[0.809s] -- Performing Test CMAKE_HAVE_LIBC_PTHREAD
[0.857s] -- Performing Test CMAKE_HAVE_LIBC_PTHREAD - Success
[0.857s] -- Found Threads: TRUE  
[0.909s] -- Found std_srvs: 4.9.0 (/opt/ros/humble/share/std_srvs/cmake)
[0.919s] -- Found geometry_msgs: 4.9.0 (/opt/ros/humble/share/geometry_msgs/cmake)
[0.929s] -- Found sensor_msgs: 4.9.0 (/opt/ros/humble/share/sensor_msgs/cmake)
[0.942s] -- Found diagnostic_msgs: 4.9.0 (/opt/ros/humble/share/diagnostic_msgs/cmake)
[0.953s] -- Found tf2_ros: 0.25.18 (/opt/ros/humble/share/tf2_ros/cmake)
[1.032s] -- Found cisst_msgs: 4.0.0 (/home/utc_sim/ros2_dvrk/install/cisst_msgs/share/cisst_msgs/cmake)
[1.044s] -- Found crtk_msgs: 1.3.0 (/home/utc_sim/ros2_dvrk/install/crtk_msgs/share/crtk_msgs/cmake)
[1.059s] -- Found cisst_ros_bridge: 4.0.0 (/home/utc_sim/ros2_dvrk/install/cisst_ros_bridge/share/cisst_ros_bridge/cmake)
[1.059s] -- Found cisst_ros_crtk: 4.0.0 (/home/utc_sim/ros2_dvrk/install/cisst_ros_crtk/share/cisst_ros_crtk/cmake)
[1.061s] -- Information: cisst has been found in "/home/utc_sim/ros2_dvrk/install/cisst/", headers are in "/home/utc_sim/ros2_dvrk/install/cisst//include"
[1.061s] -- Information: cisst has been found in "/home/utc_sim/ros2_dvrk/install/cisst/", headers are in "/home/utc_sim/ros2_dvrk/install/cisst//include"
[1.062s] CMake Warning at /home/utc_sim/ros2_dvrk/install/cisst/share/cisst-1.4/cmake/cisst-config.cmake:143 (message):
[1.062s]   find_package: cisst library "cisstCommonQt" doesn't exist or hasn't been
[1.062s]   compiled
[1.062s] Call Stack (most recent call first):
[1.062s]   CMakeLists.txt:65 (find_package)
[1.062s] 
[1.062s] 
[1.062s] CMake Warning at /home/utc_sim/ros2_dvrk/install/cisst/share/cisst-1.4/cmake/cisst-config.cmake:143 (message):
[1.062s]   find_package: cisst library "cisstVectorQt" doesn't exist or hasn't been
[1.062s]   compiled
[1.062s] Call Stack (most recent call first):
[1.062s]   CMakeLists.txt:65 (find_package)
[1.062s] 
[1.062s] 
[1.062s] CMake Warning at /home/utc_sim/ros2_dvrk/install/cisst/share/cisst-1.4/cmake/cisst-config.cmake:143 (message):
[1.062s]   find_package: cisst library "cisstMultiTaskQt" doesn't exist or hasn't been
[1.062s]   compiled
[1.062s] Call Stack (most recent call first):
[1.062s]   CMakeLists.txt:65 (find_package)
[1.062s] 
[1.062s] 
[1.062s] CMake Warning at /home/utc_sim/ros2_dvrk/install/cisst/share/cisst-1.4/cmake/cisst-config.cmake:143 (message):
[1.063s]   find_package: cisst library "cisstParameterTypesQt" doesn't exist or hasn't
[1.063s]   been compiled
[1.063s] Call Stack (most recent call first):
[1.063s]   CMakeLists.txt:65 (find_package)
[1.063s] 
[1.063s] 
[1.063s] CMake Warning at /home/utc_sim/ros2_dvrk/install/cisst/share/cisst-1.4/cmake/cisst-config.cmake:143 (message):
[1.063s]   find_package: cisst library "cisstQt" doesn't exist or hasn't been compiled
[1.063s] Call Stack (most recent call first):
[1.063s]   CMakeLists.txt:65 (find_package)
[1.063s] 
[1.063s] 
[1.063s] -- Configuring done
[1.067s] -- Generating done
[1.068s] -- Build files have been written to: /home/utc_sim/ros2_dvrk/build/saw_robot_io_1394_ros
[1.075s] Invoked command in '/home/utc_sim/ros2_dvrk/build/saw_robot_io_1394_ros' returned '0': AMENT_PREFIX_PATH=/home/utc_sim/ros2_dvrk/install/cisst_ros_crtk:/home/utc_sim/ros2_dvrk/install/cisst_ros_bridge:/home/utc_sim/ros2_dvrk/install/crtk_msgs:/home/utc_sim/ros2_dvrk/install/cisst_msgs:${AMENT_PREFIX_PATH} CISST_ROOT=/home/utc_sim/ros2_dvrk/install/cisst CMAKE_PREFIX_PATH=/home/utc_sim/ros2_dvrk/install/cisst_ros_crtk:/home/utc_sim/ros2_dvrk/install/sawRobotIO1394Core:/home/utc_sim/ros2_dvrk/install/cisst_ros_bridge:/home/utc_sim/ros2_ws/install::/home/utc_sim/ros2_dvrk/install/cisst:/home/utc_sim/ros2_dvrk/install/crtk_msgs:/home/utc_sim/ros2_dvrk/install/cisst_msgs:/home/utc_sim/ros2_dvrk/install/cisstNetlib:/opt/ros/humble:/opt/ros/humble LD_LIBRARY_PATH=/home/utc_sim/ros2_dvrk/install/cisst_ros_crtk/lib:/home/utc_sim/ros2_dvrk/install/sawRobotIO1394Core/lib:/home/utc_sim/ros2_dvrk/install/cisst_ros_bridge/lib:/home/utc_sim/ros2_dvrk/install/cisst/lib:/home/utc_sim/ros2_dvrk/install/cisst/lib:/home/utc_sim/ros2_dvrk/install/crtk_msgs/lib:/home/utc_sim/ros2_dvrk/install/cisst_msgs/lib:${LD_LIBRARY_PATH} PATH=/home/utc_sim/ros2_dvrk/install/sawRobotIO1394Core/bin:/home/utc_sim/ros2_dvrk/install/cisst/bin:/home/utc_sim/ros2_dvrk/install/cisst/bin:${PATH} PKG_CONFIG_PATH=/home/utc_sim/ros2_dvrk/install/cisst/lib/aarch64-linux-gnu/pkgconfig:/home/utc_sim/ros2_dvrk/install/cisst/lib/pkgconfig:/home/utc_sim/ros2_dvrk/install/cisstNetlib/lib/aarch64-linux-gnu/pkgconfig:/home/utc_sim/ros2_dvrk/install/cisstNetlib/lib/pkgconfig PYTHONPATH=/home/utc_sim/ros2_dvrk/install/cisst/lib:/home/utc_sim/ros2_dvrk/install/crtk_msgs/local/lib/python3.10/dist-packages:/home/utc_sim/ros2_dvrk/install/cisst_msgs/local/lib/python3.10/dist-packages:${PYTHONPATH} ROS_PACKAGE_PATH=/home/utc_sim/ros2_dvrk/install/cisst/share /usr/bin/cmake /home/utc_sim/ros2_dvrk/src/cisst-saw/sawRobotIO1394/ros -DCMAKE_BUILD_TYPE=Release -DCMAKE_INSTALL_PREFIX=/home/utc_sim/ros2_dvrk/install/saw_robot_io_1394_ros
[1.076s] Invoking command in '/home/utc_sim/ros2_dvrk/build/saw_robot_io_1394_ros': AMENT_PREFIX_PATH=/home/utc_sim/ros2_dvrk/install/cisst_ros_crtk:/home/utc_sim/ros2_dvrk/install/cisst_ros_bridge:/home/utc_sim/ros2_dvrk/install/crtk_msgs:/home/utc_sim/ros2_dvrk/install/cisst_msgs:${AMENT_PREFIX_PATH} CISST_ROOT=/home/utc_sim/ros2_dvrk/install/cisst CMAKE_PREFIX_PATH=/home/utc_sim/ros2_dvrk/install/cisst_ros_crtk:/home/utc_sim/ros2_dvrk/install/sawRobotIO1394Core:/home/utc_sim/ros2_dvrk/install/cisst_ros_bridge:/home/utc_sim/ros2_ws/install::/home/utc_sim/ros2_dvrk/install/cisst:/home/utc_sim/ros2_dvrk/install/crtk_msgs:/home/utc_sim/ros2_dvrk/install/cisst_msgs:/home/utc_sim/ros2_dvrk/install/cisstNetlib:/opt/ros/humble:/opt/ros/humble LD_LIBRARY_PATH=/home/utc_sim/ros2_dvrk/install/cisst_ros_crtk/lib:/home/utc_sim/ros2_dvrk/install/sawRobotIO1394Core/lib:/home/utc_sim/ros2_dvrk/install/cisst_ros_bridge/lib:/home/utc_sim/ros2_dvrk/install/cisst/lib:/home/utc_sim/ros2_dvrk/install/cisst/lib:/home/utc_sim/ros2_dvrk/install/crtk_msgs/lib:/home/utc_sim/ros2_dvrk/install/cisst_msgs/lib:${LD_LIBRARY_PATH} PATH=/home/utc_sim/ros2_dvrk/install/sawRobotIO1394Core/bin:/home/utc_sim/ros2_dvrk/install/cisst/bin:/home/utc_sim/ros2_dvrk/install/cisst/bin:${PATH} PKG_CONFIG_PATH=/home/utc_sim/ros2_dvrk/install/cisst/lib/aarch64-linux-gnu/pkgconfig:/home/utc_sim/ros2_dvrk/install/cisst/lib/pkgconfig:/home/utc_sim/ros2_dvrk/install/cisstNetlib/lib/aarch64-linux-gnu/pkgconfig:/home/utc_sim/ros2_dvrk/install/cisstNetlib/lib/pkgconfig PYTHONPATH=/home/utc_sim/ros2_dvrk/install/cisst/lib:/home/utc_sim/ros2_dvrk/install/crtk_msgs/local/lib/python3.10/dist-packages:/home/utc_sim/ros2_dvrk/install/cisst_msgs/local/lib/python3.10/dist-packages:${PYTHONPATH} ROS_PACKAGE_PATH=/home/utc_sim/ros2_dvrk/install/cisst/share /usr/bin/cmake --build /home/utc_sim/ros2_dvrk/build/saw_robot_io_1394_ros -- -j8 -l8
[1.104s] Invoked command in '/home/utc_sim/ros2_dvrk/build/saw_robot_io_1394_ros' returned '0': AMENT_PREFIX_PATH=/home/utc_sim/ros2_dvrk/install/cisst_ros_crtk:/home/utc_sim/ros2_dvrk/install/cisst_ros_bridge:/home/utc_sim/ros2_dvrk/install/crtk_msgs:/home/utc_sim/ros2_dvrk/install/cisst_msgs:${AMENT_PREFIX_PATH} CISST_ROOT=/home/utc_sim/ros2_dvrk/install/cisst CMAKE_PREFIX_PATH=/home/utc_sim/ros2_dvrk/install/cisst_ros_crtk:/home/utc_sim/ros2_dvrk/install/sawRobotIO1394Core:/home/utc_sim/ros2_dvrk/install/cisst_ros_bridge:/home/utc_sim/ros2_ws/install::/home/utc_sim/ros2_dvrk/install/cisst:/home/utc_sim/ros2_dvrk/install/crtk_msgs:/home/utc_sim/ros2_dvrk/install/cisst_msgs:/home/utc_sim/ros2_dvrk/install/cisstNetlib:/opt/ros/humble:/opt/ros/humble LD_LIBRARY_PATH=/home/utc_sim/ros2_dvrk/install/cisst_ros_crtk/lib:/home/utc_sim/ros2_dvrk/install/sawRobotIO1394Core/lib:/home/utc_sim/ros2_dvrk/install/cisst_ros_bridge/lib:/home/utc_sim/ros2_dvrk/install/cisst/lib:/home/utc_sim/ros2_dvrk/install/cisst/lib:/home/utc_sim/ros2_dvrk/install/crtk_msgs/lib:/home/utc_sim/ros2_dvrk/install/cisst_msgs/lib:${LD_LIBRARY_PATH} PATH=/home/utc_sim/ros2_dvrk/install/sawRobotIO1394Core/bin:/home/utc_sim/ros2_dvrk/install/cisst/bin:/home/utc_sim/ros2_dvrk/install/cisst/bin:${PATH} PKG_CONFIG_PATH=/home/utc_sim/ros2_dvrk/install/cisst/lib/aarch64-linux-gnu/pkgconfig:/home/utc_sim/ros2_dvrk/install/cisst/lib/pkgconfig:/home/utc_sim/ros2_dvrk/install/cisstNetlib/lib/aarch64-linux-gnu/pkgconfig:/home/utc_sim/ros2_dvrk/install/cisstNetlib/lib/pkgconfig PYTHONPATH=/home/utc_sim/ros2_dvrk/install/cisst/lib:/home/utc_sim/ros2_dvrk/install/crtk_msgs/local/lib/python3.10/dist-packages:/home/utc_sim/ros2_dvrk/install/cisst_msgs/local/lib/python3.10/dist-packages:${PYTHONPATH} ROS_PACKAGE_PATH=/home/utc_sim/ros2_dvrk/install/cisst/share /usr/bin/cmake --build /home/utc_sim/ros2_dvrk/build/saw_robot_io_1394_ros -- -j8 -l8
