[0.019s] Invoking command in '/home/utc_sim/ros2_dvrk/build/sawControllersCore': CISST_ROOT=/home/utc_sim/ros2_dvrk/install/cisst CMAKE_PREFIX_PATH=/home/utc_sim/ros2_dvrk/install/sawKeyboardAll:/home/utc_sim/ros2_dvrk/install/cisst:/home/utc_sim/ros2_dvrk/install/cisstNetlib:/opt/ros/humble:/opt/ros/humble LD_LIBRARY_PATH=/home/utc_sim/ros2_dvrk/install/sawKeyboardAll/lib:/home/utc_sim/ros2_dvrk/install/cisst/lib:/home/utc_sim/ros2_dvrk/install/cisst/lib:${LD_LIBRARY_PATH} PATH=/home/utc_sim/ros2_dvrk/install/cisst/bin:/home/utc_sim/ros2_dvrk/install/cisst/bin:${PATH} PKG_CONFIG_PATH=/home/utc_sim/ros2_dvrk/install/cisst/lib/aarch64-linux-gnu/pkgconfig:/home/utc_sim/ros2_dvrk/install/cisst/lib/pkgconfig:/home/utc_sim/ros2_dvrk/install/cisstNetlib/lib/aarch64-linux-gnu/pkgconfig:/home/utc_sim/ros2_dvrk/install/cisstNetlib/lib/pkgconfig PYTHONPATH=/home/utc_sim/ros2_dvrk/install/cisst/lib:${PYTHONPATH} ROS_PACKAGE_PATH=/home/utc_sim/ros2_dvrk/install/cisst/share /usr/bin/cmake --build /home/utc_sim/ros2_dvrk/build/sawControllersCore -- -j8 -l8
[0.066s] [ 64%] Built target sawControllers
[0.151s] [ 76%] Built target osaGCExample
[0.151s] [ 88%] Built target osaPDGCExample
[0.151s] [100%] Built target mtsGCExample
[0.200s] Invoked command in '/home/utc_sim/ros2_dvrk/build/sawControllersCore' returned '0': CISST_ROOT=/home/utc_sim/ros2_dvrk/install/cisst CMAKE_PREFIX_PATH=/home/utc_sim/ros2_dvrk/install/sawKeyboardAll:/home/utc_sim/ros2_dvrk/install/cisst:/home/utc_sim/ros2_dvrk/install/cisstNetlib:/opt/ros/humble:/opt/ros/humble LD_LIBRARY_PATH=/home/utc_sim/ros2_dvrk/install/sawKeyboardAll/lib:/home/utc_sim/ros2_dvrk/install/cisst/lib:/home/utc_sim/ros2_dvrk/install/cisst/lib:${LD_LIBRARY_PATH} PATH=/home/utc_sim/ros2_dvrk/install/cisst/bin:/home/utc_sim/ros2_dvrk/install/cisst/bin:${PATH} PKG_CONFIG_PATH=/home/utc_sim/ros2_dvrk/install/cisst/lib/aarch64-linux-gnu/pkgconfig:/home/utc_sim/ros2_dvrk/install/cisst/lib/pkgconfig:/home/utc_sim/ros2_dvrk/install/cisstNetlib/lib/aarch64-linux-gnu/pkgconfig:/home/utc_sim/ros2_dvrk/install/cisstNetlib/lib/pkgconfig PYTHONPATH=/home/utc_sim/ros2_dvrk/install/cisst/lib:${PYTHONPATH} ROS_PACKAGE_PATH=/home/utc_sim/ros2_dvrk/install/cisst/share /usr/bin/cmake --build /home/utc_sim/ros2_dvrk/build/sawControllersCore -- -j8 -l8
[0.206s] Invoking command in '/home/utc_sim/ros2_dvrk/build/sawControllersCore': CISST_ROOT=/home/utc_sim/ros2_dvrk/install/cisst CMAKE_PREFIX_PATH=/home/utc_sim/ros2_dvrk/install/sawKeyboardAll:/home/utc_sim/ros2_dvrk/install/cisst:/home/utc_sim/ros2_dvrk/install/cisstNetlib:/opt/ros/humble:/opt/ros/humble LD_LIBRARY_PATH=/home/utc_sim/ros2_dvrk/install/sawKeyboardAll/lib:/home/utc_sim/ros2_dvrk/install/cisst/lib:/home/utc_sim/ros2_dvrk/install/cisst/lib:${LD_LIBRARY_PATH} PATH=/home/utc_sim/ros2_dvrk/install/cisst/bin:/home/utc_sim/ros2_dvrk/install/cisst/bin:${PATH} PKG_CONFIG_PATH=/home/utc_sim/ros2_dvrk/install/cisst/lib/aarch64-linux-gnu/pkgconfig:/home/utc_sim/ros2_dvrk/install/cisst/lib/pkgconfig:/home/utc_sim/ros2_dvrk/install/cisstNetlib/lib/aarch64-linux-gnu/pkgconfig:/home/utc_sim/ros2_dvrk/install/cisstNetlib/lib/pkgconfig PYTHONPATH=/home/utc_sim/ros2_dvrk/install/cisst/lib:${PYTHONPATH} ROS_PACKAGE_PATH=/home/utc_sim/ros2_dvrk/install/cisst/share /usr/bin/cmake --install /home/utc_sim/ros2_dvrk/build/sawControllersCore
[0.215s] -- Install configuration: "Release"
[0.215s] -- Up-to-date: /home/utc_sim/ros2_dvrk/install/sawControllersCore/share/sawControllers/sawControllersConfig.cmake
[0.215s] -- Up-to-date: /home/utc_sim/ros2_dvrk/install/sawControllersCore/share/sawControllers/sawControllersConfigVersion.cmake
[0.215s] -- Up-to-date: /home/utc_sim/ros2_dvrk/install/sawControllersCore/include/sawControllers
[0.215s] -- Up-to-date: /home/utc_sim/ros2_dvrk/install/sawControllersCore/include/sawControllers/mtsPID.h
[0.215s] -- Up-to-date: /home/utc_sim/ros2_dvrk/install/sawControllersCore/include/sawControllers/mtsPDGC.h
[0.215s] -- Up-to-date: /home/utc_sim/ros2_dvrk/install/sawControllersCore/include/sawControllers/mtsController.h
[0.215s] -- Up-to-date: /home/utc_sim/ros2_dvrk/install/sawControllersCore/include/sawControllers/mtsGravityCompensation.h
[0.215s] -- Up-to-date: /home/utc_sim/ros2_dvrk/install/sawControllersCore/include/sawControllers/osaCartesianImpedanceController.h
[0.215s] -- Up-to-date: /home/utc_sim/ros2_dvrk/install/sawControllersCore/include/sawControllers/sawControllersQtExport.h
[0.215s] -- Up-to-date: /home/utc_sim/ros2_dvrk/install/sawControllersCore/include/sawControllers/osaPDGC.h
[0.216s] -- Up-to-date: /home/utc_sim/ros2_dvrk/install/sawControllersCore/include/sawControllers/mtsPIDQtWidget.h
[0.216s] -- Up-to-date: /home/utc_sim/ros2_dvrk/install/sawControllersCore/include/sawControllers/osaGravityCompensation.h
[0.216s] -- Up-to-date: /home/utc_sim/ros2_dvrk/install/sawControllersCore/include/sawControllers/osaPIDAntiWindup.h
[0.216s] -- Up-to-date: /home/utc_sim/ros2_dvrk/install/sawControllersCore/include/sawControllers/sawControllersExport.h
[0.216s] -- Up-to-date: /home/utc_sim/ros2_dvrk/install/sawControllersCore/include/sawControllers
[0.216s] -- Up-to-date: /home/utc_sim/ros2_dvrk/install/sawControllersCore/include/sawControllers/mtsPIDConfiguration.h
[0.216s] -- Up-to-date: /home/utc_sim/ros2_dvrk/install/sawControllersCore/include/sawControllers/sawControllersRevision.h
[0.216s] -- Up-to-date: /home/utc_sim/ros2_dvrk/install/sawControllersCore/lib/libsawControllers.so.2.3.0
[0.217s] -- Up-to-date: /home/utc_sim/ros2_dvrk/install/sawControllersCore/lib/libsawControllers.so
[0.217s] -- Up-to-date: /home/utc_sim/ros2_dvrk/install/sawControllersCore/bin/osaGCExample
[0.218s] -- Up-to-date: /home/utc_sim/ros2_dvrk/install/sawControllersCore/bin/osaPDGCExample
[0.218s] -- Up-to-date: /home/utc_sim/ros2_dvrk/install/sawControllersCore/bin/mtsGCExample
[0.246s] Invoked command in '/home/utc_sim/ros2_dvrk/build/sawControllersCore' returned '0': CISST_ROOT=/home/utc_sim/ros2_dvrk/install/cisst CMAKE_PREFIX_PATH=/home/utc_sim/ros2_dvrk/install/sawKeyboardAll:/home/utc_sim/ros2_dvrk/install/cisst:/home/utc_sim/ros2_dvrk/install/cisstNetlib:/opt/ros/humble:/opt/ros/humble LD_LIBRARY_PATH=/home/utc_sim/ros2_dvrk/install/sawKeyboardAll/lib:/home/utc_sim/ros2_dvrk/install/cisst/lib:/home/utc_sim/ros2_dvrk/install/cisst/lib:${LD_LIBRARY_PATH} PATH=/home/utc_sim/ros2_dvrk/install/cisst/bin:/home/utc_sim/ros2_dvrk/install/cisst/bin:${PATH} PKG_CONFIG_PATH=/home/utc_sim/ros2_dvrk/install/cisst/lib/aarch64-linux-gnu/pkgconfig:/home/utc_sim/ros2_dvrk/install/cisst/lib/pkgconfig:/home/utc_sim/ros2_dvrk/install/cisstNetlib/lib/aarch64-linux-gnu/pkgconfig:/home/utc_sim/ros2_dvrk/install/cisstNetlib/lib/pkgconfig PYTHONPATH=/home/utc_sim/ros2_dvrk/install/cisst/lib:${PYTHONPATH} ROS_PACKAGE_PATH=/home/utc_sim/ros2_dvrk/install/cisst/share /usr/bin/cmake --install /home/utc_sim/ros2_dvrk/build/sawControllersCore
