[0.312s] Invoking command in '/home/utc_sim/ros2_dvrk/build/sawTextToSpeechAll': CISST_ROOT=/home/utc_sim/ros2_dvrk/install/cisst CMAKE_PREFIX_PATH=/home/utc_sim/ros2_dvrk/install/sawKeyboardAll:/home/utc_sim/ros2_dvrk/install/cisst:/home/utc_sim/ros2_dvrk/install/cisstNetlib:/opt/ros/humble:/opt/ros/humble LD_LIBRARY_PATH=/home/utc_sim/ros2_dvrk/install/sawKeyboardAll/lib:/home/utc_sim/ros2_dvrk/install/cisst/lib:/home/utc_sim/ros2_dvrk/install/cisst/lib:${LD_LIBRARY_PATH} PATH=/home/utc_sim/ros2_dvrk/install/cisst/bin:/home/utc_sim/ros2_dvrk/install/cisst/bin:${PATH} PKG_CONFIG_PATH=/home/utc_sim/ros2_dvrk/install/cisst/lib/aarch64-linux-gnu/pkgconfig:/home/utc_sim/ros2_dvrk/install/cisst/lib/pkgconfig:/home/utc_sim/ros2_dvrk/install/cisstNetlib/lib/aarch64-linux-gnu/pkgconfig:/home/utc_sim/ros2_dvrk/install/cisstNetlib/lib/pkgconfig PYTHONPATH=/home/utc_sim/ros2_dvrk/install/cisst/lib:${PYTHONPATH} ROS_PACKAGE_PATH=/home/utc_sim/ros2_dvrk/install/cisst/share /usr/bin/cmake /home/utc_sim/ros2_dvrk/src/cisst-saw/sawTextToSpeech -DCMAKE_BUILD_TYPE=Release -DCMAKE_INSTALL_PREFIX=/home/utc_sim/ros2_dvrk/install/sawTextToSpeechAll
[0.642s] -- The C compiler identification is GNU 11.4.0
[0.944s] -- The CXX compiler identification is GNU 11.4.0
[0.959s] -- Detecting C compiler ABI info
[1.443s] -- Detecting C compiler ABI info - done
[1.451s] -- Check for working C compiler: /usr/bin/cc - skipped
[1.451s] -- Detecting C compile features
[1.452s] -- Detecting C compile features - done
[1.456s] -- Detecting CXX compiler ABI info
[2.037s] -- Detecting CXX compiler ABI info - done
[2.040s] -- Check for working CXX compiler: /usr/bin/c++ - skipped
[2.040s] -- Detecting CXX compile features
[2.041s] -- Detecting CXX compile features - done
[2.043s] -- Information: cisst has been found in "/home/utc_sim/ros2_dvrk/install/cisst/", headers are in "/home/utc_sim/ros2_dvrk/install/cisst//include"
[2.054s] -- Performing Test CXX_SUPPORTS_WEXTRA
[2.545s] -- Performing Test CXX_SUPPORTS_WEXTRA - Success
[2.546s] -- Performing Test CXX_SUPPORTS_WALL
[2.975s] -- Performing Test CXX_SUPPORTS_WALL - Success
[2.982s] -- Information: cisst has been found in "/home/utc_sim/ros2_dvrk/install/cisst/", headers are in "/home/utc_sim/ros2_dvrk/install/cisst//include"
[3.032s] -- Assuming cisst is built using ROS/catkin since ROS_ROOT is defined in environment
[3.032s] -- CATKIN_DEVEL_PREFIX is not defined so assuming this is NOT a ROS/catkin build after all
[3.032s] -- Assuming cisst is built using ROS2/colcon since ROS_VERSION is 2
[3.033s] -- Assuming cisst is built using ROS/catkin since ROS_ROOT is defined in environment
[3.033s] -- CATKIN_DEVEL_PREFIX is not defined so assuming this is NOT a ROS/catkin build after all
[3.053s] -- Information: cisst has been found in "/home/utc_sim/ros2_dvrk/install/cisst/", headers are in "/home/utc_sim/ros2_dvrk/install/cisst//include"
[3.153s] -- Configuring done
[3.211s] -- Generating done
[3.237s] -- Build files have been written to: /home/utc_sim/ros2_dvrk/build/sawTextToSpeechAll
[3.286s] Invoked command in '/home/utc_sim/ros2_dvrk/build/sawTextToSpeechAll' returned '0': CISST_ROOT=/home/utc_sim/ros2_dvrk/install/cisst CMAKE_PREFIX_PATH=/home/utc_sim/ros2_dvrk/install/sawKeyboardAll:/home/utc_sim/ros2_dvrk/install/cisst:/home/utc_sim/ros2_dvrk/install/cisstNetlib:/opt/ros/humble:/opt/ros/humble LD_LIBRARY_PATH=/home/utc_sim/ros2_dvrk/install/sawKeyboardAll/lib:/home/utc_sim/ros2_dvrk/install/cisst/lib:/home/utc_sim/ros2_dvrk/install/cisst/lib:${LD_LIBRARY_PATH} PATH=/home/utc_sim/ros2_dvrk/install/cisst/bin:/home/utc_sim/ros2_dvrk/install/cisst/bin:${PATH} PKG_CONFIG_PATH=/home/utc_sim/ros2_dvrk/install/cisst/lib/aarch64-linux-gnu/pkgconfig:/home/utc_sim/ros2_dvrk/install/cisst/lib/pkgconfig:/home/utc_sim/ros2_dvrk/install/cisstNetlib/lib/aarch64-linux-gnu/pkgconfig:/home/utc_sim/ros2_dvrk/install/cisstNetlib/lib/pkgconfig PYTHONPATH=/home/utc_sim/ros2_dvrk/install/cisst/lib:${PYTHONPATH} ROS_PACKAGE_PATH=/home/utc_sim/ros2_dvrk/install/cisst/share /usr/bin/cmake /home/utc_sim/ros2_dvrk/src/cisst-saw/sawTextToSpeech -DCMAKE_BUILD_TYPE=Release -DCMAKE_INSTALL_PREFIX=/home/utc_sim/ros2_dvrk/install/sawTextToSpeechAll
[3.320s] Invoking command in '/home/utc_sim/ros2_dvrk/build/sawTextToSpeechAll': CISST_ROOT=/home/utc_sim/ros2_dvrk/install/cisst CMAKE_PREFIX_PATH=/home/utc_sim/ros2_dvrk/install/sawKeyboardAll:/home/utc_sim/ros2_dvrk/install/cisst:/home/utc_sim/ros2_dvrk/install/cisstNetlib:/opt/ros/humble:/opt/ros/humble LD_LIBRARY_PATH=/home/utc_sim/ros2_dvrk/install/sawKeyboardAll/lib:/home/utc_sim/ros2_dvrk/install/cisst/lib:/home/utc_sim/ros2_dvrk/install/cisst/lib:${LD_LIBRARY_PATH} PATH=/home/utc_sim/ros2_dvrk/install/cisst/bin:/home/utc_sim/ros2_dvrk/install/cisst/bin:${PATH} PKG_CONFIG_PATH=/home/utc_sim/ros2_dvrk/install/cisst/lib/aarch64-linux-gnu/pkgconfig:/home/utc_sim/ros2_dvrk/install/cisst/lib/pkgconfig:/home/utc_sim/ros2_dvrk/install/cisstNetlib/lib/aarch64-linux-gnu/pkgconfig:/home/utc_sim/ros2_dvrk/install/cisstNetlib/lib/pkgconfig PYTHONPATH=/home/utc_sim/ros2_dvrk/install/cisst/lib:${PYTHONPATH} ROS_PACKAGE_PATH=/home/utc_sim/ros2_dvrk/install/cisst/share /usr/bin/cmake --build /home/utc_sim/ros2_dvrk/build/sawTextToSpeechAll -- -j8 -l8
[3.789s] [ 25%] [32mBuilding CXX object components/CMakeFiles/sawTextToSpeech.dir/code/mtsTextToSpeech.cpp.o[0m
[12.294s] In file included from [01m[K/home/utc_sim/ros2_dvrk/install/cisst/include/cisstVector/vctFixedSizeConstVectorBase.h:41[m[K,
[12.294s]                  from [01m[K/home/utc_sim/ros2_dvrk/install/cisst/include/cisstVector/vctFixedSizeVectorBase.h:29[m[K,
[12.295s]                  from [01m[K/home/utc_sim/ros2_dvrk/install/cisst/include/cisstVector/vctFixedSizeConstVectorRef.h:30[m[K,
[12.295s]                  from [01m[K/home/utc_sim/ros2_dvrk/install/cisst/include/cisstVector/vctFixedSizeVectorRef.h:28[m[K,
[12.295s]                  from [01m[K/home/utc_sim/ros2_dvrk/install/cisst/include/cisstVector/vctFixedSizeVector.h:28[m[K,
[12.295s]                  from [01m[K/home/utc_sim/ros2_dvrk/install/cisst/include/cisstVector/vctFixedSizeVectorTypes.h:29[m[K,
[12.295s]                  from [01m[K/home/utc_sim/ros2_dvrk/install/cisst/include/cisstMultiTask/mtsGenericObjectProxy.h:33[m[K,
[12.295s]                  from [01m[K/home/utc_sim/ros2_dvrk/install/cisst/include/cisstMultiTask/mtsStateArray.h:31[m[K,
[12.295s]                  from [01m[K/home/utc_sim/ros2_dvrk/install/cisst/include/cisstMultiTask/mtsStateTable.h:32[m[K,
[12.295s]                  from [01m[K/home/utc_sim/ros2_dvrk/install/cisst/include/cisstMultiTask/mtsTask.h:35[m[K,
[12.295s]                  from [01m[K/home/utc_sim/ros2_dvrk/install/cisst/include/cisstMultiTask/mtsTaskContinuous.h:28[m[K,
[12.295s]                  from [01m[K/home/utc_sim/ros2_dvrk/install/cisst/include/cisstMultiTask/mtsTaskFromSignal.h:30[m[K,
[12.295s]                  from [01m[K/home/utc_sim/ros2_dvrk/src/cisst-saw/sawTextToSpeech/components/include/sawTextToSpeech/mtsTextToSpeech.h:23[m[K,
[12.296s]                  from [01m[K/home/utc_sim/ros2_dvrk/src/cisst-saw/sawTextToSpeech/components/code/mtsTextToSpeech.cpp:20[m[K:
[12.296s] In static member function ‘[01m[Kstatic vctUnaryOperations<_outputElementType, _inputElementType>::OutputElementType vctUnaryOperations<_outputElementType, _inputElementType>::Identity::Operate(const InputElementType&) [with _outputElementType = double; _inputElementType = double][m[K’,
[12.296s]     inlined from ‘[01m[Kstatic void vctFixedSizeVectorRecursiveEngines<_size>::VoVi<_elementOperationType>::Unfold(_outputVectorType&, const _inputVectorType&) [with _outputVectorType = vctFixedSizeVectorBase<3, 1, double, double [3]>; _inputVectorType = vctFixedSizeConstVectorBase<3, 1, double, double [3]>; _elementOperationType = vctUnaryOperations<double>::Identity; long unsigned int _size = 1][m[K’ at [01m[K/home/utc_sim/ros2_dvrk/install/cisst/include/cisstVector/vctFixedSizeVectorRecursiveEngines.h:473:67[m[K,
[12.296s]     inlined from ‘[01m[Kstatic void vctFixedSizeVectorRecursiveEngines<_size>::VoVi<_elementOperationType>::Unfold(_outputVectorType&, const _inputVectorType&) [with _outputVectorType = vctFixedSizeVectorBase<3, 1, double, double [3]>; _inputVectorType = vctFixedSizeConstVectorBase<3, 1, double, double [3]>; _elementOperationType = vctUnaryOperations<double>::Identity; long unsigned int _size = 2][m[K’ at [01m[K/home/utc_sim/ros2_dvrk/install/cisst/include/cisstVector/vctFixedSizeVectorRecursiveEngines.h:472:34[m[K,
[12.296s]     inlined from ‘[01m[Kstatic void vctFixedSizeVectorRecursiveEngines<_size>::VoVi<_elementOperationType>::Unfold(_outputVectorType&, const _inputVectorType&) [with _outputVectorType = vctFixedSizeVectorBase<3, 1, double, double [3]>; _inputVectorType = vctFixedSizeConstVectorBase<3, 1, double, double [3]>; _elementOperationType = vctUnaryOperations<double>::Identity; long unsigned int _size = 3][m[K’ at [01m[K/home/utc_sim/ros2_dvrk/install/cisst/include/cisstVector/vctFixedSizeVectorRecursiveEngines.h:472:34[m[K,
[12.296s]     inlined from ‘[01m[KvctFixedSizeVectorBase<_size, _stride, _elementType, _dataPtrType>::ThisType& vctFixedSizeVectorBase<_size, _stride, _elementType, _dataPtrType>::Assign(const vctFixedSizeConstVectorBase<_size, __stride, __elementType, __dataPtrType>&) [with long int __stride = 1; __elementType = double; __dataPtrType = double [3]; long unsigned int _size = 3; long int _stride = 1; _elementType = double; _dataPtrType = double [3]][m[K’ at [01m[K/home/utc_sim/ros2_dvrk/install/cisst/include/cisstVector/vctFixedSizeVectorBase.h:277:19[m[K,
[12.296s]     inlined from ‘[01m[KvctFixedSizeVector<_elementType, _size>::vctFixedSizeVector(const ThisType&) [with _elementType = double; long unsigned int _size = 3][m[K’ at [01m[K/home/utc_sim/ros2_dvrk/install/cisst/include/cisstVector/vctFixedSizeVector.h:80:21[m[K,
[12.297s]     inlined from ‘[01m[KmtsGenericObjectProxy<_elementType>::mtsGenericObjectProxy(const value_type&) [with _elementType = vctFixedSizeVector<double, 3>][m[K’ at [01m[K/home/utc_sim/ros2_dvrk/install/cisst/include/cisstMultiTask/mtsGenericObjectProxy.h:403:9[m[K,
[12.297s]     inlined from ‘[01m[Kstatic mtsGenericObject* mtsGenericTypesImpl<T, <anonymous> >::ConditionalCreate(const T&, const string&) [with T = vctFixedSizeVector<double, 3>; bool <anonymous> = false][m[K’ at [01m[K/home/utc_sim/ros2_dvrk/install/cisst/include/cisstMultiTask/mtsGenericObjectProxy.h:618:16[m[K,
[12.297s]     inlined from ‘[01m[Kstatic mtsGenericObject* mtsGenericTypes<_elementType>::ConditionalCreate(const T&, const string&) [with T = vctFixedSizeVector<double, 3>][m[K’ at [01m[K/home/utc_sim/ros2_dvrk/install/cisst/include/cisstMultiTask/mtsGenericObjectProxy.h:692:56[m[K,
[12.297s]     inlined from ‘[01m[KmtsCommandWrite<_classType, _argumentType>::mtsCommandWrite(mtsCommandWrite<_classType, _argumentType>::ActionType, mtsCommandWrite<_classType, _argumentType>::ClassType*, const string&, const ArgumentType&) [with _classType = mtsTextToSpeech; _argumentType = vctFixedSizeVector<double, 3>][m[K’ at [01m[K/home/utc_sim/ros2_dvrk/install/cisst/include/cisstMultiTask/mtsCommandWrite.h:129:83[m[K,
[12.298s]     inlined from ‘[01m[KmtsCommandWriteBase* mtsInterfaceProvided::AddCommandWrite(void (__classType::*)(const __argumentType&), __classType*, const string&, const __argumentType&, mtsCommandQueueingPolicy) [with __classType = mtsTextToSpeech; __argumentType = vctFixedSizeVector<double, 3>][m[K’ at [01m[K/home/utc_sim/ros2_dvrk/install/cisst/include/cisstMultiTask/mtsInterfaceProvided.h:338:38[m[K,
[12.299s]     inlined from ‘[01m[KmtsCommandWriteBase* mtsInterfaceProvided::AddCommandWrite(void (__classType::*)(const __argumentType&), __classType*, const string&, mtsCommandQueueingPolicy) [with __classType = mtsTextToSpeech; __argumentType = vctFixedSizeVector<double, 3>][m[K’ at [01m[K/home/utc_sim/ros2_dvrk/install/cisst/include/cisstMultiTask/mtsInterfaceProvided.h:347:66[m[K,
[12.299s]     inlined from ‘[01m[KmtsTextToSpeech::mtsTextToSpeech()[m[K’ at [01m[K/home/utc_sim/ros2_dvrk/src/cisst-saw/sawTextToSpeech/components/code/mtsTextToSpeech.cpp:70:43[m[K:
[12.300s] [01m[K/home/utc_sim/ros2_dvrk/install/cisst/include/cisstVector/vctUnaryOperations.h:72:43:[m[K [01;35m[Kwarning: [m[K‘[01m[K*(const __vector(2) double*)((char*)&<unnamed> + offsetof(vctFixedSizeVector<double, 3>,vctFixedSizeVector<double, 3>::<unnamed>.vctFixedSizeVectorBase<3, 1, double, double[3]>::<unnamed>.vctFixedSizeConstVectorBase<3, 1, double, double[3]>::Data[0]))[m[K’ may be used uninitialized [[01;35m[K]8;;https://gcc.gnu.org/onlinedocs/gcc/Warning-Options.html#index-Wmaybe-uninitialized-Wmaybe-uninitialized]8;;[m[K]
[12.300s]    72 |             return OutputElementType(input[01;35m[K)[m[K;
[12.300s]       |                                           [01;35m[K^[m[K
[12.300s] In file included from [01m[K/home/utc_sim/ros2_dvrk/src/cisst-saw/sawTextToSpeech/components/code/mtsTextToSpeech.cpp:25[m[K:
[12.300s] [01m[K/home/utc_sim/ros2_dvrk/install/cisst/include/cisstMultiTask/mtsInterfaceProvided.h:[m[K In constructor ‘[01m[KmtsTextToSpeech::mtsTextToSpeech()[m[K’:
[12.301s] [01m[K/home/utc_sim/ros2_dvrk/install/cisst/include/cisstMultiTask/mtsInterfaceProvided.h:347:108:[m[K [01;36m[Knote: [m[K‘[01m[K<anonymous>[m[K’ declared here
[12.301s]   347 | e, __argumentType>(method, classInstantiation, commandName, [01;36m[K__argumentType()[m[K,
[12.301s]       |                                                             [01;36m[K^~~~~~~~~~~~~~~~[m[K
[12.301s] 
[12.302s] In file included from [01m[K/home/utc_sim/ros2_dvrk/install/cisst/include/cisstVector/vctFixedSizeConstVectorBase.h:41[m[K,
[12.303s]                  from [01m[K/home/utc_sim/ros2_dvrk/install/cisst/include/cisstVector/vctFixedSizeVectorBase.h:29[m[K,
[12.316s]                  from [01m[K/home/utc_sim/ros2_dvrk/install/cisst/include/cisstVector/vctFixedSizeConstVectorRef.h:30[m[K,
[12.316s]                  from [01m[K/home/utc_sim/ros2_dvrk/install/cisst/include/cisstVector/vctFixedSizeVectorRef.h:28[m[K,
[12.316s]                  from [01m[K/home/utc_sim/ros2_dvrk/install/cisst/include/cisstVector/vctFixedSizeVector.h:28[m[K,
[12.317s]                  from [01m[K/home/utc_sim/ros2_dvrk/install/cisst/include/cisstVector/vctFixedSizeVectorTypes.h:29[m[K,
[12.317s]                  from [01m[K/home/utc_sim/ros2_dvrk/install/cisst/include/cisstMultiTask/mtsGenericObjectProxy.h:33[m[K,
[12.317s]                  from [01m[K/home/utc_sim/ros2_dvrk/install/cisst/include/cisstMultiTask/mtsStateArray.h:31[m[K,
[12.317s]                  from [01m[K/home/utc_sim/ros2_dvrk/install/cisst/include/cisstMultiTask/mtsStateTable.h:32[m[K,
[12.317s]                  from [01m[K/home/utc_sim/ros2_dvrk/install/cisst/include/cisstMultiTask/mtsTask.h:35[m[K,
[12.317s]                  from [01m[K/home/utc_sim/ros2_dvrk/install/cisst/include/cisstMultiTask/mtsTaskContinuous.h:28[m[K,
[12.317s]                  from [01m[K/home/utc_sim/ros2_dvrk/install/cisst/include/cisstMultiTask/mtsTaskFromSignal.h:30[m[K,
[12.317s]                  from [01m[K/home/utc_sim/ros2_dvrk/src/cisst-saw/sawTextToSpeech/components/include/sawTextToSpeech/mtsTextToSpeech.h:23[m[K,
[12.317s]                  from [01m[K/home/utc_sim/ros2_dvrk/src/cisst-saw/sawTextToSpeech/components/code/mtsTextToSpeech.cpp:20[m[K:
[12.317s] In static member function ‘[01m[Kstatic vctUnaryOperations<_outputElementType, _inputElementType>::OutputElementType vctUnaryOperations<_outputElementType, _inputElementType>::Identity::Operate(const InputElementType&) [with _outputElementType = double; _inputElementType = double][m[K’,
[12.317s]     inlined from ‘[01m[Kstatic void vctFixedSizeVectorRecursiveEngines<_size>::VoVi<_elementOperationType>::Unfold(_outputVectorType&, const _inputVectorType&) [with _outputVectorType = vctFixedSizeVectorBase<3, 1, double, double [3]>; _inputVectorType = vctFixedSizeConstVectorBase<3, 1, double, double [3]>; _elementOperationType = vctUnaryOperations<double>::Identity; long unsigned int _size = 3][m[K’ at [01m[K/home/utc_sim/ros2_dvrk/install/cisst/include/cisstVector/vctFixedSizeVectorRecursiveEngines.h:473:67[m[K,
[12.317s]     inlined from ‘[01m[KvctFixedSizeVectorBase<_size, _stride, _elementType, _dataPtrType>::ThisType& vctFixedSizeVectorBase<_size, _stride, _elementType, _dataPtrType>::Assign(const vctFixedSizeConstVectorBase<_size, __stride, __elementType, __dataPtrType>&) [with long int __stride = 1; __elementType = double; __dataPtrType = double [3]; long unsigned int _size = 3; long int _stride = 1; _elementType = double; _dataPtrType = double [3]][m[K’ at [01m[K/home/utc_sim/ros2_dvrk/install/cisst/include/cisstVector/vctFixedSizeVectorBase.h:277:19[m[K,
[12.317s]     inlined from ‘[01m[KvctFixedSizeVector<_elementType, _size>::vctFixedSizeVector(const ThisType&) [with _elementType = double; long unsigned int _size = 3][m[K’ at [01m[K/home/utc_sim/ros2_dvrk/install/cisst/include/cisstVector/vctFixedSizeVector.h:80:21[m[K,
[12.317s]     inlined from ‘[01m[KmtsGenericObjectProxy<_elementType>::mtsGenericObjectProxy(const value_type&) [with _elementType = vctFixedSizeVector<double, 3>][m[K’ at [01m[K/home/utc_sim/ros2_dvrk/install/cisst/include/cisstMultiTask/mtsGenericObjectProxy.h:403:9[m[K,
[12.317s]     inlined from ‘[01m[Kstatic mtsGenericObject* mtsGenericTypesImpl<T, <anonymous> >::ConditionalCreate(const T&, const string&) [with T = vctFixedSizeVector<double, 3>; bool <anonymous> = false][m[K’ at [01m[K/home/utc_sim/ros2_dvrk/install/cisst/include/cisstMultiTask/mtsGenericObjectProxy.h:618:16[m[K,
[12.318s]     inlined from ‘[01m[Kstatic mtsGenericObject* mtsGenericTypes<_elementType>::ConditionalCreate(const T&, const string&) [with T = vctFixedSizeVector<double, 3>][m[K’ at [01m[K/home/utc_sim/ros2_dvrk/install/cisst/include/cisstMultiTask/mtsGenericObjectProxy.h:692:56[m[K,
[12.318s]     inlined from ‘[01m[KmtsCommandWrite<_classType, _argumentType>::mtsCommandWrite(mtsCommandWrite<_classType, _argumentType>::ActionType, mtsCommandWrite<_classType, _argumentType>::ClassType*, const string&, const ArgumentType&) [with _classType = mtsTextToSpeech; _argumentType = vctFixedSizeVector<double, 3>][m[K’ at [01m[K/home/utc_sim/ros2_dvrk/install/cisst/include/cisstMultiTask/mtsCommandWrite.h:129:83[m[K,
[12.318s]     inlined from ‘[01m[KmtsCommandWriteBase* mtsInterfaceProvided::AddCommandWrite(void (__classType::*)(const __argumentType&), __classType*, const string&, const __argumentType&, mtsCommandQueueingPolicy) [with __classType = mtsTextToSpeech; __argumentType = vctFixedSizeVector<double, 3>][m[K’ at [01m[K/home/utc_sim/ros2_dvrk/install/cisst/include/cisstMultiTask/mtsInterfaceProvided.h:338:38[m[K,
[12.318s]     inlined from ‘[01m[KmtsCommandWriteBase* mtsInterfaceProvided::AddCommandWrite(void (__classType::*)(const __argumentType&), __classType*, const string&, mtsCommandQueueingPolicy) [with __classType = mtsTextToSpeech; __argumentType = vctFixedSizeVector<double, 3>][m[K’ at [01m[K/home/utc_sim/ros2_dvrk/install/cisst/include/cisstMultiTask/mtsInterfaceProvided.h:347:66[m[K,
[12.318s]     inlined from ‘[01m[KmtsTextToSpeech::mtsTextToSpeech()[m[K’ at [01m[K/home/utc_sim/ros2_dvrk/src/cisst-saw/sawTextToSpeech/components/code/mtsTextToSpeech.cpp:70:43[m[K:
[12.318s] [01m[K/home/utc_sim/ros2_dvrk/install/cisst/include/cisstVector/vctUnaryOperations.h:72:43:[m[K [01;35m[Kwarning: [m[K‘[01m[K<unnamed>.vctFixedSizeVector<double, 3>::<unnamed>.vctFixedSizeVectorBase<3, 1, double, double[3]>::<unnamed>.vctFixedSizeConstVectorBase<3, 1, double, double[3]>::Data[2][m[K’ may be used uninitialized [[01;35m[K]8;;https://gcc.gnu.org/onlinedocs/gcc/Warning-Options.html#index-Wmaybe-uninitialized-Wmaybe-uninitialized]8;;[m[K]
[12.318s]    72 |             return OutputElementType(input[01;35m[K)[m[K;
[12.318s]       |                                           [01;35m[K^[m[K
[12.318s] In file included from [01m[K/home/utc_sim/ros2_dvrk/src/cisst-saw/sawTextToSpeech/components/code/mtsTextToSpeech.cpp:25[m[K:
[12.318s] [01m[K/home/utc_sim/ros2_dvrk/install/cisst/include/cisstMultiTask/mtsInterfaceProvided.h:[m[K In constructor ‘[01m[KmtsTextToSpeech::mtsTextToSpeech()[m[K’:
[12.318s] [01m[K/home/utc_sim/ros2_dvrk/install/cisst/include/cisstMultiTask/mtsInterfaceProvided.h:347:108:[m[K [01;36m[Knote: [m[K‘[01m[K<anonymous>[m[K’ declared here
[12.318s]   347 | e, __argumentType>(method, classInstantiation, commandName, [01;36m[K__argumentType()[m[K,
[12.318s]       |                                                             [01;36m[K^~~~~~~~~~~~~~~~[m[K
[12.318s] 
[15.436s] [ 50%] [32m[1mLinking CXX shared library /home/utc_sim/ros2_dvrk/install/cisst/lib/libsawTextToSpeech.so[0m
[15.798s] [ 50%] Built target sawTextToSpeech
[15.854s] [ 75%] [32mBuilding CXX object examples/keyboard/CMakeFiles/sawTextToSpeechExampleKeyboard.dir/main.cpp.o[0m
[18.394s] [100%] [32m[1mLinking CXX executable sawTextToSpeechExampleKeyboard[0m
[18.665s] [100%] Built target sawTextToSpeechExampleKeyboard
[18.724s] Invoked command in '/home/utc_sim/ros2_dvrk/build/sawTextToSpeechAll' returned '0': CISST_ROOT=/home/utc_sim/ros2_dvrk/install/cisst CMAKE_PREFIX_PATH=/home/utc_sim/ros2_dvrk/install/sawKeyboardAll:/home/utc_sim/ros2_dvrk/install/cisst:/home/utc_sim/ros2_dvrk/install/cisstNetlib:/opt/ros/humble:/opt/ros/humble LD_LIBRARY_PATH=/home/utc_sim/ros2_dvrk/install/sawKeyboardAll/lib:/home/utc_sim/ros2_dvrk/install/cisst/lib:/home/utc_sim/ros2_dvrk/install/cisst/lib:${LD_LIBRARY_PATH} PATH=/home/utc_sim/ros2_dvrk/install/cisst/bin:/home/utc_sim/ros2_dvrk/install/cisst/bin:${PATH} PKG_CONFIG_PATH=/home/utc_sim/ros2_dvrk/install/cisst/lib/aarch64-linux-gnu/pkgconfig:/home/utc_sim/ros2_dvrk/install/cisst/lib/pkgconfig:/home/utc_sim/ros2_dvrk/install/cisstNetlib/lib/aarch64-linux-gnu/pkgconfig:/home/utc_sim/ros2_dvrk/install/cisstNetlib/lib/pkgconfig PYTHONPATH=/home/utc_sim/ros2_dvrk/install/cisst/lib:${PYTHONPATH} ROS_PACKAGE_PATH=/home/utc_sim/ros2_dvrk/install/cisst/share /usr/bin/cmake --build /home/utc_sim/ros2_dvrk/build/sawTextToSpeechAll -- -j8 -l8
[18.725s] Invoking command in '/home/utc_sim/ros2_dvrk/build/sawTextToSpeechAll': CISST_ROOT=/home/utc_sim/ros2_dvrk/install/cisst CMAKE_PREFIX_PATH=/home/utc_sim/ros2_dvrk/install/sawKeyboardAll:/home/utc_sim/ros2_dvrk/install/cisst:/home/utc_sim/ros2_dvrk/install/cisstNetlib:/opt/ros/humble:/opt/ros/humble LD_LIBRARY_PATH=/home/utc_sim/ros2_dvrk/install/sawKeyboardAll/lib:/home/utc_sim/ros2_dvrk/install/cisst/lib:/home/utc_sim/ros2_dvrk/install/cisst/lib:${LD_LIBRARY_PATH} PATH=/home/utc_sim/ros2_dvrk/install/cisst/bin:/home/utc_sim/ros2_dvrk/install/cisst/bin:${PATH} PKG_CONFIG_PATH=/home/utc_sim/ros2_dvrk/install/cisst/lib/aarch64-linux-gnu/pkgconfig:/home/utc_sim/ros2_dvrk/install/cisst/lib/pkgconfig:/home/utc_sim/ros2_dvrk/install/cisstNetlib/lib/aarch64-linux-gnu/pkgconfig:/home/utc_sim/ros2_dvrk/install/cisstNetlib/lib/pkgconfig PYTHONPATH=/home/utc_sim/ros2_dvrk/install/cisst/lib:${PYTHONPATH} ROS_PACKAGE_PATH=/home/utc_sim/ros2_dvrk/install/cisst/share /usr/bin/cmake --install /home/utc_sim/ros2_dvrk/build/sawTextToSpeechAll
[18.746s] -- Install configuration: "Release"
[18.746s] -- Installing: /home/utc_sim/ros2_dvrk/install/sawTextToSpeechAll/share/sawTextToSpeech/sawTextToSpeechConfig.cmake
[18.746s] -- Installing: /home/utc_sim/ros2_dvrk/install/sawTextToSpeechAll/share/sawTextToSpeech/sawTextToSpeechConfigVersion.cmake
[18.746s] -- Installing: /home/utc_sim/ros2_dvrk/install/sawTextToSpeechAll/include/sawTextToSpeech
[18.747s] -- Installing: /home/utc_sim/ros2_dvrk/install/sawTextToSpeechAll/include/sawTextToSpeech/sawTextToSpeechExport.h
[18.747s] -- Installing: /home/utc_sim/ros2_dvrk/install/sawTextToSpeechAll/include/sawTextToSpeech/mtsTextToSpeech.h
[18.747s] -- Up-to-date: /home/utc_sim/ros2_dvrk/install/sawTextToSpeechAll/include/sawTextToSpeech
[18.748s] -- Installing: /home/utc_sim/ros2_dvrk/install/sawTextToSpeechAll/include/sawTextToSpeech/sawTextToSpeechRevision.h
[18.748s] -- Installing: /home/utc_sim/ros2_dvrk/install/sawTextToSpeechAll/lib/libsawTextToSpeech.so.1.4.1
[18.748s] -- Set runtime path of "/home/utc_sim/ros2_dvrk/install/sawTextToSpeechAll/lib/libsawTextToSpeech.so.1.4.1" to ""
[18.748s] -- Installing: /home/utc_sim/ros2_dvrk/install/sawTextToSpeechAll/lib/libsawTextToSpeech.so
[18.748s] -- Installing: /home/utc_sim/ros2_dvrk/install/sawTextToSpeechAll/bin/sawTextToSpeechExampleKeyboard
[18.748s] -- Set runtime path of "/home/utc_sim/ros2_dvrk/install/sawTextToSpeechAll/bin/sawTextToSpeechExampleKeyboard" to ""
[18.755s] Invoked command in '/home/utc_sim/ros2_dvrk/build/sawTextToSpeechAll' returned '0': CISST_ROOT=/home/utc_sim/ros2_dvrk/install/cisst CMAKE_PREFIX_PATH=/home/utc_sim/ros2_dvrk/install/sawKeyboardAll:/home/utc_sim/ros2_dvrk/install/cisst:/home/utc_sim/ros2_dvrk/install/cisstNetlib:/opt/ros/humble:/opt/ros/humble LD_LIBRARY_PATH=/home/utc_sim/ros2_dvrk/install/sawKeyboardAll/lib:/home/utc_sim/ros2_dvrk/install/cisst/lib:/home/utc_sim/ros2_dvrk/install/cisst/lib:${LD_LIBRARY_PATH} PATH=/home/utc_sim/ros2_dvrk/install/cisst/bin:/home/utc_sim/ros2_dvrk/install/cisst/bin:${PATH} PKG_CONFIG_PATH=/home/utc_sim/ros2_dvrk/install/cisst/lib/aarch64-linux-gnu/pkgconfig:/home/utc_sim/ros2_dvrk/install/cisst/lib/pkgconfig:/home/utc_sim/ros2_dvrk/install/cisstNetlib/lib/aarch64-linux-gnu/pkgconfig:/home/utc_sim/ros2_dvrk/install/cisstNetlib/lib/pkgconfig PYTHONPATH=/home/utc_sim/ros2_dvrk/install/cisst/lib:${PYTHONPATH} ROS_PACKAGE_PATH=/home/utc_sim/ros2_dvrk/install/cisst/share /usr/bin/cmake --install /home/utc_sim/ros2_dvrk/build/sawTextToSpeechAll
