-- The C compiler identification is GNU 11.4.0
-- The CXX compiler identification is GNU 11.4.0
-- Detecting C compiler ABI info
-- Detecting C compiler ABI info - done
-- Check for working C compiler: /usr/bin/cc - skipped
-- Detecting C compile features
-- Detecting C compile features - done
-- Detecting CXX compiler ABI info
-- Detecting CXX compiler ABI info - done
-- Check for working CXX compiler: /usr/bin/c++ - skipped
-- Detecting CXX compile features
-- Detecting CXX compile features - done
-- Found Python3: /usr/bin/python3 (found version "3.10.12") found components: Interpreter 
-- Override CMake install command with custom implementation using symlinks instead of copying resources
-- Configuring done
-- Generating done
-- Build files have been written to: /home/utc_sim/ros2_dvrk/build/crtk_python_client
Built target ament_cmake_python_symlink_crtk
running egg_info
creating crtk.egg-info
writing crtk.egg-info/PKG-INFO
writing dependency_links to crtk.egg-info/dependency_links.txt
writing top-level names to crtk.egg-info/top_level.txt
writing manifest file 'crtk.egg-info/SOURCES.txt'
reading manifest file 'crtk.egg-info/SOURCES.txt'
writing manifest file 'crtk.egg-info/SOURCES.txt'
Built target ament_cmake_python_build_crtk_egg
-- Install configuration: "Release"
-- Execute custom install script
-- Symlinking: /home/utc_sim/ros2_dvrk/install/crtk_python_client/share/crtk_python_client/environment/pythonpath.sh
-- Symlinking: /home/utc_sim/ros2_dvrk/install/crtk_python_client/share/crtk_python_client/environment/pythonpath.dsv
-- Symlinking: /home/utc_sim/ros2_dvrk/install/crtk_python_client/local/lib/python3.10/dist-packages/crtk-1.4.0-py3.10.egg-info/PKG-INFO
-- Symlinking: /home/utc_sim/ros2_dvrk/install/crtk_python_client/local/lib/python3.10/dist-packages/crtk-1.4.0-py3.10.egg-info/SOURCES.txt
-- Symlinking: /home/utc_sim/ros2_dvrk/install/crtk_python_client/local/lib/python3.10/dist-packages/crtk-1.4.0-py3.10.egg-info/dependency_links.txt
-- Symlinking: /home/utc_sim/ros2_dvrk/install/crtk_python_client/local/lib/python3.10/dist-packages/crtk-1.4.0-py3.10.egg-info/top_level.txt
-- Symlinking: /home/utc_sim/ros2_dvrk/install/crtk_python_client/local/lib/python3.10/dist-packages/crtk/__init__.py
-- Symlinking: /home/utc_sim/ros2_dvrk/install/crtk_python_client/local/lib/python3.10/dist-packages/crtk/joystick_button.py
-- Symlinking: /home/utc_sim/ros2_dvrk/install/crtk_python_client/local/lib/python3.10/dist-packages/crtk/measured_cp.py
-- Symlinking: /home/utc_sim/ros2_dvrk/install/crtk_python_client/local/lib/python3.10/dist-packages/crtk/msg_conversions.py
-- Symlinking: /home/utc_sim/ros2_dvrk/install/crtk_python_client/local/lib/python3.10/dist-packages/crtk/py.typed
-- Symlinking: /home/utc_sim/ros2_dvrk/install/crtk_python_client/local/lib/python3.10/dist-packages/crtk/ral_ros1.py
-- Symlinking: /home/utc_sim/ros2_dvrk/install/crtk_python_client/local/lib/python3.10/dist-packages/crtk/ral_ros2.py
-- Symlinking: /home/utc_sim/ros2_dvrk/install/crtk_python_client/local/lib/python3.10/dist-packages/crtk/utils.py
-- Symlinking: /home/utc_sim/ros2_dvrk/install/crtk_python_client/local/lib/python3.10/dist-packages/crtk/wait_move_handle.py
-- Symlinking: /home/utc_sim/ros2_dvrk/install/crtk_python_client/lib/crtk_python_client/crtk_haptic_example.py
-- Symlinking: /home/utc_sim/ros2_dvrk/install/crtk_python_client/lib/crtk_python_client/crtk_move_cp_example.py
-- Symlinking: /home/utc_sim/ros2_dvrk/install/crtk_python_client/lib/crtk_python_client/crtk_rate_example.py
-- Symlinking: /home/utc_sim/ros2_dvrk/install/crtk_python_client/lib/crtk_python_client/crtk_servo_cp_example.py
-- Symlinking: /home/utc_sim/ros2_dvrk/install/crtk_python_client/lib/crtk_python_client/crtk_servo_cv_example.py
-- Symlinking: /home/utc_sim/ros2_dvrk/install/crtk_python_client/lib/crtk_python_client/crtk_servo_jp_example.py
-- Symlinking: /home/utc_sim/ros2_dvrk/install/crtk_python_client/lib/crtk_python_client/crtk_simple_orientation_registration.py
-- Symlinking: /home/utc_sim/ros2_dvrk/install/crtk_python_client/lib/crtk_python_client/crtk_teleop_example.py
-- Symlinking: /home/utc_sim/ros2_dvrk/install/crtk_python_client/share/ament_index/resource_index/package_run_dependencies/crtk_python_client
-- Symlinking: /home/utc_sim/ros2_dvrk/install/crtk_python_client/share/ament_index/resource_index/parent_prefix_path/crtk_python_client
-- Symlinking: /home/utc_sim/ros2_dvrk/install/crtk_python_client/share/crtk_python_client/environment/ament_prefix_path.sh
-- Symlinking: /home/utc_sim/ros2_dvrk/install/crtk_python_client/share/crtk_python_client/environment/ament_prefix_path.dsv
-- Symlinking: /home/utc_sim/ros2_dvrk/install/crtk_python_client/share/crtk_python_client/environment/path.sh
-- Symlinking: /home/utc_sim/ros2_dvrk/install/crtk_python_client/share/crtk_python_client/environment/path.dsv
-- Symlinking: /home/utc_sim/ros2_dvrk/install/crtk_python_client/share/crtk_python_client/local_setup.bash
-- Symlinking: /home/utc_sim/ros2_dvrk/install/crtk_python_client/share/crtk_python_client/local_setup.sh
-- Symlinking: /home/utc_sim/ros2_dvrk/install/crtk_python_client/share/crtk_python_client/local_setup.zsh
-- Symlinking: /home/utc_sim/ros2_dvrk/install/crtk_python_client/share/crtk_python_client/local_setup.dsv
-- Symlinking: /home/utc_sim/ros2_dvrk/install/crtk_python_client/share/crtk_python_client/package.dsv
-- Symlinking: /home/utc_sim/ros2_dvrk/install/crtk_python_client/share/ament_index/resource_index/packages/crtk_python_client
-- Symlinking: /home/utc_sim/ros2_dvrk/install/crtk_python_client/share/crtk_python_client/cmake/crtk_python_clientConfig.cmake
-- Symlinking: /home/utc_sim/ros2_dvrk/install/crtk_python_client/share/crtk_python_client/cmake/crtk_python_clientConfig-version.cmake
-- Symlinking: /home/utc_sim/ros2_dvrk/install/crtk_python_client/share/crtk_python_client/package.xml
Listing '/home/utc_sim/ros2_dvrk/install/crtk_python_client/local/lib/python3.10/dist-packages/crtk'...
Compiling '/home/utc_sim/ros2_dvrk/install/crtk_python_client/local/lib/python3.10/dist-packages/crtk/__init__.py'...
Compiling '/home/utc_sim/ros2_dvrk/install/crtk_python_client/local/lib/python3.10/dist-packages/crtk/joystick_button.py'...
Compiling '/home/utc_sim/ros2_dvrk/install/crtk_python_client/local/lib/python3.10/dist-packages/crtk/measured_cp.py'...
Compiling '/home/utc_sim/ros2_dvrk/install/crtk_python_client/local/lib/python3.10/dist-packages/crtk/msg_conversions.py'...
Compiling '/home/utc_sim/ros2_dvrk/install/crtk_python_client/local/lib/python3.10/dist-packages/crtk/ral_ros1.py'...
Compiling '/home/utc_sim/ros2_dvrk/install/crtk_python_client/local/lib/python3.10/dist-packages/crtk/ral_ros2.py'...
Compiling '/home/utc_sim/ros2_dvrk/install/crtk_python_client/local/lib/python3.10/dist-packages/crtk/utils.py'...
Compiling '/home/utc_sim/ros2_dvrk/install/crtk_python_client/local/lib/python3.10/dist-packages/crtk/wait_move_handle.py'...
