-- The C compiler identification is GNU 11.4.0
-- The CXX compiler identification is GNU 11.4.0
-- Detecting C compiler ABI info
-- Detecting C compiler ABI info - done
-- Check for working C compiler: /usr/bin/cc - skipped
-- Detecting C compile features
-- Detecting C compile features - done
-- Detecting CXX compiler ABI info
-- Detecting CXX compiler ABI info - done
-- Check for working CXX compiler: /usr/bin/c++ - skipped
-- Detecting CXX compile features
-- Detecting CXX compile features - done
-- Performing Test CXX_SUPPORTS_WEXTRA
-- Performing Test CXX_SUPPORTS_WEXTRA - Success
-- Performing Test CXX_SUPPORTS_WALL
-- Performing Test CXX_SUPPORTS_WALL - Success
-- Assuming cisst is built using ROS/catkin since ROS_ROOT is defined in environment
-- CATKIN_DEVEL_PREFIX is not defined so assuming this is NOT a ROS/catkin build after all
-- Found OpenGL: /usr/lib/aarch64-linux-gnu/libOpenGL.so   
[0mLooking for Qt5: can't find Qt5XmlPatterns[0m
-- Found X11: /usr/include   
-- Looking for XOpenDisplay in /usr/lib/aarch64-linux-gnu/libX11.so;/usr/lib/aarch64-linux-gnu/libXext.so
-- Looking for XOpenDisplay in /usr/lib/aarch64-linux-gnu/libX11.so;/usr/lib/aarch64-linux-gnu/libXext.so - found
-- Looking for gethostbyname
-- Looking for gethostbyname - found
-- Looking for connect
-- Looking for connect - found
-- Looking for remove
-- Looking for remove - found
-- Looking for shmat
-- Looking for shmat - found
-- Looking for IceConnectionNumber in ICE
-- Looking for IceConnectionNumber in ICE - found
-- Could NOT find FLTK (missing: FLTK_LIBRARIES FLTK_FLUID_EXECUTABLE) 
[31mCMake Error at /usr/share/cmake-3.22/Modules/FindPackageHandleStandardArgs.cmake:230 (message):
  Could NOT find SWIG (missing: SWIG_EXECUTABLE SWIG_DIR) (Required is at
  least version "1.3.36")
Call Stack (most recent call first):
  /usr/share/cmake-3.22/Modules/FindPackageHandleStandardArgs.cmake:594 (_FPHSA_FAILURE_MESSAGE)
  /usr/share/cmake-3.22/Modules/FindSWIG.cmake:153 (find_package_handle_standard_args)
  cisst-dependencies/CMakeLists.txt:201 (find_package)

[0m
-- Configuring incomplete, errors occurred!
See also "/home/utc_sim/ros2_dvrk/build/cisst/CMakeFiles/CMakeOutput.log".
