[0.023s] Invoking command in '/home/utc_sim/ros2_dvrk/build/saw_robot_io_1394_ros': AMENT_PREFIX_PATH=/home/utc_sim/ros2_dvrk/install/cisst_ros_crtk:/home/utc_sim/ros2_dvrk/install/cisst_ros_bridge:/home/utc_sim/ros2_dvrk/install/crtk_msgs:/home/utc_sim/ros2_dvrk/install/cisst_msgs:${AMENT_PREFIX_PATH} CISST_ROOT=/home/utc_sim/ros2_dvrk/install/cisst CMAKE_PREFIX_PATH=/home/utc_sim/ros2_dvrk/install/cisst_ros_crtk:/home/utc_sim/ros2_dvrk/install/sawRobotIO1394Core:/home/utc_sim/ros2_dvrk/install/cisst_ros_bridge:/home/utc_sim/ros2_ws/install::/home/utc_sim/ros2_dvrk/install/cisst:/home/utc_sim/ros2_dvrk/install/crtk_msgs:/home/utc_sim/ros2_dvrk/install/cisst_msgs:/home/utc_sim/ros2_dvrk/install/cisstNetlib:/opt/ros/humble:/opt/ros/humble LD_LIBRARY_PATH=/home/utc_sim/ros2_dvrk/install/cisst_ros_crtk/lib:/home/utc_sim/ros2_dvrk/install/sawRobotIO1394Core/lib:/home/utc_sim/ros2_dvrk/install/cisst_ros_bridge/lib:/home/utc_sim/ros2_dvrk/install/cisst/lib:/home/utc_sim/ros2_dvrk/install/cisst/lib:/home/utc_sim/ros2_dvrk/install/crtk_msgs/lib:/home/utc_sim/ros2_dvrk/install/cisst_msgs/lib:${LD_LIBRARY_PATH} PATH=/home/utc_sim/ros2_dvrk/install/sawRobotIO1394Core/bin:/home/utc_sim/ros2_dvrk/install/cisst/bin:/home/utc_sim/ros2_dvrk/install/cisst/bin:${PATH} PKG_CONFIG_PATH=/home/utc_sim/ros2_dvrk/install/cisst/lib/aarch64-linux-gnu/pkgconfig:/home/utc_sim/ros2_dvrk/install/cisst/lib/pkgconfig:/home/utc_sim/ros2_dvrk/install/cisstNetlib/lib/aarch64-linux-gnu/pkgconfig:/home/utc_sim/ros2_dvrk/install/cisstNetlib/lib/pkgconfig PYTHONPATH=/home/utc_sim/ros2_dvrk/install/cisst/lib:/home/utc_sim/ros2_dvrk/install/crtk_msgs/local/lib/python3.10/dist-packages:/home/utc_sim/ros2_dvrk/install/cisst_msgs/local/lib/python3.10/dist-packages:${PYTHONPATH} ROS_PACKAGE_PATH=/home/utc_sim/ros2_dvrk/install/cisst/share /usr/bin/cmake /home/utc_sim/ros2_dvrk/src/cisst-saw/sawRobotIO1394/ros -DCMAKE_BUILD_TYPE=Release -DCMAKE_INSTALL_PREFIX=/home/utc_sim/ros2_dvrk/install/saw_robot_io_1394_ros
[0.146s] -- Override CMake install command with custom implementation using symlinks instead of copying resources
[0.154s] -- Found rclcpp: 16.0.17 (/opt/ros/humble/share/rclcpp/cmake)
[0.179s] -- Found rosidl_generator_c: 3.1.8 (/opt/ros/humble/share/rosidl_generator_c/cmake)
[0.181s] -- Found rosidl_adapter: 3.1.8 (/opt/ros/humble/share/rosidl_adapter/cmake)
[0.186s] -- Found rosidl_generator_cpp: 3.1.8 (/opt/ros/humble/share/rosidl_generator_cpp/cmake)
[0.193s] -- Using all available rosidl_typesupport_c: rosidl_typesupport_fastrtps_c;rosidl_typesupport_introspection_c
[0.203s] -- Using all available rosidl_typesupport_cpp: rosidl_typesupport_fastrtps_cpp;rosidl_typesupport_introspection_cpp
[0.234s] -- Found rmw_implementation_cmake: 6.1.2 (/opt/ros/humble/share/rmw_implementation_cmake/cmake)
[0.236s] -- Found rmw_fastrtps_cpp: 6.2.9 (/opt/ros/humble/share/rmw_fastrtps_cpp/cmake)
[0.373s] -- Using RMW implementation 'rmw_fastrtps_cpp' as default
[0.419s] -- Found std_srvs: 4.9.0 (/opt/ros/humble/share/std_srvs/cmake)
[0.428s] -- Found geometry_msgs: 4.9.0 (/opt/ros/humble/share/geometry_msgs/cmake)
[0.438s] -- Found sensor_msgs: 4.9.0 (/opt/ros/humble/share/sensor_msgs/cmake)
[0.453s] -- Found diagnostic_msgs: 4.9.0 (/opt/ros/humble/share/diagnostic_msgs/cmake)
[0.465s] -- Found tf2_ros: 0.25.18 (/opt/ros/humble/share/tf2_ros/cmake)
[0.540s] -- Found cisst_msgs: 4.0.0 (/home/utc_sim/ros2_dvrk/install/cisst_msgs/share/cisst_msgs/cmake)
[0.554s] -- Found crtk_msgs: 1.3.0 (/home/utc_sim/ros2_dvrk/install/crtk_msgs/share/crtk_msgs/cmake)
[0.566s] -- Found cisst_ros_bridge: 4.0.0 (/home/utc_sim/ros2_dvrk/install/cisst_ros_bridge/share/cisst_ros_bridge/cmake)
[0.568s] -- Found cisst_ros_crtk: 4.0.0 (/home/utc_sim/ros2_dvrk/install/cisst_ros_crtk/share/cisst_ros_crtk/cmake)
[0.569s] -- Information: cisst has been found in "/home/utc_sim/ros2_dvrk/install/cisst/", headers are in "/home/utc_sim/ros2_dvrk/install/cisst//include"
[0.570s] -- Information: cisst has been found in "/home/utc_sim/ros2_dvrk/install/cisst/", headers are in "/home/utc_sim/ros2_dvrk/install/cisst//include"
[0.571s] [33mCMake Warning at /home/utc_sim/ros2_dvrk/install/cisst/share/cisst-1.4/cmake/cisst-config.cmake:143 (message):
[0.571s]   find_package: cisst library "cisstCommonQt" doesn't exist or hasn't been
[0.571s]   compiled
[0.571s] Call Stack (most recent call first):
[0.571s]   CMakeLists.txt:65 (find_package)
[0.571s] 
[0.571s] [0m
[0.571s] [33mCMake Warning at /home/utc_sim/ros2_dvrk/install/cisst/share/cisst-1.4/cmake/cisst-config.cmake:143 (message):
[0.571s]   find_package: cisst library "cisstVectorQt" doesn't exist or hasn't been
[0.571s]   compiled
[0.571s] Call Stack (most recent call first):
[0.571s]   CMakeLists.txt:65 (find_package)
[0.571s] 
[0.571s] [0m
[0.571s] [33mCMake Warning at /home/utc_sim/ros2_dvrk/install/cisst/share/cisst-1.4/cmake/cisst-config.cmake:143 (message):
[0.571s]   find_package: cisst library "cisstMultiTaskQt" doesn't exist or hasn't been
[0.571s]   compiled
[0.571s] Call Stack (most recent call first):
[0.571s]   CMakeLists.txt:65 (find_package)
[0.571s] 
[0.571s] [0m
[0.571s] [33mCMake Warning at /home/utc_sim/ros2_dvrk/install/cisst/share/cisst-1.4/cmake/cisst-config.cmake:143 (message):
[0.571s]   find_package: cisst library "cisstParameterTypesQt" doesn't exist or hasn't
[0.572s]   been compiled
[0.572s] Call Stack (most recent call first):
[0.572s]   CMakeLists.txt:65 (find_package)
[0.572s] 
[0.572s] [0m
[0.572s] [33mCMake Warning at /home/utc_sim/ros2_dvrk/install/cisst/share/cisst-1.4/cmake/cisst-config.cmake:143 (message):
[0.572s]   find_package: cisst library "cisstQt" doesn't exist or hasn't been compiled
[0.572s] Call Stack (most recent call first):
[0.572s]   CMakeLists.txt:65 (find_package)
[0.572s] 
[0.572s] [0m
[0.572s] -- Configuring done
[0.575s] -- Generating done
[0.578s] -- Build files have been written to: /home/utc_sim/ros2_dvrk/build/saw_robot_io_1394_ros
[0.585s] Invoked command in '/home/utc_sim/ros2_dvrk/build/saw_robot_io_1394_ros' returned '0': AMENT_PREFIX_PATH=/home/utc_sim/ros2_dvrk/install/cisst_ros_crtk:/home/utc_sim/ros2_dvrk/install/cisst_ros_bridge:/home/utc_sim/ros2_dvrk/install/crtk_msgs:/home/utc_sim/ros2_dvrk/install/cisst_msgs:${AMENT_PREFIX_PATH} CISST_ROOT=/home/utc_sim/ros2_dvrk/install/cisst CMAKE_PREFIX_PATH=/home/utc_sim/ros2_dvrk/install/cisst_ros_crtk:/home/utc_sim/ros2_dvrk/install/sawRobotIO1394Core:/home/utc_sim/ros2_dvrk/install/cisst_ros_bridge:/home/utc_sim/ros2_ws/install::/home/utc_sim/ros2_dvrk/install/cisst:/home/utc_sim/ros2_dvrk/install/crtk_msgs:/home/utc_sim/ros2_dvrk/install/cisst_msgs:/home/utc_sim/ros2_dvrk/install/cisstNetlib:/opt/ros/humble:/opt/ros/humble LD_LIBRARY_PATH=/home/utc_sim/ros2_dvrk/install/cisst_ros_crtk/lib:/home/utc_sim/ros2_dvrk/install/sawRobotIO1394Core/lib:/home/utc_sim/ros2_dvrk/install/cisst_ros_bridge/lib:/home/utc_sim/ros2_dvrk/install/cisst/lib:/home/utc_sim/ros2_dvrk/install/cisst/lib:/home/utc_sim/ros2_dvrk/install/crtk_msgs/lib:/home/utc_sim/ros2_dvrk/install/cisst_msgs/lib:${LD_LIBRARY_PATH} PATH=/home/utc_sim/ros2_dvrk/install/sawRobotIO1394Core/bin:/home/utc_sim/ros2_dvrk/install/cisst/bin:/home/utc_sim/ros2_dvrk/install/cisst/bin:${PATH} PKG_CONFIG_PATH=/home/utc_sim/ros2_dvrk/install/cisst/lib/aarch64-linux-gnu/pkgconfig:/home/utc_sim/ros2_dvrk/install/cisst/lib/pkgconfig:/home/utc_sim/ros2_dvrk/install/cisstNetlib/lib/aarch64-linux-gnu/pkgconfig:/home/utc_sim/ros2_dvrk/install/cisstNetlib/lib/pkgconfig PYTHONPATH=/home/utc_sim/ros2_dvrk/install/cisst/lib:/home/utc_sim/ros2_dvrk/install/crtk_msgs/local/lib/python3.10/dist-packages:/home/utc_sim/ros2_dvrk/install/cisst_msgs/local/lib/python3.10/dist-packages:${PYTHONPATH} ROS_PACKAGE_PATH=/home/utc_sim/ros2_dvrk/install/cisst/share /usr/bin/cmake /home/utc_sim/ros2_dvrk/src/cisst-saw/sawRobotIO1394/ros -DCMAKE_BUILD_TYPE=Release -DCMAKE_INSTALL_PREFIX=/home/utc_sim/ros2_dvrk/install/saw_robot_io_1394_ros
[0.585s] Invoking command in '/home/utc_sim/ros2_dvrk/build/saw_robot_io_1394_ros': AMENT_PREFIX_PATH=/home/utc_sim/ros2_dvrk/install/cisst_ros_crtk:/home/utc_sim/ros2_dvrk/install/cisst_ros_bridge:/home/utc_sim/ros2_dvrk/install/crtk_msgs:/home/utc_sim/ros2_dvrk/install/cisst_msgs:${AMENT_PREFIX_PATH} CISST_ROOT=/home/utc_sim/ros2_dvrk/install/cisst CMAKE_PREFIX_PATH=/home/utc_sim/ros2_dvrk/install/cisst_ros_crtk:/home/utc_sim/ros2_dvrk/install/sawRobotIO1394Core:/home/utc_sim/ros2_dvrk/install/cisst_ros_bridge:/home/utc_sim/ros2_ws/install::/home/utc_sim/ros2_dvrk/install/cisst:/home/utc_sim/ros2_dvrk/install/crtk_msgs:/home/utc_sim/ros2_dvrk/install/cisst_msgs:/home/utc_sim/ros2_dvrk/install/cisstNetlib:/opt/ros/humble:/opt/ros/humble LD_LIBRARY_PATH=/home/utc_sim/ros2_dvrk/install/cisst_ros_crtk/lib:/home/utc_sim/ros2_dvrk/install/sawRobotIO1394Core/lib:/home/utc_sim/ros2_dvrk/install/cisst_ros_bridge/lib:/home/utc_sim/ros2_dvrk/install/cisst/lib:/home/utc_sim/ros2_dvrk/install/cisst/lib:/home/utc_sim/ros2_dvrk/install/crtk_msgs/lib:/home/utc_sim/ros2_dvrk/install/cisst_msgs/lib:${LD_LIBRARY_PATH} PATH=/home/utc_sim/ros2_dvrk/install/sawRobotIO1394Core/bin:/home/utc_sim/ros2_dvrk/install/cisst/bin:/home/utc_sim/ros2_dvrk/install/cisst/bin:${PATH} PKG_CONFIG_PATH=/home/utc_sim/ros2_dvrk/install/cisst/lib/aarch64-linux-gnu/pkgconfig:/home/utc_sim/ros2_dvrk/install/cisst/lib/pkgconfig:/home/utc_sim/ros2_dvrk/install/cisstNetlib/lib/aarch64-linux-gnu/pkgconfig:/home/utc_sim/ros2_dvrk/install/cisstNetlib/lib/pkgconfig PYTHONPATH=/home/utc_sim/ros2_dvrk/install/cisst/lib:/home/utc_sim/ros2_dvrk/install/crtk_msgs/local/lib/python3.10/dist-packages:/home/utc_sim/ros2_dvrk/install/cisst_msgs/local/lib/python3.10/dist-packages:${PYTHONPATH} ROS_PACKAGE_PATH=/home/utc_sim/ros2_dvrk/install/cisst/share /usr/bin/cmake --build /home/utc_sim/ros2_dvrk/build/saw_robot_io_1394_ros -- -j8 -l8
[0.613s] Invoked command in '/home/utc_sim/ros2_dvrk/build/saw_robot_io_1394_ros' returned '0': AMENT_PREFIX_PATH=/home/utc_sim/ros2_dvrk/install/cisst_ros_crtk:/home/utc_sim/ros2_dvrk/install/cisst_ros_bridge:/home/utc_sim/ros2_dvrk/install/crtk_msgs:/home/utc_sim/ros2_dvrk/install/cisst_msgs:${AMENT_PREFIX_PATH} CISST_ROOT=/home/utc_sim/ros2_dvrk/install/cisst CMAKE_PREFIX_PATH=/home/utc_sim/ros2_dvrk/install/cisst_ros_crtk:/home/utc_sim/ros2_dvrk/install/sawRobotIO1394Core:/home/utc_sim/ros2_dvrk/install/cisst_ros_bridge:/home/utc_sim/ros2_ws/install::/home/utc_sim/ros2_dvrk/install/cisst:/home/utc_sim/ros2_dvrk/install/crtk_msgs:/home/utc_sim/ros2_dvrk/install/cisst_msgs:/home/utc_sim/ros2_dvrk/install/cisstNetlib:/opt/ros/humble:/opt/ros/humble LD_LIBRARY_PATH=/home/utc_sim/ros2_dvrk/install/cisst_ros_crtk/lib:/home/utc_sim/ros2_dvrk/install/sawRobotIO1394Core/lib:/home/utc_sim/ros2_dvrk/install/cisst_ros_bridge/lib:/home/utc_sim/ros2_dvrk/install/cisst/lib:/home/utc_sim/ros2_dvrk/install/cisst/lib:/home/utc_sim/ros2_dvrk/install/crtk_msgs/lib:/home/utc_sim/ros2_dvrk/install/cisst_msgs/lib:${LD_LIBRARY_PATH} PATH=/home/utc_sim/ros2_dvrk/install/sawRobotIO1394Core/bin:/home/utc_sim/ros2_dvrk/install/cisst/bin:/home/utc_sim/ros2_dvrk/install/cisst/bin:${PATH} PKG_CONFIG_PATH=/home/utc_sim/ros2_dvrk/install/cisst/lib/aarch64-linux-gnu/pkgconfig:/home/utc_sim/ros2_dvrk/install/cisst/lib/pkgconfig:/home/utc_sim/ros2_dvrk/install/cisstNetlib/lib/aarch64-linux-gnu/pkgconfig:/home/utc_sim/ros2_dvrk/install/cisstNetlib/lib/pkgconfig PYTHONPATH=/home/utc_sim/ros2_dvrk/install/cisst/lib:/home/utc_sim/ros2_dvrk/install/crtk_msgs/local/lib/python3.10/dist-packages:/home/utc_sim/ros2_dvrk/install/cisst_msgs/local/lib/python3.10/dist-packages:${PYTHONPATH} ROS_PACKAGE_PATH=/home/utc_sim/ros2_dvrk/install/cisst/share /usr/bin/cmake --build /home/utc_sim/ros2_dvrk/build/saw_robot_io_1394_ros -- -j8 -l8
[0.622s] Invoking command in '/home/utc_sim/ros2_dvrk/build/saw_robot_io_1394_ros': AMENT_PREFIX_PATH=/home/utc_sim/ros2_dvrk/install/cisst_ros_crtk:/home/utc_sim/ros2_dvrk/install/cisst_ros_bridge:/home/utc_sim/ros2_dvrk/install/crtk_msgs:/home/utc_sim/ros2_dvrk/install/cisst_msgs:${AMENT_PREFIX_PATH} CISST_ROOT=/home/utc_sim/ros2_dvrk/install/cisst CMAKE_PREFIX_PATH=/home/utc_sim/ros2_dvrk/install/cisst_ros_crtk:/home/utc_sim/ros2_dvrk/install/sawRobotIO1394Core:/home/utc_sim/ros2_dvrk/install/cisst_ros_bridge:/home/utc_sim/ros2_ws/install::/home/utc_sim/ros2_dvrk/install/cisst:/home/utc_sim/ros2_dvrk/install/crtk_msgs:/home/utc_sim/ros2_dvrk/install/cisst_msgs:/home/utc_sim/ros2_dvrk/install/cisstNetlib:/opt/ros/humble:/opt/ros/humble LD_LIBRARY_PATH=/home/utc_sim/ros2_dvrk/install/cisst_ros_crtk/lib:/home/utc_sim/ros2_dvrk/install/sawRobotIO1394Core/lib:/home/utc_sim/ros2_dvrk/install/cisst_ros_bridge/lib:/home/utc_sim/ros2_dvrk/install/cisst/lib:/home/utc_sim/ros2_dvrk/install/cisst/lib:/home/utc_sim/ros2_dvrk/install/crtk_msgs/lib:/home/utc_sim/ros2_dvrk/install/cisst_msgs/lib:${LD_LIBRARY_PATH} PATH=/home/utc_sim/ros2_dvrk/install/sawRobotIO1394Core/bin:/home/utc_sim/ros2_dvrk/install/cisst/bin:/home/utc_sim/ros2_dvrk/install/cisst/bin:${PATH} PKG_CONFIG_PATH=/home/utc_sim/ros2_dvrk/install/cisst/lib/aarch64-linux-gnu/pkgconfig:/home/utc_sim/ros2_dvrk/install/cisst/lib/pkgconfig:/home/utc_sim/ros2_dvrk/install/cisstNetlib/lib/aarch64-linux-gnu/pkgconfig:/home/utc_sim/ros2_dvrk/install/cisstNetlib/lib/pkgconfig PYTHONPATH=/home/utc_sim/ros2_dvrk/install/cisst/lib:/home/utc_sim/ros2_dvrk/install/crtk_msgs/local/lib/python3.10/dist-packages:/home/utc_sim/ros2_dvrk/install/cisst_msgs/local/lib/python3.10/dist-packages:${PYTHONPATH} ROS_PACKAGE_PATH=/home/utc_sim/ros2_dvrk/install/cisst/share /usr/bin/cmake --install /home/utc_sim/ros2_dvrk/build/saw_robot_io_1394_ros
[0.626s] -- Install configuration: "Release"
[0.627s] -- Execute custom install script
[0.630s] Invoked command in '/home/utc_sim/ros2_dvrk/build/saw_robot_io_1394_ros' returned '0': AMENT_PREFIX_PATH=/home/utc_sim/ros2_dvrk/install/cisst_ros_crtk:/home/utc_sim/ros2_dvrk/install/cisst_ros_bridge:/home/utc_sim/ros2_dvrk/install/crtk_msgs:/home/utc_sim/ros2_dvrk/install/cisst_msgs:${AMENT_PREFIX_PATH} CISST_ROOT=/home/utc_sim/ros2_dvrk/install/cisst CMAKE_PREFIX_PATH=/home/utc_sim/ros2_dvrk/install/cisst_ros_crtk:/home/utc_sim/ros2_dvrk/install/sawRobotIO1394Core:/home/utc_sim/ros2_dvrk/install/cisst_ros_bridge:/home/utc_sim/ros2_ws/install::/home/utc_sim/ros2_dvrk/install/cisst:/home/utc_sim/ros2_dvrk/install/crtk_msgs:/home/utc_sim/ros2_dvrk/install/cisst_msgs:/home/utc_sim/ros2_dvrk/install/cisstNetlib:/opt/ros/humble:/opt/ros/humble LD_LIBRARY_PATH=/home/utc_sim/ros2_dvrk/install/cisst_ros_crtk/lib:/home/utc_sim/ros2_dvrk/install/sawRobotIO1394Core/lib:/home/utc_sim/ros2_dvrk/install/cisst_ros_bridge/lib:/home/utc_sim/ros2_dvrk/install/cisst/lib:/home/utc_sim/ros2_dvrk/install/cisst/lib:/home/utc_sim/ros2_dvrk/install/crtk_msgs/lib:/home/utc_sim/ros2_dvrk/install/cisst_msgs/lib:${LD_LIBRARY_PATH} PATH=/home/utc_sim/ros2_dvrk/install/sawRobotIO1394Core/bin:/home/utc_sim/ros2_dvrk/install/cisst/bin:/home/utc_sim/ros2_dvrk/install/cisst/bin:${PATH} PKG_CONFIG_PATH=/home/utc_sim/ros2_dvrk/install/cisst/lib/aarch64-linux-gnu/pkgconfig:/home/utc_sim/ros2_dvrk/install/cisst/lib/pkgconfig:/home/utc_sim/ros2_dvrk/install/cisstNetlib/lib/aarch64-linux-gnu/pkgconfig:/home/utc_sim/ros2_dvrk/install/cisstNetlib/lib/pkgconfig PYTHONPATH=/home/utc_sim/ros2_dvrk/install/cisst/lib:/home/utc_sim/ros2_dvrk/install/crtk_msgs/local/lib/python3.10/dist-packages:/home/utc_sim/ros2_dvrk/install/cisst_msgs/local/lib/python3.10/dist-packages:${PYTHONPATH} ROS_PACKAGE_PATH=/home/utc_sim/ros2_dvrk/install/cisst/share /usr/bin/cmake --install /home/utc_sim/ros2_dvrk/build/saw_robot_io_1394_ros
