[0.047s] Invoking command in '/home/utc_sim/ros2_dvrk/build/cisstNetlib': CMAKE_PREFIX_PATH=${CMAKE_PREFIX_PATH}:/home/utc_sim/ros2_ws/install /usr/bin/cmake --build /home/utc_sim/ros2_dvrk/build/cisstNetlib -- -j8 -l8
[0.119s] [ 15%] Built target cisstNetlib_C
[0.175s] [ 35%] Built target cisstNetlib_lawson_hanson
[0.182s] [ 55%] Built target cisstNetlib
[0.187s] [100%] Built target cisstNetlib_hanson_haskell
[0.265s] Invoked command in '/home/utc_sim/ros2_dvrk/build/cisstNetlib' returned '0': CMAKE_PREFIX_PATH=${CMAKE_PREFIX_PATH}:/home/utc_sim/ros2_ws/install /usr/bin/cmake --build /home/utc_sim/ros2_dvrk/build/cisstNetlib -- -j8 -l8
[0.266s] Invoking command in '/home/utc_sim/ros2_dvrk/build/cisstNetlib': CMAKE_PREFIX_PATH=${CMAKE_PREFIX_PATH}:/home/utc_sim/ros2_ws/install /usr/bin/cmake --install /home/utc_sim/ros2_dvrk/build/cisstNetlib
[0.278s] -- Install configuration: "Release"
[0.278s] -- Up-to-date: /home/utc_sim/ros2_dvrk/install/cisstNetlib/lib/libcisstNetlib_hanson_haskell.a
[0.278s] -- Up-to-date: /home/utc_sim/ros2_dvrk/install/cisstNetlib/lib/libcisstNetlib_lawson_hanson.a
[0.278s] -- Up-to-date: /home/utc_sim/ros2_dvrk/install/cisstNetlib/include/cisstNetlib.h
[0.278s] -- Up-to-date: /home/utc_sim/ros2_dvrk/install/cisstNetlib/include/cisstNetlib/cisstNetlib-types.h
[0.278s] -- Up-to-date: /home/utc_sim/ros2_dvrk/install/cisstNetlib/include/cisstNetlib/cisstNetlib-lapack.h
[0.278s] -- Up-to-date: /home/utc_sim/ros2_dvrk/install/cisstNetlib/include/cisstNetlib/cisstNetlib-hanson-haskell.h
[0.279s] -- Up-to-date: /home/utc_sim/ros2_dvrk/install/cisstNetlib/include/cisstNetlib/cisstNetlib-lawson-hanson.h
[0.279s] -- Up-to-date: /home/utc_sim/ros2_dvrk/install/cisstNetlib/lib/libcisstNetlib.a
[0.279s] -- Up-to-date: /home/utc_sim/ros2_dvrk/install/cisstNetlib/lib/libcisstNetlib_lapack.a
[0.279s] -- Up-to-date: /home/utc_sim/ros2_dvrk/install/cisstNetlib/lib/libcisstNetlib_blas.a
[0.279s] -- Up-to-date: /home/utc_sim/ros2_dvrk/install/cisstNetlib/lib/libcisstNetlib_f2c.a
[0.279s] -- Up-to-date: /home/utc_sim/ros2_dvrk/install/cisstNetlib/share/cisstNetlib/CisstNetlibConfig.cmake
[0.340s] Invoked command in '/home/utc_sim/ros2_dvrk/build/cisstNetlib' returned '0': CMAKE_PREFIX_PATH=${CMAKE_PREFIX_PATH}:/home/utc_sim/ros2_ws/install /usr/bin/cmake --install /home/utc_sim/ros2_dvrk/build/cisstNetlib
