-- Override CMake install command with custom implementation using symlinks instead of copying resources
-- Found rclcpp: 16.0.17 (/opt/ros/humble/share/rclcpp/cmake)
-- Found rosidl_generator_c: 3.1.8 (/opt/ros/humble/share/rosidl_generator_c/cmake)
-- Found rosidl_adapter: 3.1.8 (/opt/ros/humble/share/rosidl_adapter/cmake)
-- Found rosidl_generator_cpp: 3.1.8 (/opt/ros/humble/share/rosidl_generator_cpp/cmake)
-- Using all available rosidl_typesupport_c: rosidl_typesupport_fastrtps_c;rosidl_typesupport_introspection_c
-- Using all available rosidl_typesupport_cpp: rosidl_typesupport_fastrtps_cpp;rosidl_typesupport_introspection_cpp
-- Found rmw_implementation_cmake: 6.1.2 (/opt/ros/humble/share/rmw_implementation_cmake/cmake)
-- Found rmw_fastrtps_cpp: 6.2.9 (/opt/ros/humble/share/rmw_fastrtps_cpp/cmake)
-- Using RMW implementation 'rmw_fastrtps_cpp' as default
-- Found std_srvs: 4.9.0 (/opt/ros/humble/share/std_srvs/cmake)
-- Found geometry_msgs: 4.9.0 (/opt/ros/humble/share/geometry_msgs/cmake)
-- Found sensor_msgs: 4.9.0 (/opt/ros/humble/share/sensor_msgs/cmake)
-- Found diagnostic_msgs: 4.9.0 (/opt/ros/humble/share/diagnostic_msgs/cmake)
-- Found tf2_ros: 0.25.18 (/opt/ros/humble/share/tf2_ros/cmake)
-- Found cisst_msgs: 4.0.0 (/home/utc_sim/ros2_dvrk/install/cisst_msgs/share/cisst_msgs/cmake)
-- Found crtk_msgs: 1.3.0 (/home/utc_sim/ros2_dvrk/install/crtk_msgs/share/crtk_msgs/cmake)
-- Found cisst_ros_bridge: 4.0.0 (/home/utc_sim/ros2_dvrk/install/cisst_ros_bridge/share/cisst_ros_bridge/cmake)
-- Found cisst_ros_crtk: 4.0.0 (/home/utc_sim/ros2_dvrk/install/cisst_ros_crtk/share/cisst_ros_crtk/cmake)
-- Information: cisst has been found in "/home/utc_sim/ros2_dvrk/install/cisst/", headers are in "/home/utc_sim/ros2_dvrk/install/cisst//include"
-- CISST_REQUIRED_FOUND = 1
-- cisst found as required, proceeding with build
-- Assuming cisst is built using ROS/catkin since ROS_ROOT is defined in environment
-- CATKIN_DEVEL_PREFIX is not defined so assuming this is NOT a ROS/catkin build after all
-- Assuming cisst is built using ROS2/colcon since ROS_VERSION is 2
-- sawRobotIO1394 found, building saw_robot_io_1394_ros library
-- Qt libraries not found, robot_io_console will not be built
-- Configuring done
-- Generating done
-- Build files have been written to: /home/utc_sim/ros2_dvrk/build/saw_robot_io_1394_ros
[35m[1mConsolidate compiler generated dependencies of target saw_robot_io_1394_ros[0m
[100%] Built target saw_robot_io_1394_ros
-- Install configuration: "Release"
-- Execute custom install script
-- Symlinking: /home/utc_sim/ros2_dvrk/install/saw_robot_io_1394_ros/include/saw_robot_io_1394_ros/mts_ros_crtk_robot_io_bridge.h
-- Symlinking: /home/utc_sim/ros2_dvrk/install/saw_robot_io_1394_ros/share/saw_robot_io_1394_ros/environment/library_path.sh
-- Symlinking: /home/utc_sim/ros2_dvrk/install/saw_robot_io_1394_ros/share/saw_robot_io_1394_ros/environment/library_path.dsv
-- Symlinking: /home/utc_sim/ros2_dvrk/install/saw_robot_io_1394_ros/share/ament_index/resource_index/package_run_dependencies/saw_robot_io_1394_ros
-- Symlinking: /home/utc_sim/ros2_dvrk/install/saw_robot_io_1394_ros/share/ament_index/resource_index/parent_prefix_path/saw_robot_io_1394_ros
-- Symlinking: /home/utc_sim/ros2_dvrk/install/saw_robot_io_1394_ros/share/saw_robot_io_1394_ros/environment/ament_prefix_path.sh
-- Symlinking: /home/utc_sim/ros2_dvrk/install/saw_robot_io_1394_ros/share/saw_robot_io_1394_ros/environment/ament_prefix_path.dsv
-- Symlinking: /home/utc_sim/ros2_dvrk/install/saw_robot_io_1394_ros/share/saw_robot_io_1394_ros/environment/path.sh
-- Symlinking: /home/utc_sim/ros2_dvrk/install/saw_robot_io_1394_ros/share/saw_robot_io_1394_ros/environment/path.dsv
-- Symlinking: /home/utc_sim/ros2_dvrk/install/saw_robot_io_1394_ros/share/saw_robot_io_1394_ros/local_setup.bash
-- Symlinking: /home/utc_sim/ros2_dvrk/install/saw_robot_io_1394_ros/share/saw_robot_io_1394_ros/local_setup.sh
-- Symlinking: /home/utc_sim/ros2_dvrk/install/saw_robot_io_1394_ros/share/saw_robot_io_1394_ros/local_setup.zsh
-- Symlinking: /home/utc_sim/ros2_dvrk/install/saw_robot_io_1394_ros/share/saw_robot_io_1394_ros/local_setup.dsv
-- Symlinking: /home/utc_sim/ros2_dvrk/install/saw_robot_io_1394_ros/share/saw_robot_io_1394_ros/package.dsv
-- Symlinking: /home/utc_sim/ros2_dvrk/install/saw_robot_io_1394_ros/share/ament_index/resource_index/packages/saw_robot_io_1394_ros
-- Symlinking: /home/utc_sim/ros2_dvrk/install/saw_robot_io_1394_ros/share/saw_robot_io_1394_ros/cmake/ament_cmake_export_targets-extras.cmake
-- Symlinking: /home/utc_sim/ros2_dvrk/install/saw_robot_io_1394_ros/share/saw_robot_io_1394_ros/cmake/saw_robot_io_1394_rosConfig.cmake
-- Symlinking: /home/utc_sim/ros2_dvrk/install/saw_robot_io_1394_ros/share/saw_robot_io_1394_ros/cmake/saw_robot_io_1394_rosConfig-version.cmake
-- Symlinking: /home/utc_sim/ros2_dvrk/install/saw_robot_io_1394_ros/share/saw_robot_io_1394_ros/package.xml
-- Up-to-date: /home/utc_sim/ros2_dvrk/install/saw_robot_io_1394_ros/lib/libsaw_robot_io_1394_ros.so
-- Up-to-date: /home/utc_sim/ros2_dvrk/install/saw_robot_io_1394_ros/share/saw_robot_io_1394_ros/cmake/saw_robot_io_1394_rosExport.cmake
-- Up-to-date: /home/utc_sim/ros2_dvrk/install/saw_robot_io_1394_ros/share/saw_robot_io_1394_ros/cmake/saw_robot_io_1394_rosExport-release.cmake
