[0.019s] Invoking command in '/home/utc_sim/ros2_dvrk/build/cisst': CMAKE_PREFIX_PATH=/home/utc_sim/ros2_dvrk/install/cisstNetlib:/opt/ros/humble:/opt/ros/humble PKG_CONFIG_PATH=/home/utc_sim/ros2_dvrk/install/cisstNetlib/lib/aarch64-linux-gnu/pkgconfig:/home/utc_sim/ros2_dvrk/install/cisstNetlib/lib/pkgconfig /usr/bin/cmake --build /home/utc_sim/ros2_dvrk/build/cisst -- -j8 -l8
[0.138s] [  0%] [34m[1mGenerating /home/utc_sim/ros2_dvrk/build/cisst/include/cisstBuildType.h from /home/utc_sim/ros2_dvrk/src/cisst-saw/cisst/cisstBuildType.h.in[0m
[0.149s] -- Build type is: Release
[0.149s] Build suffix is: .
[0.153s] [  2%] Built target cisstReflexxesTypeIIExternal
[0.160s] [  2%] Built target cisstBuildType
[0.166s] [  3%] [34m[1mGenerating /home/utc_sim/ros2_dvrk/build/cisst/include/cisstRevision.h from /home/utc_sim/ros2_dvrk/src/cisst-saw/cisst/cisstRevision.h.in[0m
[0.173s] [  4%] [34m[1mCopying data files from movies to /home/utc_sim/ros2_dvrk/build/cisst/share/cisst-1.4/movies[0m
[0.178s] [  4%] [34m[1mCopying data files from images to /home/utc_sim/ros2_dvrk/build/cisst/share/cisst-1.4/images[0m
[0.185s] [  4%] Built target copy_data_movies
[0.191s] -- Found Git revision: 1.4.0
[0.214s] [  4%] [34m[1mCopying data files from models to /home/utc_sim/ros2_dvrk/build/cisst/share/cisst-1.4/models[0m
[0.215s] [  4%] Built target copy_data_images
[0.221s] [  4%] Built target cisstRevision
[0.247s] [ 11%] Built target cisstDataGenerator
[0.290s] [ 11%] Built target cisstInteractive_COMPILE_IREPY
[0.318s] [ 11%] Built target copy_data_models
[0.328s] [ 19%] Built target cisstCommon
[0.344s] [ 20%] Built target cisstCommonPython_swig_compilation
[0.346s] [ 20%] Built target cisstCommonXML
[0.366s] [ 25%] Built target cisstOSAbstraction
[0.377s] [ 31%] Built target cisstVector
[0.379s] [ 31%] Built target cisstCommonPython
[0.388s] [ 32%] Built target cisstOSAbstractionPython_swig_compilation
[0.412s] [ 36%] Built target cisstNumerical
[0.467s] [ 36%] Built target cisstOSAbstractionPython
[0.491s] [ 56%] Built target cisstMultiTask
[0.547s] [ 62%] Built target cisstRobot
[0.550s] [ 74%] Built target cisstMesh
[0.584s] [ 75%] Built target cisstRobotPython_swig_compilation
[0.593s] [ 77%] Built target cisstInteractive
[0.603s] [ 77%] Built target cisstMeshPython_swig_compilation
[0.609s] [ 77%] Built target cisstRobotPython
[0.642s] [ 78%] Built target cisstMeshPython
[0.658s] [ 78%] Built target cisstMultiTaskPython_swig_compilation
[0.676s] [ 79%] Built target cisstNumericalPython_swig_compilation
[0.696s] [ 80%] Built target cisstMultiTaskPython
[0.708s] [ 98%] Built target cisstParameterTypes
[0.736s] [ 99%] Built target cisstVectorPython_swig_compilation
[0.753s] [ 99%] Built target cisstParameterTypesPython_swig_compilation
[0.773s] [ 99%] Built target cisstVectorPython
[0.781s] [ 99%] Built target cisstNumericalPython
[0.839s] [100%] Built target cisstParameterTypesPython
[0.866s] Invoked command in '/home/utc_sim/ros2_dvrk/build/cisst' returned '0': CMAKE_PREFIX_PATH=/home/utc_sim/ros2_dvrk/install/cisstNetlib:/opt/ros/humble:/opt/ros/humble PKG_CONFIG_PATH=/home/utc_sim/ros2_dvrk/install/cisstNetlib/lib/aarch64-linux-gnu/pkgconfig:/home/utc_sim/ros2_dvrk/install/cisstNetlib/lib/pkgconfig /usr/bin/cmake --build /home/utc_sim/ros2_dvrk/build/cisst -- -j8 -l8
[0.867s] Invoking command in '/home/utc_sim/ros2_dvrk/build/cisst': CMAKE_PREFIX_PATH=/home/utc_sim/ros2_dvrk/install/cisstNetlib:/opt/ros/humble:/opt/ros/humble PKG_CONFIG_PATH=/home/utc_sim/ros2_dvrk/install/cisstNetlib/lib/aarch64-linux-gnu/pkgconfig:/home/utc_sim/ros2_dvrk/install/cisstNetlib/lib/pkgconfig /usr/bin/cmake --install /home/utc_sim/ros2_dvrk/build/cisst
[0.876s] -- Install configuration: "Release"
[0.877s] -- Up-to-date: /home/utc_sim/ros2_dvrk/install/cisst/include/cisstRevision.h
[0.877s] -- Up-to-date: /home/utc_sim/ros2_dvrk/install/cisst/include/cisstBuildType.h
[0.877s] -- Up-to-date: /home/utc_sim/ros2_dvrk/install/cisst/share/cisst-1.4/cmake/cisstOpenGLOpenGL.cmake
[0.877s] -- Up-to-date: /home/utc_sim/ros2_dvrk/install/cisst/share/cisst-1.4/cmake/cisstOpenGLExternal.cmake
[0.877s] -- Up-to-date: /home/utc_sim/ros2_dvrk/install/cisst/share/cisst-1.4/cmake/cisstOpenGLOpenGL.cmake
[0.877s] -- Up-to-date: /home/utc_sim/ros2_dvrk/install/cisst/share/cisst-1.4/cmake/cisstOpenGLExternal.cmake
[0.877s] -- Up-to-date: /home/utc_sim/ros2_dvrk/install/cisst/share/cisst-1.4/cmake/cisstSWIGSWIG.cmake
[0.877s] -- Up-to-date: /home/utc_sim/ros2_dvrk/install/cisst/share/cisst-1.4/cmake/cisstSWIGExternal.cmake
[0.877s] -- Up-to-date: /home/utc_sim/ros2_dvrk/install/cisst/share/cisst-1.4/cmake/cisstSWIGSWIG.cmake
[0.877s] -- Up-to-date: /home/utc_sim/ros2_dvrk/install/cisst/share/cisst-1.4/cmake/cisstSWIGExternal.cmake
[0.877s] -- Up-to-date: /home/utc_sim/ros2_dvrk/install/cisst/share/cisst-1.4/cmake/cisstPythonPython.cmake
[0.877s] -- Up-to-date: /home/utc_sim/ros2_dvrk/install/cisst/share/cisst-1.4/cmake/cisstPythonExternal.cmake
[0.877s] -- Up-to-date: /home/utc_sim/ros2_dvrk/install/cisst/share/cisst-1.4/cmake/cisstPythonPython.cmake
[0.877s] -- Up-to-date: /home/utc_sim/ros2_dvrk/install/cisst/share/cisst-1.4/cmake/cisstPythonExternal.cmake
[0.877s] -- Up-to-date: /home/utc_sim/ros2_dvrk/install/cisst/share/cisst-1.4/cmake/cisstPythonBuild.cmake
[0.877s] -- Up-to-date: /home/utc_sim/ros2_dvrk/install/cisst/share/cisst-1.4/cmake/cisstCommonJSON.cmake
[0.877s] -- Up-to-date: /home/utc_sim/ros2_dvrk/install/cisst/share/cisst-1.4/cmake/cisstCommonExternal.cmake
[0.878s] -- Up-to-date: /home/utc_sim/ros2_dvrk/install/cisst/share/cisst-1.4/cmake/cisstCommonJSON.cmake
[0.878s] -- Up-to-date: /home/utc_sim/ros2_dvrk/install/cisst/share/cisst-1.4/cmake/cisstCommonExternal.cmake
[0.878s] -- Up-to-date: /home/utc_sim/ros2_dvrk/install/cisst/share/cisst-1.4/cmake/cisstCommonJSON.cmake
[0.878s] -- Up-to-date: /home/utc_sim/ros2_dvrk/install/cisst/share/cisst-1.4/cmake/cisstCommonExternal.cmake
[0.878s] -- Up-to-date: /home/utc_sim/ros2_dvrk/install/cisst/share/cisst-1.4/cmake/cisstCommonExternal.cmake
[0.878s] -- Up-to-date: /home/utc_sim/ros2_dvrk/install/cisst/share/cisst-1.4/cmake/cisstCommonExternal.cmake
[0.878s] -- Up-to-date: /home/utc_sim/ros2_dvrk/install/cisst/share/cisst-1.4/cmake/cisstOSAbstractionDL.cmake
[0.878s] -- Up-to-date: /home/utc_sim/ros2_dvrk/install/cisst/share/cisst-1.4/cmake/cisstOSAbstractionExternal.cmake
[0.878s] -- Up-to-date: /home/utc_sim/ros2_dvrk/install/cisst/share/cisst-1.4/cmake/cisstInteractiveDL.cmake
[0.878s] -- Up-to-date: /home/utc_sim/ros2_dvrk/install/cisst/share/cisst-1.4/cmake/cisstInteractiveExternal.cmake
[0.878s] -- Up-to-date: /home/utc_sim/ros2_dvrk/install/cisst/bin/cisstDataGenerator
[0.878s] -- Up-to-date: /home/utc_sim/ros2_dvrk/install/cisst/lib/libcisstCommon.so.1.4.0
[0.879s] -- Up-to-date: /home/utc_sim/ros2_dvrk/install/cisst/lib/libcisstCommon.so
[0.879s] -- Up-to-date: /home/utc_sim/ros2_dvrk/install/cisst/include/cisstCommon/cmnAccessorMacros.h
[0.879s] -- Up-to-date: /home/utc_sim/ros2_dvrk/install/cisst/include/cisstCommon/cmnAssert.h
[0.879s] -- Up-to-date: /home/utc_sim/ros2_dvrk/install/cisst/include/cisstCommon/cmnCallbackStreambuf.h
[0.879s] -- Up-to-date: /home/utc_sim/ros2_dvrk/install/cisst/include/cisstCommon/cmnClassRegister.h
[0.879s] -- Up-to-date: /home/utc_sim/ros2_dvrk/install/cisst/include/cisstCommon/cmnClassRegisterMacros.h
[0.879s] -- Up-to-date: /home/utc_sim/ros2_dvrk/install/cisst/include/cisstCommon/cmnClassServices.h
[0.879s] -- Up-to-date: /home/utc_sim/ros2_dvrk/install/cisst/include/cisstCommon/cmnClassServicesBase.h
[0.879s] -- Up-to-date: /home/utc_sim/ros2_dvrk/install/cisst/include/cisstCommon/cmnCommandLineOptions.h
[0.879s] -- Up-to-date: /home/utc_sim/ros2_dvrk/install/cisst/include/cisstCommon/cmnConstants.h
[0.879s] -- Up-to-date: /home/utc_sim/ros2_dvrk/install/cisst/include/cisstCommon/cmnDataFormat.h
[0.879s] -- Up-to-date: /home/utc_sim/ros2_dvrk/install/cisst/include/cisstCommon/cmnDataFunctions.h
[0.879s] -- Up-to-date: /home/utc_sim/ros2_dvrk/install/cisst/include/cisstCommon/cmnDataFunctionsArray.h
[0.879s] -- Up-to-date: /home/utc_sim/ros2_dvrk/install/cisst/include/cisstCommon/cmnDataFunctionsEnumMacros.h
[0.879s] -- Up-to-date: /home/utc_sim/ros2_dvrk/install/cisst/include/cisstCommon/cmnDataFunctionsJSON.h
[0.880s] -- Up-to-date: /home/utc_sim/ros2_dvrk/install/cisst/include/cisstCommon/cmnDataFunctionsList.h
[0.880s] -- Up-to-date: /home/utc_sim/ros2_dvrk/install/cisst/include/cisstCommon/cmnDataFunctionsMacros.h
[0.880s] -- Up-to-date: /home/utc_sim/ros2_dvrk/install/cisst/include/cisstCommon/cmnDataFunctionsMatrixHelpers.h
[0.880s] -- Up-to-date: /home/utc_sim/ros2_dvrk/install/cisst/include/cisstCommon/cmnDataFunctionsString.h
[0.880s] -- Up-to-date: /home/utc_sim/ros2_dvrk/install/cisst/include/cisstCommon/cmnDataFunctionsVector.h
[0.880s] -- Up-to-date: /home/utc_sim/ros2_dvrk/install/cisst/include/cisstCommon/cmnDataFunctionsVectorHelpers.h
[0.880s] -- Up-to-date: /home/utc_sim/ros2_dvrk/install/cisst/include/cisstCommon/cmnDeSerializer.h
[0.880s] -- Up-to-date: /home/utc_sim/ros2_dvrk/install/cisst/include/cisstCommon/cmnExport.h
[0.880s] -- Up-to-date: /home/utc_sim/ros2_dvrk/install/cisst/include/cisstCommon/cmnExportMacros.h
[0.880s] -- Up-to-date: /home/utc_sim/ros2_dvrk/install/cisst/include/cisstCommon/cmnForwardDeclarations.h
[0.880s] -- Up-to-date: /home/utc_sim/ros2_dvrk/install/cisst/include/cisstCommon/cmnGenericObject.h
[0.880s] -- Up-to-date: /home/utc_sim/ros2_dvrk/install/cisst/include/cisstCommon/cmnGenericObjectProxy.h
[0.880s] -- Up-to-date: /home/utc_sim/ros2_dvrk/install/cisst/include/cisstCommon/cmnGetChar.h
[0.880s] -- Up-to-date: /home/utc_sim/ros2_dvrk/install/cisst/include/cisstCommon/cmnKbHit.h
[0.880s] -- Up-to-date: /home/utc_sim/ros2_dvrk/install/cisst/include/cisstCommon/cmnLODMultiplexerStreambuf.h
[0.880s] -- Up-to-date: /home/utc_sim/ros2_dvrk/install/cisst/include/cisstCommon/cmnLODOutputMultiplexer.h
[0.880s] -- Up-to-date: /home/utc_sim/ros2_dvrk/install/cisst/include/cisstCommon/cmnLogLoD.h
[0.880s] -- Up-to-date: /home/utc_sim/ros2_dvrk/install/cisst/include/cisstCommon/cmnLogger.h
[0.880s] -- Up-to-date: /home/utc_sim/ros2_dvrk/install/cisst/include/cisstCommon/cmnMultiplexerStreambuf.h
[0.880s] -- Up-to-date: /home/utc_sim/ros2_dvrk/install/cisst/include/cisstCommon/cmnMultiplexerStreambufProxy.h
[0.880s] -- Up-to-date: /home/utc_sim/ros2_dvrk/install/cisst/include/cisstCommon/cmnNamedMap.h
[0.880s] -- Up-to-date: /home/utc_sim/ros2_dvrk/install/cisst/include/cisstCommon/cmnObjectRegister.h
[0.881s] -- Up-to-date: /home/utc_sim/ros2_dvrk/install/cisst/include/cisstCommon/cmnOutputMultiplexer.h
[0.881s] -- Up-to-date: /home/utc_sim/ros2_dvrk/install/cisst/include/cisstCommon/cmnPath.h
[0.881s] -- Up-to-date: /home/utc_sim/ros2_dvrk/install/cisst/include/cisstCommon/cmnPortability.h
[0.881s] -- Up-to-date: /home/utc_sim/ros2_dvrk/install/cisst/include/cisstCommon/cmnPrintf.h
[0.881s] -- Up-to-date: /home/utc_sim/ros2_dvrk/install/cisst/include/cisstCommon/cmnRandomSequence.h
[0.881s] -- Up-to-date: /home/utc_sim/ros2_dvrk/install/cisst/include/cisstCommon/cmnRequiresDeepCopy.h
[0.881s] -- Up-to-date: /home/utc_sim/ros2_dvrk/install/cisst/include/cisstCommon/cmnSerializer.h
[0.881s] -- Up-to-date: /home/utc_sim/ros2_dvrk/install/cisst/include/cisstCommon/cmnStreamRawParser.h
[0.881s] -- Up-to-date: /home/utc_sim/ros2_dvrk/install/cisst/include/cisstCommon/cmnStrings.h
[0.881s] -- Up-to-date: /home/utc_sim/ros2_dvrk/install/cisst/include/cisstCommon/cmnThrow.h
[0.881s] -- Up-to-date: /home/utc_sim/ros2_dvrk/install/cisst/include/cisstCommon/cmnTokenizer.h
[0.881s] -- Up-to-date: /home/utc_sim/ros2_dvrk/install/cisst/include/cisstCommon/cmnTypeTraits.h
[0.881s] -- Up-to-date: /home/utc_sim/ros2_dvrk/install/cisst/include/cisstCommon/cmnUnits.h
[0.881s] -- Up-to-date: /home/utc_sim/ros2_dvrk/install/cisst/include/cisstCommon.h
[0.881s] -- Up-to-date: /home/utc_sim/ros2_dvrk/install/cisst/include/cisstCommon/cmnJointType.h
[0.881s] -- Up-to-date: /home/utc_sim/ros2_dvrk/install/cisst/include/cisstCommon/cisstCommon.i
[0.881s] -- Up-to-date: /home/utc_sim/ros2_dvrk/install/cisst/lib/_cisstCommonPython.so
[0.881s] -- Up-to-date: /home/utc_sim/ros2_dvrk/install/cisst/lib/cisstCommonPython.py
[0.881s] -- Up-to-date: /home/utc_sim/ros2_dvrk/install/cisst/include/cisstCommon/cmnPython.h
[0.881s] -- Up-to-date: /home/utc_sim/ros2_dvrk/install/cisst/share/cisst-1.4/cmake/cisstCommonXMLLibXml2.cmake
[0.881s] -- Up-to-date: /home/utc_sim/ros2_dvrk/install/cisst/share/cisst-1.4/cmake/cisstCommonXMLExternal.cmake
[0.881s] -- Up-to-date: /home/utc_sim/ros2_dvrk/install/cisst/share/cisst-1.4/cmake/cisstCommonXMLExternal.cmake
[0.881s] -- Up-to-date: /home/utc_sim/ros2_dvrk/install/cisst/include/cisstCommon/cmnConfigXML.h
[0.881s] -- Up-to-date: /home/utc_sim/ros2_dvrk/install/cisst/lib/libcisstCommonXML.so.1.4.0
[0.881s] -- Up-to-date: /home/utc_sim/ros2_dvrk/install/cisst/lib/libcisstCommonXML.so
[0.881s] -- Up-to-date: /home/utc_sim/ros2_dvrk/install/cisst/share/cisst-1.4/cmake/cisstCommonXMLInternal.cmake
[0.881s] -- Up-to-date: /home/utc_sim/ros2_dvrk/install/cisst/include/cisstCommon/cmnExportXML.h
[0.881s] -- Up-to-date: /home/utc_sim/ros2_dvrk/install/cisst/include/cisstCommon/cmnXMLPath.h
[0.881s] -- Up-to-date: /home/utc_sim/ros2_dvrk/install/cisst/include/cisstCommonXML.h
[0.882s] -- Up-to-date: /home/utc_sim/ros2_dvrk/install/cisst/share/cisst-1.4/cmake/cisstVectorExternal.cmake
[0.882s] -- Up-to-date: /home/utc_sim/ros2_dvrk/install/cisst/lib/libcisstVector.so.1.4.0
[0.882s] -- Up-to-date: /home/utc_sim/ros2_dvrk/install/cisst/lib/libcisstVector.so
[0.882s] -- Up-to-date: /home/utc_sim/ros2_dvrk/install/cisst/share/cisst-1.4/cmake/cisstVectorInternal.cmake
[0.882s] -- Up-to-date: /home/utc_sim/ros2_dvrk/install/cisst/include/cisstVector/vctAngleRotation2.h
[0.882s] -- Up-to-date: /home/utc_sim/ros2_dvrk/install/cisst/include/cisstVector/vctAxisAngleRotation3.h
[0.882s] -- Up-to-date: /home/utc_sim/ros2_dvrk/install/cisst/include/cisstVector/vctBarycentricVector.h
[0.882s] -- Up-to-date: /home/utc_sim/ros2_dvrk/install/cisst/include/cisstVector/vctBinaryOperations.h
[0.883s] -- Up-to-date: /home/utc_sim/ros2_dvrk/install/cisst/include/cisstVector/vctBoundingBox3.h
[0.883s] -- Up-to-date: /home/utc_sim/ros2_dvrk/install/cisst/include/cisstVector/vctContainerTraits.h
[0.883s] -- Up-to-date: /home/utc_sim/ros2_dvrk/install/cisst/include/cisstVector/vctDataFunctionsDynamicMatrix.h
[0.883s] -- Up-to-date: /home/utc_sim/ros2_dvrk/install/cisst/include/cisstVector/vctDataFunctionsDynamicMatrixJSON.h
[0.883s] -- Up-to-date: /home/utc_sim/ros2_dvrk/install/cisst/include/cisstVector/vctDataFunctionsDynamicVector.h
[0.883s] -- Up-to-date: /home/utc_sim/ros2_dvrk/install/cisst/include/cisstVector/vctDataFunctionsDynamicVectorJSON.h
[0.883s] -- Up-to-date: /home/utc_sim/ros2_dvrk/install/cisst/include/cisstVector/vctDataFunctionsFixedSizeMatrix.h
[0.883s] -- Up-to-date: /home/utc_sim/ros2_dvrk/install/cisst/include/cisstVector/vctDataFunctionsFixedSizeMatrixJSON.h
[0.884s] -- Up-to-date: /home/utc_sim/ros2_dvrk/install/cisst/include/cisstVector/vctDataFunctionsFixedSizeVector.h
[0.884s] -- Up-to-date: /home/utc_sim/ros2_dvrk/install/cisst/include/cisstVector/vctDataFunctionsFixedSizeVectorJSON.h
[0.884s] -- Up-to-date: /home/utc_sim/ros2_dvrk/install/cisst/include/cisstVector/vctDataFunctionsTransformations.h
[0.884s] -- Up-to-date: /home/utc_sim/ros2_dvrk/install/cisst/include/cisstVector/vctDataFunctionsTransformationsJSON.h
[0.884s] -- Up-to-date: /home/utc_sim/ros2_dvrk/install/cisst/include/cisstVector/vctDeterminant.h
[0.884s] -- Up-to-date: /home/utc_sim/ros2_dvrk/install/cisst/include/cisstVector/vctDynamicCompactLoopEngines.h
[0.884s] -- Up-to-date: /home/utc_sim/ros2_dvrk/install/cisst/include/cisstVector/vctDynamicConstMatrixBase.h
[0.884s] -- Up-to-date: /home/utc_sim/ros2_dvrk/install/cisst/include/cisstVector/vctDynamicConstMatrixRef.h
[0.884s] -- Up-to-date: /home/utc_sim/ros2_dvrk/install/cisst/include/cisstVector/vctDynamicConstNArrayBase.h
[0.884s] -- Up-to-date: /home/utc_sim/ros2_dvrk/install/cisst/include/cisstVector/vctDynamicConstNArrayRef.h
[0.884s] -- Up-to-date: /home/utc_sim/ros2_dvrk/install/cisst/include/cisstVector/vctDynamicConstVectorBase.h
[0.884s] -- Up-to-date: /home/utc_sim/ros2_dvrk/install/cisst/include/cisstVector/vctDynamicConstVectorRef.h
[0.884s] -- Up-to-date: /home/utc_sim/ros2_dvrk/install/cisst/include/cisstVector/vctDynamicMatrix.h
[0.885s] -- Up-to-date: /home/utc_sim/ros2_dvrk/install/cisst/include/cisstVector/vctDynamicMatrixBase.h
[0.885s] -- Up-to-date: /home/utc_sim/ros2_dvrk/install/cisst/include/cisstVector/vctDynamicMatrixLoopEngines.h
[0.885s] -- Up-to-date: /home/utc_sim/ros2_dvrk/install/cisst/include/cisstVector/vctDynamicMatrixOwner.h
[0.885s] -- Up-to-date: /home/utc_sim/ros2_dvrk/install/cisst/include/cisstVector/vctDynamicMatrixRef.h
[0.885s] -- Up-to-date: /home/utc_sim/ros2_dvrk/install/cisst/include/cisstVector/vctDynamicMatrixRefOwner.h
[0.885s] -- Up-to-date: /home/utc_sim/ros2_dvrk/install/cisst/include/cisstVector/vctDynamicMatrixTypes.h
[0.885s] -- Up-to-date: /home/utc_sim/ros2_dvrk/install/cisst/include/cisstVector/vctDynamicNArray.h
[0.885s] -- Up-to-date: /home/utc_sim/ros2_dvrk/install/cisst/include/cisstVector/vctDynamicNArrayBase.h
[0.885s] -- Up-to-date: /home/utc_sim/ros2_dvrk/install/cisst/include/cisstVector/vctDynamicNArrayLoopEngines.h
[0.885s] -- Up-to-date: /home/utc_sim/ros2_dvrk/install/cisst/include/cisstVector/vctDynamicNArrayOwner.h
[0.885s] -- Up-to-date: /home/utc_sim/ros2_dvrk/install/cisst/include/cisstVector/vctDynamicNArrayRef.h
[0.885s] -- Up-to-date: /home/utc_sim/ros2_dvrk/install/cisst/include/cisstVector/vctDynamicNArrayRefOwner.h
[0.885s] -- Up-to-date: /home/utc_sim/ros2_dvrk/install/cisst/include/cisstVector/vctDynamicVector.h
[0.885s] -- Up-to-date: /home/utc_sim/ros2_dvrk/install/cisst/include/cisstVector/vctDynamicVectorBase.h
[0.885s] -- Up-to-date: /home/utc_sim/ros2_dvrk/install/cisst/include/cisstVector/vctDynamicVectorLoopEngines.h
[0.885s] -- Up-to-date: /home/utc_sim/ros2_dvrk/install/cisst/include/cisstVector/vctDynamicVectorOwner.h
[0.885s] -- Up-to-date: /home/utc_sim/ros2_dvrk/install/cisst/include/cisstVector/vctDynamicVectorRef.h
[0.885s] -- Up-to-date: /home/utc_sim/ros2_dvrk/install/cisst/include/cisstVector/vctDynamicVectorRefOwner.h
[0.885s] -- Up-to-date: /home/utc_sim/ros2_dvrk/install/cisst/include/cisstVector/vctDynamicVectorTypes.h
[0.885s] -- Up-to-date: /home/utc_sim/ros2_dvrk/install/cisst/include/cisstVector/vctEulerRotation3.h
[0.885s] -- Up-to-date: /home/utc_sim/ros2_dvrk/install/cisst/include/cisstVector/vctExport.h
[0.885s] -- Up-to-date: /home/utc_sim/ros2_dvrk/install/cisst/include/cisstVector/vctFastCopy.h
[0.885s] -- Up-to-date: /home/utc_sim/ros2_dvrk/install/cisst/include/cisstVector/vctFixedSizeConstMatrixBase.h
[0.885s] -- Up-to-date: /home/utc_sim/ros2_dvrk/install/cisst/include/cisstVector/vctFixedSizeConstMatrixRef.h
[0.885s] -- Up-to-date: /home/utc_sim/ros2_dvrk/install/cisst/include/cisstVector/vctFixedSizeConstVectorBase.h
[0.886s] -- Up-to-date: /home/utc_sim/ros2_dvrk/install/cisst/include/cisstVector/vctFixedSizeConstVectorRef.h
[0.886s] -- Up-to-date: /home/utc_sim/ros2_dvrk/install/cisst/include/cisstVector/vctFixedSizeMatrix.h
[0.886s] -- Up-to-date: /home/utc_sim/ros2_dvrk/install/cisst/include/cisstVector/vctFixedSizeMatrixBase.h
[0.886s] -- Up-to-date: /home/utc_sim/ros2_dvrk/install/cisst/include/cisstVector/vctFixedSizeMatrixLoopEngines.h
[0.886s] -- Up-to-date: /home/utc_sim/ros2_dvrk/install/cisst/include/cisstVector/vctFixedSizeMatrixRef.h
[0.886s] -- Up-to-date: /home/utc_sim/ros2_dvrk/install/cisst/include/cisstVector/vctFixedSizeMatrixTraits.h
[0.886s] -- Up-to-date: /home/utc_sim/ros2_dvrk/install/cisst/include/cisstVector/vctFixedSizeMatrixTypes.h
[0.886s] -- Up-to-date: /home/utc_sim/ros2_dvrk/install/cisst/include/cisstVector/vctFixedSizeVector.h
[0.886s] -- Up-to-date: /home/utc_sim/ros2_dvrk/install/cisst/include/cisstVector/vctFixedSizeVectorBase.h
[0.886s] -- Up-to-date: /home/utc_sim/ros2_dvrk/install/cisst/include/cisstVector/vctFixedSizeVectorRecursiveEngines.h
[0.886s] -- Up-to-date: /home/utc_sim/ros2_dvrk/install/cisst/include/cisstVector/vctFixedSizeVectorRef.h
[0.886s] -- Up-to-date: /home/utc_sim/ros2_dvrk/install/cisst/include/cisstVector/vctFixedSizeVectorTraits.h
[0.886s] -- Up-to-date: /home/utc_sim/ros2_dvrk/install/cisst/include/cisstVector/vctFixedSizeVectorTypes.h
[0.886s] -- Up-to-date: /home/utc_sim/ros2_dvrk/install/cisst/include/cisstVector/vctFixedStrideMatrixIterator.h
[0.886s] -- Up-to-date: /home/utc_sim/ros2_dvrk/install/cisst/include/cisstVector/vctFixedStrideVectorIterator.h
[0.886s] -- Up-to-date: /home/utc_sim/ros2_dvrk/install/cisst/include/cisstVector/vctForwardDeclarations.h
[0.887s] -- Up-to-date: /home/utc_sim/ros2_dvrk/install/cisst/include/cisstVector/vctFrame4x4.h
[0.887s] -- Up-to-date: /home/utc_sim/ros2_dvrk/install/cisst/include/cisstVector/vctFrame4x4Base.h
[0.887s] -- Up-to-date: /home/utc_sim/ros2_dvrk/install/cisst/include/cisstVector/vctFrame4x4ConstBase.h
[0.887s] -- Up-to-date: /home/utc_sim/ros2_dvrk/install/cisst/include/cisstVector/vctFrameBase.h
[0.887s] -- Up-to-date: /home/utc_sim/ros2_dvrk/install/cisst/include/cisstVector/vctMatrixRotation2.h
[0.887s] -- Up-to-date: /home/utc_sim/ros2_dvrk/install/cisst/include/cisstVector/vctMatrixRotation2Base.h
[0.887s] -- Up-to-date: /home/utc_sim/ros2_dvrk/install/cisst/include/cisstVector/vctMatrixRotation3.h
[0.887s] -- Up-to-date: /home/utc_sim/ros2_dvrk/install/cisst/include/cisstVector/vctMatrixRotation3Base.h
[0.887s] -- Up-to-date: /home/utc_sim/ros2_dvrk/install/cisst/include/cisstVector/vctMatrixRotation3ConstBase.h
[0.887s] -- Up-to-date: /home/utc_sim/ros2_dvrk/install/cisst/include/cisstVector/vctMatrixRotation3ConstRef.h
[0.887s] -- Up-to-date: /home/utc_sim/ros2_dvrk/install/cisst/include/cisstVector/vctMatrixRotation3Ref.h
[0.887s] -- Up-to-date: /home/utc_sim/ros2_dvrk/install/cisst/include/cisstVector/vctPlot2DBase.h
[0.887s] -- Up-to-date: /home/utc_sim/ros2_dvrk/install/cisst/include/cisstVector/vctPlot2DOpenGL.h
[0.887s] -- Up-to-date: /home/utc_sim/ros2_dvrk/install/cisst/include/cisstVector/vctPrintf.h
[0.887s] -- Up-to-date: /home/utc_sim/ros2_dvrk/install/cisst/include/cisstVector/vctQuaternion.h
[0.887s] -- Up-to-date: /home/utc_sim/ros2_dvrk/install/cisst/include/cisstVector/vctQuaternionBase.h
[0.888s] -- Up-to-date: /home/utc_sim/ros2_dvrk/install/cisst/include/cisstVector/vctQuaternionRotation3.h
[0.888s] -- Up-to-date: /home/utc_sim/ros2_dvrk/install/cisst/include/cisstVector/vctQuaternionRotation3Base.h
[0.888s] -- Up-to-date: /home/utc_sim/ros2_dvrk/install/cisst/include/cisstVector/vctRandom.h
[0.888s] -- Up-to-date: /home/utc_sim/ros2_dvrk/install/cisst/include/cisstVector/vctRandomDynamicMatrix.h
[0.888s] -- Up-to-date: /home/utc_sim/ros2_dvrk/install/cisst/include/cisstVector/vctRandomDynamicNArray.h
[0.888s] -- Up-to-date: /home/utc_sim/ros2_dvrk/install/cisst/include/cisstVector/vctRandomDynamicVector.h
[0.888s] -- Up-to-date: /home/utc_sim/ros2_dvrk/install/cisst/include/cisstVector/vctRandomFixedSizeMatrix.h
[0.888s] -- Up-to-date: /home/utc_sim/ros2_dvrk/install/cisst/include/cisstVector/vctRandomFixedSizeVector.h
[0.888s] -- Up-to-date: /home/utc_sim/ros2_dvrk/install/cisst/include/cisstVector/vctRandomTransformations.h
[0.888s] -- Up-to-date: /home/utc_sim/ros2_dvrk/install/cisst/include/cisstVector/vctRodriguezRotation3.h
[0.888s] -- Up-to-date: /home/utc_sim/ros2_dvrk/install/cisst/include/cisstVector/vctRodriguezRotation3Base.h
[0.888s] -- Up-to-date: /home/utc_sim/ros2_dvrk/install/cisst/include/cisstVector/vctStoreBackBinaryOperations.h
[0.888s] -- Up-to-date: /home/utc_sim/ros2_dvrk/install/cisst/include/cisstVector/vctStoreBackUnaryOperations.h
[0.888s] -- Up-to-date: /home/utc_sim/ros2_dvrk/install/cisst/include/cisstVector/vctTransformationTypes.h
[0.889s] -- Up-to-date: /home/utc_sim/ros2_dvrk/install/cisst/include/cisstVector/vctTypes.h
[0.889s] -- Up-to-date: /home/utc_sim/ros2_dvrk/install/cisst/include/cisstVector/vctUnaryOperations.h
[0.889s] -- Up-to-date: /home/utc_sim/ros2_dvrk/install/cisst/include/cisstVector/vctVarStrideMatrixIterator.h
[0.889s] -- Up-to-date: /home/utc_sim/ros2_dvrk/install/cisst/include/cisstVector/vctVarStrideNArrayIterator.h
[0.889s] -- Up-to-date: /home/utc_sim/ros2_dvrk/install/cisst/include/cisstVector/vctVarStrideVectorIterator.h
[0.889s] -- Up-to-date: /home/utc_sim/ros2_dvrk/install/cisst/include/cisstVector.h
[0.889s] -- Up-to-date: /home/utc_sim/ros2_dvrk/install/cisst/include/cisstVector/cisstVector.i
[0.889s] -- Up-to-date: /home/utc_sim/ros2_dvrk/install/cisst/lib/_cisstVectorPython.so
[0.889s] -- Up-to-date: /home/utc_sim/ros2_dvrk/install/cisst/lib/cisstVectorPython.py
[0.889s] -- Up-to-date: /home/utc_sim/ros2_dvrk/install/cisst/include/cisstVector/vctPython.h
[0.889s] -- Up-to-date: /home/utc_sim/ros2_dvrk/install/cisst/share/cisst-1.4/cmake/cisstOSAbstractionrt.cmake
[0.889s] -- Up-to-date: /home/utc_sim/ros2_dvrk/install/cisst/share/cisst-1.4/cmake/cisstOSAbstractionExternal.cmake
[0.889s] -- Up-to-date: /home/utc_sim/ros2_dvrk/install/cisst/include/cisstOSAbstraction/osaConfig.h
[0.889s] -- Up-to-date: /home/utc_sim/ros2_dvrk/install/cisst/lib/libcisstOSAbstraction.so.1.4.0
[0.889s] -- Up-to-date: /home/utc_sim/ros2_dvrk/install/cisst/lib/libcisstOSAbstraction.so
[0.889s] -- Up-to-date: /home/utc_sim/ros2_dvrk/install/cisst/share/cisst-1.4/cmake/cisstOSAbstractionInternal.cmake
[0.889s] -- Up-to-date: /home/utc_sim/ros2_dvrk/install/cisst/include/cisstOSAbstraction/osaCPUAffinity.h
[0.889s] -- Up-to-date: /home/utc_sim/ros2_dvrk/install/cisst/include/cisstOSAbstraction/osaCriticalSection.h
[0.889s] -- Up-to-date: /home/utc_sim/ros2_dvrk/install/cisst/include/cisstOSAbstraction/osaDynamicLoader.h
[0.889s] -- Up-to-date: /home/utc_sim/ros2_dvrk/install/cisst/include/cisstOSAbstraction/osaDynamicLoaderAndFactory.h
[0.889s] -- Up-to-date: /home/utc_sim/ros2_dvrk/install/cisst/include/cisstOSAbstraction/osaExport.h
[0.889s] -- Up-to-date: /home/utc_sim/ros2_dvrk/install/cisst/include/cisstOSAbstraction/osaForwardDeclarations.h
[0.889s] -- Up-to-date: /home/utc_sim/ros2_dvrk/install/cisst/include/cisstOSAbstraction/osaGetTime.h
[0.889s] -- Up-to-date: /home/utc_sim/ros2_dvrk/install/cisst/include/cisstOSAbstraction/osaMutex.h
[0.889s] -- Up-to-date: /home/utc_sim/ros2_dvrk/install/cisst/include/cisstOSAbstraction/osaPipeExec.h
[0.890s] -- Up-to-date: /home/utc_sim/ros2_dvrk/install/cisst/include/cisstOSAbstraction/osaSerialPort.h
[0.890s] -- Up-to-date: /home/utc_sim/ros2_dvrk/install/cisst/include/cisstOSAbstraction/osaSleep.h
[0.890s] -- Up-to-date: /home/utc_sim/ros2_dvrk/install/cisst/include/cisstOSAbstraction/osaSocket.h
[0.890s] -- Up-to-date: /home/utc_sim/ros2_dvrk/install/cisst/include/cisstOSAbstraction/osaSocketServer.h
[0.891s] -- Up-to-date: /home/utc_sim/ros2_dvrk/install/cisst/include/cisstOSAbstraction/osaStopwatch.h
[0.891s] -- Up-to-date: /home/utc_sim/ros2_dvrk/install/cisst/include/cisstOSAbstraction/osaThread.h
[0.891s] -- Up-to-date: /home/utc_sim/ros2_dvrk/install/cisst/include/cisstOSAbstraction/osaThreadAdapter.h
[0.891s] -- Up-to-date: /home/utc_sim/ros2_dvrk/install/cisst/include/cisstOSAbstraction/osaThreadBuddy.h
[0.891s] -- Up-to-date: /home/utc_sim/ros2_dvrk/install/cisst/include/cisstOSAbstraction/osaThreadSignal.h
[0.891s] -- Up-to-date: /home/utc_sim/ros2_dvrk/install/cisst/include/cisstOSAbstraction/osaThreadedLogFile.h
[0.891s] -- Up-to-date: /home/utc_sim/ros2_dvrk/install/cisst/include/cisstOSAbstraction/osaTimeServer.h
[0.892s] -- Up-to-date: /home/utc_sim/ros2_dvrk/install/cisst/include/cisstOSAbstraction/osaTripleBuffer.h
[0.892s] -- Up-to-date: /home/utc_sim/ros2_dvrk/install/cisst/include/cisstOSAbstraction.h
[0.892s] -- Up-to-date: /home/utc_sim/ros2_dvrk/install/cisst/include/cisstOSAbstraction/cisstOSAbstraction.i
[0.892s] -- Up-to-date: /home/utc_sim/ros2_dvrk/install/cisst/lib/_cisstOSAbstractionPython.so
[0.893s] -- Up-to-date: /home/utc_sim/ros2_dvrk/install/cisst/lib/cisstOSAbstractionPython.py
[0.893s] -- Up-to-date: /home/utc_sim/ros2_dvrk/install/cisst/include/cisstOSAbstraction/osaPython.h
[0.893s] -- Up-to-date: /home/utc_sim/ros2_dvrk/install/cisst/share/cisst-1.4/cmake/cisstNumericalcisstNetlib.cmake
[0.894s] -- Up-to-date: /home/utc_sim/ros2_dvrk/install/cisst/share/cisst-1.4/cmake/cisstNumericalExternal.cmake
[0.894s] -- Up-to-date: /home/utc_sim/ros2_dvrk/install/cisst/share/cisst-1.4/cmake/cisstNumericalcisstNetlib.cmake
[0.894s] -- Up-to-date: /home/utc_sim/ros2_dvrk/install/cisst/share/cisst-1.4/cmake/cisstNumericalExternal.cmake
[0.894s] -- Up-to-date: /home/utc_sim/ros2_dvrk/install/cisst/include/cisstNumerical/nmrConfig.h
[0.894s] -- Up-to-date: /home/utc_sim/ros2_dvrk/install/cisst/lib/libcisstNumerical.so.1.4.0
[0.894s] -- Up-to-date: /home/utc_sim/ros2_dvrk/install/cisst/lib/libcisstNumerical.so
[0.894s] -- Up-to-date: /home/utc_sim/ros2_dvrk/install/cisst/share/cisst-1.4/cmake/cisstNumericalInternal.cmake
[0.894s] -- Up-to-date: /home/utc_sim/ros2_dvrk/install/cisst/share/cisst-1.4/cmake/cisstNumericalInternal.cmake
[0.894s] -- Up-to-date: /home/utc_sim/ros2_dvrk/install/cisst/include/cisstNumerical/nmrCallBack.h
[0.894s] -- Up-to-date: /home/utc_sim/ros2_dvrk/install/cisst/include/cisstNumerical/nmrConstraintOptimizer.h
[0.894s] -- Up-to-date: /home/utc_sim/ros2_dvrk/install/cisst/include/cisstNumerical/nmrExport.h
[0.894s] -- Up-to-date: /home/utc_sim/ros2_dvrk/install/cisst/include/cisstNumerical/nmrGaussJordanInverse.h
[0.894s] -- Up-to-date: /home/utc_sim/ros2_dvrk/install/cisst/include/cisstNumerical/nmrHFTISolver.h
[0.894s] -- Up-to-date: /home/utc_sim/ros2_dvrk/install/cisst/include/cisstNumerical/nmrInverse.h
[0.894s] -- Up-to-date: /home/utc_sim/ros2_dvrk/install/cisst/include/cisstNumerical/nmrInverseSPD.h
[0.894s] -- Up-to-date: /home/utc_sim/ros2_dvrk/install/cisst/include/cisstNumerical/nmrIsOrthonormal.h
[0.894s] -- Up-to-date: /home/utc_sim/ros2_dvrk/install/cisst/include/cisstNumerical/nmrLDPSolver.h
[0.894s] -- Up-to-date: /home/utc_sim/ros2_dvrk/install/cisst/include/cisstNumerical/nmrLSEISolver.h
[0.894s] -- Up-to-date: /home/utc_sim/ros2_dvrk/install/cisst/include/cisstNumerical/nmrLSMinNorm.h
[0.894s] -- Up-to-date: /home/utc_sim/ros2_dvrk/install/cisst/include/cisstNumerical/nmrLSSolver.h
[0.894s] -- Up-to-date: /home/utc_sim/ros2_dvrk/install/cisst/include/cisstNumerical/nmrLSqLin.h
[0.894s] -- Up-to-date: /home/utc_sim/ros2_dvrk/install/cisst/include/cisstNumerical/nmrLU.h
[0.894s] -- Up-to-date: /home/utc_sim/ros2_dvrk/install/cisst/include/cisstNumerical/nmrLinearRegression.h
[0.895s] -- Up-to-date: /home/utc_sim/ros2_dvrk/install/cisst/include/cisstNumerical/nmrNNLSSolver.h
[0.895s] -- Up-to-date: /home/utc_sim/ros2_dvrk/install/cisst/include/cisstNumerical/nmrNetlib.h
[0.895s] -- Up-to-date: /home/utc_sim/ros2_dvrk/install/cisst/include/cisstNumerical/nmrPInverse.h
[0.895s] -- Up-to-date: /home/utc_sim/ros2_dvrk/install/cisst/include/cisstNumerical/nmrPInverseEconomy.h
[0.895s] -- Up-to-date: /home/utc_sim/ros2_dvrk/install/cisst/include/cisstNumerical/nmrRegistrationRigid.h
[0.895s] -- Up-to-date: /home/utc_sim/ros2_dvrk/install/cisst/include/cisstNumerical/nmrSVD.h
[0.895s] -- Up-to-date: /home/utc_sim/ros2_dvrk/install/cisst/include/cisstNumerical/nmrSVDEconomy.h
[0.895s] -- Up-to-date: /home/utc_sim/ros2_dvrk/install/cisst/include/cisstNumerical/nmrSVDRSSolver.h
[0.895s] -- Up-to-date: /home/utc_sim/ros2_dvrk/install/cisst/include/cisstNumerical/nmrSavitzkyGolay.h
[0.895s] -- Up-to-date: /home/utc_sim/ros2_dvrk/install/cisst/include/cisstNumerical/nmrSymmetricEigenProblem.h
[0.895s] -- Up-to-date: /home/utc_sim/ros2_dvrk/install/cisst/include/cisstNumerical.h
[0.895s] -- Up-to-date: /home/utc_sim/ros2_dvrk/install/cisst/share/cisst-1.4/cmake/cisstNumericalBuild.cmake
[0.895s] -- Up-to-date: /home/utc_sim/ros2_dvrk/install/cisst/include/cisstNumerical/cisstNumerical.i
[0.895s] -- Up-to-date: /home/utc_sim/ros2_dvrk/install/cisst/lib/_cisstNumericalPython.so
[0.895s] -- Up-to-date: /home/utc_sim/ros2_dvrk/install/cisst/lib/cisstNumericalPython.py
[0.895s] -- Up-to-date: /home/utc_sim/ros2_dvrk/install/cisst/include/cisstNumerical/nmrPython.h
[0.895s] -- Up-to-date: /home/utc_sim/ros2_dvrk/install/cisst/include/cisstMultiTask/mtsConfig.h
[0.895s] -- Up-to-date: /home/utc_sim/ros2_dvrk/install/cisst/lib/libcisstMultiTask.so.1.4.0
[0.896s] -- Up-to-date: /home/utc_sim/ros2_dvrk/install/cisst/lib/libcisstMultiTask.so
[0.896s] -- Up-to-date: /home/utc_sim/ros2_dvrk/install/cisst/share/cisst-1.4/cmake/cisstMultiTaskInternal.cmake
[0.896s] -- Up-to-date: /home/utc_sim/ros2_dvrk/install/cisst/share/cisst-1.4/cmake/cisstMultiTaskInternal.cmake
[0.896s] -- Up-to-date: /home/utc_sim/ros2_dvrk/install/cisst/share/cisst-1.4/cmake/cisstMultiTaskInternal.cmake
[0.897s] -- Up-to-date: /home/utc_sim/ros2_dvrk/install/cisst/include/cisstMultiTask/mtsCallableQualifiedReadBase.h
[0.897s] -- Up-to-date: /home/utc_sim/ros2_dvrk/install/cisst/include/cisstMultiTask/mtsCallableQualifiedReadMethod.h
[0.897s] -- Up-to-date: /home/utc_sim/ros2_dvrk/install/cisst/include/cisstMultiTask/mtsCallableQualifiedReadReturnVoidMethod.h
[0.897s] -- Up-to-date: /home/utc_sim/ros2_dvrk/install/cisst/include/cisstMultiTask/mtsCallableReadBase.h
[0.897s] -- Up-to-date: /home/utc_sim/ros2_dvrk/install/cisst/include/cisstMultiTask/mtsCallableReadMethod.h
[0.897s] -- Up-to-date: /home/utc_sim/ros2_dvrk/install/cisst/include/cisstMultiTask/mtsCallableReadReturnVoidMethod.h
[0.897s] -- Up-to-date: /home/utc_sim/ros2_dvrk/install/cisst/include/cisstMultiTask/mtsCallableVoidBase.h
[0.897s] -- Up-to-date: /home/utc_sim/ros2_dvrk/install/cisst/include/cisstMultiTask/mtsCallableVoidFunction.h
[0.897s] -- Up-to-date: /home/utc_sim/ros2_dvrk/install/cisst/include/cisstMultiTask/mtsCallableVoidMethod.h
[0.897s] -- Up-to-date: /home/utc_sim/ros2_dvrk/install/cisst/include/cisstMultiTask/mtsCallableVoidReturnBase.h
[0.897s] -- Up-to-date: /home/utc_sim/ros2_dvrk/install/cisst/include/cisstMultiTask/mtsCallableVoidReturnMethod.h
[0.897s] -- Up-to-date: /home/utc_sim/ros2_dvrk/install/cisst/include/cisstMultiTask/mtsCallableWriteReturnBase.h
[0.897s] -- Up-to-date: /home/utc_sim/ros2_dvrk/install/cisst/include/cisstMultiTask/mtsCallableWriteReturnMethod.h
[0.897s] -- Up-to-date: /home/utc_sim/ros2_dvrk/install/cisst/include/cisstMultiTask/mtsCollectorBase.h
[0.897s] -- Up-to-date: /home/utc_sim/ros2_dvrk/install/cisst/include/cisstMultiTask/mtsCollectorEvent.h
[0.897s] -- Up-to-date: /home/utc_sim/ros2_dvrk/install/cisst/include/cisstMultiTask/mtsCollectorFactory.h
[0.897s] -- Up-to-date: /home/utc_sim/ros2_dvrk/install/cisst/include/cisstMultiTask/mtsCollectorState.h
[0.897s] -- Up-to-date: /home/utc_sim/ros2_dvrk/install/cisst/include/cisstMultiTask/mtsCommandBase.h
[0.897s] -- Up-to-date: /home/utc_sim/ros2_dvrk/install/cisst/include/cisstMultiTask/mtsCommandFilteredQueuedWrite.h
[0.898s] -- Up-to-date: /home/utc_sim/ros2_dvrk/install/cisst/include/cisstMultiTask/mtsCommandFilteredWrite.h
[0.898s] -- Up-to-date: /home/utc_sim/ros2_dvrk/install/cisst/include/cisstMultiTask/mtsCommandQualifiedRead.h
[0.898s] -- Up-to-date: /home/utc_sim/ros2_dvrk/install/cisst/include/cisstMultiTask/mtsCommandQueuedVoid.h
[0.898s] -- Up-to-date: /home/utc_sim/ros2_dvrk/install/cisst/include/cisstMultiTask/mtsCommandQueuedVoidReturn.h
[0.898s] -- Up-to-date: /home/utc_sim/ros2_dvrk/install/cisst/include/cisstMultiTask/mtsCommandQueuedWrite.h
[0.898s] -- Up-to-date: /home/utc_sim/ros2_dvrk/install/cisst/include/cisstMultiTask/mtsCommandQueuedWriteBase.h
[0.898s] -- Up-to-date: /home/utc_sim/ros2_dvrk/install/cisst/include/cisstMultiTask/mtsCommandQueuedWriteReturn.h
[0.898s] -- Up-to-date: /home/utc_sim/ros2_dvrk/install/cisst/include/cisstMultiTask/mtsCommandRead.h
[0.898s] -- Up-to-date: /home/utc_sim/ros2_dvrk/install/cisst/include/cisstMultiTask/mtsCommandVoid.h
[0.898s] -- Up-to-date: /home/utc_sim/ros2_dvrk/install/cisst/include/cisstMultiTask/mtsCommandVoidReturn.h
[0.898s] -- Up-to-date: /home/utc_sim/ros2_dvrk/install/cisst/include/cisstMultiTask/mtsCommandWrite.h
[0.898s] -- Up-to-date: /home/utc_sim/ros2_dvrk/install/cisst/include/cisstMultiTask/mtsCommandWriteBase.h
[0.898s] -- Up-to-date: /home/utc_sim/ros2_dvrk/install/cisst/include/cisstMultiTask/mtsCommandWriteReturn.h
[0.899s] -- Up-to-date: /home/utc_sim/ros2_dvrk/install/cisst/include/cisstMultiTask/mtsComponent.h
[0.899s] -- Up-to-date: /home/utc_sim/ros2_dvrk/install/cisst/include/cisstMultiTask/mtsComponentAddLatency.h
[0.899s] -- Up-to-date: /home/utc_sim/ros2_dvrk/install/cisst/include/cisstMultiTask/mtsComponentGeneratorMacros.h
[0.899s] -- Up-to-date: /home/utc_sim/ros2_dvrk/install/cisst/include/cisstMultiTask/mtsComponentViewer.h
[0.899s] -- Up-to-date: /home/utc_sim/ros2_dvrk/install/cisst/include/cisstMultiTask/mtsConnection.h
[0.899s] -- Up-to-date: /home/utc_sim/ros2_dvrk/install/cisst/include/cisstMultiTask/mtsDelayedConnections.h
[0.899s] -- Up-to-date: /home/utc_sim/ros2_dvrk/install/cisst/include/cisstMultiTask/mtsEventReceiver.h
[0.899s] -- Up-to-date: /home/utc_sim/ros2_dvrk/install/cisst/include/cisstMultiTask/mtsExport.h
[0.899s] -- Up-to-date: /home/utc_sim/ros2_dvrk/install/cisst/include/cisstMultiTask/mtsFixedSizeVector.h
[0.899s] -- Up-to-date: /home/utc_sim/ros2_dvrk/install/cisst/include/cisstMultiTask/mtsFixedSizeVectorTypes.h
[0.899s] -- Up-to-date: /home/utc_sim/ros2_dvrk/install/cisst/include/cisstMultiTask/mtsForwardDeclarations.h
[0.899s] -- Up-to-date: /home/utc_sim/ros2_dvrk/install/cisst/include/cisstMultiTask/mtsFunctionBase.h
[0.899s] -- Up-to-date: /home/utc_sim/ros2_dvrk/install/cisst/include/cisstMultiTask/mtsFunctionQualifiedRead.h
[0.899s] -- Up-to-date: /home/utc_sim/ros2_dvrk/install/cisst/include/cisstMultiTask/mtsFunctionRead.h
[0.899s] -- Up-to-date: /home/utc_sim/ros2_dvrk/install/cisst/include/cisstMultiTask/mtsFunctionVoid.h
[0.899s] -- Up-to-date: /home/utc_sim/ros2_dvrk/install/cisst/include/cisstMultiTask/mtsFunctionVoidReturn.h
[0.899s] -- Up-to-date: /home/utc_sim/ros2_dvrk/install/cisst/include/cisstMultiTask/mtsFunctionWrite.h
[0.899s] -- Up-to-date: /home/utc_sim/ros2_dvrk/install/cisst/include/cisstMultiTask/mtsFunctionWriteReturn.h
[0.899s] -- Up-to-date: /home/utc_sim/ros2_dvrk/install/cisst/include/cisstMultiTask/mtsGenericObject.h
[0.899s] -- Up-to-date: /home/utc_sim/ros2_dvrk/install/cisst/include/cisstMultiTask/mtsGenericObjectProxy.h
[0.899s] -- Up-to-date: /home/utc_sim/ros2_dvrk/install/cisst/include/cisstMultiTask/mtsInterface.h
[0.899s] -- Up-to-date: /home/utc_sim/ros2_dvrk/install/cisst/include/cisstMultiTask/mtsInterfaceInput.h
[0.899s] -- Up-to-date: /home/utc_sim/ros2_dvrk/install/cisst/include/cisstMultiTask/mtsInterfaceOutput.h
[0.899s] -- Up-to-date: /home/utc_sim/ros2_dvrk/install/cisst/include/cisstMultiTask/mtsInterfaceProvided.h
[0.899s] -- Up-to-date: /home/utc_sim/ros2_dvrk/install/cisst/include/cisstMultiTask/mtsInterfaceRequired.h
[0.899s] -- Up-to-date: /home/utc_sim/ros2_dvrk/install/cisst/include/cisstMultiTask/mtsIntervalStatistics.h
[0.899s] -- Up-to-date: /home/utc_sim/ros2_dvrk/install/cisst/include/cisstMultiTask/mtsLODMultiplexerStreambuf.h
[0.899s] -- Up-to-date: /home/utc_sim/ros2_dvrk/install/cisst/include/cisstMultiTask/mtsMacros.h
[0.900s] -- Up-to-date: /home/utc_sim/ros2_dvrk/install/cisst/include/cisstMultiTask/mtsMailBox.h
[0.900s] -- Up-to-date: /home/utc_sim/ros2_dvrk/install/cisst/include/cisstMultiTask/mtsManagerComponentBase.h
[0.900s] -- Up-to-date: /home/utc_sim/ros2_dvrk/install/cisst/include/cisstMultiTask/mtsManagerComponentClient.h
[0.900s] -- Up-to-date: /home/utc_sim/ros2_dvrk/install/cisst/include/cisstMultiTask/mtsManagerComponentServer.h
[0.900s] -- Up-to-date: /home/utc_sim/ros2_dvrk/install/cisst/include/cisstMultiTask/mtsManagerComponentServices.h
[0.900s] -- Up-to-date: /home/utc_sim/ros2_dvrk/install/cisst/include/cisstMultiTask/mtsManagerGlobal.h
[0.900s] -- Up-to-date: /home/utc_sim/ros2_dvrk/install/cisst/include/cisstMultiTask/mtsManagerGlobalInterface.h
[0.900s] -- Up-to-date: /home/utc_sim/ros2_dvrk/install/cisst/include/cisstMultiTask/mtsManagerLocal.h
[0.900s] -- Up-to-date: /home/utc_sim/ros2_dvrk/install/cisst/include/cisstMultiTask/mtsManagerLocalInterface.h
[0.900s] -- Up-to-date: /home/utc_sim/ros2_dvrk/install/cisst/include/cisstMultiTask/mtsMatrix.h
[0.900s] -- Up-to-date: /home/utc_sim/ros2_dvrk/install/cisst/include/cisstMultiTask/mtsMulticastCommandVoid.h
[0.900s] -- Up-to-date: /home/utc_sim/ros2_dvrk/install/cisst/include/cisstMultiTask/mtsMulticastCommandWrite.h
[0.900s] -- Up-to-date: /home/utc_sim/ros2_dvrk/install/cisst/include/cisstMultiTask/mtsMulticastCommandWriteBase.h
[0.900s] -- Up-to-date: /home/utc_sim/ros2_dvrk/install/cisst/include/cisstMultiTask/mtsParameterTypesOld.h
[0.900s] -- Up-to-date: /home/utc_sim/ros2_dvrk/install/cisst/include/cisstMultiTask/mtsQueue.h
[0.900s] -- Up-to-date: /home/utc_sim/ros2_dvrk/install/cisst/include/cisstMultiTask/mtsSocketProxyClient.h
[0.900s] -- Up-to-date: /home/utc_sim/ros2_dvrk/install/cisst/include/cisstMultiTask/mtsSocketProxyCommon.h
[0.901s] -- Up-to-date: /home/utc_sim/ros2_dvrk/install/cisst/include/cisstMultiTask/mtsSocketProxyServer.h
[0.901s] -- Up-to-date: /home/utc_sim/ros2_dvrk/install/cisst/include/cisstMultiTask/mtsStateArray.h
[0.901s] -- Up-to-date: /home/utc_sim/ros2_dvrk/install/cisst/include/cisstMultiTask/mtsStateArrayBase.h
[0.901s] -- Up-to-date: /home/utc_sim/ros2_dvrk/install/cisst/include/cisstMultiTask/mtsStateData.h
[0.901s] -- Up-to-date: /home/utc_sim/ros2_dvrk/install/cisst/include/cisstMultiTask/mtsStateIndex.h
[0.901s] -- Up-to-date: /home/utc_sim/ros2_dvrk/install/cisst/include/cisstMultiTask/mtsStateTable.h
[0.901s] -- Up-to-date: /home/utc_sim/ros2_dvrk/install/cisst/include/cisstMultiTask/mtsStateTableFilter.h
[0.902s] -- Up-to-date: /home/utc_sim/ros2_dvrk/install/cisst/include/cisstMultiTask/mtsTask.h
[0.902s] -- Up-to-date: /home/utc_sim/ros2_dvrk/install/cisst/include/cisstMultiTask/mtsTaskContinuous.h
[0.902s] -- Up-to-date: /home/utc_sim/ros2_dvrk/install/cisst/include/cisstMultiTask/mtsTaskFromCallback.h
[0.902s] -- Up-to-date: /home/utc_sim/ros2_dvrk/install/cisst/include/cisstMultiTask/mtsTaskFromSignal.h
[0.902s] -- Up-to-date: /home/utc_sim/ros2_dvrk/install/cisst/include/cisstMultiTask/mtsTaskManager.h
[0.902s] -- Up-to-date: /home/utc_sim/ros2_dvrk/install/cisst/include/cisstMultiTask/mtsTaskPeriodic.h
[0.902s] -- Up-to-date: /home/utc_sim/ros2_dvrk/install/cisst/include/cisstMultiTask/mtsTransformationTypes.h
[0.902s] -- Up-to-date: /home/utc_sim/ros2_dvrk/install/cisst/include/cisstMultiTask/mtsVector.h
[0.902s] -- Up-to-date: /home/utc_sim/ros2_dvrk/install/cisst/include/cisstMultiTask/mtsWatchdogClient.h
[0.902s] -- Up-to-date: /home/utc_sim/ros2_dvrk/install/cisst/include/cisstMultiTask/mtsWatchdogServer.h
[0.902s] -- Up-to-date: /home/utc_sim/ros2_dvrk/install/cisst/include/cisstMultiTask.h
[0.902s] -- Up-to-date: /home/utc_sim/ros2_dvrk/install/cisst/include/cisstMultiTask/mtsInterfaceCommon.h
[0.902s] -- Up-to-date: /home/utc_sim/ros2_dvrk/install/cisst/include/cisstMultiTask/mtsComponentState.h
[0.902s] -- Up-to-date: /home/utc_sim/ros2_dvrk/install/cisst/include/cisstMultiTask/mtsExecutionResult.h
[0.902s] -- Up-to-date: /home/utc_sim/ros2_dvrk/install/cisst/include/cisstMultiTask/mtsParameterTypes.h
[0.902s] -- Up-to-date: /home/utc_sim/ros2_dvrk/install/cisst/include/cisstMultiTask/cisstMultiTask.i
[0.902s] -- Up-to-date: /home/utc_sim/ros2_dvrk/install/cisst/lib/_cisstMultiTaskPython.so
[0.902s] -- Up-to-date: /home/utc_sim/ros2_dvrk/install/cisst/lib/cisstMultiTaskPython.py
[0.902s] -- Up-to-date: /home/utc_sim/ros2_dvrk/install/cisst/include/cisstMultiTask/mtsPython.h
[0.902s] -- Up-to-date: /home/utc_sim/ros2_dvrk/install/cisst/lib/libcisstParameterTypes.so.1.4.0
[0.903s] -- Up-to-date: /home/utc_sim/ros2_dvrk/install/cisst/lib/libcisstParameterTypes.so
[0.903s] -- Up-to-date: /home/utc_sim/ros2_dvrk/install/cisst/share/cisst-1.4/cmake/cisstParameterTypesInternal.cmake
[0.903s] -- Up-to-date: /home/utc_sim/ros2_dvrk/install/cisst/share/cisst-1.4/cmake/cisstParameterTypesInternal.cmake
[0.903s] -- Up-to-date: /home/utc_sim/ros2_dvrk/install/cisst/share/cisst-1.4/cmake/cisstParameterTypesInternal.cmake
[0.903s] -- Up-to-date: /home/utc_sim/ros2_dvrk/install/cisst/share/cisst-1.4/cmake/cisstParameterTypesInternal.cmake
[0.903s] -- Up-to-date: /home/utc_sim/ros2_dvrk/install/cisst/include/cisstParameterTypes/prmActuatorParameters.h
[0.903s] -- Up-to-date: /home/utc_sim/ros2_dvrk/install/cisst/include/cisstParameterTypes/prmActuatorState.h
[0.903s] -- Up-to-date: /home/utc_sim/ros2_dvrk/install/cisst/include/cisstParameterTypes/prmEventButton.h
[0.903s] -- Up-to-date: /home/utc_sim/ros2_dvrk/install/cisst/include/cisstParameterTypes/prmExport.h
[0.903s] -- Up-to-date: /home/utc_sim/ros2_dvrk/install/cisst/include/cisstParameterTypes/prmForceCartesianGet.h
[0.903s] -- Up-to-date: /home/utc_sim/ros2_dvrk/install/cisst/include/cisstParameterTypes/prmForceCartesianSet.h
[0.903s] -- Up-to-date: /home/utc_sim/ros2_dvrk/install/cisst/include/cisstParameterTypes/prmForwardDeclarations.h
[0.903s] -- Up-to-date: /home/utc_sim/ros2_dvrk/install/cisst/include/cisstParameterTypes/prmGainParameters.h
[0.903s] -- Up-to-date: /home/utc_sim/ros2_dvrk/install/cisst/include/cisstParameterTypes/prmInputDataConverter.h
[0.903s] -- Up-to-date: /home/utc_sim/ros2_dvrk/install/cisst/include/cisstParameterTypes/prmJointType.h
[0.904s] -- Up-to-date: /home/utc_sim/ros2_dvrk/install/cisst/include/cisstParameterTypes/prmMaskedVector.h
[0.904s] -- Up-to-date: /home/utc_sim/ros2_dvrk/install/cisst/include/cisstParameterTypes/prmMotionBase.h
[0.904s] -- Up-to-date: /home/utc_sim/ros2_dvrk/install/cisst/include/cisstParameterTypes/prmRobotState.h
[0.904s] -- Up-to-date: /home/utc_sim/ros2_dvrk/install/cisst/include/cisstParameterTypes/prmSetpointMode.h
[0.904s] -- Up-to-date: /home/utc_sim/ros2_dvrk/install/cisst/include/cisstParameterTypes/prmVelocityCartesianSet.h
[0.904s] -- Up-to-date: /home/utc_sim/ros2_dvrk/install/cisst/include/cisstParameterTypes/prmVelocityJointGet.h
[0.904s] -- Up-to-date: /home/utc_sim/ros2_dvrk/install/cisst/include/cisstParameterTypes/prmVelocityJointSet.h
[0.904s] -- Up-to-date: /home/utc_sim/ros2_dvrk/install/cisst/include/cisstParameterTypes.h
[0.904s] -- Up-to-date: /home/utc_sim/ros2_dvrk/install/cisst/include/cisstParameterTypes/prmActuatorJointCoupling.h
[0.904s] -- Up-to-date: /home/utc_sim/ros2_dvrk/install/cisst/include/cisstParameterTypes/prmPositionCartesianGet.h
[0.905s] -- Up-to-date: /home/utc_sim/ros2_dvrk/install/cisst/include/cisstParameterTypes/prmPositionCartesianArrayGet.h
[0.905s] -- Up-to-date: /home/utc_sim/ros2_dvrk/install/cisst/include/cisstParameterTypes/prmPositionCartesianSet.h
[0.905s] -- Up-to-date: /home/utc_sim/ros2_dvrk/install/cisst/include/cisstParameterTypes/prmVelocityCartesianGet.h
[0.905s] -- Up-to-date: /home/utc_sim/ros2_dvrk/install/cisst/include/cisstParameterTypes/prmPositionJointGet.h
[0.905s] -- Up-to-date: /home/utc_sim/ros2_dvrk/install/cisst/include/cisstParameterTypes/prmPositionJointSet.h
[0.905s] -- Up-to-date: /home/utc_sim/ros2_dvrk/install/cisst/include/cisstParameterTypes/prmForceTorqueJointSet.h
[0.905s] -- Up-to-date: /home/utc_sim/ros2_dvrk/install/cisst/include/cisstParameterTypes/prmCartesianImpedance.h
[0.905s] -- Up-to-date: /home/utc_sim/ros2_dvrk/install/cisst/include/cisstParameterTypes/prmIMUSensors.h
[0.905s] -- Up-to-date: /home/utc_sim/ros2_dvrk/install/cisst/include/cisstParameterTypes/prmStateJoint.h
[0.905s] -- Up-to-date: /home/utc_sim/ros2_dvrk/install/cisst/include/cisstParameterTypes/prmStateCartesian.h
[0.905s] -- Up-to-date: /home/utc_sim/ros2_dvrk/install/cisst/include/cisstParameterTypes/prmServoJoint.h
[0.905s] -- Up-to-date: /home/utc_sim/ros2_dvrk/install/cisst/include/cisstParameterTypes/prmServoCartesian.h
[0.905s] -- Up-to-date: /home/utc_sim/ros2_dvrk/install/cisst/include/cisstParameterTypes/prmConfigurationJoint.h
[0.905s] -- Up-to-date: /home/utc_sim/ros2_dvrk/install/cisst/include/cisstParameterTypes/prmInputData.h
[0.905s] -- Up-to-date: /home/utc_sim/ros2_dvrk/install/cisst/include/cisstParameterTypes/prmKeyValue.h
[0.905s] -- Up-to-date: /home/utc_sim/ros2_dvrk/install/cisst/include/cisstParameterTypes/prmOperatingState.h
[0.905s] -- Up-to-date: /home/utc_sim/ros2_dvrk/install/cisst/include/cisstParameterTypes/prmImageFrame.h
[0.905s] -- Up-to-date: /home/utc_sim/ros2_dvrk/install/cisst/include/cisstParameterTypes/prmCameraInfo.h
[0.906s] -- Up-to-date: /home/utc_sim/ros2_dvrk/install/cisst/include/cisstParameterTypes/prmDepthMap.h
[0.906s] -- Up-to-date: /home/utc_sim/ros2_dvrk/install/cisst/include/cisstParameterTypes/prmForwardKinematicsRequest.h
[0.906s] -- Up-to-date: /home/utc_sim/ros2_dvrk/install/cisst/include/cisstParameterTypes/prmForwardKinematicsResponse.h
[0.906s] -- Up-to-date: /home/utc_sim/ros2_dvrk/install/cisst/include/cisstParameterTypes/prmInverseKinematicsRequest.h
[0.906s] -- Up-to-date: /home/utc_sim/ros2_dvrk/install/cisst/include/cisstParameterTypes/prmInverseKinematicsResponse.h
[0.906s] -- Up-to-date: /home/utc_sim/ros2_dvrk/install/cisst/include/cisstParameterTypes/cisstParameterTypes.i
[0.906s] -- Up-to-date: /home/utc_sim/ros2_dvrk/install/cisst/lib/_cisstParameterTypesPython.so
[0.906s] -- Up-to-date: /home/utc_sim/ros2_dvrk/install/cisst/lib/cisstParameterTypesPython.py
[0.906s] -- Up-to-date: /home/utc_sim/ros2_dvrk/install/cisst/include/cisstParameterTypes/prmPython.h
[0.906s] -- Up-to-date: /home/utc_sim/ros2_dvrk/install/cisst/share/cisst-1.4/cmake/cisstRobotcisstReflexxesTypeII.cmake
[0.906s] -- Up-to-date: /home/utc_sim/ros2_dvrk/install/cisst/share/cisst-1.4/cmake/cisstRobotExternal.cmake
[0.906s] -- Up-to-date: /home/utc_sim/ros2_dvrk/install/cisst/share/cisst-1.4/cmake/cisstRobotcisstReflexxesTypeII.cmake
[0.906s] -- Up-to-date: /home/utc_sim/ros2_dvrk/install/cisst/share/cisst-1.4/cmake/cisstRobotExternal.cmake
[0.906s] -- Up-to-date: /home/utc_sim/ros2_dvrk/install/cisst/share/cisst-1.4/cmake/cisstRobotcisstReflexxesTypeII.cmake
[0.913s] -- Up-to-date: /home/utc_sim/ros2_dvrk/install/cisst/share/cisst-1.4/cmake/cisstRobotExternal.cmake
[0.913s] -- Up-to-date: /home/utc_sim/ros2_dvrk/install/cisst/lib/libReflexxesTypeII.so
[0.913s] -- Up-to-date: /home/utc_sim/ros2_dvrk/install/cisst/lib/libcisstRobot.so.1.4.0
[0.913s] -- Up-to-date: /home/utc_sim/ros2_dvrk/install/cisst/lib/libcisstRobot.so
[0.913s] -- Up-to-date: /home/utc_sim/ros2_dvrk/install/cisst/share/cisst-1.4/cmake/cisstRobotInternal.cmake
[0.913s] -- Up-to-date: /home/utc_sim/ros2_dvrk/install/cisst/share/cisst-1.4/cmake/cisstRobotInternal.cmake
[0.913s] -- Up-to-date: /home/utc_sim/ros2_dvrk/install/cisst/share/cisst-1.4/cmake/cisstRobotInternal.cmake
[0.913s] -- Up-to-date: /home/utc_sim/ros2_dvrk/install/cisst/include/cisstRobot/robCubicSO3.h
[0.913s] -- Up-to-date: /home/utc_sim/ros2_dvrk/install/cisst/include/cisstRobot/robDH.h
[0.913s] -- Up-to-date: /home/utc_sim/ros2_dvrk/install/cisst/include/cisstRobot/robExport.h
[0.913s] -- Up-to-date: /home/utc_sim/ros2_dvrk/install/cisst/include/cisstRobot/robFunction.h
[0.914s] -- Up-to-date: /home/utc_sim/ros2_dvrk/install/cisst/include/cisstRobot/robFunctionRn.h
[0.914s] -- Up-to-date: /home/utc_sim/ros2_dvrk/install/cisst/include/cisstRobot/robFunctionSE3.h
[0.914s] -- Up-to-date: /home/utc_sim/ros2_dvrk/install/cisst/include/cisstRobot/robFunctionSO3.h
[0.914s] -- Up-to-date: /home/utc_sim/ros2_dvrk/install/cisst/include/cisstRobot/robHayati.h
[0.914s] -- Up-to-date: /home/utc_sim/ros2_dvrk/install/cisst/include/cisstRobot/robJoint.h
[0.914s] -- Up-to-date: /home/utc_sim/ros2_dvrk/install/cisst/include/cisstRobot/robKinematics.h
[0.914s] -- Up-to-date: /home/utc_sim/ros2_dvrk/install/cisst/include/cisstRobot/robLSPB.h
[0.914s] -- Up-to-date: /home/utc_sim/ros2_dvrk/install/cisst/include/cisstRobot/robLinearRn.h
[0.914s] -- Up-to-date: /home/utc_sim/ros2_dvrk/install/cisst/include/cisstRobot/robLinearSE3.h
[0.914s] -- Up-to-date: /home/utc_sim/ros2_dvrk/install/cisst/include/cisstRobot/robLink.h
[0.915s] -- Up-to-date: /home/utc_sim/ros2_dvrk/install/cisst/include/cisstRobot/robManipulator.h
[0.915s] -- Up-to-date: /home/utc_sim/ros2_dvrk/install/cisst/include/cisstRobot/robMass.h
[0.915s] -- Up-to-date: /home/utc_sim/ros2_dvrk/install/cisst/include/cisstRobot/robModifiedDH.h
[0.915s] -- Up-to-date: /home/utc_sim/ros2_dvrk/install/cisst/include/cisstRobot/robModifiedHayati.h
[0.915s] -- Up-to-date: /home/utc_sim/ros2_dvrk/install/cisst/include/cisstRobot/robQLQRn.h
[0.915s] -- Up-to-date: /home/utc_sim/ros2_dvrk/install/cisst/include/cisstRobot/robQuintic.h
[0.915s] -- Up-to-date: /home/utc_sim/ros2_dvrk/install/cisst/include/cisstRobot/robReflexxes.h
[0.915s] -- Up-to-date: /home/utc_sim/ros2_dvrk/install/cisst/include/cisstRobot/robSLERP.h
[0.915s] -- Up-to-date: /home/utc_sim/ros2_dvrk/install/cisst/include/cisstRobot.h
[0.915s] -- Up-to-date: /home/utc_sim/ros2_dvrk/install/cisst/include/cisstRobot/cisstRobot.i
[0.915s] -- Up-to-date: /home/utc_sim/ros2_dvrk/install/cisst/lib/_cisstRobotPython.so
[0.915s] -- Up-to-date: /home/utc_sim/ros2_dvrk/install/cisst/lib/cisstRobotPython.py
[0.915s] -- Up-to-date: /home/utc_sim/ros2_dvrk/install/cisst/include/cisstRobot/robPython.h
[0.915s] -- Up-to-date: /home/utc_sim/ros2_dvrk/install/cisst/include/cisstMesh/mshConfig.h
[0.915s] -- Up-to-date: /home/utc_sim/ros2_dvrk/install/cisst/lib/libcisstMesh.so.1.4.0
[0.915s] -- Up-to-date: /home/utc_sim/ros2_dvrk/install/cisst/lib/libcisstMesh.so
[0.916s] -- Up-to-date: /home/utc_sim/ros2_dvrk/install/cisst/share/cisst-1.4/cmake/cisstMeshInternal.cmake
[0.916s] -- Up-to-date: /home/utc_sim/ros2_dvrk/install/cisst/share/cisst-1.4/cmake/cisstMeshInternal.cmake
[0.916s] -- Up-to-date: /home/utc_sim/ros2_dvrk/install/cisst/share/cisst-1.4/cmake/cisstMeshInternal.cmake
[0.916s] -- Up-to-date: /home/utc_sim/ros2_dvrk/install/cisst/include/cisstMesh/EllipsoidOBBIntersectionSolver.h
[0.916s] -- Up-to-date: /home/utc_sim/ros2_dvrk/install/cisst/include/cisstMesh/PointProjectionRoutines.h
[0.916s] -- Up-to-date: /home/utc_sim/ros2_dvrk/install/cisst/include/cisstMesh/TriangleClosestPointSolver.h
[0.916s] -- Up-to-date: /home/utc_sim/ros2_dvrk/install/cisst/include/cisstMesh/msh2AlgDirPDTree.h
[0.916s] -- Up-to-date: /home/utc_sim/ros2_dvrk/install/cisst/include/cisstMesh/msh2AlgDirPDTreeCP.h
[0.917s] -- Up-to-date: /home/utc_sim/ros2_dvrk/install/cisst/include/cisstMesh/msh2AlgDirPDTreeCPEdges.h
[0.917s] -- Up-to-date: /home/utc_sim/ros2_dvrk/install/cisst/include/cisstMesh/msh2AlgDirPDTreeCPPointCloud.h
[0.917s] -- Up-to-date: /home/utc_sim/ros2_dvrk/install/cisst/include/cisstMesh/msh2AlgDirPDTreevonMises.h
[0.917s] -- Up-to-date: /home/utc_sim/ros2_dvrk/install/cisst/include/cisstMesh/msh2AlgDirPDTreevonMisesEdges.h
[0.917s] -- Up-to-date: /home/utc_sim/ros2_dvrk/install/cisst/include/cisstMesh/msh2AlgDirPDTreevonMisesPointCloud.h
[0.917s] -- Up-to-date: /home/utc_sim/ros2_dvrk/install/cisst/include/cisstMesh/msh2BoundingBox.h
[0.917s] -- Up-to-date: /home/utc_sim/ros2_dvrk/install/cisst/include/cisstMesh/msh2DirPDTreeBase.h
[0.917s] -- Up-to-date: /home/utc_sim/ros2_dvrk/install/cisst/include/cisstMesh/msh2DirPDTreeEdges.h
[0.917s] -- Up-to-date: /home/utc_sim/ros2_dvrk/install/cisst/include/cisstMesh/msh2DirPDTreeNode.h
[0.917s] -- Up-to-date: /home/utc_sim/ros2_dvrk/install/cisst/include/cisstMesh/msh2DirPDTreePointCloud.h
[0.917s] -- Up-to-date: /home/utc_sim/ros2_dvrk/install/cisst/include/cisstMesh/msh2Edge.h
[0.917s] -- Up-to-date: /home/utc_sim/ros2_dvrk/install/cisst/include/cisstMesh/msh2Edges.h
[0.918s] -- Up-to-date: /home/utc_sim/ros2_dvrk/install/cisst/include/cisstMesh/msh2PointCloud.h
[0.918s] -- Up-to-date: /home/utc_sim/ros2_dvrk/install/cisst/include/cisstMesh/msh2Utilities.h
[0.918s] -- Up-to-date: /home/utc_sim/ros2_dvrk/install/cisst/include/cisstMesh/msh3AlgDirPDTree.h
[0.918s] -- Up-to-date: /home/utc_sim/ros2_dvrk/install/cisst/include/cisstMesh/msh3AlgDirPDTreeBA.h
[0.918s] -- Up-to-date: /home/utc_sim/ros2_dvrk/install/cisst/include/cisstMesh/msh3AlgDirPDTreeBAMesh.h
[0.918s] -- Up-to-date: /home/utc_sim/ros2_dvrk/install/cisst/include/cisstMesh/msh3AlgDirPDTreeBAPointCloud.h
[0.918s] -- Up-to-date: /home/utc_sim/ros2_dvrk/install/cisst/include/cisstMesh/msh3AlgDirPDTreevonMisesProj.h
[0.918s] -- Up-to-date: /home/utc_sim/ros2_dvrk/install/cisst/include/cisstMesh/msh3AlgDirPDTreevonMisesProjMesh.h
[0.918s] -- Up-to-date: /home/utc_sim/ros2_dvrk/install/cisst/include/cisstMesh/msh3AlgPDTree.h
[0.918s] -- Up-to-date: /home/utc_sim/ros2_dvrk/install/cisst/include/cisstMesh/msh3AlgPDTreeCP.h
[0.918s] -- Up-to-date: /home/utc_sim/ros2_dvrk/install/cisst/include/cisstMesh/msh3AlgPDTreeCPMesh.h
[0.918s] -- Up-to-date: /home/utc_sim/ros2_dvrk/install/cisst/include/cisstMesh/msh3AlgPDTreeCPPointCloud.h
[0.918s] -- Up-to-date: /home/utc_sim/ros2_dvrk/install/cisst/include/cisstMesh/msh3AlgPDTreeMLP.h
[0.918s] -- Up-to-date: /home/utc_sim/ros2_dvrk/install/cisst/include/cisstMesh/msh3AlgPDTreeMLPMesh.h
[0.918s] -- Up-to-date: /home/utc_sim/ros2_dvrk/install/cisst/include/cisstMesh/msh3AlgPDTreeMLPPointCloud.h
[0.919s] -- Up-to-date: /home/utc_sim/ros2_dvrk/install/cisst/include/cisstMesh/msh3BoundingBox.h
[0.919s] -- Up-to-date: /home/utc_sim/ros2_dvrk/install/cisst/include/cisstMesh/msh3DirPDTreeBase.h
[0.919s] -- Up-to-date: /home/utc_sim/ros2_dvrk/install/cisst/include/cisstMesh/msh3DirPDTreeMesh.h
[0.919s] -- Up-to-date: /home/utc_sim/ros2_dvrk/install/cisst/include/cisstMesh/msh3DirPDTreeNode.h
[0.919s] -- Up-to-date: /home/utc_sim/ros2_dvrk/install/cisst/include/cisstMesh/msh3DirPDTreePointCloud.h
[0.919s] -- Up-to-date: /home/utc_sim/ros2_dvrk/install/cisst/include/cisstMesh/msh3Mesh.h
[0.919s] -- Up-to-date: /home/utc_sim/ros2_dvrk/install/cisst/include/cisstMesh/msh3PDTreeBase.h
[0.919s] -- Up-to-date: /home/utc_sim/ros2_dvrk/install/cisst/include/cisstMesh/msh3PDTreeMesh.h
[0.919s] -- Up-to-date: /home/utc_sim/ros2_dvrk/install/cisst/include/cisstMesh/msh3PDTreeNode.h
[0.926s] -- Up-to-date: /home/utc_sim/ros2_dvrk/install/cisst/include/cisstMesh/msh3PDTreePointCloud.h
[0.926s] -- Up-to-date: /home/utc_sim/ros2_dvrk/install/cisst/include/cisstMesh/msh3PointCloud.h
[0.926s] -- Up-to-date: /home/utc_sim/ros2_dvrk/install/cisst/include/cisstMesh/msh3Utilities.h
[0.926s] -- Up-to-date: /home/utc_sim/ros2_dvrk/install/cisst/include/cisstMesh/mshExport.h
[0.926s] -- Up-to-date: /home/utc_sim/ros2_dvrk/install/cisst/include/cisstMesh/mshForwardDeclarations.h
[0.926s] -- Up-to-date: /home/utc_sim/ros2_dvrk/install/cisst/include/cisstMesh.h
[0.926s] -- Up-to-date: /home/utc_sim/ros2_dvrk/install/cisst/include/cisstMesh/cisstMesh.i
[0.926s] -- Up-to-date: /home/utc_sim/ros2_dvrk/install/cisst/lib/_cisstMeshPython.so
[0.926s] -- Up-to-date: /home/utc_sim/ros2_dvrk/install/cisst/lib/cisstMeshPython.py
[0.926s] -- Up-to-date: /home/utc_sim/ros2_dvrk/install/cisst/include/cisstMesh/mshPython.h
[0.926s] -- Up-to-date: /home/utc_sim/ros2_dvrk/install/cisst/lib/libcisstInteractive.so.1.4.0
[0.926s] -- Up-to-date: /home/utc_sim/ros2_dvrk/install/cisst/lib/libcisstInteractive.so
[0.926s] -- Up-to-date: /home/utc_sim/ros2_dvrk/install/cisst/share/cisst-1.4/cmake/cisstInteractiveInternal.cmake
[0.926s] -- Up-to-date: /home/utc_sim/ros2_dvrk/install/cisst/share/cisst-1.4/cmake/cisstInteractiveInternal.cmake
[0.926s] -- Up-to-date: /home/utc_sim/ros2_dvrk/install/cisst/share/cisst-1.4/cmake/cisstInteractiveInternal.cmake
[0.927s] -- Up-to-date: /home/utc_sim/ros2_dvrk/install/cisst/share/cisst-1.4/cmake/cisstInteractiveExternal.cmake
[0.927s] -- Up-to-date: /home/utc_sim/ros2_dvrk/install/cisst/include/cisstInteractive/ireExport.h
[0.927s] -- Up-to-date: /home/utc_sim/ros2_dvrk/install/cisst/include/cisstInteractive/ireFramework.h
[0.927s] -- Up-to-date: /home/utc_sim/ros2_dvrk/install/cisst/include/cisstInteractive/ireTask.h
[0.927s] -- Up-to-date: /home/utc_sim/ros2_dvrk/install/cisst/include/cisstInteractive.h
[0.927s] -- Up-to-date: /home/utc_sim/ros2_dvrk/install/cisst/include/cisstInteractive/ireTaskConstructorArg.h
[0.927s] -- Up-to-date: /home/utc_sim/ros2_dvrk/install/cisst/lib/irepy
[0.927s] -- Installing: /home/utc_sim/ros2_dvrk/install/cisst/lib/irepy/ireListCtrlPanel.pyc
[0.927s] -- Installing: /home/utc_sim/ros2_dvrk/install/cisst/lib/irepy/ireInputBox.pyc
[0.927s] -- Installing: /home/utc_sim/ros2_dvrk/install/cisst/lib/irepy/wxOscilloscope.pyc
[0.927s] -- Installing: /home/utc_sim/ros2_dvrk/install/cisst/lib/irepy/__init__.pyc
[0.927s] -- Installing: /home/utc_sim/ros2_dvrk/install/cisst/lib/irepy/ireDragAndDrop.pyc
[0.927s] -- Installing: /home/utc_sim/ros2_dvrk/install/cisst/lib/irepy/ireWorkspace.pyc
[0.927s] -- Installing: /home/utc_sim/ros2_dvrk/install/cisst/lib/irepy/ireImages.pyc
[0.927s] -- Installing: /home/utc_sim/ros2_dvrk/install/cisst/lib/irepy/ireShell.pyc
[0.927s] -- Installing: /home/utc_sim/ros2_dvrk/install/cisst/lib/irepy/wxSpinSequence.pyc
[0.927s] -- Installing: /home/utc_sim/ros2_dvrk/install/cisst/lib/irepy/ireEditorNotebook.pyc
[0.927s] -- Installing: /home/utc_sim/ros2_dvrk/install/cisst/lib/irepy/ireTaskTree.pyc
[0.927s] -- Installing: /home/utc_sim/ros2_dvrk/install/cisst/lib/irepy/ireLogCtrl.pyc
[0.927s] -- Installing: /home/utc_sim/ros2_dvrk/install/cisst/lib/irepy/ireMain.pyc
[0.927s] -- Up-to-date: /home/utc_sim/ros2_dvrk/install/cisst/share/cisst-1.4/cmake/cisst-config-version.cmake
[0.928s] -- Up-to-date: /home/utc_sim/ros2_dvrk/install/cisst/share/cisst-1.4/cmake/cisst-config.cmake
[0.928s] -- Up-to-date: /home/utc_sim/ros2_dvrk/install/cisst/share/cisst-1.4/cmake/Usecisst.cmake
[0.928s] -- Up-to-date: /home/utc_sim/ros2_dvrk/install/cisst/share/cisst-1.4/cmake/cisstSettings.cmake
[0.928s] -- Up-to-date: /home/utc_sim/ros2_dvrk/install/cisst/share/cisst-1.4/cmake/cisstMacros.cmake
[0.928s] -- Up-to-date: /home/utc_sim/ros2_dvrk/install/cisst/share/cisst-1.4/cmake/sawRevision.h.in
[0.928s] -- Up-to-date: /home/utc_sim/ros2_dvrk/install/cisst/share/cisst-1.4/cmake/sawConfig.cmake.in
[0.928s] -- Up-to-date: /home/utc_sim/ros2_dvrk/install/cisst/include/cisstConfig.h
[0.928s] -- Up-to-date: /home/utc_sim/ros2_dvrk/install/cisst/share/cisst-1.4/cmake/Modules
[0.928s] -- Up-to-date: /home/utc_sim/ros2_dvrk/install/cisst/share/cisst-1.4/cmake/Modules/FindXENOMAI.cmake
[0.928s] -- Up-to-date: /home/utc_sim/ros2_dvrk/install/cisst/share/cisst-1.4/cmake/Modules/FindIce.cmake
[0.928s] -- Up-to-date: /home/utc_sim/ros2_dvrk/install/cisst/share/cisst-1.4/cmake/Modules/FindRTAI.cmake
[0.928s] -- Up-to-date: /home/utc_sim/ros2_dvrk/install/cisst/share/cisst-1.4/cmake/Modules/toolchains
[0.928s] -- Up-to-date: /home/utc_sim/ros2_dvrk/install/cisst/share/cisst-1.4/cmake/Modules/FindIceTouch.cmake
[0.928s] -- Up-to-date: /home/utc_sim/ros2_dvrk/install/cisst/share/cisst-1.4/cmake/Modules/FindDeckLink.cmake
[0.928s] -- Up-to-date: /home/utc_sim/ros2_dvrk/install/cisst/share/cisst-1.4/cmake/Modules/FindDirectShow.cmake
[0.928s] -- Up-to-date: /home/utc_sim/ros2_dvrk/install/cisst/share/cisst-1.4/cmake/Modules/FindCppUnit.cmake
[0.928s] -- Up-to-date: /home/utc_sim/ros2_dvrk/install/cisst/bin/cisstvars.sh
[0.929s] Invoked command in '/home/utc_sim/ros2_dvrk/build/cisst' returned '0': CMAKE_PREFIX_PATH=/home/utc_sim/ros2_dvrk/install/cisstNetlib:/opt/ros/humble:/opt/ros/humble PKG_CONFIG_PATH=/home/utc_sim/ros2_dvrk/install/cisstNetlib/lib/aarch64-linux-gnu/pkgconfig:/home/utc_sim/ros2_dvrk/install/cisstNetlib/lib/pkgconfig /usr/bin/cmake --install /home/utc_sim/ros2_dvrk/build/cisst
