[0.026s] Invoking command in '/home/utc_sim/ros2_dvrk/build/dvrk_camera_registration': AMENT_PREFIX_PATH=/home/utc_sim/ros2_dvrk/install/crtk_python_client:/home/utc_sim/ros2_dvrk/install/crtk_msgs:${AMENT_PREFIX_PATH} CMAKE_PREFIX_PATH=/home/utc_sim/ros2_dvrk/install/crtk_python_client:/home/utc_sim/ros2_dvrk/install/crtk_msgs:/opt/ros/humble:/opt/ros/humble:/home/utc_sim/ros2_ws/install: LD_LIBRARY_PATH=/home/utc_sim/ros2_dvrk/install/crtk_msgs/lib:${LD_LIBRARY_PATH} PYTHONPATH=/home/utc_sim/ros2_dvrk/install/crtk_python_client/local/lib/python3.10/dist-packages:/home/utc_sim/ros2_dvrk/install/crtk_msgs/local/lib/python3.10/dist-packages:${PYTHONPATH} /usr/bin/cmake --build /home/utc_sim/ros2_dvrk/build/dvrk_camera_registration -- -j8 -l8
[0.151s] Built target ament_cmake_python_symlink_dvrk_camera_registration
[0.381s] running egg_info
[0.381s] writing dvrk_camera_registration.egg-info/PKG-INFO
[0.381s] writing dependency_links to dvrk_camera_registration.egg-info/dependency_links.txt
[0.381s] writing top-level names to dvrk_camera_registration.egg-info/top_level.txt
[0.383s] reading manifest file 'dvrk_camera_registration.egg-info/SOURCES.txt'
[0.384s] writing manifest file 'dvrk_camera_registration.egg-info/SOURCES.txt'
[0.403s] Built target ament_cmake_python_build_dvrk_camera_registration_egg
[0.411s] Invoked command in '/home/utc_sim/ros2_dvrk/build/dvrk_camera_registration' returned '0': AMENT_PREFIX_PATH=/home/utc_sim/ros2_dvrk/install/crtk_python_client:/home/utc_sim/ros2_dvrk/install/crtk_msgs:${AMENT_PREFIX_PATH} CMAKE_PREFIX_PATH=/home/utc_sim/ros2_dvrk/install/crtk_python_client:/home/utc_sim/ros2_dvrk/install/crtk_msgs:/opt/ros/humble:/opt/ros/humble:/home/utc_sim/ros2_ws/install: LD_LIBRARY_PATH=/home/utc_sim/ros2_dvrk/install/crtk_msgs/lib:${LD_LIBRARY_PATH} PYTHONPATH=/home/utc_sim/ros2_dvrk/install/crtk_python_client/local/lib/python3.10/dist-packages:/home/utc_sim/ros2_dvrk/install/crtk_msgs/local/lib/python3.10/dist-packages:${PYTHONPATH} /usr/bin/cmake --build /home/utc_sim/ros2_dvrk/build/dvrk_camera_registration -- -j8 -l8
[0.412s] Invoking command in '/home/utc_sim/ros2_dvrk/build/dvrk_camera_registration': AMENT_PREFIX_PATH=/home/utc_sim/ros2_dvrk/install/crtk_python_client:/home/utc_sim/ros2_dvrk/install/crtk_msgs:${AMENT_PREFIX_PATH} CMAKE_PREFIX_PATH=/home/utc_sim/ros2_dvrk/install/crtk_python_client:/home/utc_sim/ros2_dvrk/install/crtk_msgs:/opt/ros/humble:/opt/ros/humble:/home/utc_sim/ros2_ws/install: LD_LIBRARY_PATH=/home/utc_sim/ros2_dvrk/install/crtk_msgs/lib:${LD_LIBRARY_PATH} PYTHONPATH=/home/utc_sim/ros2_dvrk/install/crtk_python_client/local/lib/python3.10/dist-packages:/home/utc_sim/ros2_dvrk/install/crtk_msgs/local/lib/python3.10/dist-packages:${PYTHONPATH} /usr/bin/cmake --install /home/utc_sim/ros2_dvrk/build/dvrk_camera_registration
[0.414s] -- Install configuration: "Release"
[0.416s] -- Execute custom install script
[0.417s] -- Up-to-date symlink: /home/utc_sim/ros2_dvrk/install/dvrk_camera_registration/share/dvrk_camera_registration/environment/pythonpath.sh
[0.417s] -- Up-to-date symlink: /home/utc_sim/ros2_dvrk/install/dvrk_camera_registration/share/dvrk_camera_registration/environment/pythonpath.dsv
[0.418s] -- Up-to-date symlink: /home/utc_sim/ros2_dvrk/install/dvrk_camera_registration/local/lib/python3.10/dist-packages/dvrk_camera_registration-1.0.0-py3.10.egg-info/PKG-INFO
[0.418s] -- Up-to-date symlink: /home/utc_sim/ros2_dvrk/install/dvrk_camera_registration/local/lib/python3.10/dist-packages/dvrk_camera_registration-1.0.0-py3.10.egg-info/SOURCES.txt
[0.418s] -- Up-to-date symlink: /home/utc_sim/ros2_dvrk/install/dvrk_camera_registration/local/lib/python3.10/dist-packages/dvrk_camera_registration-1.0.0-py3.10.egg-info/dependency_links.txt
[0.418s] -- Up-to-date symlink: /home/utc_sim/ros2_dvrk/install/dvrk_camera_registration/local/lib/python3.10/dist-packages/dvrk_camera_registration-1.0.0-py3.10.egg-info/top_level.txt
[0.419s] -- Up-to-date symlink: /home/utc_sim/ros2_dvrk/install/dvrk_camera_registration/local/lib/python3.10/dist-packages/dvrk_camera_registration/__init__.py
[0.419s] -- Up-to-date symlink: /home/utc_sim/ros2_dvrk/install/dvrk_camera_registration/local/lib/python3.10/dist-packages/dvrk_camera_registration/arm.py
[0.420s] -- Up-to-date symlink: /home/utc_sim/ros2_dvrk/install/dvrk_camera_registration/local/lib/python3.10/dist-packages/dvrk_camera_registration/camera.py
[0.421s] -- Up-to-date symlink: /home/utc_sim/ros2_dvrk/install/dvrk_camera_registration/local/lib/python3.10/dist-packages/dvrk_camera_registration/convex_hull.py
[0.421s] -- Up-to-date symlink: /home/utc_sim/ros2_dvrk/install/dvrk_camera_registration/local/lib/python3.10/dist-packages/dvrk_camera_registration/pose_generator.py
[0.421s] -- Up-to-date symlink: /home/utc_sim/ros2_dvrk/install/dvrk_camera_registration/local/lib/python3.10/dist-packages/dvrk_camera_registration/vision_tracking.py
[0.421s] -- Up-to-date symlink: /home/utc_sim/ros2_dvrk/install/dvrk_camera_registration/lib/dvrk_camera_registration/camera_registration.py
[0.422s] -- Up-to-date symlink: /home/utc_sim/ros2_dvrk/install/dvrk_camera_registration/lib/dvrk_camera_registration/vis_gripper_pose.py
[0.422s] -- Up-to-date symlink: /home/utc_sim/ros2_dvrk/install/dvrk_camera_registration/share/ament_index/resource_index/package_run_dependencies/dvrk_camera_registration
[0.422s] -- Up-to-date symlink: /home/utc_sim/ros2_dvrk/install/dvrk_camera_registration/share/ament_index/resource_index/parent_prefix_path/dvrk_camera_registration
[0.422s] -- Up-to-date symlink: /home/utc_sim/ros2_dvrk/install/dvrk_camera_registration/share/dvrk_camera_registration/environment/ament_prefix_path.sh
[0.422s] -- Up-to-date symlink: /home/utc_sim/ros2_dvrk/install/dvrk_camera_registration/share/dvrk_camera_registration/environment/ament_prefix_path.dsv
[0.422s] -- Up-to-date symlink: /home/utc_sim/ros2_dvrk/install/dvrk_camera_registration/share/dvrk_camera_registration/environment/path.sh
[0.422s] -- Up-to-date symlink: /home/utc_sim/ros2_dvrk/install/dvrk_camera_registration/share/dvrk_camera_registration/environment/path.dsv
[0.422s] -- Up-to-date symlink: /home/utc_sim/ros2_dvrk/install/dvrk_camera_registration/share/dvrk_camera_registration/local_setup.bash
[0.422s] -- Up-to-date symlink: /home/utc_sim/ros2_dvrk/install/dvrk_camera_registration/share/dvrk_camera_registration/local_setup.sh
[0.424s] -- Up-to-date symlink: /home/utc_sim/ros2_dvrk/install/dvrk_camera_registration/share/dvrk_camera_registration/local_setup.zsh
[0.424s] -- Up-to-date symlink: /home/utc_sim/ros2_dvrk/install/dvrk_camera_registration/share/dvrk_camera_registration/local_setup.dsv
[0.424s] -- Symlinking: /home/utc_sim/ros2_dvrk/install/dvrk_camera_registration/share/dvrk_camera_registration/package.dsv
[0.432s] -- Up-to-date symlink: /home/utc_sim/ros2_dvrk/install/dvrk_camera_registration/share/ament_index/resource_index/packages/dvrk_camera_registration
[0.432s] -- Up-to-date symlink: /home/utc_sim/ros2_dvrk/install/dvrk_camera_registration/share/dvrk_camera_registration/cmake/dvrk_camera_registrationConfig.cmake
[0.433s] -- Up-to-date symlink: /home/utc_sim/ros2_dvrk/install/dvrk_camera_registration/share/dvrk_camera_registration/cmake/dvrk_camera_registrationConfig-version.cmake
[0.433s] -- Up-to-date symlink: /home/utc_sim/ros2_dvrk/install/dvrk_camera_registration/share/dvrk_camera_registration/package.xml
[0.454s] Listing '/home/utc_sim/ros2_dvrk/install/dvrk_camera_registration/local/lib/python3.10/dist-packages/dvrk_camera_registration'...
[0.462s] Invoked command in '/home/utc_sim/ros2_dvrk/build/dvrk_camera_registration' returned '0': AMENT_PREFIX_PATH=/home/utc_sim/ros2_dvrk/install/crtk_python_client:/home/utc_sim/ros2_dvrk/install/crtk_msgs:${AMENT_PREFIX_PATH} CMAKE_PREFIX_PATH=/home/utc_sim/ros2_dvrk/install/crtk_python_client:/home/utc_sim/ros2_dvrk/install/crtk_msgs:/opt/ros/humble:/opt/ros/humble:/home/utc_sim/ros2_ws/install: LD_LIBRARY_PATH=/home/utc_sim/ros2_dvrk/install/crtk_msgs/lib:${LD_LIBRARY_PATH} PYTHONPATH=/home/utc_sim/ros2_dvrk/install/crtk_python_client/local/lib/python3.10/dist-packages:/home/utc_sim/ros2_dvrk/install/crtk_msgs/local/lib/python3.10/dist-packages:${PYTHONPATH} /usr/bin/cmake --install /home/utc_sim/ros2_dvrk/build/dvrk_camera_registration
