-- The C compiler identification is GNU 11.4.0
-- The CXX compiler identification is GNU 11.4.0
-- Detecting C compiler ABI info
-- Detecting C compiler ABI info - done
-- Check for working C compiler: /usr/bin/cc - skipped
-- Detecting C compile features
-- Detecting C compile features - done
-- Detecting CXX compiler ABI info
-- Detecting CXX compiler ABI info - done
-- Check for working CXX compiler: /usr/bin/c++ - skipped
-- Detecting CXX compile features
-- Detecting CXX compile features - done
-- Found Python3: /usr/bin/python3 (found version "3.10.12") found components: Interpreter 
-- Override CMake install command with custom implementation using symlinks instead of copying resources
-- Configuring done
-- Generating done
-- Build files have been written to: /home/utc_sim/ros2_dvrk/build/dvrk_camera_registration
Built target ament_cmake_python_symlink_dvrk_camera_registration
running egg_info
creating dvrk_camera_registration.egg-info
writing dvrk_camera_registration.egg-info/PKG-INFO
writing dependency_links to dvrk_camera_registration.egg-info/dependency_links.txt
writing top-level names to dvrk_camera_registration.egg-info/top_level.txt
writing manifest file 'dvrk_camera_registration.egg-info/SOURCES.txt'
reading manifest file 'dvrk_camera_registration.egg-info/SOURCES.txt'
writing manifest file 'dvrk_camera_registration.egg-info/SOURCES.txt'
Built target ament_cmake_python_build_dvrk_camera_registration_egg
-- Install configuration: "Release"
-- Execute custom install script
-- Symlinking: /home/utc_sim/ros2_dvrk/install/dvrk_camera_registration/share/dvrk_camera_registration/environment/pythonpath.sh
-- Symlinking: /home/utc_sim/ros2_dvrk/install/dvrk_camera_registration/share/dvrk_camera_registration/environment/pythonpath.dsv
-- Symlinking: /home/utc_sim/ros2_dvrk/install/dvrk_camera_registration/local/lib/python3.10/dist-packages/dvrk_camera_registration-1.0.0-py3.10.egg-info/PKG-INFO
-- Symlinking: /home/utc_sim/ros2_dvrk/install/dvrk_camera_registration/local/lib/python3.10/dist-packages/dvrk_camera_registration-1.0.0-py3.10.egg-info/SOURCES.txt
-- Symlinking: /home/utc_sim/ros2_dvrk/install/dvrk_camera_registration/local/lib/python3.10/dist-packages/dvrk_camera_registration-1.0.0-py3.10.egg-info/dependency_links.txt
-- Symlinking: /home/utc_sim/ros2_dvrk/install/dvrk_camera_registration/local/lib/python3.10/dist-packages/dvrk_camera_registration-1.0.0-py3.10.egg-info/top_level.txt
-- Symlinking: /home/utc_sim/ros2_dvrk/install/dvrk_camera_registration/local/lib/python3.10/dist-packages/dvrk_camera_registration/__init__.py
-- Symlinking: /home/utc_sim/ros2_dvrk/install/dvrk_camera_registration/local/lib/python3.10/dist-packages/dvrk_camera_registration/arm.py
-- Symlinking: /home/utc_sim/ros2_dvrk/install/dvrk_camera_registration/local/lib/python3.10/dist-packages/dvrk_camera_registration/camera.py
-- Symlinking: /home/utc_sim/ros2_dvrk/install/dvrk_camera_registration/local/lib/python3.10/dist-packages/dvrk_camera_registration/convex_hull.py
-- Symlinking: /home/utc_sim/ros2_dvrk/install/dvrk_camera_registration/local/lib/python3.10/dist-packages/dvrk_camera_registration/pose_generator.py
-- Symlinking: /home/utc_sim/ros2_dvrk/install/dvrk_camera_registration/local/lib/python3.10/dist-packages/dvrk_camera_registration/vision_tracking.py
-- Symlinking: /home/utc_sim/ros2_dvrk/install/dvrk_camera_registration/lib/dvrk_camera_registration/camera_registration.py
-- Symlinking: /home/utc_sim/ros2_dvrk/install/dvrk_camera_registration/lib/dvrk_camera_registration/vis_gripper_pose.py
-- Symlinking: /home/utc_sim/ros2_dvrk/install/dvrk_camera_registration/share/ament_index/resource_index/package_run_dependencies/dvrk_camera_registration
-- Symlinking: /home/utc_sim/ros2_dvrk/install/dvrk_camera_registration/share/ament_index/resource_index/parent_prefix_path/dvrk_camera_registration
-- Symlinking: /home/utc_sim/ros2_dvrk/install/dvrk_camera_registration/share/dvrk_camera_registration/environment/ament_prefix_path.sh
-- Symlinking: /home/utc_sim/ros2_dvrk/install/dvrk_camera_registration/share/dvrk_camera_registration/environment/ament_prefix_path.dsv
-- Symlinking: /home/utc_sim/ros2_dvrk/install/dvrk_camera_registration/share/dvrk_camera_registration/environment/path.sh
-- Symlinking: /home/utc_sim/ros2_dvrk/install/dvrk_camera_registration/share/dvrk_camera_registration/environment/path.dsv
-- Symlinking: /home/utc_sim/ros2_dvrk/install/dvrk_camera_registration/share/dvrk_camera_registration/local_setup.bash
-- Symlinking: /home/utc_sim/ros2_dvrk/install/dvrk_camera_registration/share/dvrk_camera_registration/local_setup.sh
-- Symlinking: /home/utc_sim/ros2_dvrk/install/dvrk_camera_registration/share/dvrk_camera_registration/local_setup.zsh
-- Symlinking: /home/utc_sim/ros2_dvrk/install/dvrk_camera_registration/share/dvrk_camera_registration/local_setup.dsv
-- Symlinking: /home/utc_sim/ros2_dvrk/install/dvrk_camera_registration/share/dvrk_camera_registration/package.dsv
-- Symlinking: /home/utc_sim/ros2_dvrk/install/dvrk_camera_registration/share/ament_index/resource_index/packages/dvrk_camera_registration
-- Symlinking: /home/utc_sim/ros2_dvrk/install/dvrk_camera_registration/share/dvrk_camera_registration/cmake/dvrk_camera_registrationConfig.cmake
-- Symlinking: /home/utc_sim/ros2_dvrk/install/dvrk_camera_registration/share/dvrk_camera_registration/cmake/dvrk_camera_registrationConfig-version.cmake
-- Symlinking: /home/utc_sim/ros2_dvrk/install/dvrk_camera_registration/share/dvrk_camera_registration/package.xml
Listing '/home/utc_sim/ros2_dvrk/install/dvrk_camera_registration/local/lib/python3.10/dist-packages/dvrk_camera_registration'...
Compiling '/home/utc_sim/ros2_dvrk/install/dvrk_camera_registration/local/lib/python3.10/dist-packages/dvrk_camera_registration/__init__.py'...
Compiling '/home/utc_sim/ros2_dvrk/install/dvrk_camera_registration/local/lib/python3.10/dist-packages/dvrk_camera_registration/arm.py'...
Compiling '/home/utc_sim/ros2_dvrk/install/dvrk_camera_registration/local/lib/python3.10/dist-packages/dvrk_camera_registration/camera.py'...
Compiling '/home/utc_sim/ros2_dvrk/install/dvrk_camera_registration/local/lib/python3.10/dist-packages/dvrk_camera_registration/convex_hull.py'...
Compiling '/home/utc_sim/ros2_dvrk/install/dvrk_camera_registration/local/lib/python3.10/dist-packages/dvrk_camera_registration/pose_generator.py'...
Compiling '/home/utc_sim/ros2_dvrk/install/dvrk_camera_registration/local/lib/python3.10/dist-packages/dvrk_camera_registration/vision_tracking.py'...
