[ 71%] Built target cisst_ros_bridge
[100%] Built target example_bridge
-- Install configuration: "Release"
-- Execute custom install script
-- Up-to-date symlink: /home/utc_sim/ros2_dvrk/install/cisst_ros_bridge/lib/cisst_ros_bridge/libcisst_ros_bridge.so
-- Up-to-date symlink: /home/utc_sim/ros2_dvrk/install/cisst_ros_bridge/lib/cisst_ros_bridge/example_bridge
-- Up-to-date symlink: /home/utc_sim/ros2_dvrk/install/cisst_ros_bridge/include/cisst_ros_bridge/cisst_ral.h
-- Up-to-date symlink: /home/utc_sim/ros2_dvrk/install/cisst_ros_bridge/include/cisst_ros_bridge/mtsCISSTToROS.h
-- Up-to-date symlink: /home/utc_sim/ros2_dvrk/install/cisst_ros_bridge/include/cisst_ros_bridge/mtsROSBridge.h
-- Up-to-date symlink: /home/utc_sim/ros2_dvrk/install/cisst_ros_bridge/include/cisst_ros_bridge/mtsROSToCISST.h
-- Up-to-date symlink: /home/utc_sim/ros2_dvrk/install/cisst_ros_bridge/include/cisst_ros_bridge/cisst_ral_config.h
-- Up-to-date symlink: /home/utc_sim/ros2_dvrk/install/cisst_ros_bridge/share/cisst_ros_bridge/environment/library_path.sh
-- Up-to-date symlink: /home/utc_sim/ros2_dvrk/install/cisst_ros_bridge/share/cisst_ros_bridge/environment/library_path.dsv
-- Up-to-date symlink: /home/utc_sim/ros2_dvrk/install/cisst_ros_bridge/share/ament_index/resource_index/package_run_dependencies/cisst_ros_bridge
-- Up-to-date symlink: /home/utc_sim/ros2_dvrk/install/cisst_ros_bridge/share/ament_index/resource_index/parent_prefix_path/cisst_ros_bridge
-- Up-to-date symlink: /home/utc_sim/ros2_dvrk/install/cisst_ros_bridge/share/cisst_ros_bridge/environment/ament_prefix_path.sh
-- Up-to-date symlink: /home/utc_sim/ros2_dvrk/install/cisst_ros_bridge/share/cisst_ros_bridge/environment/ament_prefix_path.dsv
-- Up-to-date symlink: /home/utc_sim/ros2_dvrk/install/cisst_ros_bridge/share/cisst_ros_bridge/environment/path.sh
-- Up-to-date symlink: /home/utc_sim/ros2_dvrk/install/cisst_ros_bridge/share/cisst_ros_bridge/environment/path.dsv
-- Up-to-date symlink: /home/utc_sim/ros2_dvrk/install/cisst_ros_bridge/share/cisst_ros_bridge/local_setup.bash
-- Up-to-date symlink: /home/utc_sim/ros2_dvrk/install/cisst_ros_bridge/share/cisst_ros_bridge/local_setup.sh
-- Up-to-date symlink: /home/utc_sim/ros2_dvrk/install/cisst_ros_bridge/share/cisst_ros_bridge/local_setup.zsh
-- Up-to-date symlink: /home/utc_sim/ros2_dvrk/install/cisst_ros_bridge/share/cisst_ros_bridge/local_setup.dsv
-- Symlinking: /home/utc_sim/ros2_dvrk/install/cisst_ros_bridge/share/cisst_ros_bridge/package.dsv
-- Up-to-date symlink: /home/utc_sim/ros2_dvrk/install/cisst_ros_bridge/share/ament_index/resource_index/packages/cisst_ros_bridge
-- Up-to-date symlink: /home/utc_sim/ros2_dvrk/install/cisst_ros_bridge/share/cisst_ros_bridge/cmake/ament_cmake_export_targets-extras.cmake
-- Up-to-date symlink: /home/utc_sim/ros2_dvrk/install/cisst_ros_bridge/share/cisst_ros_bridge/cmake/cisst_ros_bridgeConfig.cmake
-- Up-to-date symlink: /home/utc_sim/ros2_dvrk/install/cisst_ros_bridge/share/cisst_ros_bridge/cmake/cisst_ros_bridgeConfig-version.cmake
-- Up-to-date symlink: /home/utc_sim/ros2_dvrk/install/cisst_ros_bridge/share/cisst_ros_bridge/package.xml
-- Up-to-date: /home/utc_sim/ros2_dvrk/install/cisst_ros_bridge/lib/libcisst_ros_bridge.so
-- Up-to-date: /home/utc_sim/ros2_dvrk/install/cisst_ros_bridge/share/cisst_ros_bridge/cmake/cisst_ros_bridgeExport.cmake
-- Up-to-date: /home/utc_sim/ros2_dvrk/install/cisst_ros_bridge/share/cisst_ros_bridge/cmake/cisst_ros_bridgeExport-release.cmake
