[0.025s] Invoking command in '/home/utc_sim/ros2_dvrk/src/build/cisst_msgs': /usr/bin/cmake /home/utc_sim/ros2_dvrk/src/cisst-saw/cisst-ros/cisst_msgs -DCMAKE_BUILD_TYPE=Release -DCATKIN_INSTALL_INTO_PREFIX_ROOT=0 -DCATKIN_SYMLINK_INSTALL=ON -DCMAKE_INSTALL_PREFIX=/home/utc_sim/ros2_dvrk/src/install/cisst_msgs
[0.210s] -- The C compiler identification is GNU 11.4.0
[0.346s] -- The CXX compiler identification is GNU 11.4.0
[0.369s] -- Detecting C compiler ABI info
[0.512s] -- Detecting C compiler ABI info - done
[0.521s] -- Check for working C compiler: /usr/bin/cc - skipped
[0.521s] -- Detecting C compile features
[0.521s] -- Detecting C compile features - done
[0.545s] -- Detecting CXX compiler ABI info
[0.695s] -- Detecting CXX compiler ABI info - done
[0.702s] -- Check for working CXX compiler: /usr/bin/c++ - skipped
[0.705s] -- Detecting CXX compile features
[0.705s] -- Detecting CXX compile features - done
[0.879s] -- Found Python3: /usr/bin/python3 (found version "3.10.12") found components: Interpreter 
[0.928s] Traceback (most recent call last):
[0.928s]   File "/opt/ros/humble/share/ament_cmake_core/cmake/package_templates/templates_2_cmake.py", line 21, in <module>
[0.928s]     from ament_package.templates import get_environment_hook_template_path
[0.928s] ModuleNotFoundError: No module named 'ament_package'
[0.939s] [31mCMake Error at /opt/ros/humble/share/ament_cmake_core/cmake/ament_cmake_package_templates-extras.cmake:41 (message):
[0.939s]   execute_process(/usr/bin/python3
[0.939s]   /opt/ros/humble/share/ament_cmake_core/cmake/package_templates/templates_2_cmake.py
[0.939s]   /home/utc_sim/ros2_dvrk/src/build/cisst_msgs/ament_cmake_package_templates/templates.cmake)
[0.939s]   returned error code 1
[0.939s] Call Stack (most recent call first):
[0.939s]   /opt/ros/humble/share/ament_cmake_core/cmake/ament_cmake_coreConfig.cmake:41 (include)
[0.939s]   /opt/ros/humble/share/ament_cmake/cmake/ament_cmake_export_dependencies-extras.cmake:15 (find_package)
[0.939s]   /opt/ros/humble/share/ament_cmake/cmake/ament_cmakeConfig.cmake:41 (include)
[0.939s]   CMakeLists.txt:35 (find_package)
[0.939s] 
[0.939s] [0m
[0.940s] -- Configuring incomplete, errors occurred!
[0.940s] See also "/home/utc_sim/ros2_dvrk/src/build/cisst_msgs/CMakeFiles/CMakeOutput.log".
