[ 64%] Built target sawControllers
[ 76%] Built target osaPDGCExample
[ 88%] Built target mtsGCExample
[100%] Built target osaGCExample
-- Install configuration: "Release"
-- Up-to-date: /home/utc_sim/ros2_dvrk/install/sawControllersCore/share/sawControllers/sawControllersConfig.cmake
-- Up-to-date: /home/utc_sim/ros2_dvrk/install/sawControllersCore/share/sawControllers/sawControllersConfigVersion.cmake
-- Up-to-date: /home/utc_sim/ros2_dvrk/install/sawControllersCore/include/sawControllers
-- Up-to-date: /home/utc_sim/ros2_dvrk/install/sawControllersCore/include/sawControllers/mtsPID.h
-- Up-to-date: /home/utc_sim/ros2_dvrk/install/sawControllersCore/include/sawControllers/mtsPDGC.h
-- Up-to-date: /home/utc_sim/ros2_dvrk/install/sawControllersCore/include/sawControllers/mtsController.h
-- Up-to-date: /home/utc_sim/ros2_dvrk/install/sawControllersCore/include/sawControllers/mtsGravityCompensation.h
-- Up-to-date: /home/utc_sim/ros2_dvrk/install/sawControllersCore/include/sawControllers/osaCartesianImpedanceController.h
-- Up-to-date: /home/utc_sim/ros2_dvrk/install/sawControllersCore/include/sawControllers/sawControllersQtExport.h
-- Up-to-date: /home/utc_sim/ros2_dvrk/install/sawControllersCore/include/sawControllers/osaPDGC.h
-- Up-to-date: /home/utc_sim/ros2_dvrk/install/sawControllersCore/include/sawControllers/mtsPIDQtWidget.h
-- Up-to-date: /home/utc_sim/ros2_dvrk/install/sawControllersCore/include/sawControllers/osaGravityCompensation.h
-- Up-to-date: /home/utc_sim/ros2_dvrk/install/sawControllersCore/include/sawControllers/osaPIDAntiWindup.h
-- Up-to-date: /home/utc_sim/ros2_dvrk/install/sawControllersCore/include/sawControllers/sawControllersExport.h
-- Up-to-date: /home/utc_sim/ros2_dvrk/install/sawControllersCore/include/sawControllers
-- Up-to-date: /home/utc_sim/ros2_dvrk/install/sawControllersCore/include/sawControllers/mtsPIDConfiguration.h
-- Up-to-date: /home/utc_sim/ros2_dvrk/install/sawControllersCore/include/sawControllers/sawControllersRevision.h
-- Up-to-date: /home/utc_sim/ros2_dvrk/install/sawControllersCore/lib/libsawControllers.so.2.3.0
-- Up-to-date: /home/utc_sim/ros2_dvrk/install/sawControllersCore/lib/libsawControllers.so
-- Up-to-date: /home/utc_sim/ros2_dvrk/install/sawControllersCore/bin/osaGCExample
-- Up-to-date: /home/utc_sim/ros2_dvrk/install/sawControllersCore/bin/osaPDGCExample
-- Up-to-date: /home/utc_sim/ros2_dvrk/install/sawControllersCore/bin/mtsGCExample
