[0.035s] Invoking command in '/home/utc_sim/ros2_dvrk/build/crtk_msgs': CMAKE_PREFIX_PATH=${CMAKE_PREFIX_PATH}:/home/utc_sim/ros2_ws/install /usr/bin/cmake --build /home/utc_sim/ros2_dvrk/build/crtk_msgs -- -j8 -l8
[0.101s] [ 12%] Built target crtk_msgs__rosidl_generator_c
[0.107s] [ 12%] Built target ament_cmake_python_symlink_crtk_msgs
[0.120s] [ 12%] Built target crtk_msgs__cpp
[0.138s] [ 24%] Built target crtk_msgs__rosidl_typesupport_fastrtps_c
[0.158s] [ 40%] Built target crtk_msgs__rosidl_typesupport_c
[0.158s] [ 48%] Built target crtk_msgs__rosidl_typesupport_introspection_c
[0.195s] [ 60%] Built target crtk_msgs__rosidl_typesupport_cpp
[0.198s] [ 71%] Built target crtk_msgs__rosidl_typesupport_fastrtps_cpp
[0.218s] [ 83%] Built target crtk_msgs__rosidl_typesupport_introspection_cpp
[0.277s] [ 83%] Built target crtk_msgs
[0.277s] [ 84%] Built target crtk_msgs__py
[0.278s] [ 95%] Built target crtk_msgs__rosidl_generator_py
[0.312s] [ 97%] Built target crtk_msgs__rosidl_typesupport_fastrtps_c__pyext
[0.325s] running egg_info
[0.326s] writing crtk_msgs.egg-info/PKG-INFO
[0.326s] writing dependency_links to crtk_msgs.egg-info/dependency_links.txt
[0.326s] writing top-level names to crtk_msgs.egg-info/top_level.txt
[0.328s] [ 99%] Built target crtk_msgs__rosidl_typesupport_introspection_c__pyext
[0.330s] reading manifest file 'crtk_msgs.egg-info/SOURCES.txt'
[0.330s] writing manifest file 'crtk_msgs.egg-info/SOURCES.txt'
[0.332s] [100%] Built target crtk_msgs__rosidl_typesupport_c__pyext
[0.363s] [100%] Built target ament_cmake_python_build_crtk_msgs_egg
[0.400s] Invoked command in '/home/utc_sim/ros2_dvrk/build/crtk_msgs' returned '0': CMAKE_PREFIX_PATH=${CMAKE_PREFIX_PATH}:/home/utc_sim/ros2_ws/install /usr/bin/cmake --build /home/utc_sim/ros2_dvrk/build/crtk_msgs -- -j8 -l8
[0.401s] Invoking command in '/home/utc_sim/ros2_dvrk/build/crtk_msgs': CMAKE_PREFIX_PATH=${CMAKE_PREFIX_PATH}:/home/utc_sim/ros2_ws/install /usr/bin/cmake --install /home/utc_sim/ros2_dvrk/build/crtk_msgs
[0.418s] -- Install configuration: "Release"
[0.418s] -- Execute custom install script
[0.419s] -- Up-to-date symlink: /home/utc_sim/ros2_dvrk/install/crtk_msgs/share/ament_index/resource_index/rosidl_interfaces/crtk_msgs
[0.419s] -- Up-to-date symlink: /home/utc_sim/ros2_dvrk/install/crtk_msgs/include/crtk_msgs/crtk_msgs/msg/cartesian_impedance.h
[0.419s] -- Up-to-date symlink: /home/utc_sim/ros2_dvrk/install/crtk_msgs/include/crtk_msgs/crtk_msgs/msg/cartesian_impedance_half_plane_gains.h
[0.419s] -- Up-to-date symlink: /home/utc_sim/ros2_dvrk/install/crtk_msgs/include/crtk_msgs/crtk_msgs/msg/cartesian_servo.h
[0.419s] -- Up-to-date symlink: /home/utc_sim/ros2_dvrk/install/crtk_msgs/include/crtk_msgs/crtk_msgs/msg/cartesian_state.h
[0.419s] -- Up-to-date symlink: /home/utc_sim/ros2_dvrk/install/crtk_msgs/include/crtk_msgs/crtk_msgs/msg/detail/cartesian_impedance__functions.h
[0.419s] -- Up-to-date symlink: /home/utc_sim/ros2_dvrk/install/crtk_msgs/include/crtk_msgs/crtk_msgs/msg/detail/cartesian_impedance__struct.h
[0.419s] -- Up-to-date symlink: /home/utc_sim/ros2_dvrk/install/crtk_msgs/include/crtk_msgs/crtk_msgs/msg/detail/cartesian_impedance__type_support.h
[0.419s] -- Up-to-date symlink: /home/utc_sim/ros2_dvrk/install/crtk_msgs/include/crtk_msgs/crtk_msgs/msg/detail/cartesian_impedance_half_plane_gains__functions.h
[0.419s] -- Up-to-date symlink: /home/utc_sim/ros2_dvrk/install/crtk_msgs/include/crtk_msgs/crtk_msgs/msg/detail/cartesian_impedance_half_plane_gains__struct.h
[0.419s] -- Up-to-date symlink: /home/utc_sim/ros2_dvrk/install/crtk_msgs/include/crtk_msgs/crtk_msgs/msg/detail/cartesian_impedance_half_plane_gains__type_support.h
[0.419s] -- Up-to-date symlink: /home/utc_sim/ros2_dvrk/install/crtk_msgs/include/crtk_msgs/crtk_msgs/msg/detail/cartesian_servo__functions.h
[0.419s] -- Up-to-date symlink: /home/utc_sim/ros2_dvrk/install/crtk_msgs/include/crtk_msgs/crtk_msgs/msg/detail/cartesian_servo__struct.h
[0.419s] -- Up-to-date symlink: /home/utc_sim/ros2_dvrk/install/crtk_msgs/include/crtk_msgs/crtk_msgs/msg/detail/cartesian_servo__type_support.h
[0.419s] -- Up-to-date symlink: /home/utc_sim/ros2_dvrk/install/crtk_msgs/include/crtk_msgs/crtk_msgs/msg/detail/cartesian_state__functions.h
[0.419s] -- Up-to-date symlink: /home/utc_sim/ros2_dvrk/install/crtk_msgs/include/crtk_msgs/crtk_msgs/msg/detail/cartesian_state__struct.h
[0.419s] -- Up-to-date symlink: /home/utc_sim/ros2_dvrk/install/crtk_msgs/include/crtk_msgs/crtk_msgs/msg/detail/cartesian_state__type_support.h
[0.419s] -- Up-to-date symlink: /home/utc_sim/ros2_dvrk/install/crtk_msgs/include/crtk_msgs/crtk_msgs/msg/detail/joint_servo__functions.h
[0.419s] -- Up-to-date symlink: /home/utc_sim/ros2_dvrk/install/crtk_msgs/include/crtk_msgs/crtk_msgs/msg/detail/joint_servo__struct.h
[0.419s] -- Up-to-date symlink: /home/utc_sim/ros2_dvrk/install/crtk_msgs/include/crtk_msgs/crtk_msgs/msg/detail/joint_servo__type_support.h
[0.419s] -- Up-to-date symlink: /home/utc_sim/ros2_dvrk/install/crtk_msgs/include/crtk_msgs/crtk_msgs/msg/detail/operating_state__functions.h
[0.419s] -- Up-to-date symlink: /home/utc_sim/ros2_dvrk/install/crtk_msgs/include/crtk_msgs/crtk_msgs/msg/detail/operating_state__struct.h
[0.419s] -- Up-to-date symlink: /home/utc_sim/ros2_dvrk/install/crtk_msgs/include/crtk_msgs/crtk_msgs/msg/detail/operating_state__type_support.h
[0.419s] -- Up-to-date symlink: /home/utc_sim/ros2_dvrk/install/crtk_msgs/include/crtk_msgs/crtk_msgs/msg/detail/setpoint_mode__functions.h
[0.420s] -- Up-to-date symlink: /home/utc_sim/ros2_dvrk/install/crtk_msgs/include/crtk_msgs/crtk_msgs/msg/detail/setpoint_mode__struct.h
[0.420s] -- Up-to-date symlink: /home/utc_sim/ros2_dvrk/install/crtk_msgs/include/crtk_msgs/crtk_msgs/msg/detail/setpoint_mode__type_support.h
[0.420s] -- Up-to-date symlink: /home/utc_sim/ros2_dvrk/install/crtk_msgs/include/crtk_msgs/crtk_msgs/msg/detail/string_stamped__functions.h
[0.420s] -- Up-to-date symlink: /home/utc_sim/ros2_dvrk/install/crtk_msgs/include/crtk_msgs/crtk_msgs/msg/detail/string_stamped__struct.h
[0.420s] -- Up-to-date symlink: /home/utc_sim/ros2_dvrk/install/crtk_msgs/include/crtk_msgs/crtk_msgs/msg/detail/string_stamped__type_support.h
[0.420s] -- Up-to-date symlink: /home/utc_sim/ros2_dvrk/install/crtk_msgs/include/crtk_msgs/crtk_msgs/msg/joint_servo.h
[0.420s] -- Up-to-date symlink: /home/utc_sim/ros2_dvrk/install/crtk_msgs/include/crtk_msgs/crtk_msgs/msg/operating_state.h
[0.420s] -- Up-to-date symlink: /home/utc_sim/ros2_dvrk/install/crtk_msgs/include/crtk_msgs/crtk_msgs/msg/rosidl_generator_c__visibility_control.h
[0.420s] -- Up-to-date symlink: /home/utc_sim/ros2_dvrk/install/crtk_msgs/include/crtk_msgs/crtk_msgs/msg/setpoint_mode.h
[0.420s] -- Up-to-date symlink: /home/utc_sim/ros2_dvrk/install/crtk_msgs/include/crtk_msgs/crtk_msgs/msg/string_stamped.h
[0.420s] -- Up-to-date symlink: /home/utc_sim/ros2_dvrk/install/crtk_msgs/include/crtk_msgs/crtk_msgs/srv/detail/query_forward_kinematics__functions.h
[0.420s] -- Up-to-date symlink: /home/utc_sim/ros2_dvrk/install/crtk_msgs/include/crtk_msgs/crtk_msgs/srv/detail/query_forward_kinematics__struct.h
[0.420s] -- Up-to-date symlink: /home/utc_sim/ros2_dvrk/install/crtk_msgs/include/crtk_msgs/crtk_msgs/srv/detail/query_forward_kinematics__type_support.h
[0.420s] -- Up-to-date symlink: /home/utc_sim/ros2_dvrk/install/crtk_msgs/include/crtk_msgs/crtk_msgs/srv/detail/query_inverse_kinematics__functions.h
[0.420s] -- Up-to-date symlink: /home/utc_sim/ros2_dvrk/install/crtk_msgs/include/crtk_msgs/crtk_msgs/srv/detail/query_inverse_kinematics__struct.h
[0.420s] -- Up-to-date symlink: /home/utc_sim/ros2_dvrk/install/crtk_msgs/include/crtk_msgs/crtk_msgs/srv/detail/query_inverse_kinematics__type_support.h
[0.420s] -- Up-to-date symlink: /home/utc_sim/ros2_dvrk/install/crtk_msgs/include/crtk_msgs/crtk_msgs/srv/detail/trigger_operating_state__functions.h
[0.420s] -- Up-to-date symlink: /home/utc_sim/ros2_dvrk/install/crtk_msgs/include/crtk_msgs/crtk_msgs/srv/detail/trigger_operating_state__struct.h
[0.420s] -- Up-to-date symlink: /home/utc_sim/ros2_dvrk/install/crtk_msgs/include/crtk_msgs/crtk_msgs/srv/detail/trigger_operating_state__type_support.h
[0.420s] -- Up-to-date symlink: /home/utc_sim/ros2_dvrk/install/crtk_msgs/include/crtk_msgs/crtk_msgs/srv/query_forward_kinematics.h
[0.421s] -- Up-to-date symlink: /home/utc_sim/ros2_dvrk/install/crtk_msgs/include/crtk_msgs/crtk_msgs/srv/query_inverse_kinematics.h
[0.421s] -- Up-to-date symlink: /home/utc_sim/ros2_dvrk/install/crtk_msgs/include/crtk_msgs/crtk_msgs/srv/trigger_operating_state.h
[0.451s] -- Up-to-date symlink: /home/utc_sim/ros2_dvrk/install/crtk_msgs/share/crtk_msgs/environment/library_path.sh
[0.451s] -- Up-to-date symlink: /home/utc_sim/ros2_dvrk/install/crtk_msgs/share/crtk_msgs/environment/library_path.dsv
[0.453s] -- Up-to-date symlink: /home/utc_sim/ros2_dvrk/install/crtk_msgs/include/crtk_msgs/crtk_msgs/msg/detail/cartesian_impedance__rosidl_typesupport_fastrtps_c.h
[0.454s] -- Up-to-date symlink: /home/utc_sim/ros2_dvrk/install/crtk_msgs/include/crtk_msgs/crtk_msgs/msg/detail/cartesian_impedance_half_plane_gains__rosidl_typesupport_fastrtps_c.h
[0.455s] -- Up-to-date symlink: /home/utc_sim/ros2_dvrk/install/crtk_msgs/include/crtk_msgs/crtk_msgs/msg/detail/cartesian_servo__rosidl_typesupport_fastrtps_c.h
[0.458s] -- Up-to-date symlink: /home/utc_sim/ros2_dvrk/install/crtk_msgs/include/crtk_msgs/crtk_msgs/msg/detail/cartesian_state__rosidl_typesupport_fastrtps_c.h
[0.458s] -- Up-to-date symlink: /home/utc_sim/ros2_dvrk/install/crtk_msgs/include/crtk_msgs/crtk_msgs/msg/detail/joint_servo__rosidl_typesupport_fastrtps_c.h
[0.458s] -- Up-to-date symlink: /home/utc_sim/ros2_dvrk/install/crtk_msgs/include/crtk_msgs/crtk_msgs/msg/detail/operating_state__rosidl_typesupport_fastrtps_c.h
[0.458s] -- Up-to-date symlink: /home/utc_sim/ros2_dvrk/install/crtk_msgs/include/crtk_msgs/crtk_msgs/msg/detail/setpoint_mode__rosidl_typesupport_fastrtps_c.h
[0.458s] -- Up-to-date symlink: /home/utc_sim/ros2_dvrk/install/crtk_msgs/include/crtk_msgs/crtk_msgs/msg/detail/string_stamped__rosidl_typesupport_fastrtps_c.h
[0.458s] -- Up-to-date symlink: /home/utc_sim/ros2_dvrk/install/crtk_msgs/include/crtk_msgs/crtk_msgs/msg/rosidl_typesupport_fastrtps_c__visibility_control.h
[0.459s] -- Up-to-date symlink: /home/utc_sim/ros2_dvrk/install/crtk_msgs/include/crtk_msgs/crtk_msgs/srv/detail/query_forward_kinematics__rosidl_typesupport_fastrtps_c.h
[0.459s] -- Up-to-date symlink: /home/utc_sim/ros2_dvrk/install/crtk_msgs/include/crtk_msgs/crtk_msgs/srv/detail/query_inverse_kinematics__rosidl_typesupport_fastrtps_c.h
[0.459s] -- Up-to-date symlink: /home/utc_sim/ros2_dvrk/install/crtk_msgs/include/crtk_msgs/crtk_msgs/srv/detail/trigger_operating_state__rosidl_typesupport_fastrtps_c.h
[0.459s] -- Up-to-date symlink: /home/utc_sim/ros2_dvrk/install/crtk_msgs/include/crtk_msgs/crtk_msgs/msg/cartesian_impedance.hpp
[0.459s] -- Up-to-date symlink: /home/utc_sim/ros2_dvrk/install/crtk_msgs/include/crtk_msgs/crtk_msgs/msg/cartesian_impedance_half_plane_gains.hpp
[0.459s] -- Up-to-date symlink: /home/utc_sim/ros2_dvrk/install/crtk_msgs/include/crtk_msgs/crtk_msgs/msg/cartesian_servo.hpp
[0.459s] -- Up-to-date symlink: /home/utc_sim/ros2_dvrk/install/crtk_msgs/include/crtk_msgs/crtk_msgs/msg/cartesian_state.hpp
[0.459s] -- Up-to-date symlink: /home/utc_sim/ros2_dvrk/install/crtk_msgs/include/crtk_msgs/crtk_msgs/msg/detail/cartesian_impedance__builder.hpp
[0.459s] -- Up-to-date symlink: /home/utc_sim/ros2_dvrk/install/crtk_msgs/include/crtk_msgs/crtk_msgs/msg/detail/cartesian_impedance__struct.hpp
[0.459s] -- Up-to-date symlink: /home/utc_sim/ros2_dvrk/install/crtk_msgs/include/crtk_msgs/crtk_msgs/msg/detail/cartesian_impedance__traits.hpp
[0.459s] -- Up-to-date symlink: /home/utc_sim/ros2_dvrk/install/crtk_msgs/include/crtk_msgs/crtk_msgs/msg/detail/cartesian_impedance__type_support.hpp
[0.459s] -- Up-to-date symlink: /home/utc_sim/ros2_dvrk/install/crtk_msgs/include/crtk_msgs/crtk_msgs/msg/detail/cartesian_impedance_half_plane_gains__builder.hpp
[0.460s] -- Up-to-date symlink: /home/utc_sim/ros2_dvrk/install/crtk_msgs/include/crtk_msgs/crtk_msgs/msg/detail/cartesian_impedance_half_plane_gains__struct.hpp
[0.460s] -- Up-to-date symlink: /home/utc_sim/ros2_dvrk/install/crtk_msgs/include/crtk_msgs/crtk_msgs/msg/detail/cartesian_impedance_half_plane_gains__traits.hpp
[0.460s] -- Up-to-date symlink: /home/utc_sim/ros2_dvrk/install/crtk_msgs/include/crtk_msgs/crtk_msgs/msg/detail/cartesian_impedance_half_plane_gains__type_support.hpp
[0.460s] -- Up-to-date symlink: /home/utc_sim/ros2_dvrk/install/crtk_msgs/include/crtk_msgs/crtk_msgs/msg/detail/cartesian_servo__builder.hpp
[0.460s] -- Up-to-date symlink: /home/utc_sim/ros2_dvrk/install/crtk_msgs/include/crtk_msgs/crtk_msgs/msg/detail/cartesian_servo__struct.hpp
[0.460s] -- Up-to-date symlink: /home/utc_sim/ros2_dvrk/install/crtk_msgs/include/crtk_msgs/crtk_msgs/msg/detail/cartesian_servo__traits.hpp
[0.460s] -- Up-to-date symlink: /home/utc_sim/ros2_dvrk/install/crtk_msgs/include/crtk_msgs/crtk_msgs/msg/detail/cartesian_servo__type_support.hpp
[0.460s] -- Up-to-date symlink: /home/utc_sim/ros2_dvrk/install/crtk_msgs/include/crtk_msgs/crtk_msgs/msg/detail/cartesian_state__builder.hpp
[0.460s] -- Up-to-date symlink: /home/utc_sim/ros2_dvrk/install/crtk_msgs/include/crtk_msgs/crtk_msgs/msg/detail/cartesian_state__struct.hpp
[0.460s] -- Up-to-date symlink: /home/utc_sim/ros2_dvrk/install/crtk_msgs/include/crtk_msgs/crtk_msgs/msg/detail/cartesian_state__traits.hpp
[0.460s] -- Up-to-date symlink: /home/utc_sim/ros2_dvrk/install/crtk_msgs/include/crtk_msgs/crtk_msgs/msg/detail/cartesian_state__type_support.hpp
[0.460s] -- Up-to-date symlink: /home/utc_sim/ros2_dvrk/install/crtk_msgs/include/crtk_msgs/crtk_msgs/msg/detail/joint_servo__builder.hpp
[0.460s] -- Up-to-date symlink: /home/utc_sim/ros2_dvrk/install/crtk_msgs/include/crtk_msgs/crtk_msgs/msg/detail/joint_servo__struct.hpp
[0.460s] -- Up-to-date symlink: /home/utc_sim/ros2_dvrk/install/crtk_msgs/include/crtk_msgs/crtk_msgs/msg/detail/joint_servo__traits.hpp
[0.460s] -- Up-to-date symlink: /home/utc_sim/ros2_dvrk/install/crtk_msgs/include/crtk_msgs/crtk_msgs/msg/detail/joint_servo__type_support.hpp
[0.460s] -- Up-to-date symlink: /home/utc_sim/ros2_dvrk/install/crtk_msgs/include/crtk_msgs/crtk_msgs/msg/detail/operating_state__builder.hpp
[0.460s] -- Up-to-date symlink: /home/utc_sim/ros2_dvrk/install/crtk_msgs/include/crtk_msgs/crtk_msgs/msg/detail/operating_state__struct.hpp
[0.460s] -- Up-to-date symlink: /home/utc_sim/ros2_dvrk/install/crtk_msgs/include/crtk_msgs/crtk_msgs/msg/detail/operating_state__traits.hpp
[0.460s] -- Up-to-date symlink: /home/utc_sim/ros2_dvrk/install/crtk_msgs/include/crtk_msgs/crtk_msgs/msg/detail/operating_state__type_support.hpp
[0.460s] -- Up-to-date symlink: /home/utc_sim/ros2_dvrk/install/crtk_msgs/include/crtk_msgs/crtk_msgs/msg/detail/setpoint_mode__builder.hpp
[0.460s] -- Up-to-date symlink: /home/utc_sim/ros2_dvrk/install/crtk_msgs/include/crtk_msgs/crtk_msgs/msg/detail/setpoint_mode__struct.hpp
[0.460s] -- Up-to-date symlink: /home/utc_sim/ros2_dvrk/install/crtk_msgs/include/crtk_msgs/crtk_msgs/msg/detail/setpoint_mode__traits.hpp
[0.460s] -- Up-to-date symlink: /home/utc_sim/ros2_dvrk/install/crtk_msgs/include/crtk_msgs/crtk_msgs/msg/detail/setpoint_mode__type_support.hpp
[0.460s] -- Up-to-date symlink: /home/utc_sim/ros2_dvrk/install/crtk_msgs/include/crtk_msgs/crtk_msgs/msg/detail/string_stamped__builder.hpp
[0.460s] -- Up-to-date symlink: /home/utc_sim/ros2_dvrk/install/crtk_msgs/include/crtk_msgs/crtk_msgs/msg/detail/string_stamped__struct.hpp
[0.460s] -- Up-to-date symlink: /home/utc_sim/ros2_dvrk/install/crtk_msgs/include/crtk_msgs/crtk_msgs/msg/detail/string_stamped__traits.hpp
[0.460s] -- Up-to-date symlink: /home/utc_sim/ros2_dvrk/install/crtk_msgs/include/crtk_msgs/crtk_msgs/msg/detail/string_stamped__type_support.hpp
[0.461s] -- Up-to-date symlink: /home/utc_sim/ros2_dvrk/install/crtk_msgs/include/crtk_msgs/crtk_msgs/msg/joint_servo.hpp
[0.461s] -- Up-to-date symlink: /home/utc_sim/ros2_dvrk/install/crtk_msgs/include/crtk_msgs/crtk_msgs/msg/operating_state.hpp
[0.461s] -- Up-to-date symlink: /home/utc_sim/ros2_dvrk/install/crtk_msgs/include/crtk_msgs/crtk_msgs/msg/rosidl_generator_cpp__visibility_control.hpp
[0.461s] -- Up-to-date symlink: /home/utc_sim/ros2_dvrk/install/crtk_msgs/include/crtk_msgs/crtk_msgs/msg/setpoint_mode.hpp
[0.461s] -- Up-to-date symlink: /home/utc_sim/ros2_dvrk/install/crtk_msgs/include/crtk_msgs/crtk_msgs/msg/string_stamped.hpp
[0.461s] -- Up-to-date symlink: /home/utc_sim/ros2_dvrk/install/crtk_msgs/include/crtk_msgs/crtk_msgs/srv/detail/query_forward_kinematics__builder.hpp
[0.461s] -- Up-to-date symlink: /home/utc_sim/ros2_dvrk/install/crtk_msgs/include/crtk_msgs/crtk_msgs/srv/detail/query_forward_kinematics__struct.hpp
[0.461s] -- Up-to-date symlink: /home/utc_sim/ros2_dvrk/install/crtk_msgs/include/crtk_msgs/crtk_msgs/srv/detail/query_forward_kinematics__traits.hpp
[0.461s] -- Up-to-date symlink: /home/utc_sim/ros2_dvrk/install/crtk_msgs/include/crtk_msgs/crtk_msgs/srv/detail/query_forward_kinematics__type_support.hpp
[0.461s] -- Up-to-date symlink: /home/utc_sim/ros2_dvrk/install/crtk_msgs/include/crtk_msgs/crtk_msgs/srv/detail/query_inverse_kinematics__builder.hpp
[0.461s] -- Up-to-date symlink: /home/utc_sim/ros2_dvrk/install/crtk_msgs/include/crtk_msgs/crtk_msgs/srv/detail/query_inverse_kinematics__struct.hpp
[0.461s] -- Up-to-date symlink: /home/utc_sim/ros2_dvrk/install/crtk_msgs/include/crtk_msgs/crtk_msgs/srv/detail/query_inverse_kinematics__traits.hpp
[0.461s] -- Up-to-date symlink: /home/utc_sim/ros2_dvrk/install/crtk_msgs/include/crtk_msgs/crtk_msgs/srv/detail/query_inverse_kinematics__type_support.hpp
[0.461s] -- Up-to-date symlink: /home/utc_sim/ros2_dvrk/install/crtk_msgs/include/crtk_msgs/crtk_msgs/srv/detail/trigger_operating_state__builder.hpp
[0.462s] -- Up-to-date symlink: /home/utc_sim/ros2_dvrk/install/crtk_msgs/include/crtk_msgs/crtk_msgs/srv/detail/trigger_operating_state__struct.hpp
[0.462s] -- Up-to-date symlink: /home/utc_sim/ros2_dvrk/install/crtk_msgs/include/crtk_msgs/crtk_msgs/srv/detail/trigger_operating_state__traits.hpp
[0.462s] -- Up-to-date symlink: /home/utc_sim/ros2_dvrk/install/crtk_msgs/include/crtk_msgs/crtk_msgs/srv/detail/trigger_operating_state__type_support.hpp
[0.462s] -- Up-to-date symlink: /home/utc_sim/ros2_dvrk/install/crtk_msgs/include/crtk_msgs/crtk_msgs/srv/query_forward_kinematics.hpp
[0.463s] -- Up-to-date symlink: /home/utc_sim/ros2_dvrk/install/crtk_msgs/include/crtk_msgs/crtk_msgs/srv/query_inverse_kinematics.hpp
[0.463s] -- Up-to-date symlink: /home/utc_sim/ros2_dvrk/install/crtk_msgs/include/crtk_msgs/crtk_msgs/srv/trigger_operating_state.hpp
[0.463s] -- Up-to-date symlink: /home/utc_sim/ros2_dvrk/install/crtk_msgs/include/crtk_msgs/crtk_msgs/msg/detail/cartesian_impedance__rosidl_typesupport_fastrtps_cpp.hpp
[0.463s] -- Up-to-date symlink: /home/utc_sim/ros2_dvrk/install/crtk_msgs/include/crtk_msgs/crtk_msgs/msg/detail/cartesian_impedance_half_plane_gains__rosidl_typesupport_fastrtps_cpp.hpp
[0.464s] -- Up-to-date symlink: /home/utc_sim/ros2_dvrk/install/crtk_msgs/include/crtk_msgs/crtk_msgs/msg/detail/cartesian_servo__rosidl_typesupport_fastrtps_cpp.hpp
[0.464s] -- Up-to-date symlink: /home/utc_sim/ros2_dvrk/install/crtk_msgs/include/crtk_msgs/crtk_msgs/msg/detail/cartesian_state__rosidl_typesupport_fastrtps_cpp.hpp
[0.464s] -- Up-to-date symlink: /home/utc_sim/ros2_dvrk/install/crtk_msgs/include/crtk_msgs/crtk_msgs/msg/detail/joint_servo__rosidl_typesupport_fastrtps_cpp.hpp
[0.464s] -- Up-to-date symlink: /home/utc_sim/ros2_dvrk/install/crtk_msgs/include/crtk_msgs/crtk_msgs/msg/detail/operating_state__rosidl_typesupport_fastrtps_cpp.hpp
[0.464s] -- Up-to-date symlink: /home/utc_sim/ros2_dvrk/install/crtk_msgs/include/crtk_msgs/crtk_msgs/msg/detail/setpoint_mode__rosidl_typesupport_fastrtps_cpp.hpp
[0.464s] -- Up-to-date symlink: /home/utc_sim/ros2_dvrk/install/crtk_msgs/include/crtk_msgs/crtk_msgs/msg/detail/string_stamped__rosidl_typesupport_fastrtps_cpp.hpp
[0.464s] -- Up-to-date symlink: /home/utc_sim/ros2_dvrk/install/crtk_msgs/include/crtk_msgs/crtk_msgs/msg/rosidl_typesupport_fastrtps_cpp__visibility_control.h
[0.465s] -- Up-to-date symlink: /home/utc_sim/ros2_dvrk/install/crtk_msgs/include/crtk_msgs/crtk_msgs/srv/detail/query_forward_kinematics__rosidl_typesupport_fastrtps_cpp.hpp
[0.465s] -- Up-to-date symlink: /home/utc_sim/ros2_dvrk/install/crtk_msgs/include/crtk_msgs/crtk_msgs/srv/detail/query_inverse_kinematics__rosidl_typesupport_fastrtps_cpp.hpp
[0.465s] -- Up-to-date symlink: /home/utc_sim/ros2_dvrk/install/crtk_msgs/include/crtk_msgs/crtk_msgs/srv/detail/trigger_operating_state__rosidl_typesupport_fastrtps_cpp.hpp
[0.465s] -- Up-to-date symlink: /home/utc_sim/ros2_dvrk/install/crtk_msgs/include/crtk_msgs/crtk_msgs/msg/detail/cartesian_impedance__rosidl_typesupport_introspection_c.h
[0.465s] -- Up-to-date symlink: /home/utc_sim/ros2_dvrk/install/crtk_msgs/include/crtk_msgs/crtk_msgs/msg/detail/cartesian_impedance_half_plane_gains__rosidl_typesupport_introspection_c.h
[0.465s] -- Up-to-date symlink: /home/utc_sim/ros2_dvrk/install/crtk_msgs/include/crtk_msgs/crtk_msgs/msg/detail/cartesian_servo__rosidl_typesupport_introspection_c.h
[0.465s] -- Up-to-date symlink: /home/utc_sim/ros2_dvrk/install/crtk_msgs/include/crtk_msgs/crtk_msgs/msg/detail/cartesian_state__rosidl_typesupport_introspection_c.h
[0.466s] -- Up-to-date symlink: /home/utc_sim/ros2_dvrk/install/crtk_msgs/include/crtk_msgs/crtk_msgs/msg/detail/joint_servo__rosidl_typesupport_introspection_c.h
[0.466s] -- Up-to-date symlink: /home/utc_sim/ros2_dvrk/install/crtk_msgs/include/crtk_msgs/crtk_msgs/msg/detail/operating_state__rosidl_typesupport_introspection_c.h
[0.466s] -- Up-to-date symlink: /home/utc_sim/ros2_dvrk/install/crtk_msgs/include/crtk_msgs/crtk_msgs/msg/detail/setpoint_mode__rosidl_typesupport_introspection_c.h
[0.466s] -- Up-to-date symlink: /home/utc_sim/ros2_dvrk/install/crtk_msgs/include/crtk_msgs/crtk_msgs/msg/detail/string_stamped__rosidl_typesupport_introspection_c.h
[0.466s] -- Up-to-date symlink: /home/utc_sim/ros2_dvrk/install/crtk_msgs/include/crtk_msgs/crtk_msgs/msg/rosidl_typesupport_introspection_c__visibility_control.h
[0.466s] -- Up-to-date symlink: /home/utc_sim/ros2_dvrk/install/crtk_msgs/include/crtk_msgs/crtk_msgs/srv/detail/query_forward_kinematics__rosidl_typesupport_introspection_c.h
[0.467s] -- Up-to-date symlink: /home/utc_sim/ros2_dvrk/install/crtk_msgs/include/crtk_msgs/crtk_msgs/srv/detail/query_inverse_kinematics__rosidl_typesupport_introspection_c.h
[0.467s] -- Up-to-date symlink: /home/utc_sim/ros2_dvrk/install/crtk_msgs/include/crtk_msgs/crtk_msgs/srv/detail/trigger_operating_state__rosidl_typesupport_introspection_c.h
[0.468s] -- Up-to-date symlink: /home/utc_sim/ros2_dvrk/install/crtk_msgs/include/crtk_msgs/crtk_msgs/msg/detail/cartesian_impedance__rosidl_typesupport_introspection_cpp.hpp
[0.468s] -- Up-to-date symlink: /home/utc_sim/ros2_dvrk/install/crtk_msgs/include/crtk_msgs/crtk_msgs/msg/detail/cartesian_impedance_half_plane_gains__rosidl_typesupport_introspection_cpp.hpp
[0.469s] -- Up-to-date symlink: /home/utc_sim/ros2_dvrk/install/crtk_msgs/include/crtk_msgs/crtk_msgs/msg/detail/cartesian_servo__rosidl_typesupport_introspection_cpp.hpp
[0.469s] -- Up-to-date symlink: /home/utc_sim/ros2_dvrk/install/crtk_msgs/include/crtk_msgs/crtk_msgs/msg/detail/cartesian_state__rosidl_typesupport_introspection_cpp.hpp
[0.469s] -- Up-to-date symlink: /home/utc_sim/ros2_dvrk/install/crtk_msgs/include/crtk_msgs/crtk_msgs/msg/detail/joint_servo__rosidl_typesupport_introspection_cpp.hpp
[0.469s] -- Up-to-date symlink: /home/utc_sim/ros2_dvrk/install/crtk_msgs/include/crtk_msgs/crtk_msgs/msg/detail/operating_state__rosidl_typesupport_introspection_cpp.hpp
[0.469s] -- Up-to-date symlink: /home/utc_sim/ros2_dvrk/install/crtk_msgs/include/crtk_msgs/crtk_msgs/msg/detail/setpoint_mode__rosidl_typesupport_introspection_cpp.hpp
[0.469s] -- Up-to-date symlink: /home/utc_sim/ros2_dvrk/install/crtk_msgs/include/crtk_msgs/crtk_msgs/msg/detail/string_stamped__rosidl_typesupport_introspection_cpp.hpp
[0.470s] -- Up-to-date symlink: /home/utc_sim/ros2_dvrk/install/crtk_msgs/include/crtk_msgs/crtk_msgs/srv/detail/query_forward_kinematics__rosidl_typesupport_introspection_cpp.hpp
[0.470s] -- Up-to-date symlink: /home/utc_sim/ros2_dvrk/install/crtk_msgs/include/crtk_msgs/crtk_msgs/srv/detail/query_inverse_kinematics__rosidl_typesupport_introspection_cpp.hpp
[0.470s] -- Up-to-date symlink: /home/utc_sim/ros2_dvrk/install/crtk_msgs/include/crtk_msgs/crtk_msgs/srv/detail/trigger_operating_state__rosidl_typesupport_introspection_cpp.hpp
[0.471s] -- Up-to-date symlink: /home/utc_sim/ros2_dvrk/install/crtk_msgs/share/crtk_msgs/environment/pythonpath.sh
[0.471s] -- Up-to-date symlink: /home/utc_sim/ros2_dvrk/install/crtk_msgs/share/crtk_msgs/environment/pythonpath.dsv
[0.471s] -- Up-to-date symlink: /home/utc_sim/ros2_dvrk/install/crtk_msgs/local/lib/python3.10/dist-packages/crtk_msgs-1.3.0-py3.10.egg-info/PKG-INFO
[0.471s] -- Up-to-date symlink: /home/utc_sim/ros2_dvrk/install/crtk_msgs/local/lib/python3.10/dist-packages/crtk_msgs-1.3.0-py3.10.egg-info/SOURCES.txt
[0.471s] -- Up-to-date symlink: /home/utc_sim/ros2_dvrk/install/crtk_msgs/local/lib/python3.10/dist-packages/crtk_msgs-1.3.0-py3.10.egg-info/dependency_links.txt
[0.472s] -- Up-to-date symlink: /home/utc_sim/ros2_dvrk/install/crtk_msgs/local/lib/python3.10/dist-packages/crtk_msgs-1.3.0-py3.10.egg-info/top_level.txt
[0.472s] -- Up-to-date symlink: /home/utc_sim/ros2_dvrk/install/crtk_msgs/local/lib/python3.10/dist-packages/crtk_msgs/__init__.py
[0.473s] -- Up-to-date symlink: /home/utc_sim/ros2_dvrk/install/crtk_msgs/local/lib/python3.10/dist-packages/crtk_msgs/_crtk_msgs_s.ep.rosidl_typesupport_c.c
[0.473s] -- Up-to-date symlink: /home/utc_sim/ros2_dvrk/install/crtk_msgs/local/lib/python3.10/dist-packages/crtk_msgs/_crtk_msgs_s.ep.rosidl_typesupport_fastrtps_c.c
[0.473s] -- Up-to-date symlink: /home/utc_sim/ros2_dvrk/install/crtk_msgs/local/lib/python3.10/dist-packages/crtk_msgs/_crtk_msgs_s.ep.rosidl_typesupport_introspection_c.c
[0.473s] -- Up-to-date symlink: /home/utc_sim/ros2_dvrk/install/crtk_msgs/local/lib/python3.10/dist-packages/crtk_msgs/crtk_msgs_s__rosidl_typesupport_c.cpython-310-aarch64-linux-gnu.so
[0.474s] -- Up-to-date symlink: /home/utc_sim/ros2_dvrk/install/crtk_msgs/local/lib/python3.10/dist-packages/crtk_msgs/crtk_msgs_s__rosidl_typesupport_fastrtps_c.cpython-310-aarch64-linux-gnu.so
[0.474s] -- Up-to-date symlink: /home/utc_sim/ros2_dvrk/install/crtk_msgs/local/lib/python3.10/dist-packages/crtk_msgs/crtk_msgs_s__rosidl_typesupport_introspection_c.cpython-310-aarch64-linux-gnu.so
[0.474s] -- Up-to-date symlink: /home/utc_sim/ros2_dvrk/install/crtk_msgs/local/lib/python3.10/dist-packages/crtk_msgs/libcrtk_msgs__rosidl_generator_py.so
[0.475s] -- Up-to-date symlink: /home/utc_sim/ros2_dvrk/install/crtk_msgs/local/lib/python3.10/dist-packages/crtk_msgs/msg/__init__.py
[0.475s] -- Up-to-date symlink: /home/utc_sim/ros2_dvrk/install/crtk_msgs/local/lib/python3.10/dist-packages/crtk_msgs/msg/_cartesian_impedance.py
[0.476s] -- Up-to-date symlink: /home/utc_sim/ros2_dvrk/install/crtk_msgs/local/lib/python3.10/dist-packages/crtk_msgs/msg/_cartesian_impedance_half_plane_gains.py
[0.476s] -- Up-to-date symlink: /home/utc_sim/ros2_dvrk/install/crtk_msgs/local/lib/python3.10/dist-packages/crtk_msgs/msg/_cartesian_impedance_half_plane_gains_s.c
[0.476s] -- Up-to-date symlink: /home/utc_sim/ros2_dvrk/install/crtk_msgs/local/lib/python3.10/dist-packages/crtk_msgs/msg/_cartesian_impedance_s.c
[0.476s] -- Up-to-date symlink: /home/utc_sim/ros2_dvrk/install/crtk_msgs/local/lib/python3.10/dist-packages/crtk_msgs/msg/_cartesian_servo.py
[0.477s] -- Up-to-date symlink: /home/utc_sim/ros2_dvrk/install/crtk_msgs/local/lib/python3.10/dist-packages/crtk_msgs/msg/_cartesian_servo_s.c
[0.477s] -- Up-to-date symlink: /home/utc_sim/ros2_dvrk/install/crtk_msgs/local/lib/python3.10/dist-packages/crtk_msgs/msg/_cartesian_state.py
[0.477s] -- Up-to-date symlink: /home/utc_sim/ros2_dvrk/install/crtk_msgs/local/lib/python3.10/dist-packages/crtk_msgs/msg/_cartesian_state_s.c
[0.477s] -- Up-to-date symlink: /home/utc_sim/ros2_dvrk/install/crtk_msgs/local/lib/python3.10/dist-packages/crtk_msgs/msg/_joint_servo.py
[0.477s] -- Up-to-date symlink: /home/utc_sim/ros2_dvrk/install/crtk_msgs/local/lib/python3.10/dist-packages/crtk_msgs/msg/_joint_servo_s.c
[0.477s] -- Up-to-date symlink: /home/utc_sim/ros2_dvrk/install/crtk_msgs/local/lib/python3.10/dist-packages/crtk_msgs/msg/_operating_state.py
[0.477s] -- Up-to-date symlink: /home/utc_sim/ros2_dvrk/install/crtk_msgs/local/lib/python3.10/dist-packages/crtk_msgs/msg/_operating_state_s.c
[0.478s] -- Up-to-date symlink: /home/utc_sim/ros2_dvrk/install/crtk_msgs/local/lib/python3.10/dist-packages/crtk_msgs/msg/_setpoint_mode.py
[0.478s] -- Up-to-date symlink: /home/utc_sim/ros2_dvrk/install/crtk_msgs/local/lib/python3.10/dist-packages/crtk_msgs/msg/_setpoint_mode_s.c
[0.478s] -- Up-to-date symlink: /home/utc_sim/ros2_dvrk/install/crtk_msgs/local/lib/python3.10/dist-packages/crtk_msgs/msg/_string_stamped.py
[0.478s] -- Up-to-date symlink: /home/utc_sim/ros2_dvrk/install/crtk_msgs/local/lib/python3.10/dist-packages/crtk_msgs/msg/_string_stamped_s.c
[0.479s] -- Up-to-date symlink: /home/utc_sim/ros2_dvrk/install/crtk_msgs/local/lib/python3.10/dist-packages/crtk_msgs/srv/__init__.py
[0.479s] -- Up-to-date symlink: /home/utc_sim/ros2_dvrk/install/crtk_msgs/local/lib/python3.10/dist-packages/crtk_msgs/srv/_query_forward_kinematics.py
[0.479s] -- Up-to-date symlink: /home/utc_sim/ros2_dvrk/install/crtk_msgs/local/lib/python3.10/dist-packages/crtk_msgs/srv/_query_forward_kinematics_s.c
[0.479s] -- Up-to-date symlink: /home/utc_sim/ros2_dvrk/install/crtk_msgs/local/lib/python3.10/dist-packages/crtk_msgs/srv/_query_inverse_kinematics.py
[0.479s] -- Up-to-date symlink: /home/utc_sim/ros2_dvrk/install/crtk_msgs/local/lib/python3.10/dist-packages/crtk_msgs/srv/_query_inverse_kinematics_s.c
[0.479s] -- Up-to-date symlink: /home/utc_sim/ros2_dvrk/install/crtk_msgs/local/lib/python3.10/dist-packages/crtk_msgs/srv/_trigger_operating_state.py
[0.479s] -- Up-to-date symlink: /home/utc_sim/ros2_dvrk/install/crtk_msgs/local/lib/python3.10/dist-packages/crtk_msgs/srv/_trigger_operating_state_s.c
[0.480s] -- Up-to-date symlink: /home/utc_sim/ros2_dvrk/install/crtk_msgs/local/lib/python3.10/dist-packages/crtk_msgs/crtk_msgs_s__rosidl_typesupport_fastrtps_c.cpython-310-aarch64-linux-gnu.so
[0.480s] -- Up-to-date symlink: /home/utc_sim/ros2_dvrk/install/crtk_msgs/local/lib/python3.10/dist-packages/crtk_msgs/crtk_msgs_s__rosidl_typesupport_introspection_c.cpython-310-aarch64-linux-gnu.so
[0.480s] -- Up-to-date symlink: /home/utc_sim/ros2_dvrk/install/crtk_msgs/local/lib/python3.10/dist-packages/crtk_msgs/crtk_msgs_s__rosidl_typesupport_c.cpython-310-aarch64-linux-gnu.so
[0.480s] -- Up-to-date symlink: /home/utc_sim/ros2_dvrk/install/crtk_msgs/share/crtk_msgs/msg/OperatingState.idl
[0.480s] -- Up-to-date symlink: /home/utc_sim/ros2_dvrk/install/crtk_msgs/share/crtk_msgs/msg/StringStamped.idl
[0.480s] -- Up-to-date symlink: /home/utc_sim/ros2_dvrk/install/crtk_msgs/share/crtk_msgs/msg/CartesianImpedanceHalfPlaneGains.idl
[0.480s] -- Up-to-date symlink: /home/utc_sim/ros2_dvrk/install/crtk_msgs/share/crtk_msgs/msg/CartesianImpedance.idl
[0.480s] -- Up-to-date symlink: /home/utc_sim/ros2_dvrk/install/crtk_msgs/share/crtk_msgs/msg/CartesianState.idl
[0.480s] -- Up-to-date symlink: /home/utc_sim/ros2_dvrk/install/crtk_msgs/share/crtk_msgs/msg/SetpointMode.idl
[0.480s] -- Up-to-date symlink: /home/utc_sim/ros2_dvrk/install/crtk_msgs/share/crtk_msgs/msg/CartesianServo.idl
[0.480s] -- Up-to-date symlink: /home/utc_sim/ros2_dvrk/install/crtk_msgs/share/crtk_msgs/msg/JointServo.idl
[0.480s] -- Up-to-date symlink: /home/utc_sim/ros2_dvrk/install/crtk_msgs/share/crtk_msgs/srv/TriggerOperatingState.idl
[0.480s] -- Up-to-date symlink: /home/utc_sim/ros2_dvrk/install/crtk_msgs/share/crtk_msgs/srv/QueryForwardKinematics.idl
[0.480s] -- Up-to-date symlink: /home/utc_sim/ros2_dvrk/install/crtk_msgs/share/crtk_msgs/srv/QueryInverseKinematics.idl
[0.480s] -- Up-to-date symlink: /home/utc_sim/ros2_dvrk/install/crtk_msgs/share/crtk_msgs/msg/OperatingState.msg
[0.480s] -- Up-to-date symlink: /home/utc_sim/ros2_dvrk/install/crtk_msgs/share/crtk_msgs/msg/StringStamped.msg
[0.480s] -- Up-to-date symlink: /home/utc_sim/ros2_dvrk/install/crtk_msgs/share/crtk_msgs/msg/CartesianImpedanceHalfPlaneGains.msg
[0.480s] -- Up-to-date symlink: /home/utc_sim/ros2_dvrk/install/crtk_msgs/share/crtk_msgs/msg/CartesianImpedance.msg
[0.480s] -- Up-to-date symlink: /home/utc_sim/ros2_dvrk/install/crtk_msgs/share/crtk_msgs/msg/CartesianState.msg
[0.480s] -- Up-to-date symlink: /home/utc_sim/ros2_dvrk/install/crtk_msgs/share/crtk_msgs/msg/SetpointMode.msg
[0.480s] -- Up-to-date symlink: /home/utc_sim/ros2_dvrk/install/crtk_msgs/share/crtk_msgs/msg/CartesianServo.msg
[0.480s] -- Up-to-date symlink: /home/utc_sim/ros2_dvrk/install/crtk_msgs/share/crtk_msgs/msg/JointServo.msg
[0.480s] -- Up-to-date symlink: /home/utc_sim/ros2_dvrk/install/crtk_msgs/share/crtk_msgs/srv/TriggerOperatingState.srv
[0.480s] -- Up-to-date symlink: /home/utc_sim/ros2_dvrk/install/crtk_msgs/share/crtk_msgs/srv/TriggerOperatingState_Request.msg
[0.480s] -- Up-to-date symlink: /home/utc_sim/ros2_dvrk/install/crtk_msgs/share/crtk_msgs/srv/TriggerOperatingState_Response.msg
[0.481s] -- Up-to-date symlink: /home/utc_sim/ros2_dvrk/install/crtk_msgs/share/crtk_msgs/srv/QueryForwardKinematics.srv
[0.481s] -- Up-to-date symlink: /home/utc_sim/ros2_dvrk/install/crtk_msgs/share/crtk_msgs/srv/QueryForwardKinematics_Request.msg
[0.481s] -- Up-to-date symlink: /home/utc_sim/ros2_dvrk/install/crtk_msgs/share/crtk_msgs/srv/QueryForwardKinematics_Response.msg
[0.481s] -- Up-to-date symlink: /home/utc_sim/ros2_dvrk/install/crtk_msgs/share/crtk_msgs/srv/QueryInverseKinematics.srv
[0.481s] -- Up-to-date symlink: /home/utc_sim/ros2_dvrk/install/crtk_msgs/share/crtk_msgs/srv/QueryInverseKinematics_Request.msg
[0.481s] -- Up-to-date symlink: /home/utc_sim/ros2_dvrk/install/crtk_msgs/share/crtk_msgs/srv/QueryInverseKinematics_Response.msg
[0.481s] -- Up-to-date symlink: /home/utc_sim/ros2_dvrk/install/crtk_msgs/share/ament_index/resource_index/package_run_dependencies/crtk_msgs
[0.481s] -- Up-to-date symlink: /home/utc_sim/ros2_dvrk/install/crtk_msgs/share/ament_index/resource_index/parent_prefix_path/crtk_msgs
[0.481s] -- Up-to-date symlink: /home/utc_sim/ros2_dvrk/install/crtk_msgs/share/crtk_msgs/environment/ament_prefix_path.sh
[0.481s] -- Up-to-date symlink: /home/utc_sim/ros2_dvrk/install/crtk_msgs/share/crtk_msgs/environment/ament_prefix_path.dsv
[0.481s] -- Up-to-date symlink: /home/utc_sim/ros2_dvrk/install/crtk_msgs/share/crtk_msgs/environment/path.sh
[0.482s] -- Up-to-date symlink: /home/utc_sim/ros2_dvrk/install/crtk_msgs/share/crtk_msgs/environment/path.dsv
[0.482s] -- Up-to-date symlink: /home/utc_sim/ros2_dvrk/install/crtk_msgs/share/crtk_msgs/local_setup.bash
[0.482s] -- Up-to-date symlink: /home/utc_sim/ros2_dvrk/install/crtk_msgs/share/crtk_msgs/local_setup.sh
[0.482s] -- Up-to-date symlink: /home/utc_sim/ros2_dvrk/install/crtk_msgs/share/crtk_msgs/local_setup.zsh
[0.482s] -- Up-to-date symlink: /home/utc_sim/ros2_dvrk/install/crtk_msgs/share/crtk_msgs/local_setup.dsv
[0.482s] -- Symlinking: /home/utc_sim/ros2_dvrk/install/crtk_msgs/share/crtk_msgs/package.dsv
[0.500s] -- Up-to-date symlink: /home/utc_sim/ros2_dvrk/install/crtk_msgs/share/ament_index/resource_index/packages/crtk_msgs
[0.500s] -- Up-to-date symlink: /home/utc_sim/ros2_dvrk/install/crtk_msgs/share/crtk_msgs/cmake/rosidl_cmake-extras.cmake
[0.501s] -- Up-to-date symlink: /home/utc_sim/ros2_dvrk/install/crtk_msgs/share/crtk_msgs/cmake/ament_cmake_export_dependencies-extras.cmake
[0.501s] -- Up-to-date symlink: /home/utc_sim/ros2_dvrk/install/crtk_msgs/share/crtk_msgs/cmake/ament_cmake_export_include_directories-extras.cmake
[0.501s] -- Up-to-date symlink: /home/utc_sim/ros2_dvrk/install/crtk_msgs/share/crtk_msgs/cmake/ament_cmake_export_libraries-extras.cmake
[0.501s] -- Up-to-date symlink: /home/utc_sim/ros2_dvrk/install/crtk_msgs/share/crtk_msgs/cmake/ament_cmake_export_targets-extras.cmake
[0.501s] -- Up-to-date symlink: /home/utc_sim/ros2_dvrk/install/crtk_msgs/share/crtk_msgs/cmake/rosidl_cmake_export_typesupport_targets-extras.cmake
[0.501s] -- Up-to-date symlink: /home/utc_sim/ros2_dvrk/install/crtk_msgs/share/crtk_msgs/cmake/rosidl_cmake_export_typesupport_libraries-extras.cmake
[0.501s] -- Up-to-date symlink: /home/utc_sim/ros2_dvrk/install/crtk_msgs/share/crtk_msgs/cmake/crtk_msgsConfig.cmake
[0.501s] -- Up-to-date symlink: /home/utc_sim/ros2_dvrk/install/crtk_msgs/share/crtk_msgs/cmake/crtk_msgsConfig-version.cmake
[0.501s] -- Up-to-date symlink: /home/utc_sim/ros2_dvrk/install/crtk_msgs/share/crtk_msgs/package.xml
[0.501s] -- Up-to-date: /home/utc_sim/ros2_dvrk/install/crtk_msgs/lib/libcrtk_msgs__rosidl_generator_c.so
[0.501s] -- Up-to-date: /home/utc_sim/ros2_dvrk/install/crtk_msgs/lib/libcrtk_msgs__rosidl_typesupport_fastrtps_c.so
[0.501s] -- Up-to-date: /home/utc_sim/ros2_dvrk/install/crtk_msgs/lib/libcrtk_msgs__rosidl_typesupport_fastrtps_cpp.so
[0.501s] -- Up-to-date: /home/utc_sim/ros2_dvrk/install/crtk_msgs/lib/libcrtk_msgs__rosidl_typesupport_introspection_c.so
[0.501s] -- Up-to-date: /home/utc_sim/ros2_dvrk/install/crtk_msgs/lib/libcrtk_msgs__rosidl_typesupport_c.so
[0.501s] -- Up-to-date: /home/utc_sim/ros2_dvrk/install/crtk_msgs/lib/libcrtk_msgs__rosidl_typesupport_introspection_cpp.so
[0.501s] -- Up-to-date: /home/utc_sim/ros2_dvrk/install/crtk_msgs/lib/libcrtk_msgs__rosidl_typesupport_cpp.so
[0.531s] Listing '/home/utc_sim/ros2_dvrk/install/crtk_msgs/local/lib/python3.10/dist-packages/crtk_msgs'...
[0.532s] Listing '/home/utc_sim/ros2_dvrk/install/crtk_msgs/local/lib/python3.10/dist-packages/crtk_msgs/msg'...
[0.532s] Listing '/home/utc_sim/ros2_dvrk/install/crtk_msgs/local/lib/python3.10/dist-packages/crtk_msgs/srv'...
[0.535s] -- Up-to-date: /home/utc_sim/ros2_dvrk/install/crtk_msgs/lib/libcrtk_msgs__rosidl_generator_py.so
[0.535s] -- Up-to-date: /home/utc_sim/ros2_dvrk/install/crtk_msgs/share/crtk_msgs/cmake/export_crtk_msgs__rosidl_generator_cExport.cmake
[0.535s] -- Up-to-date: /home/utc_sim/ros2_dvrk/install/crtk_msgs/share/crtk_msgs/cmake/export_crtk_msgs__rosidl_generator_cExport-release.cmake
[0.535s] -- Up-to-date: /home/utc_sim/ros2_dvrk/install/crtk_msgs/share/crtk_msgs/cmake/export_crtk_msgs__rosidl_typesupport_fastrtps_cExport.cmake
[0.535s] -- Up-to-date: /home/utc_sim/ros2_dvrk/install/crtk_msgs/share/crtk_msgs/cmake/export_crtk_msgs__rosidl_typesupport_fastrtps_cExport-release.cmake
[0.535s] -- Up-to-date: /home/utc_sim/ros2_dvrk/install/crtk_msgs/share/crtk_msgs/cmake/export_crtk_msgs__rosidl_generator_cppExport.cmake
[0.535s] -- Up-to-date: /home/utc_sim/ros2_dvrk/install/crtk_msgs/share/crtk_msgs/cmake/export_crtk_msgs__rosidl_typesupport_fastrtps_cppExport.cmake
[0.535s] -- Up-to-date: /home/utc_sim/ros2_dvrk/install/crtk_msgs/share/crtk_msgs/cmake/export_crtk_msgs__rosidl_typesupport_fastrtps_cppExport-release.cmake
[0.536s] -- Up-to-date: /home/utc_sim/ros2_dvrk/install/crtk_msgs/share/crtk_msgs/cmake/crtk_msgs__rosidl_typesupport_introspection_cExport.cmake
[0.536s] -- Up-to-date: /home/utc_sim/ros2_dvrk/install/crtk_msgs/share/crtk_msgs/cmake/crtk_msgs__rosidl_typesupport_introspection_cExport-release.cmake
[0.536s] -- Up-to-date: /home/utc_sim/ros2_dvrk/install/crtk_msgs/share/crtk_msgs/cmake/crtk_msgs__rosidl_typesupport_cExport.cmake
[0.536s] -- Up-to-date: /home/utc_sim/ros2_dvrk/install/crtk_msgs/share/crtk_msgs/cmake/crtk_msgs__rosidl_typesupport_cExport-release.cmake
[0.536s] -- Up-to-date: /home/utc_sim/ros2_dvrk/install/crtk_msgs/share/crtk_msgs/cmake/crtk_msgs__rosidl_typesupport_introspection_cppExport.cmake
[0.536s] -- Up-to-date: /home/utc_sim/ros2_dvrk/install/crtk_msgs/share/crtk_msgs/cmake/crtk_msgs__rosidl_typesupport_introspection_cppExport-release.cmake
[0.536s] -- Up-to-date: /home/utc_sim/ros2_dvrk/install/crtk_msgs/share/crtk_msgs/cmake/crtk_msgs__rosidl_typesupport_cppExport.cmake
[0.536s] -- Up-to-date: /home/utc_sim/ros2_dvrk/install/crtk_msgs/share/crtk_msgs/cmake/crtk_msgs__rosidl_typesupport_cppExport-release.cmake
[0.536s] -- Up-to-date: /home/utc_sim/ros2_dvrk/install/crtk_msgs/share/crtk_msgs/cmake/export_crtk_msgs__rosidl_generator_pyExport.cmake
[0.536s] -- Up-to-date: /home/utc_sim/ros2_dvrk/install/crtk_msgs/share/crtk_msgs/cmake/export_crtk_msgs__rosidl_generator_pyExport-release.cmake
[0.546s] Invoked command in '/home/utc_sim/ros2_dvrk/build/crtk_msgs' returned '0': CMAKE_PREFIX_PATH=${CMAKE_PREFIX_PATH}:/home/utc_sim/ros2_ws/install /usr/bin/cmake --install /home/utc_sim/ros2_dvrk/build/crtk_msgs
