-- The C compiler identification is GNU 11.4.0
-- The CXX compiler identification is GNU 11.4.0
-- Detecting C compiler ABI info
-- Detecting C compiler ABI info - done
-- Check for working C compiler: /usr/bin/cc - skipped
-- Detecting C compile features
-- Detecting C compile features - done
-- Detecting CXX compiler ABI info
-- Detecting CXX compiler ABI info - done
-- Check for working CXX compiler: /usr/bin/c++ - skipped
-- Detecting CXX compile features
-- Detecting CXX compile features - done
-- Found Python3: /usr/bin/python3 (found version "3.10.12") found components: Interpreter 
-- Override CMake install command with custom implementation using symlinks instead of copying resources
-- Found rclcpp: 16.0.17 (/opt/ros/humble/share/rclcpp/cmake)
-- Found rosidl_generator_c: 3.1.8 (/opt/ros/humble/share/rosidl_generator_c/cmake)
-- Found rosidl_adapter: 3.1.8 (/opt/ros/humble/share/rosidl_adapter/cmake)
-- Found rosidl_generator_cpp: 3.1.8 (/opt/ros/humble/share/rosidl_generator_cpp/cmake)
-- Using all available rosidl_typesupport_c: rosidl_typesupport_fastrtps_c;rosidl_typesupport_introspection_c
-- Using all available rosidl_typesupport_cpp: rosidl_typesupport_fastrtps_cpp;rosidl_typesupport_introspection_cpp
-- Found rmw_implementation_cmake: 6.1.2 (/opt/ros/humble/share/rmw_implementation_cmake/cmake)
-- Found rmw_fastrtps_cpp: 6.2.9 (/opt/ros/humble/share/rmw_fastrtps_cpp/cmake)
-- Found OpenSSL: /usr/lib/aarch64-linux-gnu/libcrypto.so (found version "3.0.2")  
-- Found FastRTPS: /opt/ros/humble/include  
-- Using RMW implementation 'rmw_fastrtps_cpp' as default
-- Looking for pthread.h
-- Looking for pthread.h - found
-- Performing Test CMAKE_HAVE_LIBC_PTHREAD
-- Performing Test CMAKE_HAVE_LIBC_PTHREAD - Success
-- Found Threads: TRUE  
-- Found geometry_msgs: 4.9.0 (/opt/ros/humble/share/geometry_msgs/cmake)
-- Found rosidl_default_generators: 1.2.0 (/opt/ros/humble/share/rosidl_default_generators/cmake)
-- Found ament_cmake_ros: 0.10.0 (/opt/ros/humble/share/ament_cmake_ros/cmake)
-- Using all available rosidl_typesupport_c: rosidl_typesupport_fastrtps_c;rosidl_typesupport_introspection_c
-- Using all available rosidl_typesupport_cpp: rosidl_typesupport_fastrtps_cpp;rosidl_typesupport_introspection_cpp
-- Found PythonInterp: /usr/bin/python3 (found suitable version "3.10.12", minimum required is "3.6") 
-- Found python_cmake_module: 0.10.0 (/opt/ros/humble/share/python_cmake_module/cmake)
-- Found PythonLibs: /usr/lib/aarch64-linux-gnu/libpython3.10.so (found suitable version "3.10.12", minimum required is "3.5") 
-- Using PYTHON_EXECUTABLE: /usr/bin/python3
-- Using PYTHON_INCLUDE_DIRS: /usr/include/python3.10
-- Using PYTHON_LIBRARIES: /usr/lib/aarch64-linux-gnu/libpython3.10.so
-- Found PythonExtra: .so  
-- Configuring done
-- Generating done
-- Build files have been written to: /home/utc_sim/ros2_dvrk/build/cisst_msgs
[  1%] [34m[1mGenerating C code for ROS interfaces[0m
[  1%] Built target ament_cmake_python_symlink_cisst_msgs
[  3%] [34m[1mGenerating C++ code for ROS interfaces[0m
running egg_info
creating cisst_msgs.egg-info
writing cisst_msgs.egg-info/PKG-INFO
writing dependency_links to cisst_msgs.egg-info/dependency_links.txt
writing top-level names to cisst_msgs.egg-info/top_level.txt
writing manifest file 'cisst_msgs.egg-info/SOURCES.txt'
reading manifest file 'cisst_msgs.egg-info/SOURCES.txt'
writing manifest file 'cisst_msgs.egg-info/SOURCES.txt'
[  3%] Built target ament_cmake_python_build_cisst_msgs_egg
[  3%] Built target cisst_msgs__cpp
[  5%] [34m[1mGenerating C++ type support dispatch for ROS interfaces[0m
[  7%] [34m[1mGenerating C++ type support for eProsima Fast-RTPS[0m
[  9%] [34m[1mGenerating C++ introspection for ROS interfaces[0m
[ 10%] [32mBuilding C object CMakeFiles/cisst_msgs__rosidl_generator_c.dir/rosidl_generator_c/cisst_msgs/msg/detail/double_vec__functions.c.o[0m
[ 12%] [32mBuilding C object CMakeFiles/cisst_msgs__rosidl_generator_c.dir/rosidl_generator_c/cisst_msgs/msg/detail/interval_statistics__functions.c.o[0m
[ 14%] [32mBuilding C object CMakeFiles/cisst_msgs__rosidl_generator_c.dir/rosidl_generator_c/cisst_msgs/msg/detail/bool_stamped__functions.c.o[0m
[ 16%] [32mBuilding C object CMakeFiles/cisst_msgs__rosidl_generator_c.dir/rosidl_generator_c/cisst_msgs/srv/detail/convert_float64_array__functions.c.o[0m
[ 18%] [32m[1mLinking C shared library libcisst_msgs__rosidl_generator_c.so[0m
[ 20%] [32mBuilding CXX object CMakeFiles/cisst_msgs__rosidl_typesupport_cpp.dir/rosidl_typesupport_cpp/cisst_msgs/msg/double_vec__type_support.cpp.o[0m
[ 21%] [32mBuilding CXX object CMakeFiles/cisst_msgs__rosidl_typesupport_cpp.dir/rosidl_typesupport_cpp/cisst_msgs/msg/bool_stamped__type_support.cpp.o[0m
[ 23%] [32mBuilding CXX object CMakeFiles/cisst_msgs__rosidl_typesupport_cpp.dir/rosidl_typesupport_cpp/cisst_msgs/msg/interval_statistics__type_support.cpp.o[0m
[ 25%] [32mBuilding CXX object CMakeFiles/cisst_msgs__rosidl_typesupport_cpp.dir/rosidl_typesupport_cpp/cisst_msgs/srv/convert_float64_array__type_support.cpp.o[0m
[ 27%] [32mBuilding CXX object CMakeFiles/cisst_msgs__rosidl_typesupport_fastrtps_cpp.dir/rosidl_typesupport_fastrtps_cpp/cisst_msgs/msg/detail/dds_fastrtps/double_vec__type_support.cpp.o[0m
[ 27%] Built target cisst_msgs__rosidl_generator_c
[ 29%] [34m[1mGenerating C type support for eProsima Fast-RTPS[0m
[ 30%] [32mBuilding CXX object CMakeFiles/cisst_msgs__rosidl_typesupport_fastrtps_cpp.dir/rosidl_typesupport_fastrtps_cpp/cisst_msgs/msg/detail/dds_fastrtps/interval_statistics__type_support.cpp.o[0m
[ 32%] [32mBuilding CXX object CMakeFiles/cisst_msgs__rosidl_typesupport_introspection_cpp.dir/rosidl_typesupport_introspection_cpp/cisst_msgs/msg/detail/double_vec__type_support.cpp.o[0m
[ 34%] [32mBuilding CXX object CMakeFiles/cisst_msgs__rosidl_typesupport_introspection_cpp.dir/rosidl_typesupport_introspection_cpp/cisst_msgs/msg/detail/interval_statistics__type_support.cpp.o[0m
[ 36%] [32mBuilding CXX object CMakeFiles/cisst_msgs__rosidl_typesupport_introspection_cpp.dir/rosidl_typesupport_introspection_cpp/cisst_msgs/msg/detail/bool_stamped__type_support.cpp.o[0m
[ 38%] [34m[1mGenerating C introspection for ROS interfaces[0m
[ 40%] [32m[1mLinking CXX shared library libcisst_msgs__rosidl_typesupport_cpp.so[0m
[ 41%] [32mBuilding CXX object CMakeFiles/cisst_msgs__rosidl_typesupport_fastrtps_cpp.dir/rosidl_typesupport_fastrtps_cpp/cisst_msgs/msg/detail/dds_fastrtps/bool_stamped__type_support.cpp.o[0m
[ 41%] Built target cisst_msgs__rosidl_typesupport_cpp
[ 43%] [32mBuilding CXX object CMakeFiles/cisst_msgs__rosidl_typesupport_fastrtps_c.dir/rosidl_typesupport_fastrtps_c/cisst_msgs/msg/detail/double_vec__type_support_c.cpp.o[0m
[ 45%] [34m[1mGenerating C type support dispatch for ROS interfaces[0m
[ 47%] [32mBuilding CXX object CMakeFiles/cisst_msgs__rosidl_typesupport_fastrtps_cpp.dir/rosidl_typesupport_fastrtps_cpp/cisst_msgs/srv/detail/dds_fastrtps/convert_float64_array__type_support.cpp.o[0m
[ 49%] [32mBuilding CXX object CMakeFiles/cisst_msgs__rosidl_typesupport_introspection_cpp.dir/rosidl_typesupport_introspection_cpp/cisst_msgs/srv/detail/convert_float64_array__type_support.cpp.o[0m
[ 50%] [32mBuilding CXX object CMakeFiles/cisst_msgs__rosidl_typesupport_fastrtps_c.dir/rosidl_typesupport_fastrtps_c/cisst_msgs/msg/detail/interval_statistics__type_support_c.cpp.o[0m
[ 52%] [32mBuilding C object CMakeFiles/cisst_msgs__rosidl_typesupport_introspection_c.dir/rosidl_typesupport_introspection_c/cisst_msgs/msg/detail/double_vec__type_support.c.o[0m
[ 54%] [32mBuilding C object CMakeFiles/cisst_msgs__rosidl_typesupport_introspection_c.dir/rosidl_typesupport_introspection_c/cisst_msgs/msg/detail/interval_statistics__type_support.c.o[0m
[ 58%] [32mBuilding C object CMakeFiles/cisst_msgs__rosidl_typesupport_introspection_c.dir/rosidl_typesupport_introspection_c/cisst_msgs/msg/detail/bool_stamped__type_support.c.o[0m
[ 58%] [32mBuilding CXX object CMakeFiles/cisst_msgs__rosidl_typesupport_fastrtps_c.dir/rosidl_typesupport_fastrtps_c/cisst_msgs/msg/detail/bool_stamped__type_support_c.cpp.o[0m
[ 60%] [32mBuilding C object CMakeFiles/cisst_msgs__rosidl_typesupport_introspection_c.dir/rosidl_typesupport_introspection_c/cisst_msgs/srv/detail/convert_float64_array__type_support.c.o[0m
[ 61%] [32mBuilding CXX object CMakeFiles/cisst_msgs__rosidl_typesupport_fastrtps_c.dir/rosidl_typesupport_fastrtps_c/cisst_msgs/srv/detail/convert_float64_array__type_support_c.cpp.o[0m
[ 63%] [32m[1mLinking C shared library libcisst_msgs__rosidl_typesupport_introspection_c.so[0m
[ 65%] [32m[1mLinking CXX shared library libcisst_msgs__rosidl_typesupport_fastrtps_cpp.so[0m
[ 67%] [32mBuilding CXX object CMakeFiles/cisst_msgs__rosidl_typesupport_c.dir/rosidl_typesupport_c/cisst_msgs/msg/double_vec__type_support.cpp.o[0m
[ 69%] [32mBuilding CXX object CMakeFiles/cisst_msgs__rosidl_typesupport_c.dir/rosidl_typesupport_c/cisst_msgs/msg/interval_statistics__type_support.cpp.o[0m
[ 70%] Built target cisst_msgs__rosidl_typesupport_introspection_c
[ 70%] [32mBuilding CXX object CMakeFiles/cisst_msgs__rosidl_typesupport_c.dir/rosidl_typesupport_c/cisst_msgs/msg/bool_stamped__type_support.cpp.o[0m
[ 70%] Built target cisst_msgs__rosidl_typesupport_fastrtps_cpp
[ 72%] [32mBuilding CXX object CMakeFiles/cisst_msgs__rosidl_typesupport_c.dir/rosidl_typesupport_c/cisst_msgs/srv/convert_float64_array__type_support.cpp.o[0m
[ 74%] [32m[1mLinking CXX shared library libcisst_msgs__rosidl_typesupport_c.so[0m
[ 76%] [32m[1mLinking CXX shared library libcisst_msgs__rosidl_typesupport_introspection_cpp.so[0m
[ 76%] Built target cisst_msgs__rosidl_typesupport_c
[ 76%] Built target cisst_msgs__rosidl_typesupport_introspection_cpp
[ 78%] [32m[1mLinking CXX shared library libcisst_msgs__rosidl_typesupport_fastrtps_c.so[0m
[ 78%] Built target cisst_msgs__rosidl_typesupport_fastrtps_c
[ 78%] Built target cisst_msgs
[ 80%] [34m[1mGenerating Python code for ROS interfaces[0m
[ 80%] Built target cisst_msgs__py
[ 81%] [32mBuilding C object CMakeFiles/cisst_msgs__rosidl_generator_py.dir/rosidl_generator_py/cisst_msgs/msg/_double_vec_s.c.o[0m
[ 83%] [32mBuilding C object CMakeFiles/cisst_msgs__rosidl_generator_py.dir/rosidl_generator_py/cisst_msgs/srv/_convert_float64_array_s.c.o[0m
[ 85%] [32mBuilding C object CMakeFiles/cisst_msgs__rosidl_generator_py.dir/rosidl_generator_py/cisst_msgs/msg/_bool_stamped_s.c.o[0m
[ 87%] [32mBuilding C object CMakeFiles/cisst_msgs__rosidl_generator_py.dir/rosidl_generator_py/cisst_msgs/msg/_interval_statistics_s.c.o[0m
[ 89%] [32m[1mLinking C shared library rosidl_generator_py/cisst_msgs/libcisst_msgs__rosidl_generator_py.so[0m
[ 89%] Built target cisst_msgs__rosidl_generator_py
[ 90%] [32mBuilding C object CMakeFiles/cisst_msgs__rosidl_typesupport_fastrtps_c__pyext.dir/rosidl_generator_py/cisst_msgs/_cisst_msgs_s.ep.rosidl_typesupport_fastrtps_c.c.o[0m
[ 92%] [32m[1mLinking C shared library rosidl_generator_py/cisst_msgs/cisst_msgs_s__rosidl_typesupport_fastrtps_c.cpython-310-aarch64-linux-gnu.so[0m
[ 92%] Built target cisst_msgs__rosidl_typesupport_fastrtps_c__pyext
[ 94%] [32mBuilding C object CMakeFiles/cisst_msgs__rosidl_typesupport_c__pyext.dir/rosidl_generator_py/cisst_msgs/_cisst_msgs_s.ep.rosidl_typesupport_c.c.o[0m
[ 96%] [32m[1mLinking C shared library rosidl_generator_py/cisst_msgs/cisst_msgs_s__rosidl_typesupport_c.cpython-310-aarch64-linux-gnu.so[0m
[ 96%] Built target cisst_msgs__rosidl_typesupport_c__pyext
[ 98%] [32mBuilding C object CMakeFiles/cisst_msgs__rosidl_typesupport_introspection_c__pyext.dir/rosidl_generator_py/cisst_msgs/_cisst_msgs_s.ep.rosidl_typesupport_introspection_c.c.o[0m
[100%] [32m[1mLinking C shared library rosidl_generator_py/cisst_msgs/cisst_msgs_s__rosidl_typesupport_introspection_c.cpython-310-aarch64-linux-gnu.so[0m
[100%] Built target cisst_msgs__rosidl_typesupport_introspection_c__pyext
-- Install configuration: "Release"
-- Execute custom install script
-- Symlinking: /home/utc_sim/ros2_dvrk/install/cisst_msgs/share/ament_index/resource_index/rosidl_interfaces/cisst_msgs
-- Symlinking: /home/utc_sim/ros2_dvrk/install/cisst_msgs/include/cisst_msgs/cisst_msgs/msg/bool_stamped.h
-- Symlinking: /home/utc_sim/ros2_dvrk/install/cisst_msgs/include/cisst_msgs/cisst_msgs/msg/detail/bool_stamped__functions.h
-- Symlinking: /home/utc_sim/ros2_dvrk/install/cisst_msgs/include/cisst_msgs/cisst_msgs/msg/detail/bool_stamped__struct.h
-- Symlinking: /home/utc_sim/ros2_dvrk/install/cisst_msgs/include/cisst_msgs/cisst_msgs/msg/detail/bool_stamped__type_support.h
-- Symlinking: /home/utc_sim/ros2_dvrk/install/cisst_msgs/include/cisst_msgs/cisst_msgs/msg/detail/double_vec__functions.h
-- Symlinking: /home/utc_sim/ros2_dvrk/install/cisst_msgs/include/cisst_msgs/cisst_msgs/msg/detail/double_vec__struct.h
-- Symlinking: /home/utc_sim/ros2_dvrk/install/cisst_msgs/include/cisst_msgs/cisst_msgs/msg/detail/double_vec__type_support.h
-- Symlinking: /home/utc_sim/ros2_dvrk/install/cisst_msgs/include/cisst_msgs/cisst_msgs/msg/detail/interval_statistics__functions.h
-- Symlinking: /home/utc_sim/ros2_dvrk/install/cisst_msgs/include/cisst_msgs/cisst_msgs/msg/detail/interval_statistics__struct.h
-- Symlinking: /home/utc_sim/ros2_dvrk/install/cisst_msgs/include/cisst_msgs/cisst_msgs/msg/detail/interval_statistics__type_support.h
-- Symlinking: /home/utc_sim/ros2_dvrk/install/cisst_msgs/include/cisst_msgs/cisst_msgs/msg/double_vec.h
-- Symlinking: /home/utc_sim/ros2_dvrk/install/cisst_msgs/include/cisst_msgs/cisst_msgs/msg/interval_statistics.h
-- Symlinking: /home/utc_sim/ros2_dvrk/install/cisst_msgs/include/cisst_msgs/cisst_msgs/msg/rosidl_generator_c__visibility_control.h
-- Symlinking: /home/utc_sim/ros2_dvrk/install/cisst_msgs/include/cisst_msgs/cisst_msgs/srv/convert_float64_array.h
-- Symlinking: /home/utc_sim/ros2_dvrk/install/cisst_msgs/include/cisst_msgs/cisst_msgs/srv/detail/convert_float64_array__functions.h
-- Symlinking: /home/utc_sim/ros2_dvrk/install/cisst_msgs/include/cisst_msgs/cisst_msgs/srv/detail/convert_float64_array__struct.h
-- Symlinking: /home/utc_sim/ros2_dvrk/install/cisst_msgs/include/cisst_msgs/cisst_msgs/srv/detail/convert_float64_array__type_support.h
-- Symlinking: /home/utc_sim/ros2_dvrk/install/cisst_msgs/share/cisst_msgs/environment/library_path.sh
-- Symlinking: /home/utc_sim/ros2_dvrk/install/cisst_msgs/share/cisst_msgs/environment/library_path.dsv
-- Symlinking: /home/utc_sim/ros2_dvrk/install/cisst_msgs/include/cisst_msgs/cisst_msgs/msg/detail/bool_stamped__rosidl_typesupport_fastrtps_c.h
-- Symlinking: /home/utc_sim/ros2_dvrk/install/cisst_msgs/include/cisst_msgs/cisst_msgs/msg/detail/double_vec__rosidl_typesupport_fastrtps_c.h
-- Symlinking: /home/utc_sim/ros2_dvrk/install/cisst_msgs/include/cisst_msgs/cisst_msgs/msg/detail/interval_statistics__rosidl_typesupport_fastrtps_c.h
-- Symlinking: /home/utc_sim/ros2_dvrk/install/cisst_msgs/include/cisst_msgs/cisst_msgs/msg/rosidl_typesupport_fastrtps_c__visibility_control.h
-- Symlinking: /home/utc_sim/ros2_dvrk/install/cisst_msgs/include/cisst_msgs/cisst_msgs/srv/detail/convert_float64_array__rosidl_typesupport_fastrtps_c.h
-- Symlinking: /home/utc_sim/ros2_dvrk/install/cisst_msgs/include/cisst_msgs/cisst_msgs/msg/bool_stamped.hpp
-- Symlinking: /home/utc_sim/ros2_dvrk/install/cisst_msgs/include/cisst_msgs/cisst_msgs/msg/detail/bool_stamped__builder.hpp
-- Symlinking: /home/utc_sim/ros2_dvrk/install/cisst_msgs/include/cisst_msgs/cisst_msgs/msg/detail/bool_stamped__struct.hpp
-- Symlinking: /home/utc_sim/ros2_dvrk/install/cisst_msgs/include/cisst_msgs/cisst_msgs/msg/detail/bool_stamped__traits.hpp
-- Symlinking: /home/utc_sim/ros2_dvrk/install/cisst_msgs/include/cisst_msgs/cisst_msgs/msg/detail/bool_stamped__type_support.hpp
-- Symlinking: /home/utc_sim/ros2_dvrk/install/cisst_msgs/include/cisst_msgs/cisst_msgs/msg/detail/double_vec__builder.hpp
-- Symlinking: /home/utc_sim/ros2_dvrk/install/cisst_msgs/include/cisst_msgs/cisst_msgs/msg/detail/double_vec__struct.hpp
-- Symlinking: /home/utc_sim/ros2_dvrk/install/cisst_msgs/include/cisst_msgs/cisst_msgs/msg/detail/double_vec__traits.hpp
-- Symlinking: /home/utc_sim/ros2_dvrk/install/cisst_msgs/include/cisst_msgs/cisst_msgs/msg/detail/double_vec__type_support.hpp
-- Symlinking: /home/utc_sim/ros2_dvrk/install/cisst_msgs/include/cisst_msgs/cisst_msgs/msg/detail/interval_statistics__builder.hpp
-- Symlinking: /home/utc_sim/ros2_dvrk/install/cisst_msgs/include/cisst_msgs/cisst_msgs/msg/detail/interval_statistics__struct.hpp
-- Symlinking: /home/utc_sim/ros2_dvrk/install/cisst_msgs/include/cisst_msgs/cisst_msgs/msg/detail/interval_statistics__traits.hpp
-- Symlinking: /home/utc_sim/ros2_dvrk/install/cisst_msgs/include/cisst_msgs/cisst_msgs/msg/detail/interval_statistics__type_support.hpp
-- Symlinking: /home/utc_sim/ros2_dvrk/install/cisst_msgs/include/cisst_msgs/cisst_msgs/msg/double_vec.hpp
-- Symlinking: /home/utc_sim/ros2_dvrk/install/cisst_msgs/include/cisst_msgs/cisst_msgs/msg/interval_statistics.hpp
-- Symlinking: /home/utc_sim/ros2_dvrk/install/cisst_msgs/include/cisst_msgs/cisst_msgs/msg/rosidl_generator_cpp__visibility_control.hpp
-- Symlinking: /home/utc_sim/ros2_dvrk/install/cisst_msgs/include/cisst_msgs/cisst_msgs/srv/convert_float64_array.hpp
-- Symlinking: /home/utc_sim/ros2_dvrk/install/cisst_msgs/include/cisst_msgs/cisst_msgs/srv/detail/convert_float64_array__builder.hpp
-- Symlinking: /home/utc_sim/ros2_dvrk/install/cisst_msgs/include/cisst_msgs/cisst_msgs/srv/detail/convert_float64_array__struct.hpp
-- Symlinking: /home/utc_sim/ros2_dvrk/install/cisst_msgs/include/cisst_msgs/cisst_msgs/srv/detail/convert_float64_array__traits.hpp
-- Symlinking: /home/utc_sim/ros2_dvrk/install/cisst_msgs/include/cisst_msgs/cisst_msgs/srv/detail/convert_float64_array__type_support.hpp
-- Symlinking: /home/utc_sim/ros2_dvrk/install/cisst_msgs/include/cisst_msgs/cisst_msgs/msg/detail/bool_stamped__rosidl_typesupport_fastrtps_cpp.hpp
-- Symlinking: /home/utc_sim/ros2_dvrk/install/cisst_msgs/include/cisst_msgs/cisst_msgs/msg/detail/double_vec__rosidl_typesupport_fastrtps_cpp.hpp
-- Symlinking: /home/utc_sim/ros2_dvrk/install/cisst_msgs/include/cisst_msgs/cisst_msgs/msg/detail/interval_statistics__rosidl_typesupport_fastrtps_cpp.hpp
-- Symlinking: /home/utc_sim/ros2_dvrk/install/cisst_msgs/include/cisst_msgs/cisst_msgs/msg/rosidl_typesupport_fastrtps_cpp__visibility_control.h
-- Symlinking: /home/utc_sim/ros2_dvrk/install/cisst_msgs/include/cisst_msgs/cisst_msgs/srv/detail/convert_float64_array__rosidl_typesupport_fastrtps_cpp.hpp
-- Symlinking: /home/utc_sim/ros2_dvrk/install/cisst_msgs/include/cisst_msgs/cisst_msgs/msg/detail/bool_stamped__rosidl_typesupport_introspection_c.h
-- Symlinking: /home/utc_sim/ros2_dvrk/install/cisst_msgs/include/cisst_msgs/cisst_msgs/msg/detail/double_vec__rosidl_typesupport_introspection_c.h
-- Symlinking: /home/utc_sim/ros2_dvrk/install/cisst_msgs/include/cisst_msgs/cisst_msgs/msg/detail/interval_statistics__rosidl_typesupport_introspection_c.h
-- Symlinking: /home/utc_sim/ros2_dvrk/install/cisst_msgs/include/cisst_msgs/cisst_msgs/msg/rosidl_typesupport_introspection_c__visibility_control.h
-- Symlinking: /home/utc_sim/ros2_dvrk/install/cisst_msgs/include/cisst_msgs/cisst_msgs/srv/detail/convert_float64_array__rosidl_typesupport_introspection_c.h
-- Symlinking: /home/utc_sim/ros2_dvrk/install/cisst_msgs/include/cisst_msgs/cisst_msgs/msg/detail/bool_stamped__rosidl_typesupport_introspection_cpp.hpp
-- Symlinking: /home/utc_sim/ros2_dvrk/install/cisst_msgs/include/cisst_msgs/cisst_msgs/msg/detail/double_vec__rosidl_typesupport_introspection_cpp.hpp
-- Symlinking: /home/utc_sim/ros2_dvrk/install/cisst_msgs/include/cisst_msgs/cisst_msgs/msg/detail/interval_statistics__rosidl_typesupport_introspection_cpp.hpp
-- Symlinking: /home/utc_sim/ros2_dvrk/install/cisst_msgs/include/cisst_msgs/cisst_msgs/srv/detail/convert_float64_array__rosidl_typesupport_introspection_cpp.hpp
-- Symlinking: /home/utc_sim/ros2_dvrk/install/cisst_msgs/share/cisst_msgs/environment/pythonpath.sh
-- Symlinking: /home/utc_sim/ros2_dvrk/install/cisst_msgs/share/cisst_msgs/environment/pythonpath.dsv
-- Symlinking: /home/utc_sim/ros2_dvrk/install/cisst_msgs/local/lib/python3.10/dist-packages/cisst_msgs-4.0.0-py3.10.egg-info/PKG-INFO
-- Symlinking: /home/utc_sim/ros2_dvrk/install/cisst_msgs/local/lib/python3.10/dist-packages/cisst_msgs-4.0.0-py3.10.egg-info/SOURCES.txt
-- Symlinking: /home/utc_sim/ros2_dvrk/install/cisst_msgs/local/lib/python3.10/dist-packages/cisst_msgs-4.0.0-py3.10.egg-info/dependency_links.txt
-- Symlinking: /home/utc_sim/ros2_dvrk/install/cisst_msgs/local/lib/python3.10/dist-packages/cisst_msgs-4.0.0-py3.10.egg-info/top_level.txt
-- Symlinking: /home/utc_sim/ros2_dvrk/install/cisst_msgs/local/lib/python3.10/dist-packages/cisst_msgs/__init__.py
-- Symlinking: /home/utc_sim/ros2_dvrk/install/cisst_msgs/local/lib/python3.10/dist-packages/cisst_msgs/_cisst_msgs_s.ep.rosidl_typesupport_c.c
-- Symlinking: /home/utc_sim/ros2_dvrk/install/cisst_msgs/local/lib/python3.10/dist-packages/cisst_msgs/_cisst_msgs_s.ep.rosidl_typesupport_fastrtps_c.c
-- Symlinking: /home/utc_sim/ros2_dvrk/install/cisst_msgs/local/lib/python3.10/dist-packages/cisst_msgs/_cisst_msgs_s.ep.rosidl_typesupport_introspection_c.c
-- Symlinking: /home/utc_sim/ros2_dvrk/install/cisst_msgs/local/lib/python3.10/dist-packages/cisst_msgs/cisst_msgs_s__rosidl_typesupport_c.cpython-310-aarch64-linux-gnu.so
-- Symlinking: /home/utc_sim/ros2_dvrk/install/cisst_msgs/local/lib/python3.10/dist-packages/cisst_msgs/cisst_msgs_s__rosidl_typesupport_fastrtps_c.cpython-310-aarch64-linux-gnu.so
-- Symlinking: /home/utc_sim/ros2_dvrk/install/cisst_msgs/local/lib/python3.10/dist-packages/cisst_msgs/cisst_msgs_s__rosidl_typesupport_introspection_c.cpython-310-aarch64-linux-gnu.so
-- Symlinking: /home/utc_sim/ros2_dvrk/install/cisst_msgs/local/lib/python3.10/dist-packages/cisst_msgs/libcisst_msgs__rosidl_generator_py.so
-- Symlinking: /home/utc_sim/ros2_dvrk/install/cisst_msgs/local/lib/python3.10/dist-packages/cisst_msgs/msg/__init__.py
-- Symlinking: /home/utc_sim/ros2_dvrk/install/cisst_msgs/local/lib/python3.10/dist-packages/cisst_msgs/msg/_bool_stamped.py
-- Symlinking: /home/utc_sim/ros2_dvrk/install/cisst_msgs/local/lib/python3.10/dist-packages/cisst_msgs/msg/_bool_stamped_s.c
-- Symlinking: /home/utc_sim/ros2_dvrk/install/cisst_msgs/local/lib/python3.10/dist-packages/cisst_msgs/msg/_double_vec.py
-- Symlinking: /home/utc_sim/ros2_dvrk/install/cisst_msgs/local/lib/python3.10/dist-packages/cisst_msgs/msg/_double_vec_s.c
-- Symlinking: /home/utc_sim/ros2_dvrk/install/cisst_msgs/local/lib/python3.10/dist-packages/cisst_msgs/msg/_interval_statistics.py
-- Symlinking: /home/utc_sim/ros2_dvrk/install/cisst_msgs/local/lib/python3.10/dist-packages/cisst_msgs/msg/_interval_statistics_s.c
-- Symlinking: /home/utc_sim/ros2_dvrk/install/cisst_msgs/local/lib/python3.10/dist-packages/cisst_msgs/srv/__init__.py
-- Symlinking: /home/utc_sim/ros2_dvrk/install/cisst_msgs/local/lib/python3.10/dist-packages/cisst_msgs/srv/_convert_float64_array.py
-- Symlinking: /home/utc_sim/ros2_dvrk/install/cisst_msgs/local/lib/python3.10/dist-packages/cisst_msgs/srv/_convert_float64_array_s.c
-- Up-to-date symlink: /home/utc_sim/ros2_dvrk/install/cisst_msgs/local/lib/python3.10/dist-packages/cisst_msgs/cisst_msgs_s__rosidl_typesupport_fastrtps_c.cpython-310-aarch64-linux-gnu.so
-- Up-to-date symlink: /home/utc_sim/ros2_dvrk/install/cisst_msgs/local/lib/python3.10/dist-packages/cisst_msgs/cisst_msgs_s__rosidl_typesupport_introspection_c.cpython-310-aarch64-linux-gnu.so
-- Up-to-date symlink: /home/utc_sim/ros2_dvrk/install/cisst_msgs/local/lib/python3.10/dist-packages/cisst_msgs/cisst_msgs_s__rosidl_typesupport_c.cpython-310-aarch64-linux-gnu.so
-- Symlinking: /home/utc_sim/ros2_dvrk/install/cisst_msgs/share/cisst_msgs/msg/DoubleVec.idl
-- Symlinking: /home/utc_sim/ros2_dvrk/install/cisst_msgs/share/cisst_msgs/msg/IntervalStatistics.idl
-- Symlinking: /home/utc_sim/ros2_dvrk/install/cisst_msgs/share/cisst_msgs/msg/BoolStamped.idl
-- Symlinking: /home/utc_sim/ros2_dvrk/install/cisst_msgs/share/cisst_msgs/srv/ConvertFloat64Array.idl
-- Symlinking: /home/utc_sim/ros2_dvrk/install/cisst_msgs/share/cisst_msgs/msg/DoubleVec.msg
-- Symlinking: /home/utc_sim/ros2_dvrk/install/cisst_msgs/share/cisst_msgs/msg/IntervalStatistics.msg
-- Symlinking: /home/utc_sim/ros2_dvrk/install/cisst_msgs/share/cisst_msgs/msg/BoolStamped.msg
-- Symlinking: /home/utc_sim/ros2_dvrk/install/cisst_msgs/share/cisst_msgs/srv/ConvertFloat64Array.srv
-- Symlinking: /home/utc_sim/ros2_dvrk/install/cisst_msgs/share/cisst_msgs/srv/ConvertFloat64Array_Request.msg
-- Symlinking: /home/utc_sim/ros2_dvrk/install/cisst_msgs/share/cisst_msgs/srv/ConvertFloat64Array_Response.msg
-- Symlinking: /home/utc_sim/ros2_dvrk/install/cisst_msgs/share/ament_index/resource_index/package_run_dependencies/cisst_msgs
-- Symlinking: /home/utc_sim/ros2_dvrk/install/cisst_msgs/share/ament_index/resource_index/parent_prefix_path/cisst_msgs
-- Symlinking: /home/utc_sim/ros2_dvrk/install/cisst_msgs/share/cisst_msgs/environment/ament_prefix_path.sh
-- Symlinking: /home/utc_sim/ros2_dvrk/install/cisst_msgs/share/cisst_msgs/environment/ament_prefix_path.dsv
-- Symlinking: /home/utc_sim/ros2_dvrk/install/cisst_msgs/share/cisst_msgs/environment/path.sh
-- Symlinking: /home/utc_sim/ros2_dvrk/install/cisst_msgs/share/cisst_msgs/environment/path.dsv
-- Symlinking: /home/utc_sim/ros2_dvrk/install/cisst_msgs/share/cisst_msgs/local_setup.bash
-- Symlinking: /home/utc_sim/ros2_dvrk/install/cisst_msgs/share/cisst_msgs/local_setup.sh
-- Symlinking: /home/utc_sim/ros2_dvrk/install/cisst_msgs/share/cisst_msgs/local_setup.zsh
-- Symlinking: /home/utc_sim/ros2_dvrk/install/cisst_msgs/share/cisst_msgs/local_setup.dsv
-- Symlinking: /home/utc_sim/ros2_dvrk/install/cisst_msgs/share/cisst_msgs/package.dsv
-- Symlinking: /home/utc_sim/ros2_dvrk/install/cisst_msgs/share/ament_index/resource_index/packages/cisst_msgs
-- Symlinking: /home/utc_sim/ros2_dvrk/install/cisst_msgs/share/cisst_msgs/cmake/rosidl_cmake-extras.cmake
-- Symlinking: /home/utc_sim/ros2_dvrk/install/cisst_msgs/share/cisst_msgs/cmake/ament_cmake_export_dependencies-extras.cmake
-- Symlinking: /home/utc_sim/ros2_dvrk/install/cisst_msgs/share/cisst_msgs/cmake/ament_cmake_export_include_directories-extras.cmake
-- Symlinking: /home/utc_sim/ros2_dvrk/install/cisst_msgs/share/cisst_msgs/cmake/ament_cmake_export_libraries-extras.cmake
-- Symlinking: /home/utc_sim/ros2_dvrk/install/cisst_msgs/share/cisst_msgs/cmake/ament_cmake_export_targets-extras.cmake
-- Symlinking: /home/utc_sim/ros2_dvrk/install/cisst_msgs/share/cisst_msgs/cmake/rosidl_cmake_export_typesupport_targets-extras.cmake
-- Symlinking: /home/utc_sim/ros2_dvrk/install/cisst_msgs/share/cisst_msgs/cmake/rosidl_cmake_export_typesupport_libraries-extras.cmake
-- Symlinking: /home/utc_sim/ros2_dvrk/install/cisst_msgs/share/cisst_msgs/cmake/cisst_msgsConfig.cmake
-- Symlinking: /home/utc_sim/ros2_dvrk/install/cisst_msgs/share/cisst_msgs/cmake/cisst_msgsConfig-version.cmake
-- Symlinking: /home/utc_sim/ros2_dvrk/install/cisst_msgs/share/cisst_msgs/package.xml
-- Installing: /home/utc_sim/ros2_dvrk/install/cisst_msgs/lib/libcisst_msgs__rosidl_generator_c.so
-- Set runtime path of "/home/utc_sim/ros2_dvrk/install/cisst_msgs/lib/libcisst_msgs__rosidl_generator_c.so" to ""
-- Installing: /home/utc_sim/ros2_dvrk/install/cisst_msgs/lib/libcisst_msgs__rosidl_typesupport_fastrtps_c.so
-- Set runtime path of "/home/utc_sim/ros2_dvrk/install/cisst_msgs/lib/libcisst_msgs__rosidl_typesupport_fastrtps_c.so" to ""
-- Installing: /home/utc_sim/ros2_dvrk/install/cisst_msgs/lib/libcisst_msgs__rosidl_typesupport_fastrtps_cpp.so
-- Set runtime path of "/home/utc_sim/ros2_dvrk/install/cisst_msgs/lib/libcisst_msgs__rosidl_typesupport_fastrtps_cpp.so" to ""
-- Installing: /home/utc_sim/ros2_dvrk/install/cisst_msgs/lib/libcisst_msgs__rosidl_typesupport_introspection_c.so
-- Set runtime path of "/home/utc_sim/ros2_dvrk/install/cisst_msgs/lib/libcisst_msgs__rosidl_typesupport_introspection_c.so" to ""
-- Installing: /home/utc_sim/ros2_dvrk/install/cisst_msgs/lib/libcisst_msgs__rosidl_typesupport_c.so
-- Set runtime path of "/home/utc_sim/ros2_dvrk/install/cisst_msgs/lib/libcisst_msgs__rosidl_typesupport_c.so" to ""
-- Installing: /home/utc_sim/ros2_dvrk/install/cisst_msgs/lib/libcisst_msgs__rosidl_typesupport_introspection_cpp.so
-- Set runtime path of "/home/utc_sim/ros2_dvrk/install/cisst_msgs/lib/libcisst_msgs__rosidl_typesupport_introspection_cpp.so" to ""
-- Installing: /home/utc_sim/ros2_dvrk/install/cisst_msgs/lib/libcisst_msgs__rosidl_typesupport_cpp.so
-- Set runtime path of "/home/utc_sim/ros2_dvrk/install/cisst_msgs/lib/libcisst_msgs__rosidl_typesupport_cpp.so" to ""
Listing '/home/utc_sim/ros2_dvrk/install/cisst_msgs/local/lib/python3.10/dist-packages/cisst_msgs'...
Compiling '/home/utc_sim/ros2_dvrk/install/cisst_msgs/local/lib/python3.10/dist-packages/cisst_msgs/__init__.py'...
Listing '/home/utc_sim/ros2_dvrk/install/cisst_msgs/local/lib/python3.10/dist-packages/cisst_msgs/msg'...
Compiling '/home/utc_sim/ros2_dvrk/install/cisst_msgs/local/lib/python3.10/dist-packages/cisst_msgs/msg/__init__.py'...
Compiling '/home/utc_sim/ros2_dvrk/install/cisst_msgs/local/lib/python3.10/dist-packages/cisst_msgs/msg/_bool_stamped.py'...
Compiling '/home/utc_sim/ros2_dvrk/install/cisst_msgs/local/lib/python3.10/dist-packages/cisst_msgs/msg/_double_vec.py'...
Compiling '/home/utc_sim/ros2_dvrk/install/cisst_msgs/local/lib/python3.10/dist-packages/cisst_msgs/msg/_interval_statistics.py'...
Listing '/home/utc_sim/ros2_dvrk/install/cisst_msgs/local/lib/python3.10/dist-packages/cisst_msgs/srv'...
Compiling '/home/utc_sim/ros2_dvrk/install/cisst_msgs/local/lib/python3.10/dist-packages/cisst_msgs/srv/__init__.py'...
Compiling '/home/utc_sim/ros2_dvrk/install/cisst_msgs/local/lib/python3.10/dist-packages/cisst_msgs/srv/_convert_float64_array.py'...
-- Installing: /home/utc_sim/ros2_dvrk/install/cisst_msgs/lib/libcisst_msgs__rosidl_generator_py.so
-- Set runtime path of "/home/utc_sim/ros2_dvrk/install/cisst_msgs/lib/libcisst_msgs__rosidl_generator_py.so" to ""
-- Installing: /home/utc_sim/ros2_dvrk/install/cisst_msgs/share/cisst_msgs/cmake/export_cisst_msgs__rosidl_generator_cExport.cmake
-- Installing: /home/utc_sim/ros2_dvrk/install/cisst_msgs/share/cisst_msgs/cmake/export_cisst_msgs__rosidl_generator_cExport-release.cmake
-- Installing: /home/utc_sim/ros2_dvrk/install/cisst_msgs/share/cisst_msgs/cmake/export_cisst_msgs__rosidl_typesupport_fastrtps_cExport.cmake
-- Installing: /home/utc_sim/ros2_dvrk/install/cisst_msgs/share/cisst_msgs/cmake/export_cisst_msgs__rosidl_typesupport_fastrtps_cExport-release.cmake
-- Installing: /home/utc_sim/ros2_dvrk/install/cisst_msgs/share/cisst_msgs/cmake/export_cisst_msgs__rosidl_generator_cppExport.cmake
-- Installing: /home/utc_sim/ros2_dvrk/install/cisst_msgs/share/cisst_msgs/cmake/export_cisst_msgs__rosidl_typesupport_fastrtps_cppExport.cmake
-- Installing: /home/utc_sim/ros2_dvrk/install/cisst_msgs/share/cisst_msgs/cmake/export_cisst_msgs__rosidl_typesupport_fastrtps_cppExport-release.cmake
-- Installing: /home/utc_sim/ros2_dvrk/install/cisst_msgs/share/cisst_msgs/cmake/cisst_msgs__rosidl_typesupport_introspection_cExport.cmake
-- Installing: /home/utc_sim/ros2_dvrk/install/cisst_msgs/share/cisst_msgs/cmake/cisst_msgs__rosidl_typesupport_introspection_cExport-release.cmake
-- Installing: /home/utc_sim/ros2_dvrk/install/cisst_msgs/share/cisst_msgs/cmake/cisst_msgs__rosidl_typesupport_cExport.cmake
-- Installing: /home/utc_sim/ros2_dvrk/install/cisst_msgs/share/cisst_msgs/cmake/cisst_msgs__rosidl_typesupport_cExport-release.cmake
-- Installing: /home/utc_sim/ros2_dvrk/install/cisst_msgs/share/cisst_msgs/cmake/cisst_msgs__rosidl_typesupport_introspection_cppExport.cmake
-- Installing: /home/utc_sim/ros2_dvrk/install/cisst_msgs/share/cisst_msgs/cmake/cisst_msgs__rosidl_typesupport_introspection_cppExport-release.cmake
-- Installing: /home/utc_sim/ros2_dvrk/install/cisst_msgs/share/cisst_msgs/cmake/cisst_msgs__rosidl_typesupport_cppExport.cmake
-- Installing: /home/utc_sim/ros2_dvrk/install/cisst_msgs/share/cisst_msgs/cmake/cisst_msgs__rosidl_typesupport_cppExport-release.cmake
-- Installing: /home/utc_sim/ros2_dvrk/install/cisst_msgs/share/cisst_msgs/cmake/export_cisst_msgs__rosidl_generator_pyExport.cmake
-- Installing: /home/utc_sim/ros2_dvrk/install/cisst_msgs/share/cisst_msgs/cmake/export_cisst_msgs__rosidl_generator_pyExport-release.cmake
