[0.087s] Invoking command in '/home/utc_sim/ros2_dvrk/build/cisst_msgs': CMAKE_PREFIX_PATH=${CMAKE_PREFIX_PATH}:/home/utc_sim/ros2_ws/install /usr/bin/cmake /home/utc_sim/ros2_dvrk/src/cisst-saw/cisst-ros/cisst_msgs -DCMAKE_BUILD_TYPE=Release -DAMENT_CMAKE_SYMLINK_INSTALL=1 -DCMAKE_INSTALL_PREFIX=/home/utc_sim/ros2_dvrk/install/cisst_msgs
[0.159s] -- The C compiler identification is GNU 11.4.0
[0.211s] -- The CXX compiler identification is GNU 11.4.0
[0.247s] -- Detecting C compiler ABI info
[0.483s] -- Detecting C compiler ABI info - done
[0.490s] -- Check for working C compiler: /usr/bin/cc - skipped
[0.490s] -- Detecting C compile features
[0.490s] -- Detecting C compile features - done
[0.514s] -- Detecting CXX compiler ABI info
[0.606s] -- Detecting CXX compiler ABI info - done
[0.613s] -- Check for working CXX compiler: /usr/bin/c++ - skipped
[0.617s] -- Detecting CXX compile features
[0.618s] -- Detecting CXX compile features - done
[0.899s] -- Found Python3: /usr/bin/python3 (found version "3.10.12") found components: Interpreter 
[0.974s] -- Override CMake install command with custom implementation using symlinks instead of copying resources
[1.026s] -- Found rclcpp: 16.0.17 (/opt/ros/humble/share/rclcpp/cmake)
[1.079s] -- Found rosidl_generator_c: 3.1.8 (/opt/ros/humble/share/rosidl_generator_c/cmake)
[1.082s] -- Found rosidl_adapter: 3.1.8 (/opt/ros/humble/share/rosidl_adapter/cmake)
[1.089s] -- Found rosidl_generator_cpp: 3.1.8 (/opt/ros/humble/share/rosidl_generator_cpp/cmake)
[1.099s] -- Using all available rosidl_typesupport_c: rosidl_typesupport_fastrtps_c;rosidl_typesupport_introspection_c
[1.111s] -- Using all available rosidl_typesupport_cpp: rosidl_typesupport_fastrtps_cpp;rosidl_typesupport_introspection_cpp
[1.200s] -- Found rmw_implementation_cmake: 6.1.2 (/opt/ros/humble/share/rmw_implementation_cmake/cmake)
[1.208s] -- Found rmw_fastrtps_cpp: 6.2.9 (/opt/ros/humble/share/rmw_fastrtps_cpp/cmake)
[1.468s] -- Found OpenSSL: /usr/lib/aarch64-linux-gnu/libcrypto.so (found version "3.0.2")  
[1.520s] -- Found FastRTPS: /opt/ros/humble/include  
[1.602s] -- Using RMW implementation 'rmw_fastrtps_cpp' as default
[1.635s] -- Looking for pthread.h
[1.777s] -- Looking for pthread.h - found
[1.777s] -- Performing Test CMAKE_HAVE_LIBC_PTHREAD
[1.883s] -- Performing Test CMAKE_HAVE_LIBC_PTHREAD - Success
[1.884s] -- Found Threads: TRUE  
[2.068s] -- Found geometry_msgs: 4.9.0 (/opt/ros/humble/share/geometry_msgs/cmake)
[2.091s] -- Found rosidl_default_generators: 1.2.0 (/opt/ros/humble/share/rosidl_default_generators/cmake)
[2.518s] -- Found ament_cmake_ros: 0.10.0 (/opt/ros/humble/share/ament_cmake_ros/cmake)
[3.113s] -- Using all available rosidl_typesupport_c: rosidl_typesupport_fastrtps_c;rosidl_typesupport_introspection_c
[3.389s] -- Using all available rosidl_typesupport_cpp: rosidl_typesupport_fastrtps_cpp;rosidl_typesupport_introspection_cpp
[3.404s] -- Found PythonInterp: /usr/bin/python3 (found suitable version "3.10.12", minimum required is "3.6") 
[3.406s] -- Found python_cmake_module: 0.10.0 (/opt/ros/humble/share/python_cmake_module/cmake)
[3.435s] -- Found PythonLibs: /usr/lib/aarch64-linux-gnu/libpython3.10.so (found suitable version "3.10.12", minimum required is "3.5") 
[3.436s] -- Using PYTHON_EXECUTABLE: /usr/bin/python3
[3.436s] -- Using PYTHON_INCLUDE_DIRS: /usr/include/python3.10
[3.436s] -- Using PYTHON_LIBRARIES: /usr/lib/aarch64-linux-gnu/libpython3.10.so
[3.472s] -- Found PythonExtra: .so  
[3.624s] -- Configuring done
[3.666s] -- Generating done
[3.685s] -- Build files have been written to: /home/utc_sim/ros2_dvrk/build/cisst_msgs
[3.700s] Invoked command in '/home/utc_sim/ros2_dvrk/build/cisst_msgs' returned '0': CMAKE_PREFIX_PATH=${CMAKE_PREFIX_PATH}:/home/utc_sim/ros2_ws/install /usr/bin/cmake /home/utc_sim/ros2_dvrk/src/cisst-saw/cisst-ros/cisst_msgs -DCMAKE_BUILD_TYPE=Release -DAMENT_CMAKE_SYMLINK_INSTALL=1 -DCMAKE_INSTALL_PREFIX=/home/utc_sim/ros2_dvrk/install/cisst_msgs
[3.701s] Invoking command in '/home/utc_sim/ros2_dvrk/build/cisst_msgs': CMAKE_PREFIX_PATH=${CMAKE_PREFIX_PATH}:/home/utc_sim/ros2_ws/install /usr/bin/cmake --build /home/utc_sim/ros2_dvrk/build/cisst_msgs -- -j8 -l8
[3.827s] [  1%] [34m[1mGenerating C code for ROS interfaces[0m
[3.836s] [  1%] Built target ament_cmake_python_symlink_cisst_msgs
[3.854s] [  3%] [34m[1mGenerating C++ code for ROS interfaces[0m
[4.327s] running egg_info
[4.328s] creating cisst_msgs.egg-info
[4.328s] writing cisst_msgs.egg-info/PKG-INFO
[4.328s] writing dependency_links to cisst_msgs.egg-info/dependency_links.txt
[4.328s] writing top-level names to cisst_msgs.egg-info/top_level.txt
[4.328s] writing manifest file 'cisst_msgs.egg-info/SOURCES.txt'
[4.330s] reading manifest file 'cisst_msgs.egg-info/SOURCES.txt'
[4.331s] writing manifest file 'cisst_msgs.egg-info/SOURCES.txt'
[4.362s] [  3%] Built target ament_cmake_python_build_cisst_msgs_egg
[4.705s] [  3%] Built target cisst_msgs__cpp
[4.725s] [  5%] [34m[1mGenerating C++ type support dispatch for ROS interfaces[0m
[4.745s] [  7%] [34m[1mGenerating C++ type support for eProsima Fast-RTPS[0m
[4.767s] [  9%] [34m[1mGenerating C++ introspection for ROS interfaces[0m
[4.948s] [ 10%] [32mBuilding C object CMakeFiles/cisst_msgs__rosidl_generator_c.dir/rosidl_generator_c/cisst_msgs/msg/detail/double_vec__functions.c.o[0m
[4.953s] [ 12%] [32mBuilding C object CMakeFiles/cisst_msgs__rosidl_generator_c.dir/rosidl_generator_c/cisst_msgs/msg/detail/interval_statistics__functions.c.o[0m
[4.991s] [ 14%] [32mBuilding C object CMakeFiles/cisst_msgs__rosidl_generator_c.dir/rosidl_generator_c/cisst_msgs/msg/detail/bool_stamped__functions.c.o[0m
[5.014s] [ 16%] [32mBuilding C object CMakeFiles/cisst_msgs__rosidl_generator_c.dir/rosidl_generator_c/cisst_msgs/srv/detail/convert_float64_array__functions.c.o[0m
[5.434s] [ 18%] [32m[1mLinking C shared library libcisst_msgs__rosidl_generator_c.so[0m
[5.471s] [ 20%] [32mBuilding CXX object CMakeFiles/cisst_msgs__rosidl_typesupport_cpp.dir/rosidl_typesupport_cpp/cisst_msgs/msg/double_vec__type_support.cpp.o[0m
[5.484s] [ 21%] [32mBuilding CXX object CMakeFiles/cisst_msgs__rosidl_typesupport_cpp.dir/rosidl_typesupport_cpp/cisst_msgs/msg/bool_stamped__type_support.cpp.o[0m
[5.493s] [ 23%] [32mBuilding CXX object CMakeFiles/cisst_msgs__rosidl_typesupport_cpp.dir/rosidl_typesupport_cpp/cisst_msgs/msg/interval_statistics__type_support.cpp.o[0m
[5.555s] [ 25%] [32mBuilding CXX object CMakeFiles/cisst_msgs__rosidl_typesupport_cpp.dir/rosidl_typesupport_cpp/cisst_msgs/srv/convert_float64_array__type_support.cpp.o[0m
[5.640s] [ 27%] [32mBuilding CXX object CMakeFiles/cisst_msgs__rosidl_typesupport_fastrtps_cpp.dir/rosidl_typesupport_fastrtps_cpp/cisst_msgs/msg/detail/dds_fastrtps/double_vec__type_support.cpp.o[0m
[5.649s] [ 27%] Built target cisst_msgs__rosidl_generator_c
[5.664s] [ 29%] [34m[1mGenerating C type support for eProsima Fast-RTPS[0m
[5.670s] [ 30%] [32mBuilding CXX object CMakeFiles/cisst_msgs__rosidl_typesupport_fastrtps_cpp.dir/rosidl_typesupport_fastrtps_cpp/cisst_msgs/msg/detail/dds_fastrtps/interval_statistics__type_support.cpp.o[0m
[5.922s] [ 32%] [32mBuilding CXX object CMakeFiles/cisst_msgs__rosidl_typesupport_introspection_cpp.dir/rosidl_typesupport_introspection_cpp/cisst_msgs/msg/detail/double_vec__type_support.cpp.o[0m
[6.594s] [ 34%] [32mBuilding CXX object CMakeFiles/cisst_msgs__rosidl_typesupport_introspection_cpp.dir/rosidl_typesupport_introspection_cpp/cisst_msgs/msg/detail/interval_statistics__type_support.cpp.o[0m
[6.645s] [ 36%] [32mBuilding CXX object CMakeFiles/cisst_msgs__rosidl_typesupport_introspection_cpp.dir/rosidl_typesupport_introspection_cpp/cisst_msgs/msg/detail/bool_stamped__type_support.cpp.o[0m
[6.674s] [ 38%] [34m[1mGenerating C introspection for ROS interfaces[0m
[6.813s] [ 40%] [32m[1mLinking CXX shared library libcisst_msgs__rosidl_typesupport_cpp.so[0m
[6.924s] [ 41%] [32mBuilding CXX object CMakeFiles/cisst_msgs__rosidl_typesupport_fastrtps_cpp.dir/rosidl_typesupport_fastrtps_cpp/cisst_msgs/msg/detail/dds_fastrtps/bool_stamped__type_support.cpp.o[0m
[7.010s] [ 41%] Built target cisst_msgs__rosidl_typesupport_cpp
[7.018s] [ 43%] [32mBuilding CXX object CMakeFiles/cisst_msgs__rosidl_typesupport_fastrtps_c.dir/rosidl_typesupport_fastrtps_c/cisst_msgs/msg/detail/double_vec__type_support_c.cpp.o[0m
[7.090s] [ 45%] [34m[1mGenerating C type support dispatch for ROS interfaces[0m
[7.121s] [ 47%] [32mBuilding CXX object CMakeFiles/cisst_msgs__rosidl_typesupport_fastrtps_cpp.dir/rosidl_typesupport_fastrtps_cpp/cisst_msgs/srv/detail/dds_fastrtps/convert_float64_array__type_support.cpp.o[0m
[7.423s] [ 49%] [32mBuilding CXX object CMakeFiles/cisst_msgs__rosidl_typesupport_introspection_cpp.dir/rosidl_typesupport_introspection_cpp/cisst_msgs/srv/detail/convert_float64_array__type_support.cpp.o[0m
[7.516s] [ 50%] [32mBuilding CXX object CMakeFiles/cisst_msgs__rosidl_typesupport_fastrtps_c.dir/rosidl_typesupport_fastrtps_c/cisst_msgs/msg/detail/interval_statistics__type_support_c.cpp.o[0m
[7.582s] [ 52%] [32mBuilding C object CMakeFiles/cisst_msgs__rosidl_typesupport_introspection_c.dir/rosidl_typesupport_introspection_c/cisst_msgs/msg/detail/double_vec__type_support.c.o[0m
[7.676s] [ 54%] [32mBuilding C object CMakeFiles/cisst_msgs__rosidl_typesupport_introspection_c.dir/rosidl_typesupport_introspection_c/cisst_msgs/msg/detail/interval_statistics__type_support.c.o[0m
[7.727s] [ 58%] [32mBuilding C object CMakeFiles/cisst_msgs__rosidl_typesupport_introspection_c.dir/rosidl_typesupport_introspection_c/cisst_msgs/msg/detail/bool_stamped__type_support.c.o[0m
[7.728s] [ 58%] [32mBuilding CXX object CMakeFiles/cisst_msgs__rosidl_typesupport_fastrtps_c.dir/rosidl_typesupport_fastrtps_c/cisst_msgs/msg/detail/bool_stamped__type_support_c.cpp.o[0m
[7.807s] [ 60%] [32mBuilding C object CMakeFiles/cisst_msgs__rosidl_typesupport_introspection_c.dir/rosidl_typesupport_introspection_c/cisst_msgs/srv/detail/convert_float64_array__type_support.c.o[0m
[7.990s] [ 61%] [32mBuilding CXX object CMakeFiles/cisst_msgs__rosidl_typesupport_fastrtps_c.dir/rosidl_typesupport_fastrtps_c/cisst_msgs/srv/detail/convert_float64_array__type_support_c.cpp.o[0m
[8.040s] [ 63%] [32m[1mLinking C shared library libcisst_msgs__rosidl_typesupport_introspection_c.so[0m
[8.042s] [ 65%] [32m[1mLinking CXX shared library libcisst_msgs__rosidl_typesupport_fastrtps_cpp.so[0m
[8.198s] [ 67%] [32mBuilding CXX object CMakeFiles/cisst_msgs__rosidl_typesupport_c.dir/rosidl_typesupport_c/cisst_msgs/msg/double_vec__type_support.cpp.o[0m
[8.251s] [ 69%] [32mBuilding CXX object CMakeFiles/cisst_msgs__rosidl_typesupport_c.dir/rosidl_typesupport_c/cisst_msgs/msg/interval_statistics__type_support.cpp.o[0m
[8.273s] [ 70%] Built target cisst_msgs__rosidl_typesupport_introspection_c
[8.279s] [ 70%] [32mBuilding CXX object CMakeFiles/cisst_msgs__rosidl_typesupport_c.dir/rosidl_typesupport_c/cisst_msgs/msg/bool_stamped__type_support.cpp.o[0m
[8.301s] [ 70%] Built target cisst_msgs__rosidl_typesupport_fastrtps_cpp
[8.347s] [ 72%] [32mBuilding CXX object CMakeFiles/cisst_msgs__rosidl_typesupport_c.dir/rosidl_typesupport_c/cisst_msgs/srv/convert_float64_array__type_support.cpp.o[0m
[8.450s] [ 74%] [32m[1mLinking CXX shared library libcisst_msgs__rosidl_typesupport_c.so[0m
[8.550s] [ 76%] [32m[1mLinking CXX shared library libcisst_msgs__rosidl_typesupport_introspection_cpp.so[0m
[8.613s] [ 76%] Built target cisst_msgs__rosidl_typesupport_c
[8.794s] [ 76%] Built target cisst_msgs__rosidl_typesupport_introspection_cpp
[8.816s] [ 78%] [32m[1mLinking CXX shared library libcisst_msgs__rosidl_typesupport_fastrtps_c.so[0m
[9.021s] [ 78%] Built target cisst_msgs__rosidl_typesupport_fastrtps_c
[9.238s] [ 78%] Built target cisst_msgs
[9.362s] [ 80%] [34m[1mGenerating Python code for ROS interfaces[0m
[10.709s] [ 80%] Built target cisst_msgs__py
[10.802s] [ 81%] [32mBuilding C object CMakeFiles/cisst_msgs__rosidl_generator_py.dir/rosidl_generator_py/cisst_msgs/msg/_double_vec_s.c.o[0m
[11.070s] [ 83%] [32mBuilding C object CMakeFiles/cisst_msgs__rosidl_generator_py.dir/rosidl_generator_py/cisst_msgs/srv/_convert_float64_array_s.c.o[0m
[11.275s] [ 85%] [32mBuilding C object CMakeFiles/cisst_msgs__rosidl_generator_py.dir/rosidl_generator_py/cisst_msgs/msg/_bool_stamped_s.c.o[0m
[11.423s] [ 87%] [32mBuilding C object CMakeFiles/cisst_msgs__rosidl_generator_py.dir/rosidl_generator_py/cisst_msgs/msg/_interval_statistics_s.c.o[0m
[11.618s] [ 89%] [32m[1mLinking C shared library rosidl_generator_py/cisst_msgs/libcisst_msgs__rosidl_generator_py.so[0m
[11.668s] [ 89%] Built target cisst_msgs__rosidl_generator_py
[11.728s] [ 90%] [32mBuilding C object CMakeFiles/cisst_msgs__rosidl_typesupport_fastrtps_c__pyext.dir/rosidl_generator_py/cisst_msgs/_cisst_msgs_s.ep.rosidl_typesupport_fastrtps_c.c.o[0m
[11.872s] [ 92%] [32m[1mLinking C shared library rosidl_generator_py/cisst_msgs/cisst_msgs_s__rosidl_typesupport_fastrtps_c.cpython-310-aarch64-linux-gnu.so[0m
[11.900s] [ 92%] Built target cisst_msgs__rosidl_typesupport_fastrtps_c__pyext
[11.912s] [ 94%] [32mBuilding C object CMakeFiles/cisst_msgs__rosidl_typesupport_c__pyext.dir/rosidl_generator_py/cisst_msgs/_cisst_msgs_s.ep.rosidl_typesupport_c.c.o[0m
[12.066s] [ 96%] [32m[1mLinking C shared library rosidl_generator_py/cisst_msgs/cisst_msgs_s__rosidl_typesupport_c.cpython-310-aarch64-linux-gnu.so[0m
[12.092s] [ 96%] Built target cisst_msgs__rosidl_typesupport_c__pyext
[12.109s] [ 98%] [32mBuilding C object CMakeFiles/cisst_msgs__rosidl_typesupport_introspection_c__pyext.dir/rosidl_generator_py/cisst_msgs/_cisst_msgs_s.ep.rosidl_typesupport_introspection_c.c.o[0m
[12.261s] [100%] [32m[1mLinking C shared library rosidl_generator_py/cisst_msgs/cisst_msgs_s__rosidl_typesupport_introspection_c.cpython-310-aarch64-linux-gnu.so[0m
[12.295s] [100%] Built target cisst_msgs__rosidl_typesupport_introspection_c__pyext
[12.328s] Invoked command in '/home/utc_sim/ros2_dvrk/build/cisst_msgs' returned '0': CMAKE_PREFIX_PATH=${CMAKE_PREFIX_PATH}:/home/utc_sim/ros2_ws/install /usr/bin/cmake --build /home/utc_sim/ros2_dvrk/build/cisst_msgs -- -j8 -l8
[12.338s] Invoking command in '/home/utc_sim/ros2_dvrk/build/cisst_msgs': CMAKE_PREFIX_PATH=${CMAKE_PREFIX_PATH}:/home/utc_sim/ros2_ws/install /usr/bin/cmake --install /home/utc_sim/ros2_dvrk/build/cisst_msgs
[12.350s] -- Install configuration: "Release"
[12.350s] -- Execute custom install script
[12.350s] -- Symlinking: /home/utc_sim/ros2_dvrk/install/cisst_msgs/share/ament_index/resource_index/rosidl_interfaces/cisst_msgs
[12.354s] -- Symlinking: /home/utc_sim/ros2_dvrk/install/cisst_msgs/include/cisst_msgs/cisst_msgs/msg/bool_stamped.h
[12.359s] -- Symlinking: /home/utc_sim/ros2_dvrk/install/cisst_msgs/include/cisst_msgs/cisst_msgs/msg/detail/bool_stamped__functions.h
[12.365s] -- Symlinking: /home/utc_sim/ros2_dvrk/install/cisst_msgs/include/cisst_msgs/cisst_msgs/msg/detail/bool_stamped__struct.h
[12.370s] -- Symlinking: /home/utc_sim/ros2_dvrk/install/cisst_msgs/include/cisst_msgs/cisst_msgs/msg/detail/bool_stamped__type_support.h
[12.375s] -- Symlinking: /home/utc_sim/ros2_dvrk/install/cisst_msgs/include/cisst_msgs/cisst_msgs/msg/detail/double_vec__functions.h
[12.380s] -- Symlinking: /home/utc_sim/ros2_dvrk/install/cisst_msgs/include/cisst_msgs/cisst_msgs/msg/detail/double_vec__struct.h
[12.387s] -- Symlinking: /home/utc_sim/ros2_dvrk/install/cisst_msgs/include/cisst_msgs/cisst_msgs/msg/detail/double_vec__type_support.h
[12.391s] -- Symlinking: /home/utc_sim/ros2_dvrk/install/cisst_msgs/include/cisst_msgs/cisst_msgs/msg/detail/interval_statistics__functions.h
[12.396s] -- Symlinking: /home/utc_sim/ros2_dvrk/install/cisst_msgs/include/cisst_msgs/cisst_msgs/msg/detail/interval_statistics__struct.h
[12.401s] -- Symlinking: /home/utc_sim/ros2_dvrk/install/cisst_msgs/include/cisst_msgs/cisst_msgs/msg/detail/interval_statistics__type_support.h
[12.413s] -- Symlinking: /home/utc_sim/ros2_dvrk/install/cisst_msgs/include/cisst_msgs/cisst_msgs/msg/double_vec.h
[12.419s] -- Symlinking: /home/utc_sim/ros2_dvrk/install/cisst_msgs/include/cisst_msgs/cisst_msgs/msg/interval_statistics.h
[12.433s] -- Symlinking: /home/utc_sim/ros2_dvrk/install/cisst_msgs/include/cisst_msgs/cisst_msgs/msg/rosidl_generator_c__visibility_control.h
[12.442s] -- Symlinking: /home/utc_sim/ros2_dvrk/install/cisst_msgs/include/cisst_msgs/cisst_msgs/srv/convert_float64_array.h
[12.454s] -- Symlinking: /home/utc_sim/ros2_dvrk/install/cisst_msgs/include/cisst_msgs/cisst_msgs/srv/detail/convert_float64_array__functions.h
[12.460s] -- Symlinking: /home/utc_sim/ros2_dvrk/install/cisst_msgs/include/cisst_msgs/cisst_msgs/srv/detail/convert_float64_array__struct.h
[12.471s] -- Symlinking: /home/utc_sim/ros2_dvrk/install/cisst_msgs/include/cisst_msgs/cisst_msgs/srv/detail/convert_float64_array__type_support.h
[12.477s] -- Symlinking: /home/utc_sim/ros2_dvrk/install/cisst_msgs/share/cisst_msgs/environment/library_path.sh
[12.482s] -- Symlinking: /home/utc_sim/ros2_dvrk/install/cisst_msgs/share/cisst_msgs/environment/library_path.dsv
[12.488s] -- Symlinking: /home/utc_sim/ros2_dvrk/install/cisst_msgs/include/cisst_msgs/cisst_msgs/msg/detail/bool_stamped__rosidl_typesupport_fastrtps_c.h
[12.494s] -- Symlinking: /home/utc_sim/ros2_dvrk/install/cisst_msgs/include/cisst_msgs/cisst_msgs/msg/detail/double_vec__rosidl_typesupport_fastrtps_c.h
[12.500s] -- Symlinking: /home/utc_sim/ros2_dvrk/install/cisst_msgs/include/cisst_msgs/cisst_msgs/msg/detail/interval_statistics__rosidl_typesupport_fastrtps_c.h
[12.507s] -- Symlinking: /home/utc_sim/ros2_dvrk/install/cisst_msgs/include/cisst_msgs/cisst_msgs/msg/rosidl_typesupport_fastrtps_c__visibility_control.h
[12.515s] -- Symlinking: /home/utc_sim/ros2_dvrk/install/cisst_msgs/include/cisst_msgs/cisst_msgs/srv/detail/convert_float64_array__rosidl_typesupport_fastrtps_c.h
[12.540s] -- Symlinking: /home/utc_sim/ros2_dvrk/install/cisst_msgs/include/cisst_msgs/cisst_msgs/msg/bool_stamped.hpp
[12.554s] -- Symlinking: /home/utc_sim/ros2_dvrk/install/cisst_msgs/include/cisst_msgs/cisst_msgs/msg/detail/bool_stamped__builder.hpp
[12.560s] -- Symlinking: /home/utc_sim/ros2_dvrk/install/cisst_msgs/include/cisst_msgs/cisst_msgs/msg/detail/bool_stamped__struct.hpp
[12.565s] -- Symlinking: /home/utc_sim/ros2_dvrk/install/cisst_msgs/include/cisst_msgs/cisst_msgs/msg/detail/bool_stamped__traits.hpp
[12.571s] -- Symlinking: /home/utc_sim/ros2_dvrk/install/cisst_msgs/include/cisst_msgs/cisst_msgs/msg/detail/bool_stamped__type_support.hpp
[12.576s] -- Symlinking: /home/utc_sim/ros2_dvrk/install/cisst_msgs/include/cisst_msgs/cisst_msgs/msg/detail/double_vec__builder.hpp
[12.582s] -- Symlinking: /home/utc_sim/ros2_dvrk/install/cisst_msgs/include/cisst_msgs/cisst_msgs/msg/detail/double_vec__struct.hpp
[12.587s] -- Symlinking: /home/utc_sim/ros2_dvrk/install/cisst_msgs/include/cisst_msgs/cisst_msgs/msg/detail/double_vec__traits.hpp
[12.607s] -- Symlinking: /home/utc_sim/ros2_dvrk/install/cisst_msgs/include/cisst_msgs/cisst_msgs/msg/detail/double_vec__type_support.hpp
[12.614s] -- Symlinking: /home/utc_sim/ros2_dvrk/install/cisst_msgs/include/cisst_msgs/cisst_msgs/msg/detail/interval_statistics__builder.hpp
[12.629s] -- Symlinking: /home/utc_sim/ros2_dvrk/install/cisst_msgs/include/cisst_msgs/cisst_msgs/msg/detail/interval_statistics__struct.hpp
[12.641s] -- Symlinking: /home/utc_sim/ros2_dvrk/install/cisst_msgs/include/cisst_msgs/cisst_msgs/msg/detail/interval_statistics__traits.hpp
[12.655s] -- Symlinking: /home/utc_sim/ros2_dvrk/install/cisst_msgs/include/cisst_msgs/cisst_msgs/msg/detail/interval_statistics__type_support.hpp
[12.661s] -- Symlinking: /home/utc_sim/ros2_dvrk/install/cisst_msgs/include/cisst_msgs/cisst_msgs/msg/double_vec.hpp
[12.667s] -- Symlinking: /home/utc_sim/ros2_dvrk/install/cisst_msgs/include/cisst_msgs/cisst_msgs/msg/interval_statistics.hpp
[12.684s] -- Symlinking: /home/utc_sim/ros2_dvrk/install/cisst_msgs/include/cisst_msgs/cisst_msgs/msg/rosidl_generator_cpp__visibility_control.hpp
[12.691s] -- Symlinking: /home/utc_sim/ros2_dvrk/install/cisst_msgs/include/cisst_msgs/cisst_msgs/srv/convert_float64_array.hpp
[12.705s] -- Symlinking: /home/utc_sim/ros2_dvrk/install/cisst_msgs/include/cisst_msgs/cisst_msgs/srv/detail/convert_float64_array__builder.hpp
[12.719s] -- Symlinking: /home/utc_sim/ros2_dvrk/install/cisst_msgs/include/cisst_msgs/cisst_msgs/srv/detail/convert_float64_array__struct.hpp
[12.725s] -- Symlinking: /home/utc_sim/ros2_dvrk/install/cisst_msgs/include/cisst_msgs/cisst_msgs/srv/detail/convert_float64_array__traits.hpp
[12.730s] -- Symlinking: /home/utc_sim/ros2_dvrk/install/cisst_msgs/include/cisst_msgs/cisst_msgs/srv/detail/convert_float64_array__type_support.hpp
[12.741s] -- Symlinking: /home/utc_sim/ros2_dvrk/install/cisst_msgs/include/cisst_msgs/cisst_msgs/msg/detail/bool_stamped__rosidl_typesupport_fastrtps_cpp.hpp
[12.753s] -- Symlinking: /home/utc_sim/ros2_dvrk/install/cisst_msgs/include/cisst_msgs/cisst_msgs/msg/detail/double_vec__rosidl_typesupport_fastrtps_cpp.hpp
[12.762s] -- Symlinking: /home/utc_sim/ros2_dvrk/install/cisst_msgs/include/cisst_msgs/cisst_msgs/msg/detail/interval_statistics__rosidl_typesupport_fastrtps_cpp.hpp
[12.767s] -- Symlinking: /home/utc_sim/ros2_dvrk/install/cisst_msgs/include/cisst_msgs/cisst_msgs/msg/rosidl_typesupport_fastrtps_cpp__visibility_control.h
[12.773s] -- Symlinking: /home/utc_sim/ros2_dvrk/install/cisst_msgs/include/cisst_msgs/cisst_msgs/srv/detail/convert_float64_array__rosidl_typesupport_fastrtps_cpp.hpp
[12.779s] -- Symlinking: /home/utc_sim/ros2_dvrk/install/cisst_msgs/include/cisst_msgs/cisst_msgs/msg/detail/bool_stamped__rosidl_typesupport_introspection_c.h
[12.784s] -- Symlinking: /home/utc_sim/ros2_dvrk/install/cisst_msgs/include/cisst_msgs/cisst_msgs/msg/detail/double_vec__rosidl_typesupport_introspection_c.h
[12.790s] -- Symlinking: /home/utc_sim/ros2_dvrk/install/cisst_msgs/include/cisst_msgs/cisst_msgs/msg/detail/interval_statistics__rosidl_typesupport_introspection_c.h
[12.795s] -- Symlinking: /home/utc_sim/ros2_dvrk/install/cisst_msgs/include/cisst_msgs/cisst_msgs/msg/rosidl_typesupport_introspection_c__visibility_control.h
[12.799s] -- Symlinking: /home/utc_sim/ros2_dvrk/install/cisst_msgs/include/cisst_msgs/cisst_msgs/srv/detail/convert_float64_array__rosidl_typesupport_introspection_c.h
[12.807s] -- Symlinking: /home/utc_sim/ros2_dvrk/install/cisst_msgs/include/cisst_msgs/cisst_msgs/msg/detail/bool_stamped__rosidl_typesupport_introspection_cpp.hpp
[12.814s] -- Symlinking: /home/utc_sim/ros2_dvrk/install/cisst_msgs/include/cisst_msgs/cisst_msgs/msg/detail/double_vec__rosidl_typesupport_introspection_cpp.hpp
[12.823s] -- Symlinking: /home/utc_sim/ros2_dvrk/install/cisst_msgs/include/cisst_msgs/cisst_msgs/msg/detail/interval_statistics__rosidl_typesupport_introspection_cpp.hpp
[12.829s] -- Symlinking: /home/utc_sim/ros2_dvrk/install/cisst_msgs/include/cisst_msgs/cisst_msgs/srv/detail/convert_float64_array__rosidl_typesupport_introspection_cpp.hpp
[12.835s] -- Symlinking: /home/utc_sim/ros2_dvrk/install/cisst_msgs/share/cisst_msgs/environment/pythonpath.sh
[12.840s] -- Symlinking: /home/utc_sim/ros2_dvrk/install/cisst_msgs/share/cisst_msgs/environment/pythonpath.dsv
[12.847s] -- Symlinking: /home/utc_sim/ros2_dvrk/install/cisst_msgs/local/lib/python3.10/dist-packages/cisst_msgs-4.0.0-py3.10.egg-info/PKG-INFO
[12.855s] -- Symlinking: /home/utc_sim/ros2_dvrk/install/cisst_msgs/local/lib/python3.10/dist-packages/cisst_msgs-4.0.0-py3.10.egg-info/SOURCES.txt
[12.884s] -- Symlinking: /home/utc_sim/ros2_dvrk/install/cisst_msgs/local/lib/python3.10/dist-packages/cisst_msgs-4.0.0-py3.10.egg-info/dependency_links.txt
[12.898s] -- Symlinking: /home/utc_sim/ros2_dvrk/install/cisst_msgs/local/lib/python3.10/dist-packages/cisst_msgs-4.0.0-py3.10.egg-info/top_level.txt
[12.904s] -- Symlinking: /home/utc_sim/ros2_dvrk/install/cisst_msgs/local/lib/python3.10/dist-packages/cisst_msgs/__init__.py
[12.932s] -- Symlinking: /home/utc_sim/ros2_dvrk/install/cisst_msgs/local/lib/python3.10/dist-packages/cisst_msgs/_cisst_msgs_s.ep.rosidl_typesupport_c.c
[12.938s] -- Symlinking: /home/utc_sim/ros2_dvrk/install/cisst_msgs/local/lib/python3.10/dist-packages/cisst_msgs/_cisst_msgs_s.ep.rosidl_typesupport_fastrtps_c.c
[12.950s] -- Symlinking: /home/utc_sim/ros2_dvrk/install/cisst_msgs/local/lib/python3.10/dist-packages/cisst_msgs/_cisst_msgs_s.ep.rosidl_typesupport_introspection_c.c
[12.958s] -- Symlinking: /home/utc_sim/ros2_dvrk/install/cisst_msgs/local/lib/python3.10/dist-packages/cisst_msgs/cisst_msgs_s__rosidl_typesupport_c.cpython-310-aarch64-linux-gnu.so
[12.968s] -- Symlinking: /home/utc_sim/ros2_dvrk/install/cisst_msgs/local/lib/python3.10/dist-packages/cisst_msgs/cisst_msgs_s__rosidl_typesupport_fastrtps_c.cpython-310-aarch64-linux-gnu.so
[12.988s] -- Symlinking: /home/utc_sim/ros2_dvrk/install/cisst_msgs/local/lib/python3.10/dist-packages/cisst_msgs/cisst_msgs_s__rosidl_typesupport_introspection_c.cpython-310-aarch64-linux-gnu.so
[12.999s] -- Symlinking: /home/utc_sim/ros2_dvrk/install/cisst_msgs/local/lib/python3.10/dist-packages/cisst_msgs/libcisst_msgs__rosidl_generator_py.so
[13.019s] -- Symlinking: /home/utc_sim/ros2_dvrk/install/cisst_msgs/local/lib/python3.10/dist-packages/cisst_msgs/msg/__init__.py
[13.046s] -- Symlinking: /home/utc_sim/ros2_dvrk/install/cisst_msgs/local/lib/python3.10/dist-packages/cisst_msgs/msg/_bool_stamped.py
[13.052s] -- Symlinking: /home/utc_sim/ros2_dvrk/install/cisst_msgs/local/lib/python3.10/dist-packages/cisst_msgs/msg/_bool_stamped_s.c
[13.061s] -- Symlinking: /home/utc_sim/ros2_dvrk/install/cisst_msgs/local/lib/python3.10/dist-packages/cisst_msgs/msg/_double_vec.py
[13.084s] -- Symlinking: /home/utc_sim/ros2_dvrk/install/cisst_msgs/local/lib/python3.10/dist-packages/cisst_msgs/msg/_double_vec_s.c
[13.093s] -- Symlinking: /home/utc_sim/ros2_dvrk/install/cisst_msgs/local/lib/python3.10/dist-packages/cisst_msgs/msg/_interval_statistics.py
[13.099s] -- Symlinking: /home/utc_sim/ros2_dvrk/install/cisst_msgs/local/lib/python3.10/dist-packages/cisst_msgs/msg/_interval_statistics_s.c
[13.108s] -- Symlinking: /home/utc_sim/ros2_dvrk/install/cisst_msgs/local/lib/python3.10/dist-packages/cisst_msgs/srv/__init__.py
[13.142s] -- Symlinking: /home/utc_sim/ros2_dvrk/install/cisst_msgs/local/lib/python3.10/dist-packages/cisst_msgs/srv/_convert_float64_array.py
[13.179s] -- Symlinking: /home/utc_sim/ros2_dvrk/install/cisst_msgs/local/lib/python3.10/dist-packages/cisst_msgs/srv/_convert_float64_array_s.c
[13.204s] -- Up-to-date symlink: /home/utc_sim/ros2_dvrk/install/cisst_msgs/local/lib/python3.10/dist-packages/cisst_msgs/cisst_msgs_s__rosidl_typesupport_fastrtps_c.cpython-310-aarch64-linux-gnu.so
[13.204s] -- Up-to-date symlink: /home/utc_sim/ros2_dvrk/install/cisst_msgs/local/lib/python3.10/dist-packages/cisst_msgs/cisst_msgs_s__rosidl_typesupport_introspection_c.cpython-310-aarch64-linux-gnu.so
[13.204s] -- Up-to-date symlink: /home/utc_sim/ros2_dvrk/install/cisst_msgs/local/lib/python3.10/dist-packages/cisst_msgs/cisst_msgs_s__rosidl_typesupport_c.cpython-310-aarch64-linux-gnu.so
[13.204s] -- Symlinking: /home/utc_sim/ros2_dvrk/install/cisst_msgs/share/cisst_msgs/msg/DoubleVec.idl
[13.223s] -- Symlinking: /home/utc_sim/ros2_dvrk/install/cisst_msgs/share/cisst_msgs/msg/IntervalStatistics.idl
[13.252s] -- Symlinking: /home/utc_sim/ros2_dvrk/install/cisst_msgs/share/cisst_msgs/msg/BoolStamped.idl
[13.289s] -- Symlinking: /home/utc_sim/ros2_dvrk/install/cisst_msgs/share/cisst_msgs/srv/ConvertFloat64Array.idl
[13.296s] -- Symlinking: /home/utc_sim/ros2_dvrk/install/cisst_msgs/share/cisst_msgs/msg/DoubleVec.msg
[13.302s] -- Symlinking: /home/utc_sim/ros2_dvrk/install/cisst_msgs/share/cisst_msgs/msg/IntervalStatistics.msg
[13.307s] -- Symlinking: /home/utc_sim/ros2_dvrk/install/cisst_msgs/share/cisst_msgs/msg/BoolStamped.msg
[13.314s] -- Symlinking: /home/utc_sim/ros2_dvrk/install/cisst_msgs/share/cisst_msgs/srv/ConvertFloat64Array.srv
[13.319s] -- Symlinking: /home/utc_sim/ros2_dvrk/install/cisst_msgs/share/cisst_msgs/srv/ConvertFloat64Array_Request.msg
[13.324s] -- Symlinking: /home/utc_sim/ros2_dvrk/install/cisst_msgs/share/cisst_msgs/srv/ConvertFloat64Array_Response.msg
[13.331s] -- Symlinking: /home/utc_sim/ros2_dvrk/install/cisst_msgs/share/ament_index/resource_index/package_run_dependencies/cisst_msgs
[13.337s] -- Symlinking: /home/utc_sim/ros2_dvrk/install/cisst_msgs/share/ament_index/resource_index/parent_prefix_path/cisst_msgs
[13.343s] -- Symlinking: /home/utc_sim/ros2_dvrk/install/cisst_msgs/share/cisst_msgs/environment/ament_prefix_path.sh
[13.354s] -- Symlinking: /home/utc_sim/ros2_dvrk/install/cisst_msgs/share/cisst_msgs/environment/ament_prefix_path.dsv
[13.360s] -- Symlinking: /home/utc_sim/ros2_dvrk/install/cisst_msgs/share/cisst_msgs/environment/path.sh
[13.366s] -- Symlinking: /home/utc_sim/ros2_dvrk/install/cisst_msgs/share/cisst_msgs/environment/path.dsv
[13.378s] -- Symlinking: /home/utc_sim/ros2_dvrk/install/cisst_msgs/share/cisst_msgs/local_setup.bash
[13.387s] -- Symlinking: /home/utc_sim/ros2_dvrk/install/cisst_msgs/share/cisst_msgs/local_setup.sh
[13.405s] -- Symlinking: /home/utc_sim/ros2_dvrk/install/cisst_msgs/share/cisst_msgs/local_setup.zsh
[13.418s] -- Symlinking: /home/utc_sim/ros2_dvrk/install/cisst_msgs/share/cisst_msgs/local_setup.dsv
[13.425s] -- Symlinking: /home/utc_sim/ros2_dvrk/install/cisst_msgs/share/cisst_msgs/package.dsv
[13.431s] -- Symlinking: /home/utc_sim/ros2_dvrk/install/cisst_msgs/share/ament_index/resource_index/packages/cisst_msgs
[13.444s] -- Symlinking: /home/utc_sim/ros2_dvrk/install/cisst_msgs/share/cisst_msgs/cmake/rosidl_cmake-extras.cmake
[13.454s] -- Symlinking: /home/utc_sim/ros2_dvrk/install/cisst_msgs/share/cisst_msgs/cmake/ament_cmake_export_dependencies-extras.cmake
[13.460s] -- Symlinking: /home/utc_sim/ros2_dvrk/install/cisst_msgs/share/cisst_msgs/cmake/ament_cmake_export_include_directories-extras.cmake
[13.467s] -- Symlinking: /home/utc_sim/ros2_dvrk/install/cisst_msgs/share/cisst_msgs/cmake/ament_cmake_export_libraries-extras.cmake
[13.472s] -- Symlinking: /home/utc_sim/ros2_dvrk/install/cisst_msgs/share/cisst_msgs/cmake/ament_cmake_export_targets-extras.cmake
[13.479s] -- Symlinking: /home/utc_sim/ros2_dvrk/install/cisst_msgs/share/cisst_msgs/cmake/rosidl_cmake_export_typesupport_targets-extras.cmake
[13.499s] -- Symlinking: /home/utc_sim/ros2_dvrk/install/cisst_msgs/share/cisst_msgs/cmake/rosidl_cmake_export_typesupport_libraries-extras.cmake
[13.507s] -- Symlinking: /home/utc_sim/ros2_dvrk/install/cisst_msgs/share/cisst_msgs/cmake/cisst_msgsConfig.cmake
[13.514s] -- Symlinking: /home/utc_sim/ros2_dvrk/install/cisst_msgs/share/cisst_msgs/cmake/cisst_msgsConfig-version.cmake
[13.531s] -- Symlinking: /home/utc_sim/ros2_dvrk/install/cisst_msgs/share/cisst_msgs/package.xml
[13.537s] -- Installing: /home/utc_sim/ros2_dvrk/install/cisst_msgs/lib/libcisst_msgs__rosidl_generator_c.so
[13.537s] -- Set runtime path of "/home/utc_sim/ros2_dvrk/install/cisst_msgs/lib/libcisst_msgs__rosidl_generator_c.so" to ""
[13.538s] -- Installing: /home/utc_sim/ros2_dvrk/install/cisst_msgs/lib/libcisst_msgs__rosidl_typesupport_fastrtps_c.so
[13.539s] -- Set runtime path of "/home/utc_sim/ros2_dvrk/install/cisst_msgs/lib/libcisst_msgs__rosidl_typesupport_fastrtps_c.so" to ""
[13.539s] -- Installing: /home/utc_sim/ros2_dvrk/install/cisst_msgs/lib/libcisst_msgs__rosidl_typesupport_fastrtps_cpp.so
[13.539s] -- Set runtime path of "/home/utc_sim/ros2_dvrk/install/cisst_msgs/lib/libcisst_msgs__rosidl_typesupport_fastrtps_cpp.so" to ""
[13.540s] -- Installing: /home/utc_sim/ros2_dvrk/install/cisst_msgs/lib/libcisst_msgs__rosidl_typesupport_introspection_c.so
[13.540s] -- Set runtime path of "/home/utc_sim/ros2_dvrk/install/cisst_msgs/lib/libcisst_msgs__rosidl_typesupport_introspection_c.so" to ""
[13.540s] -- Installing: /home/utc_sim/ros2_dvrk/install/cisst_msgs/lib/libcisst_msgs__rosidl_typesupport_c.so
[13.541s] -- Set runtime path of "/home/utc_sim/ros2_dvrk/install/cisst_msgs/lib/libcisst_msgs__rosidl_typesupport_c.so" to ""
[13.541s] -- Installing: /home/utc_sim/ros2_dvrk/install/cisst_msgs/lib/libcisst_msgs__rosidl_typesupport_introspection_cpp.so
[13.542s] -- Set runtime path of "/home/utc_sim/ros2_dvrk/install/cisst_msgs/lib/libcisst_msgs__rosidl_typesupport_introspection_cpp.so" to ""
[13.542s] -- Installing: /home/utc_sim/ros2_dvrk/install/cisst_msgs/lib/libcisst_msgs__rosidl_typesupport_cpp.so
[13.542s] -- Set runtime path of "/home/utc_sim/ros2_dvrk/install/cisst_msgs/lib/libcisst_msgs__rosidl_typesupport_cpp.so" to ""
[13.595s] Listing '/home/utc_sim/ros2_dvrk/install/cisst_msgs/local/lib/python3.10/dist-packages/cisst_msgs'...
[13.596s] Compiling '/home/utc_sim/ros2_dvrk/install/cisst_msgs/local/lib/python3.10/dist-packages/cisst_msgs/__init__.py'...
[13.596s] Listing '/home/utc_sim/ros2_dvrk/install/cisst_msgs/local/lib/python3.10/dist-packages/cisst_msgs/msg'...
[13.596s] Compiling '/home/utc_sim/ros2_dvrk/install/cisst_msgs/local/lib/python3.10/dist-packages/cisst_msgs/msg/__init__.py'...
[13.596s] Compiling '/home/utc_sim/ros2_dvrk/install/cisst_msgs/local/lib/python3.10/dist-packages/cisst_msgs/msg/_bool_stamped.py'...
[13.596s] Compiling '/home/utc_sim/ros2_dvrk/install/cisst_msgs/local/lib/python3.10/dist-packages/cisst_msgs/msg/_double_vec.py'...
[13.596s] Compiling '/home/utc_sim/ros2_dvrk/install/cisst_msgs/local/lib/python3.10/dist-packages/cisst_msgs/msg/_interval_statistics.py'...
[13.596s] Listing '/home/utc_sim/ros2_dvrk/install/cisst_msgs/local/lib/python3.10/dist-packages/cisst_msgs/srv'...
[13.596s] Compiling '/home/utc_sim/ros2_dvrk/install/cisst_msgs/local/lib/python3.10/dist-packages/cisst_msgs/srv/__init__.py'...
[13.596s] Compiling '/home/utc_sim/ros2_dvrk/install/cisst_msgs/local/lib/python3.10/dist-packages/cisst_msgs/srv/_convert_float64_array.py'...
[13.603s] -- Installing: /home/utc_sim/ros2_dvrk/install/cisst_msgs/lib/libcisst_msgs__rosidl_generator_py.so
[13.603s] -- Set runtime path of "/home/utc_sim/ros2_dvrk/install/cisst_msgs/lib/libcisst_msgs__rosidl_generator_py.so" to ""
[13.603s] -- Installing: /home/utc_sim/ros2_dvrk/install/cisst_msgs/share/cisst_msgs/cmake/export_cisst_msgs__rosidl_generator_cExport.cmake
[13.604s] -- Installing: /home/utc_sim/ros2_dvrk/install/cisst_msgs/share/cisst_msgs/cmake/export_cisst_msgs__rosidl_generator_cExport-release.cmake
[13.604s] -- Installing: /home/utc_sim/ros2_dvrk/install/cisst_msgs/share/cisst_msgs/cmake/export_cisst_msgs__rosidl_typesupport_fastrtps_cExport.cmake
[13.605s] -- Installing: /home/utc_sim/ros2_dvrk/install/cisst_msgs/share/cisst_msgs/cmake/export_cisst_msgs__rosidl_typesupport_fastrtps_cExport-release.cmake
[13.605s] -- Installing: /home/utc_sim/ros2_dvrk/install/cisst_msgs/share/cisst_msgs/cmake/export_cisst_msgs__rosidl_generator_cppExport.cmake
[13.605s] -- Installing: /home/utc_sim/ros2_dvrk/install/cisst_msgs/share/cisst_msgs/cmake/export_cisst_msgs__rosidl_typesupport_fastrtps_cppExport.cmake
[13.606s] -- Installing: /home/utc_sim/ros2_dvrk/install/cisst_msgs/share/cisst_msgs/cmake/export_cisst_msgs__rosidl_typesupport_fastrtps_cppExport-release.cmake
[13.607s] -- Installing: /home/utc_sim/ros2_dvrk/install/cisst_msgs/share/cisst_msgs/cmake/cisst_msgs__rosidl_typesupport_introspection_cExport.cmake
[13.607s] -- Installing: /home/utc_sim/ros2_dvrk/install/cisst_msgs/share/cisst_msgs/cmake/cisst_msgs__rosidl_typesupport_introspection_cExport-release.cmake
[13.607s] -- Installing: /home/utc_sim/ros2_dvrk/install/cisst_msgs/share/cisst_msgs/cmake/cisst_msgs__rosidl_typesupport_cExport.cmake
[13.607s] -- Installing: /home/utc_sim/ros2_dvrk/install/cisst_msgs/share/cisst_msgs/cmake/cisst_msgs__rosidl_typesupport_cExport-release.cmake
[13.607s] -- Installing: /home/utc_sim/ros2_dvrk/install/cisst_msgs/share/cisst_msgs/cmake/cisst_msgs__rosidl_typesupport_introspection_cppExport.cmake
[13.607s] -- Installing: /home/utc_sim/ros2_dvrk/install/cisst_msgs/share/cisst_msgs/cmake/cisst_msgs__rosidl_typesupport_introspection_cppExport-release.cmake
[13.608s] -- Installing: /home/utc_sim/ros2_dvrk/install/cisst_msgs/share/cisst_msgs/cmake/cisst_msgs__rosidl_typesupport_cppExport.cmake
[13.611s] -- Installing: /home/utc_sim/ros2_dvrk/install/cisst_msgs/share/cisst_msgs/cmake/cisst_msgs__rosidl_typesupport_cppExport-release.cmake
[13.613s] -- Installing: /home/utc_sim/ros2_dvrk/install/cisst_msgs/share/cisst_msgs/cmake/export_cisst_msgs__rosidl_generator_pyExport.cmake
[13.617s] -- Installing: /home/utc_sim/ros2_dvrk/install/cisst_msgs/share/cisst_msgs/cmake/export_cisst_msgs__rosidl_generator_pyExport-release.cmake
[13.622s] Invoked command in '/home/utc_sim/ros2_dvrk/build/cisst_msgs' returned '0': CMAKE_PREFIX_PATH=${CMAKE_PREFIX_PATH}:/home/utc_sim/ros2_ws/install /usr/bin/cmake --install /home/utc_sim/ros2_dvrk/build/cisst_msgs
