[ 20%] [34m[1mAutomatic MOC for target hrsv_widget[0m
[ 20%] Built target hrsv_widget_autogen
[100%] Built target hrsv_widget
-- Install configuration: "Release"
-- Execute custom install script
-- Up-to-date symlink: /home/utc_sim/ros2_dvrk/install/dvrk_hrsv_widget/share/ament_index/resource_index/package_run_dependencies/dvrk_hrsv_widget
-- Up-to-date symlink: /home/utc_sim/ros2_dvrk/install/dvrk_hrsv_widget/share/ament_index/resource_index/parent_prefix_path/dvrk_hrsv_widget
-- Up-to-date symlink: /home/utc_sim/ros2_dvrk/install/dvrk_hrsv_widget/share/dvrk_hrsv_widget/environment/ament_prefix_path.sh
-- Up-to-date symlink: /home/utc_sim/ros2_dvrk/install/dvrk_hrsv_widget/share/dvrk_hrsv_widget/environment/ament_prefix_path.dsv
-- Up-to-date symlink: /home/utc_sim/ros2_dvrk/install/dvrk_hrsv_widget/share/dvrk_hrsv_widget/environment/path.sh
-- Up-to-date symlink: /home/utc_sim/ros2_dvrk/install/dvrk_hrsv_widget/share/dvrk_hrsv_widget/environment/path.dsv
-- Up-to-date symlink: /home/utc_sim/ros2_dvrk/install/dvrk_hrsv_widget/share/dvrk_hrsv_widget/local_setup.bash
-- Up-to-date symlink: /home/utc_sim/ros2_dvrk/install/dvrk_hrsv_widget/share/dvrk_hrsv_widget/local_setup.sh
-- Up-to-date symlink: /home/utc_sim/ros2_dvrk/install/dvrk_hrsv_widget/share/dvrk_hrsv_widget/local_setup.zsh
-- Up-to-date symlink: /home/utc_sim/ros2_dvrk/install/dvrk_hrsv_widget/share/dvrk_hrsv_widget/local_setup.dsv
-- Symlinking: /home/utc_sim/ros2_dvrk/install/dvrk_hrsv_widget/share/dvrk_hrsv_widget/package.dsv
-- Up-to-date symlink: /home/utc_sim/ros2_dvrk/install/dvrk_hrsv_widget/share/ament_index/resource_index/packages/dvrk_hrsv_widget
-- Up-to-date symlink: /home/utc_sim/ros2_dvrk/install/dvrk_hrsv_widget/share/dvrk_hrsv_widget/cmake/dvrk_hrsv_widgetConfig.cmake
-- Up-to-date symlink: /home/utc_sim/ros2_dvrk/install/dvrk_hrsv_widget/share/dvrk_hrsv_widget/cmake/dvrk_hrsv_widgetConfig-version.cmake
-- Up-to-date symlink: /home/utc_sim/ros2_dvrk/install/dvrk_hrsv_widget/share/dvrk_hrsv_widget/package.xml
-- Up-to-date: /home/utc_sim/ros2_dvrk/install/dvrk_hrsv_widget/lib/dvrk_hrsv_widget/hrsv_widget
