[0.075s] Invoking command in '/home/utc_sim/ros2_dvrk/src/build/dvrk_config_jhu': CMAKE_PREFIX_PATH=${CMAKE_PREFIX_PATH}:/home/utc_sim/ros2_ws/install /usr/bin/cmake /home/utc_sim/ros2_dvrk/src/dvrk/dvrk_config_jhu -DCMAKE_BUILD_TYPE=Release -DCMAKE_INSTALL_PREFIX=/home/utc_sim/ros2_dvrk/src/install/dvrk_config_jhu
[0.840s] -- The C compiler identification is GNU 11.4.0
[0.840s] -- The CXX compiler identification is GNU 11.4.0
[0.840s] -- Detecting C compiler ABI info
[0.840s] -- Detecting C compiler ABI info - done
[0.840s] -- Check for working C compiler: /usr/bin/cc - skipped
[0.840s] -- Detecting C compile features
[0.840s] -- Detecting C compile features - done
[0.840s] -- Detecting CXX compiler ABI info
[0.840s] -- Detecting CXX compiler ABI info - done
[0.840s] -- Check for working CXX compiler: /usr/bin/c++ - skipped
[0.840s] -- Detecting CXX compile features
[0.840s] -- Detecting CXX compile features - done
[0.840s] -- Found Python3: /usr/bin/python3 (found version "3.10.12") found components: Interpreter 
[0.840s] -- Configuring incomplete, errors occurred!
[0.840s] See also "/home/utc_sim/ros2_dvrk/src/build/dvrk_config_jhu/CMakeFiles/CMakeOutput.log".
[0.840s] Traceback (most recent call last):
[0.840s]   File "/opt/ros/humble/share/ament_cmake_core/cmake/package_templates/templates_2_cmake.py", line 21, in <module>
[0.840s]     from ament_package.templates import get_environment_hook_template_path
[0.840s] ModuleNotFoundError: No module named 'ament_package'
[0.840s] [31mCMake Error at /opt/ros/humble/share/ament_cmake_core/cmake/ament_cmake_package_templates-extras.cmake:41 (message):
[0.840s]   execute_process(/usr/bin/python3
[0.840s]   /opt/ros/humble/share/ament_cmake_core/cmake/package_templates/templates_2_cmake.py
[0.840s]   /home/utc_sim/ros2_dvrk/src/build/dvrk_config_jhu/ament_cmake_package_templates/templates.cmake)
[0.840s]   returned error code 1
[0.840s] Call Stack (most recent call first):
[0.840s]   /opt/ros/humble/share/ament_cmake_core/cmake/ament_cmake_coreConfig.cmake:41 (include)
[0.840s]   /opt/ros/humble/share/ament_cmake/cmake/ament_cmake_export_dependencies-extras.cmake:15 (find_package)
[0.840s]   /opt/ros/humble/share/ament_cmake/cmake/ament_cmakeConfig.cmake:41 (include)
[0.840s]   CMakeLists.txt:4 (find_package)
[0.840s] 
[0.840s] [0m
[0.844s] Invoked command in '/home/utc_sim/ros2_dvrk/src/build/dvrk_config_jhu' returned '1': CMAKE_PREFIX_PATH=${CMAKE_PREFIX_PATH}:/home/utc_sim/ros2_ws/install /usr/bin/cmake /home/utc_sim/ros2_dvrk/src/dvrk/dvrk_config_jhu -DCMAKE_BUILD_TYPE=Release -DCMAKE_INSTALL_PREFIX=/home/utc_sim/ros2_dvrk/src/install/dvrk_config_jhu
