-- Override CMake install command with custom implementation using symlinks instead of copying resources
-- Found rclcpp: 16.0.17 (/opt/ros/humble/share/rclcpp/cmake)
-- Found rosidl_generator_c: 3.1.8 (/opt/ros/humble/share/rosidl_generator_c/cmake)
-- Found rosidl_adapter: 3.1.8 (/opt/ros/humble/share/rosidl_adapter/cmake)
-- Found rosidl_generator_cpp: 3.1.8 (/opt/ros/humble/share/rosidl_generator_cpp/cmake)
-- Using all available rosidl_typesupport_c: rosidl_typesupport_fastrtps_c;rosidl_typesupport_introspection_c
-- Using all available rosidl_typesupport_cpp: rosidl_typesupport_fastrtps_cpp;rosidl_typesupport_introspection_cpp
-- Found rmw_implementation_cmake: 6.1.2 (/opt/ros/humble/share/rmw_implementation_cmake/cmake)
-- Found rmw_fastrtps_cpp: 6.2.9 (/opt/ros/humble/share/rmw_fastrtps_cpp/cmake)
-- Using RMW implementation 'rmw_fastrtps_cpp' as default
-- Found std_srvs: 4.9.0 (/opt/ros/humble/share/std_srvs/cmake)
-- Found geometry_msgs: 4.9.0 (/opt/ros/humble/share/geometry_msgs/cmake)
-- Found sensor_msgs: 4.9.0 (/opt/ros/humble/share/sensor_msgs/cmake)
-- Found diagnostic_msgs: 4.9.0 (/opt/ros/humble/share/diagnostic_msgs/cmake)
-- Found tf2_ros: 0.25.18 (/opt/ros/humble/share/tf2_ros/cmake)
-- Found cisst_msgs: 4.0.0 (/home/utc_sim/ros2_dvrk/install/cisst_msgs/share/cisst_msgs/cmake)
-- Found crtk_msgs: 1.3.0 (/home/utc_sim/ros2_dvrk/install/crtk_msgs/share/crtk_msgs/cmake)
-- Found cisst_ros_bridge: 4.0.0 (/home/utc_sim/ros2_dvrk/install/cisst_ros_bridge/share/cisst_ros_bridge/cmake)
-- Found cisst_ros_crtk: 4.0.0 (/home/utc_sim/ros2_dvrk/install/cisst_ros_crtk/share/cisst_ros_crtk/cmake)
-- Found saw_robot_io_1394_ros: 2.4.0 (/home/utc_sim/ros2_dvrk/install/saw_robot_io_1394_ros/share/saw_robot_io_1394_ros/cmake)
[31mCMake Error at CMakeLists.txt:45 (find_package):
  By not providing "Findsaw_controllers_ros.cmake" in CMAKE_MODULE_PATH this
  project has asked CMake to find a package configuration file provided by
  "saw_controllers_ros", but CMake did not find one.

  Could not find a package configuration file provided by
  "saw_controllers_ros" with any of the following names:

    saw_controllers_rosConfig.cmake
    saw_controllers_ros-config.cmake

  Add the installation prefix of "saw_controllers_ros" to CMAKE_PREFIX_PATH
  or set "saw_controllers_ros_DIR" to a directory containing one of the above
  files.  If "saw_controllers_ros" provides a separate development package or
  SDK, be sure it has been installed.

[0m
-- Configuring incomplete, errors occurred!
See also "/home/utc_sim/ros2_dvrk/build/dvrk_robot/CMakeFiles/CMakeOutput.log".
