[  0%] [34m[1mCopying data files from models to /home/utc_sim/ros2_dvrk/build/cisst/share/cisst-1.4/models[0m
[  2%] Built target cisstReflexxesTypeIIExternal
[  3%] [34m[1mGenerating /home/utc_sim/ros2_dvrk/build/cisst/include/cisstRevision.h from /home/utc_sim/ros2_dvrk/src/cisst-saw/cisst/cisstRevision.h.in[0m
[  3%] Built target cisstInteractive_COMPILE_IREPY
[  3%] [34m[1mGenerating /home/utc_sim/ros2_dvrk/build/cisst/include/cisstBuildType.h from /home/utc_sim/ros2_dvrk/src/cisst-saw/cisst/cisstBuildType.h.in[0m
-- Found Git revision: 1.4.0
[  4%] [34m[1mCopying data files from movies to /home/utc_sim/ros2_dvrk/build/cisst/share/cisst-1.4/movies[0m
[  4%] [34m[1mCopying data files from images to /home/utc_sim/ros2_dvrk/build/cisst/share/cisst-1.4/images[0m
[  4%] Built target cisstRevision
-- Build type is: Release
Build suffix is: .
[  4%] Built target copy_data_movies
[  4%] Built target cisstBuildType
[  4%] Built target copy_data_models
[  4%] Built target copy_data_images
[ 11%] Built target cisstDataGenerator
[ 19%] Built target cisstCommon
[ 25%] Built target cisstVector
[ 26%] Built target cisstCommonPython_swig_compilation
[ 31%] Built target cisstOSAbstraction
[ 31%] Built target cisstCommonXML
[ 32%] Built target cisstVectorPython_swig_compilation
[ 33%] Built target cisstOSAbstractionPython_swig_compilation
[ 33%] Built target cisstVectorPython
[ 37%] Built target cisstNumerical
[ 37%] Built target cisstCommonPython
[ 37%] Built target cisstOSAbstractionPython
[ 57%] Built target cisstMultiTask
[ 58%] Built target cisstNumericalPython_swig_compilation
[ 64%] Built target cisstRobot
[ 76%] Built target cisstMesh
[ 78%] Built target cisstInteractive
[ 78%] Built target cisstMultiTaskPython_swig_compilation
[ 96%] Built target cisstParameterTypes
[ 96%] Built target cisstNumericalPython
[ 97%] Built target cisstMultiTaskPython
[ 97%] Built target cisstMeshPython_swig_compilation
[ 98%] Built target cisstRobotPython_swig_compilation
[ 98%] Built target cisstParameterTypesPython_swig_compilation
[ 98%] Built target cisstRobotPython
[ 99%] Built target cisstMeshPython
[100%] Built target cisstParameterTypesPython
-- Install configuration: "Release"
-- Up-to-date: /home/utc_sim/ros2_dvrk/install/cisst/include/cisstRevision.h
-- Up-to-date: /home/utc_sim/ros2_dvrk/install/cisst/include/cisstBuildType.h
-- Up-to-date: /home/utc_sim/ros2_dvrk/install/cisst/share/cisst-1.4/cmake/cisstOpenGLOpenGL.cmake
-- Up-to-date: /home/utc_sim/ros2_dvrk/install/cisst/share/cisst-1.4/cmake/cisstOpenGLExternal.cmake
-- Up-to-date: /home/utc_sim/ros2_dvrk/install/cisst/share/cisst-1.4/cmake/cisstOpenGLOpenGL.cmake
-- Up-to-date: /home/utc_sim/ros2_dvrk/install/cisst/share/cisst-1.4/cmake/cisstOpenGLExternal.cmake
-- Up-to-date: /home/utc_sim/ros2_dvrk/install/cisst/share/cisst-1.4/cmake/cisstSWIGSWIG.cmake
-- Up-to-date: /home/utc_sim/ros2_dvrk/install/cisst/share/cisst-1.4/cmake/cisstSWIGExternal.cmake
-- Up-to-date: /home/utc_sim/ros2_dvrk/install/cisst/share/cisst-1.4/cmake/cisstSWIGSWIG.cmake
-- Up-to-date: /home/utc_sim/ros2_dvrk/install/cisst/share/cisst-1.4/cmake/cisstSWIGExternal.cmake
-- Up-to-date: /home/utc_sim/ros2_dvrk/install/cisst/share/cisst-1.4/cmake/cisstPythonPython.cmake
-- Up-to-date: /home/utc_sim/ros2_dvrk/install/cisst/share/cisst-1.4/cmake/cisstPythonExternal.cmake
-- Up-to-date: /home/utc_sim/ros2_dvrk/install/cisst/share/cisst-1.4/cmake/cisstPythonPython.cmake
-- Up-to-date: /home/utc_sim/ros2_dvrk/install/cisst/share/cisst-1.4/cmake/cisstPythonExternal.cmake
-- Up-to-date: /home/utc_sim/ros2_dvrk/install/cisst/share/cisst-1.4/cmake/cisstPythonBuild.cmake
-- Up-to-date: /home/utc_sim/ros2_dvrk/install/cisst/share/cisst-1.4/cmake/cisstCommonJSON.cmake
-- Up-to-date: /home/utc_sim/ros2_dvrk/install/cisst/share/cisst-1.4/cmake/cisstCommonExternal.cmake
-- Up-to-date: /home/utc_sim/ros2_dvrk/install/cisst/share/cisst-1.4/cmake/cisstCommonJSON.cmake
-- Up-to-date: /home/utc_sim/ros2_dvrk/install/cisst/share/cisst-1.4/cmake/cisstCommonExternal.cmake
-- Up-to-date: /home/utc_sim/ros2_dvrk/install/cisst/share/cisst-1.4/cmake/cisstCommonJSON.cmake
-- Up-to-date: /home/utc_sim/ros2_dvrk/install/cisst/share/cisst-1.4/cmake/cisstCommonExternal.cmake
-- Up-to-date: /home/utc_sim/ros2_dvrk/install/cisst/share/cisst-1.4/cmake/cisstCommonExternal.cmake
-- Up-to-date: /home/utc_sim/ros2_dvrk/install/cisst/share/cisst-1.4/cmake/cisstCommonExternal.cmake
-- Up-to-date: /home/utc_sim/ros2_dvrk/install/cisst/share/cisst-1.4/cmake/cisstOSAbstractionDL.cmake
-- Up-to-date: /home/utc_sim/ros2_dvrk/install/cisst/share/cisst-1.4/cmake/cisstOSAbstractionExternal.cmake
-- Up-to-date: /home/utc_sim/ros2_dvrk/install/cisst/share/cisst-1.4/cmake/cisstInteractiveDL.cmake
-- Up-to-date: /home/utc_sim/ros2_dvrk/install/cisst/share/cisst-1.4/cmake/cisstInteractiveExternal.cmake
-- Up-to-date: /home/utc_sim/ros2_dvrk/install/cisst/bin/cisstDataGenerator
-- Up-to-date: /home/utc_sim/ros2_dvrk/install/cisst/lib/libcisstCommon.so.1.4.0
-- Up-to-date: /home/utc_sim/ros2_dvrk/install/cisst/lib/libcisstCommon.so
-- Up-to-date: /home/utc_sim/ros2_dvrk/install/cisst/include/cisstCommon/cmnAccessorMacros.h
-- Up-to-date: /home/utc_sim/ros2_dvrk/install/cisst/include/cisstCommon/cmnAssert.h
-- Up-to-date: /home/utc_sim/ros2_dvrk/install/cisst/include/cisstCommon/cmnCallbackStreambuf.h
-- Up-to-date: /home/utc_sim/ros2_dvrk/install/cisst/include/cisstCommon/cmnClassRegister.h
-- Up-to-date: /home/utc_sim/ros2_dvrk/install/cisst/include/cisstCommon/cmnClassRegisterMacros.h
-- Up-to-date: /home/utc_sim/ros2_dvrk/install/cisst/include/cisstCommon/cmnClassServices.h
-- Up-to-date: /home/utc_sim/ros2_dvrk/install/cisst/include/cisstCommon/cmnClassServicesBase.h
-- Up-to-date: /home/utc_sim/ros2_dvrk/install/cisst/include/cisstCommon/cmnCommandLineOptions.h
-- Up-to-date: /home/utc_sim/ros2_dvrk/install/cisst/include/cisstCommon/cmnConstants.h
-- Up-to-date: /home/utc_sim/ros2_dvrk/install/cisst/include/cisstCommon/cmnDataFormat.h
-- Up-to-date: /home/utc_sim/ros2_dvrk/install/cisst/include/cisstCommon/cmnDataFunctions.h
-- Up-to-date: /home/utc_sim/ros2_dvrk/install/cisst/include/cisstCommon/cmnDataFunctionsArray.h
-- Up-to-date: /home/utc_sim/ros2_dvrk/install/cisst/include/cisstCommon/cmnDataFunctionsEnumMacros.h
-- Up-to-date: /home/utc_sim/ros2_dvrk/install/cisst/include/cisstCommon/cmnDataFunctionsJSON.h
-- Up-to-date: /home/utc_sim/ros2_dvrk/install/cisst/include/cisstCommon/cmnDataFunctionsList.h
-- Up-to-date: /home/utc_sim/ros2_dvrk/install/cisst/include/cisstCommon/cmnDataFunctionsMacros.h
-- Up-to-date: /home/utc_sim/ros2_dvrk/install/cisst/include/cisstCommon/cmnDataFunctionsMatrixHelpers.h
-- Up-to-date: /home/utc_sim/ros2_dvrk/install/cisst/include/cisstCommon/cmnDataFunctionsString.h
-- Up-to-date: /home/utc_sim/ros2_dvrk/install/cisst/include/cisstCommon/cmnDataFunctionsVector.h
-- Up-to-date: /home/utc_sim/ros2_dvrk/install/cisst/include/cisstCommon/cmnDataFunctionsVectorHelpers.h
-- Up-to-date: /home/utc_sim/ros2_dvrk/install/cisst/include/cisstCommon/cmnDeSerializer.h
-- Up-to-date: /home/utc_sim/ros2_dvrk/install/cisst/include/cisstCommon/cmnExport.h
-- Up-to-date: /home/utc_sim/ros2_dvrk/install/cisst/include/cisstCommon/cmnExportMacros.h
-- Up-to-date: /home/utc_sim/ros2_dvrk/install/cisst/include/cisstCommon/cmnForwardDeclarations.h
-- Up-to-date: /home/utc_sim/ros2_dvrk/install/cisst/include/cisstCommon/cmnGenericObject.h
-- Up-to-date: /home/utc_sim/ros2_dvrk/install/cisst/include/cisstCommon/cmnGenericObjectProxy.h
-- Up-to-date: /home/utc_sim/ros2_dvrk/install/cisst/include/cisstCommon/cmnGetChar.h
-- Up-to-date: /home/utc_sim/ros2_dvrk/install/cisst/include/cisstCommon/cmnKbHit.h
-- Up-to-date: /home/utc_sim/ros2_dvrk/install/cisst/include/cisstCommon/cmnLODMultiplexerStreambuf.h
-- Up-to-date: /home/utc_sim/ros2_dvrk/install/cisst/include/cisstCommon/cmnLODOutputMultiplexer.h
-- Up-to-date: /home/utc_sim/ros2_dvrk/install/cisst/include/cisstCommon/cmnLogLoD.h
-- Up-to-date: /home/utc_sim/ros2_dvrk/install/cisst/include/cisstCommon/cmnLogger.h
-- Up-to-date: /home/utc_sim/ros2_dvrk/install/cisst/include/cisstCommon/cmnMultiplexerStreambuf.h
-- Up-to-date: /home/utc_sim/ros2_dvrk/install/cisst/include/cisstCommon/cmnMultiplexerStreambufProxy.h
-- Up-to-date: /home/utc_sim/ros2_dvrk/install/cisst/include/cisstCommon/cmnNamedMap.h
-- Up-to-date: /home/utc_sim/ros2_dvrk/install/cisst/include/cisstCommon/cmnObjectRegister.h
-- Up-to-date: /home/utc_sim/ros2_dvrk/install/cisst/include/cisstCommon/cmnOutputMultiplexer.h
-- Up-to-date: /home/utc_sim/ros2_dvrk/install/cisst/include/cisstCommon/cmnPath.h
-- Up-to-date: /home/utc_sim/ros2_dvrk/install/cisst/include/cisstCommon/cmnPortability.h
-- Up-to-date: /home/utc_sim/ros2_dvrk/install/cisst/include/cisstCommon/cmnPrintf.h
-- Up-to-date: /home/utc_sim/ros2_dvrk/install/cisst/include/cisstCommon/cmnRandomSequence.h
-- Up-to-date: /home/utc_sim/ros2_dvrk/install/cisst/include/cisstCommon/cmnRequiresDeepCopy.h
-- Up-to-date: /home/utc_sim/ros2_dvrk/install/cisst/include/cisstCommon/cmnSerializer.h
-- Up-to-date: /home/utc_sim/ros2_dvrk/install/cisst/include/cisstCommon/cmnStreamRawParser.h
-- Up-to-date: /home/utc_sim/ros2_dvrk/install/cisst/include/cisstCommon/cmnStrings.h
-- Up-to-date: /home/utc_sim/ros2_dvrk/install/cisst/include/cisstCommon/cmnThrow.h
-- Up-to-date: /home/utc_sim/ros2_dvrk/install/cisst/include/cisstCommon/cmnTokenizer.h
-- Up-to-date: /home/utc_sim/ros2_dvrk/install/cisst/include/cisstCommon/cmnTypeTraits.h
-- Up-to-date: /home/utc_sim/ros2_dvrk/install/cisst/include/cisstCommon/cmnUnits.h
-- Up-to-date: /home/utc_sim/ros2_dvrk/install/cisst/include/cisstCommon.h
-- Up-to-date: /home/utc_sim/ros2_dvrk/install/cisst/include/cisstCommon/cmnJointType.h
-- Up-to-date: /home/utc_sim/ros2_dvrk/install/cisst/include/cisstCommon/cisstCommon.i
-- Up-to-date: /home/utc_sim/ros2_dvrk/install/cisst/lib/_cisstCommonPython.so
-- Up-to-date: /home/utc_sim/ros2_dvrk/install/cisst/lib/cisstCommonPython.py
-- Up-to-date: /home/utc_sim/ros2_dvrk/install/cisst/include/cisstCommon/cmnPython.h
-- Up-to-date: /home/utc_sim/ros2_dvrk/install/cisst/share/cisst-1.4/cmake/cisstCommonXMLLibXml2.cmake
-- Up-to-date: /home/utc_sim/ros2_dvrk/install/cisst/share/cisst-1.4/cmake/cisstCommonXMLExternal.cmake
-- Up-to-date: /home/utc_sim/ros2_dvrk/install/cisst/share/cisst-1.4/cmake/cisstCommonXMLExternal.cmake
-- Up-to-date: /home/utc_sim/ros2_dvrk/install/cisst/include/cisstCommon/cmnConfigXML.h
-- Up-to-date: /home/utc_sim/ros2_dvrk/install/cisst/lib/libcisstCommonXML.so.1.4.0
-- Up-to-date: /home/utc_sim/ros2_dvrk/install/cisst/lib/libcisstCommonXML.so
-- Up-to-date: /home/utc_sim/ros2_dvrk/install/cisst/share/cisst-1.4/cmake/cisstCommonXMLInternal.cmake
-- Up-to-date: /home/utc_sim/ros2_dvrk/install/cisst/include/cisstCommon/cmnExportXML.h
-- Up-to-date: /home/utc_sim/ros2_dvrk/install/cisst/include/cisstCommon/cmnXMLPath.h
-- Up-to-date: /home/utc_sim/ros2_dvrk/install/cisst/include/cisstCommonXML.h
-- Up-to-date: /home/utc_sim/ros2_dvrk/install/cisst/share/cisst-1.4/cmake/cisstVectorExternal.cmake
-- Up-to-date: /home/utc_sim/ros2_dvrk/install/cisst/lib/libcisstVector.so.1.4.0
-- Up-to-date: /home/utc_sim/ros2_dvrk/install/cisst/lib/libcisstVector.so
-- Up-to-date: /home/utc_sim/ros2_dvrk/install/cisst/share/cisst-1.4/cmake/cisstVectorInternal.cmake
-- Up-to-date: /home/utc_sim/ros2_dvrk/install/cisst/include/cisstVector/vctAngleRotation2.h
-- Up-to-date: /home/utc_sim/ros2_dvrk/install/cisst/include/cisstVector/vctAxisAngleRotation3.h
-- Up-to-date: /home/utc_sim/ros2_dvrk/install/cisst/include/cisstVector/vctBarycentricVector.h
-- Up-to-date: /home/utc_sim/ros2_dvrk/install/cisst/include/cisstVector/vctBinaryOperations.h
-- Up-to-date: /home/utc_sim/ros2_dvrk/install/cisst/include/cisstVector/vctBoundingBox3.h
-- Up-to-date: /home/utc_sim/ros2_dvrk/install/cisst/include/cisstVector/vctContainerTraits.h
-- Up-to-date: /home/utc_sim/ros2_dvrk/install/cisst/include/cisstVector/vctDataFunctionsDynamicMatrix.h
-- Up-to-date: /home/utc_sim/ros2_dvrk/install/cisst/include/cisstVector/vctDataFunctionsDynamicMatrixJSON.h
-- Up-to-date: /home/utc_sim/ros2_dvrk/install/cisst/include/cisstVector/vctDataFunctionsDynamicVector.h
-- Up-to-date: /home/utc_sim/ros2_dvrk/install/cisst/include/cisstVector/vctDataFunctionsDynamicVectorJSON.h
-- Up-to-date: /home/utc_sim/ros2_dvrk/install/cisst/include/cisstVector/vctDataFunctionsFixedSizeMatrix.h
-- Up-to-date: /home/utc_sim/ros2_dvrk/install/cisst/include/cisstVector/vctDataFunctionsFixedSizeMatrixJSON.h
-- Up-to-date: /home/utc_sim/ros2_dvrk/install/cisst/include/cisstVector/vctDataFunctionsFixedSizeVector.h
-- Up-to-date: /home/utc_sim/ros2_dvrk/install/cisst/include/cisstVector/vctDataFunctionsFixedSizeVectorJSON.h
-- Up-to-date: /home/utc_sim/ros2_dvrk/install/cisst/include/cisstVector/vctDataFunctionsTransformations.h
-- Up-to-date: /home/utc_sim/ros2_dvrk/install/cisst/include/cisstVector/vctDataFunctionsTransformationsJSON.h
-- Up-to-date: /home/utc_sim/ros2_dvrk/install/cisst/include/cisstVector/vctDeterminant.h
-- Up-to-date: /home/utc_sim/ros2_dvrk/install/cisst/include/cisstVector/vctDynamicCompactLoopEngines.h
-- Up-to-date: /home/utc_sim/ros2_dvrk/install/cisst/include/cisstVector/vctDynamicConstMatrixBase.h
-- Up-to-date: /home/utc_sim/ros2_dvrk/install/cisst/include/cisstVector/vctDynamicConstMatrixRef.h
-- Up-to-date: /home/utc_sim/ros2_dvrk/install/cisst/include/cisstVector/vctDynamicConstNArrayBase.h
-- Up-to-date: /home/utc_sim/ros2_dvrk/install/cisst/include/cisstVector/vctDynamicConstNArrayRef.h
-- Up-to-date: /home/utc_sim/ros2_dvrk/install/cisst/include/cisstVector/vctDynamicConstVectorBase.h
-- Up-to-date: /home/utc_sim/ros2_dvrk/install/cisst/include/cisstVector/vctDynamicConstVectorRef.h
-- Up-to-date: /home/utc_sim/ros2_dvrk/install/cisst/include/cisstVector/vctDynamicMatrix.h
-- Up-to-date: /home/utc_sim/ros2_dvrk/install/cisst/include/cisstVector/vctDynamicMatrixBase.h
-- Up-to-date: /home/utc_sim/ros2_dvrk/install/cisst/include/cisstVector/vctDynamicMatrixLoopEngines.h
-- Up-to-date: /home/utc_sim/ros2_dvrk/install/cisst/include/cisstVector/vctDynamicMatrixOwner.h
-- Up-to-date: /home/utc_sim/ros2_dvrk/install/cisst/include/cisstVector/vctDynamicMatrixRef.h
-- Up-to-date: /home/utc_sim/ros2_dvrk/install/cisst/include/cisstVector/vctDynamicMatrixRefOwner.h
-- Up-to-date: /home/utc_sim/ros2_dvrk/install/cisst/include/cisstVector/vctDynamicMatrixTypes.h
-- Up-to-date: /home/utc_sim/ros2_dvrk/install/cisst/include/cisstVector/vctDynamicNArray.h
-- Up-to-date: /home/utc_sim/ros2_dvrk/install/cisst/include/cisstVector/vctDynamicNArrayBase.h
-- Up-to-date: /home/utc_sim/ros2_dvrk/install/cisst/include/cisstVector/vctDynamicNArrayLoopEngines.h
-- Up-to-date: /home/utc_sim/ros2_dvrk/install/cisst/include/cisstVector/vctDynamicNArrayOwner.h
-- Up-to-date: /home/utc_sim/ros2_dvrk/install/cisst/include/cisstVector/vctDynamicNArrayRef.h
-- Up-to-date: /home/utc_sim/ros2_dvrk/install/cisst/include/cisstVector/vctDynamicNArrayRefOwner.h
-- Up-to-date: /home/utc_sim/ros2_dvrk/install/cisst/include/cisstVector/vctDynamicVector.h
-- Up-to-date: /home/utc_sim/ros2_dvrk/install/cisst/include/cisstVector/vctDynamicVectorBase.h
-- Up-to-date: /home/utc_sim/ros2_dvrk/install/cisst/include/cisstVector/vctDynamicVectorLoopEngines.h
-- Up-to-date: /home/utc_sim/ros2_dvrk/install/cisst/include/cisstVector/vctDynamicVectorOwner.h
-- Up-to-date: /home/utc_sim/ros2_dvrk/install/cisst/include/cisstVector/vctDynamicVectorRef.h
-- Up-to-date: /home/utc_sim/ros2_dvrk/install/cisst/include/cisstVector/vctDynamicVectorRefOwner.h
-- Up-to-date: /home/utc_sim/ros2_dvrk/install/cisst/include/cisstVector/vctDynamicVectorTypes.h
-- Up-to-date: /home/utc_sim/ros2_dvrk/install/cisst/include/cisstVector/vctEulerRotation3.h
-- Up-to-date: /home/utc_sim/ros2_dvrk/install/cisst/include/cisstVector/vctExport.h
-- Up-to-date: /home/utc_sim/ros2_dvrk/install/cisst/include/cisstVector/vctFastCopy.h
-- Up-to-date: /home/utc_sim/ros2_dvrk/install/cisst/include/cisstVector/vctFixedSizeConstMatrixBase.h
-- Up-to-date: /home/utc_sim/ros2_dvrk/install/cisst/include/cisstVector/vctFixedSizeConstMatrixRef.h
-- Up-to-date: /home/utc_sim/ros2_dvrk/install/cisst/include/cisstVector/vctFixedSizeConstVectorBase.h
-- Up-to-date: /home/utc_sim/ros2_dvrk/install/cisst/include/cisstVector/vctFixedSizeConstVectorRef.h
-- Up-to-date: /home/utc_sim/ros2_dvrk/install/cisst/include/cisstVector/vctFixedSizeMatrix.h
-- Up-to-date: /home/utc_sim/ros2_dvrk/install/cisst/include/cisstVector/vctFixedSizeMatrixBase.h
-- Up-to-date: /home/utc_sim/ros2_dvrk/install/cisst/include/cisstVector/vctFixedSizeMatrixLoopEngines.h
-- Up-to-date: /home/utc_sim/ros2_dvrk/install/cisst/include/cisstVector/vctFixedSizeMatrixRef.h
-- Up-to-date: /home/utc_sim/ros2_dvrk/install/cisst/include/cisstVector/vctFixedSizeMatrixTraits.h
-- Up-to-date: /home/utc_sim/ros2_dvrk/install/cisst/include/cisstVector/vctFixedSizeMatrixTypes.h
-- Up-to-date: /home/utc_sim/ros2_dvrk/install/cisst/include/cisstVector/vctFixedSizeVector.h
-- Up-to-date: /home/utc_sim/ros2_dvrk/install/cisst/include/cisstVector/vctFixedSizeVectorBase.h
-- Up-to-date: /home/utc_sim/ros2_dvrk/install/cisst/include/cisstVector/vctFixedSizeVectorRecursiveEngines.h
-- Up-to-date: /home/utc_sim/ros2_dvrk/install/cisst/include/cisstVector/vctFixedSizeVectorRef.h
-- Up-to-date: /home/utc_sim/ros2_dvrk/install/cisst/include/cisstVector/vctFixedSizeVectorTraits.h
-- Up-to-date: /home/utc_sim/ros2_dvrk/install/cisst/include/cisstVector/vctFixedSizeVectorTypes.h
-- Up-to-date: /home/utc_sim/ros2_dvrk/install/cisst/include/cisstVector/vctFixedStrideMatrixIterator.h
-- Up-to-date: /home/utc_sim/ros2_dvrk/install/cisst/include/cisstVector/vctFixedStrideVectorIterator.h
-- Up-to-date: /home/utc_sim/ros2_dvrk/install/cisst/include/cisstVector/vctForwardDeclarations.h
-- Up-to-date: /home/utc_sim/ros2_dvrk/install/cisst/include/cisstVector/vctFrame4x4.h
-- Up-to-date: /home/utc_sim/ros2_dvrk/install/cisst/include/cisstVector/vctFrame4x4Base.h
-- Up-to-date: /home/utc_sim/ros2_dvrk/install/cisst/include/cisstVector/vctFrame4x4ConstBase.h
-- Up-to-date: /home/utc_sim/ros2_dvrk/install/cisst/include/cisstVector/vctFrameBase.h
-- Up-to-date: /home/utc_sim/ros2_dvrk/install/cisst/include/cisstVector/vctMatrixRotation2.h
-- Up-to-date: /home/utc_sim/ros2_dvrk/install/cisst/include/cisstVector/vctMatrixRotation2Base.h
-- Up-to-date: /home/utc_sim/ros2_dvrk/install/cisst/include/cisstVector/vctMatrixRotation3.h
-- Up-to-date: /home/utc_sim/ros2_dvrk/install/cisst/include/cisstVector/vctMatrixRotation3Base.h
-- Up-to-date: /home/utc_sim/ros2_dvrk/install/cisst/include/cisstVector/vctMatrixRotation3ConstBase.h
-- Up-to-date: /home/utc_sim/ros2_dvrk/install/cisst/include/cisstVector/vctMatrixRotation3ConstRef.h
-- Up-to-date: /home/utc_sim/ros2_dvrk/install/cisst/include/cisstVector/vctMatrixRotation3Ref.h
-- Up-to-date: /home/utc_sim/ros2_dvrk/install/cisst/include/cisstVector/vctPlot2DBase.h
-- Up-to-date: /home/utc_sim/ros2_dvrk/install/cisst/include/cisstVector/vctPlot2DOpenGL.h
-- Up-to-date: /home/utc_sim/ros2_dvrk/install/cisst/include/cisstVector/vctPrintf.h
-- Up-to-date: /home/utc_sim/ros2_dvrk/install/cisst/include/cisstVector/vctQuaternion.h
-- Up-to-date: /home/utc_sim/ros2_dvrk/install/cisst/include/cisstVector/vctQuaternionBase.h
-- Up-to-date: /home/utc_sim/ros2_dvrk/install/cisst/include/cisstVector/vctQuaternionRotation3.h
-- Up-to-date: /home/utc_sim/ros2_dvrk/install/cisst/include/cisstVector/vctQuaternionRotation3Base.h
-- Up-to-date: /home/utc_sim/ros2_dvrk/install/cisst/include/cisstVector/vctRandom.h
-- Up-to-date: /home/utc_sim/ros2_dvrk/install/cisst/include/cisstVector/vctRandomDynamicMatrix.h
-- Up-to-date: /home/utc_sim/ros2_dvrk/install/cisst/include/cisstVector/vctRandomDynamicNArray.h
-- Up-to-date: /home/utc_sim/ros2_dvrk/install/cisst/include/cisstVector/vctRandomDynamicVector.h
-- Up-to-date: /home/utc_sim/ros2_dvrk/install/cisst/include/cisstVector/vctRandomFixedSizeMatrix.h
-- Up-to-date: /home/utc_sim/ros2_dvrk/install/cisst/include/cisstVector/vctRandomFixedSizeVector.h
-- Up-to-date: /home/utc_sim/ros2_dvrk/install/cisst/include/cisstVector/vctRandomTransformations.h
-- Up-to-date: /home/utc_sim/ros2_dvrk/install/cisst/include/cisstVector/vctRodriguezRotation3.h
-- Up-to-date: /home/utc_sim/ros2_dvrk/install/cisst/include/cisstVector/vctRodriguezRotation3Base.h
-- Up-to-date: /home/utc_sim/ros2_dvrk/install/cisst/include/cisstVector/vctStoreBackBinaryOperations.h
-- Up-to-date: /home/utc_sim/ros2_dvrk/install/cisst/include/cisstVector/vctStoreBackUnaryOperations.h
-- Up-to-date: /home/utc_sim/ros2_dvrk/install/cisst/include/cisstVector/vctTransformationTypes.h
-- Up-to-date: /home/utc_sim/ros2_dvrk/install/cisst/include/cisstVector/vctTypes.h
-- Up-to-date: /home/utc_sim/ros2_dvrk/install/cisst/include/cisstVector/vctUnaryOperations.h
-- Up-to-date: /home/utc_sim/ros2_dvrk/install/cisst/include/cisstVector/vctVarStrideMatrixIterator.h
-- Up-to-date: /home/utc_sim/ros2_dvrk/install/cisst/include/cisstVector/vctVarStrideNArrayIterator.h
-- Up-to-date: /home/utc_sim/ros2_dvrk/install/cisst/include/cisstVector/vctVarStrideVectorIterator.h
-- Up-to-date: /home/utc_sim/ros2_dvrk/install/cisst/include/cisstVector.h
-- Up-to-date: /home/utc_sim/ros2_dvrk/install/cisst/include/cisstVector/cisstVector.i
-- Up-to-date: /home/utc_sim/ros2_dvrk/install/cisst/lib/_cisstVectorPython.so
-- Up-to-date: /home/utc_sim/ros2_dvrk/install/cisst/lib/cisstVectorPython.py
-- Up-to-date: /home/utc_sim/ros2_dvrk/install/cisst/include/cisstVector/vctPython.h
-- Up-to-date: /home/utc_sim/ros2_dvrk/install/cisst/share/cisst-1.4/cmake/cisstOSAbstractionrt.cmake
-- Up-to-date: /home/utc_sim/ros2_dvrk/install/cisst/share/cisst-1.4/cmake/cisstOSAbstractionExternal.cmake
-- Up-to-date: /home/utc_sim/ros2_dvrk/install/cisst/include/cisstOSAbstraction/osaConfig.h
-- Up-to-date: /home/utc_sim/ros2_dvrk/install/cisst/lib/libcisstOSAbstraction.so.1.4.0
-- Up-to-date: /home/utc_sim/ros2_dvrk/install/cisst/lib/libcisstOSAbstraction.so
-- Up-to-date: /home/utc_sim/ros2_dvrk/install/cisst/share/cisst-1.4/cmake/cisstOSAbstractionInternal.cmake
-- Up-to-date: /home/utc_sim/ros2_dvrk/install/cisst/include/cisstOSAbstraction/osaCPUAffinity.h
-- Up-to-date: /home/utc_sim/ros2_dvrk/install/cisst/include/cisstOSAbstraction/osaCriticalSection.h
-- Up-to-date: /home/utc_sim/ros2_dvrk/install/cisst/include/cisstOSAbstraction/osaDynamicLoader.h
-- Up-to-date: /home/utc_sim/ros2_dvrk/install/cisst/include/cisstOSAbstraction/osaDynamicLoaderAndFactory.h
-- Up-to-date: /home/utc_sim/ros2_dvrk/install/cisst/include/cisstOSAbstraction/osaExport.h
-- Up-to-date: /home/utc_sim/ros2_dvrk/install/cisst/include/cisstOSAbstraction/osaForwardDeclarations.h
-- Up-to-date: /home/utc_sim/ros2_dvrk/install/cisst/include/cisstOSAbstraction/osaGetTime.h
-- Up-to-date: /home/utc_sim/ros2_dvrk/install/cisst/include/cisstOSAbstraction/osaMutex.h
-- Up-to-date: /home/utc_sim/ros2_dvrk/install/cisst/include/cisstOSAbstraction/osaPipeExec.h
-- Up-to-date: /home/utc_sim/ros2_dvrk/install/cisst/include/cisstOSAbstraction/osaSerialPort.h
-- Up-to-date: /home/utc_sim/ros2_dvrk/install/cisst/include/cisstOSAbstraction/osaSleep.h
-- Up-to-date: /home/utc_sim/ros2_dvrk/install/cisst/include/cisstOSAbstraction/osaSocket.h
-- Up-to-date: /home/utc_sim/ros2_dvrk/install/cisst/include/cisstOSAbstraction/osaSocketServer.h
-- Up-to-date: /home/utc_sim/ros2_dvrk/install/cisst/include/cisstOSAbstraction/osaStopwatch.h
-- Up-to-date: /home/utc_sim/ros2_dvrk/install/cisst/include/cisstOSAbstraction/osaThread.h
-- Up-to-date: /home/utc_sim/ros2_dvrk/install/cisst/include/cisstOSAbstraction/osaThreadAdapter.h
-- Up-to-date: /home/utc_sim/ros2_dvrk/install/cisst/include/cisstOSAbstraction/osaThreadBuddy.h
-- Up-to-date: /home/utc_sim/ros2_dvrk/install/cisst/include/cisstOSAbstraction/osaThreadSignal.h
-- Up-to-date: /home/utc_sim/ros2_dvrk/install/cisst/include/cisstOSAbstraction/osaThreadedLogFile.h
-- Up-to-date: /home/utc_sim/ros2_dvrk/install/cisst/include/cisstOSAbstraction/osaTimeServer.h
-- Up-to-date: /home/utc_sim/ros2_dvrk/install/cisst/include/cisstOSAbstraction/osaTripleBuffer.h
-- Up-to-date: /home/utc_sim/ros2_dvrk/install/cisst/include/cisstOSAbstraction.h
-- Up-to-date: /home/utc_sim/ros2_dvrk/install/cisst/include/cisstOSAbstraction/cisstOSAbstraction.i
-- Up-to-date: /home/utc_sim/ros2_dvrk/install/cisst/lib/_cisstOSAbstractionPython.so
-- Up-to-date: /home/utc_sim/ros2_dvrk/install/cisst/lib/cisstOSAbstractionPython.py
-- Up-to-date: /home/utc_sim/ros2_dvrk/install/cisst/include/cisstOSAbstraction/osaPython.h
-- Up-to-date: /home/utc_sim/ros2_dvrk/install/cisst/share/cisst-1.4/cmake/cisstNumericalcisstNetlib.cmake
-- Up-to-date: /home/utc_sim/ros2_dvrk/install/cisst/share/cisst-1.4/cmake/cisstNumericalExternal.cmake
-- Up-to-date: /home/utc_sim/ros2_dvrk/install/cisst/share/cisst-1.4/cmake/cisstNumericalcisstNetlib.cmake
-- Up-to-date: /home/utc_sim/ros2_dvrk/install/cisst/share/cisst-1.4/cmake/cisstNumericalExternal.cmake
-- Up-to-date: /home/utc_sim/ros2_dvrk/install/cisst/include/cisstNumerical/nmrConfig.h
-- Up-to-date: /home/utc_sim/ros2_dvrk/install/cisst/lib/libcisstNumerical.so.1.4.0
-- Up-to-date: /home/utc_sim/ros2_dvrk/install/cisst/lib/libcisstNumerical.so
-- Up-to-date: /home/utc_sim/ros2_dvrk/install/cisst/share/cisst-1.4/cmake/cisstNumericalInternal.cmake
-- Up-to-date: /home/utc_sim/ros2_dvrk/install/cisst/share/cisst-1.4/cmake/cisstNumericalInternal.cmake
-- Up-to-date: /home/utc_sim/ros2_dvrk/install/cisst/include/cisstNumerical/nmrCallBack.h
-- Up-to-date: /home/utc_sim/ros2_dvrk/install/cisst/include/cisstNumerical/nmrConstraintOptimizer.h
-- Up-to-date: /home/utc_sim/ros2_dvrk/install/cisst/include/cisstNumerical/nmrExport.h
-- Up-to-date: /home/utc_sim/ros2_dvrk/install/cisst/include/cisstNumerical/nmrGaussJordanInverse.h
-- Up-to-date: /home/utc_sim/ros2_dvrk/install/cisst/include/cisstNumerical/nmrHFTISolver.h
-- Up-to-date: /home/utc_sim/ros2_dvrk/install/cisst/include/cisstNumerical/nmrInverse.h
-- Up-to-date: /home/utc_sim/ros2_dvrk/install/cisst/include/cisstNumerical/nmrInverseSPD.h
-- Up-to-date: /home/utc_sim/ros2_dvrk/install/cisst/include/cisstNumerical/nmrIsOrthonormal.h
-- Up-to-date: /home/utc_sim/ros2_dvrk/install/cisst/include/cisstNumerical/nmrLDPSolver.h
-- Up-to-date: /home/utc_sim/ros2_dvrk/install/cisst/include/cisstNumerical/nmrLSEISolver.h
-- Up-to-date: /home/utc_sim/ros2_dvrk/install/cisst/include/cisstNumerical/nmrLSMinNorm.h
-- Up-to-date: /home/utc_sim/ros2_dvrk/install/cisst/include/cisstNumerical/nmrLSSolver.h
-- Up-to-date: /home/utc_sim/ros2_dvrk/install/cisst/include/cisstNumerical/nmrLSqLin.h
-- Up-to-date: /home/utc_sim/ros2_dvrk/install/cisst/include/cisstNumerical/nmrLU.h
-- Up-to-date: /home/utc_sim/ros2_dvrk/install/cisst/include/cisstNumerical/nmrLinearRegression.h
-- Up-to-date: /home/utc_sim/ros2_dvrk/install/cisst/include/cisstNumerical/nmrNNLSSolver.h
-- Up-to-date: /home/utc_sim/ros2_dvrk/install/cisst/include/cisstNumerical/nmrNetlib.h
-- Up-to-date: /home/utc_sim/ros2_dvrk/install/cisst/include/cisstNumerical/nmrPInverse.h
-- Up-to-date: /home/utc_sim/ros2_dvrk/install/cisst/include/cisstNumerical/nmrPInverseEconomy.h
-- Up-to-date: /home/utc_sim/ros2_dvrk/install/cisst/include/cisstNumerical/nmrRegistrationRigid.h
-- Up-to-date: /home/utc_sim/ros2_dvrk/install/cisst/include/cisstNumerical/nmrSVD.h
-- Up-to-date: /home/utc_sim/ros2_dvrk/install/cisst/include/cisstNumerical/nmrSVDEconomy.h
-- Up-to-date: /home/utc_sim/ros2_dvrk/install/cisst/include/cisstNumerical/nmrSVDRSSolver.h
-- Up-to-date: /home/utc_sim/ros2_dvrk/install/cisst/include/cisstNumerical/nmrSavitzkyGolay.h
-- Up-to-date: /home/utc_sim/ros2_dvrk/install/cisst/include/cisstNumerical/nmrSymmetricEigenProblem.h
-- Up-to-date: /home/utc_sim/ros2_dvrk/install/cisst/include/cisstNumerical.h
-- Up-to-date: /home/utc_sim/ros2_dvrk/install/cisst/share/cisst-1.4/cmake/cisstNumericalBuild.cmake
-- Up-to-date: /home/utc_sim/ros2_dvrk/install/cisst/include/cisstNumerical/cisstNumerical.i
-- Up-to-date: /home/utc_sim/ros2_dvrk/install/cisst/lib/_cisstNumericalPython.so
-- Up-to-date: /home/utc_sim/ros2_dvrk/install/cisst/lib/cisstNumericalPython.py
-- Up-to-date: /home/utc_sim/ros2_dvrk/install/cisst/include/cisstNumerical/nmrPython.h
-- Up-to-date: /home/utc_sim/ros2_dvrk/install/cisst/include/cisstMultiTask/mtsConfig.h
-- Up-to-date: /home/utc_sim/ros2_dvrk/install/cisst/lib/libcisstMultiTask.so.1.4.0
-- Up-to-date: /home/utc_sim/ros2_dvrk/install/cisst/lib/libcisstMultiTask.so
-- Up-to-date: /home/utc_sim/ros2_dvrk/install/cisst/share/cisst-1.4/cmake/cisstMultiTaskInternal.cmake
-- Up-to-date: /home/utc_sim/ros2_dvrk/install/cisst/share/cisst-1.4/cmake/cisstMultiTaskInternal.cmake
-- Up-to-date: /home/utc_sim/ros2_dvrk/install/cisst/share/cisst-1.4/cmake/cisstMultiTaskInternal.cmake
-- Up-to-date: /home/utc_sim/ros2_dvrk/install/cisst/include/cisstMultiTask/mtsCallableQualifiedReadBase.h
-- Up-to-date: /home/utc_sim/ros2_dvrk/install/cisst/include/cisstMultiTask/mtsCallableQualifiedReadMethod.h
-- Up-to-date: /home/utc_sim/ros2_dvrk/install/cisst/include/cisstMultiTask/mtsCallableQualifiedReadReturnVoidMethod.h
-- Up-to-date: /home/utc_sim/ros2_dvrk/install/cisst/include/cisstMultiTask/mtsCallableReadBase.h
-- Up-to-date: /home/utc_sim/ros2_dvrk/install/cisst/include/cisstMultiTask/mtsCallableReadMethod.h
-- Up-to-date: /home/utc_sim/ros2_dvrk/install/cisst/include/cisstMultiTask/mtsCallableReadReturnVoidMethod.h
-- Up-to-date: /home/utc_sim/ros2_dvrk/install/cisst/include/cisstMultiTask/mtsCallableVoidBase.h
-- Up-to-date: /home/utc_sim/ros2_dvrk/install/cisst/include/cisstMultiTask/mtsCallableVoidFunction.h
-- Up-to-date: /home/utc_sim/ros2_dvrk/install/cisst/include/cisstMultiTask/mtsCallableVoidMethod.h
-- Up-to-date: /home/utc_sim/ros2_dvrk/install/cisst/include/cisstMultiTask/mtsCallableVoidReturnBase.h
-- Up-to-date: /home/utc_sim/ros2_dvrk/install/cisst/include/cisstMultiTask/mtsCallableVoidReturnMethod.h
-- Up-to-date: /home/utc_sim/ros2_dvrk/install/cisst/include/cisstMultiTask/mtsCallableWriteReturnBase.h
-- Up-to-date: /home/utc_sim/ros2_dvrk/install/cisst/include/cisstMultiTask/mtsCallableWriteReturnMethod.h
-- Up-to-date: /home/utc_sim/ros2_dvrk/install/cisst/include/cisstMultiTask/mtsCollectorBase.h
-- Up-to-date: /home/utc_sim/ros2_dvrk/install/cisst/include/cisstMultiTask/mtsCollectorEvent.h
-- Up-to-date: /home/utc_sim/ros2_dvrk/install/cisst/include/cisstMultiTask/mtsCollectorFactory.h
-- Up-to-date: /home/utc_sim/ros2_dvrk/install/cisst/include/cisstMultiTask/mtsCollectorState.h
-- Up-to-date: /home/utc_sim/ros2_dvrk/install/cisst/include/cisstMultiTask/mtsCommandBase.h
-- Up-to-date: /home/utc_sim/ros2_dvrk/install/cisst/include/cisstMultiTask/mtsCommandFilteredQueuedWrite.h
-- Up-to-date: /home/utc_sim/ros2_dvrk/install/cisst/include/cisstMultiTask/mtsCommandFilteredWrite.h
-- Up-to-date: /home/utc_sim/ros2_dvrk/install/cisst/include/cisstMultiTask/mtsCommandQualifiedRead.h
-- Up-to-date: /home/utc_sim/ros2_dvrk/install/cisst/include/cisstMultiTask/mtsCommandQueuedVoid.h
-- Up-to-date: /home/utc_sim/ros2_dvrk/install/cisst/include/cisstMultiTask/mtsCommandQueuedVoidReturn.h
-- Up-to-date: /home/utc_sim/ros2_dvrk/install/cisst/include/cisstMultiTask/mtsCommandQueuedWrite.h
-- Up-to-date: /home/utc_sim/ros2_dvrk/install/cisst/include/cisstMultiTask/mtsCommandQueuedWriteBase.h
-- Up-to-date: /home/utc_sim/ros2_dvrk/install/cisst/include/cisstMultiTask/mtsCommandQueuedWriteReturn.h
-- Up-to-date: /home/utc_sim/ros2_dvrk/install/cisst/include/cisstMultiTask/mtsCommandRead.h
-- Up-to-date: /home/utc_sim/ros2_dvrk/install/cisst/include/cisstMultiTask/mtsCommandVoid.h
-- Up-to-date: /home/utc_sim/ros2_dvrk/install/cisst/include/cisstMultiTask/mtsCommandVoidReturn.h
-- Up-to-date: /home/utc_sim/ros2_dvrk/install/cisst/include/cisstMultiTask/mtsCommandWrite.h
-- Up-to-date: /home/utc_sim/ros2_dvrk/install/cisst/include/cisstMultiTask/mtsCommandWriteBase.h
-- Up-to-date: /home/utc_sim/ros2_dvrk/install/cisst/include/cisstMultiTask/mtsCommandWriteReturn.h
-- Up-to-date: /home/utc_sim/ros2_dvrk/install/cisst/include/cisstMultiTask/mtsComponent.h
-- Up-to-date: /home/utc_sim/ros2_dvrk/install/cisst/include/cisstMultiTask/mtsComponentAddLatency.h
-- Up-to-date: /home/utc_sim/ros2_dvrk/install/cisst/include/cisstMultiTask/mtsComponentGeneratorMacros.h
-- Up-to-date: /home/utc_sim/ros2_dvrk/install/cisst/include/cisstMultiTask/mtsComponentViewer.h
-- Up-to-date: /home/utc_sim/ros2_dvrk/install/cisst/include/cisstMultiTask/mtsConnection.h
-- Up-to-date: /home/utc_sim/ros2_dvrk/install/cisst/include/cisstMultiTask/mtsDelayedConnections.h
-- Up-to-date: /home/utc_sim/ros2_dvrk/install/cisst/include/cisstMultiTask/mtsEventReceiver.h
-- Up-to-date: /home/utc_sim/ros2_dvrk/install/cisst/include/cisstMultiTask/mtsExport.h
-- Up-to-date: /home/utc_sim/ros2_dvrk/install/cisst/include/cisstMultiTask/mtsFixedSizeVector.h
-- Up-to-date: /home/utc_sim/ros2_dvrk/install/cisst/include/cisstMultiTask/mtsFixedSizeVectorTypes.h
-- Up-to-date: /home/utc_sim/ros2_dvrk/install/cisst/include/cisstMultiTask/mtsForwardDeclarations.h
-- Up-to-date: /home/utc_sim/ros2_dvrk/install/cisst/include/cisstMultiTask/mtsFunctionBase.h
-- Up-to-date: /home/utc_sim/ros2_dvrk/install/cisst/include/cisstMultiTask/mtsFunctionQualifiedRead.h
-- Up-to-date: /home/utc_sim/ros2_dvrk/install/cisst/include/cisstMultiTask/mtsFunctionRead.h
-- Up-to-date: /home/utc_sim/ros2_dvrk/install/cisst/include/cisstMultiTask/mtsFunctionVoid.h
-- Up-to-date: /home/utc_sim/ros2_dvrk/install/cisst/include/cisstMultiTask/mtsFunctionVoidReturn.h
-- Up-to-date: /home/utc_sim/ros2_dvrk/install/cisst/include/cisstMultiTask/mtsFunctionWrite.h
-- Up-to-date: /home/utc_sim/ros2_dvrk/install/cisst/include/cisstMultiTask/mtsFunctionWriteReturn.h
-- Up-to-date: /home/utc_sim/ros2_dvrk/install/cisst/include/cisstMultiTask/mtsGenericObject.h
-- Up-to-date: /home/utc_sim/ros2_dvrk/install/cisst/include/cisstMultiTask/mtsGenericObjectProxy.h
-- Up-to-date: /home/utc_sim/ros2_dvrk/install/cisst/include/cisstMultiTask/mtsInterface.h
-- Up-to-date: /home/utc_sim/ros2_dvrk/install/cisst/include/cisstMultiTask/mtsInterfaceInput.h
-- Up-to-date: /home/utc_sim/ros2_dvrk/install/cisst/include/cisstMultiTask/mtsInterfaceOutput.h
-- Up-to-date: /home/utc_sim/ros2_dvrk/install/cisst/include/cisstMultiTask/mtsInterfaceProvided.h
-- Up-to-date: /home/utc_sim/ros2_dvrk/install/cisst/include/cisstMultiTask/mtsInterfaceRequired.h
-- Up-to-date: /home/utc_sim/ros2_dvrk/install/cisst/include/cisstMultiTask/mtsIntervalStatistics.h
-- Up-to-date: /home/utc_sim/ros2_dvrk/install/cisst/include/cisstMultiTask/mtsLODMultiplexerStreambuf.h
-- Up-to-date: /home/utc_sim/ros2_dvrk/install/cisst/include/cisstMultiTask/mtsMacros.h
-- Up-to-date: /home/utc_sim/ros2_dvrk/install/cisst/include/cisstMultiTask/mtsMailBox.h
-- Up-to-date: /home/utc_sim/ros2_dvrk/install/cisst/include/cisstMultiTask/mtsManagerComponentBase.h
-- Up-to-date: /home/utc_sim/ros2_dvrk/install/cisst/include/cisstMultiTask/mtsManagerComponentClient.h
-- Up-to-date: /home/utc_sim/ros2_dvrk/install/cisst/include/cisstMultiTask/mtsManagerComponentServer.h
-- Up-to-date: /home/utc_sim/ros2_dvrk/install/cisst/include/cisstMultiTask/mtsManagerComponentServices.h
-- Up-to-date: /home/utc_sim/ros2_dvrk/install/cisst/include/cisstMultiTask/mtsManagerGlobal.h
-- Up-to-date: /home/utc_sim/ros2_dvrk/install/cisst/include/cisstMultiTask/mtsManagerGlobalInterface.h
-- Up-to-date: /home/utc_sim/ros2_dvrk/install/cisst/include/cisstMultiTask/mtsManagerLocal.h
-- Up-to-date: /home/utc_sim/ros2_dvrk/install/cisst/include/cisstMultiTask/mtsManagerLocalInterface.h
-- Up-to-date: /home/utc_sim/ros2_dvrk/install/cisst/include/cisstMultiTask/mtsMatrix.h
-- Up-to-date: /home/utc_sim/ros2_dvrk/install/cisst/include/cisstMultiTask/mtsMulticastCommandVoid.h
-- Up-to-date: /home/utc_sim/ros2_dvrk/install/cisst/include/cisstMultiTask/mtsMulticastCommandWrite.h
-- Up-to-date: /home/utc_sim/ros2_dvrk/install/cisst/include/cisstMultiTask/mtsMulticastCommandWriteBase.h
-- Up-to-date: /home/utc_sim/ros2_dvrk/install/cisst/include/cisstMultiTask/mtsParameterTypesOld.h
-- Up-to-date: /home/utc_sim/ros2_dvrk/install/cisst/include/cisstMultiTask/mtsQueue.h
-- Up-to-date: /home/utc_sim/ros2_dvrk/install/cisst/include/cisstMultiTask/mtsSocketProxyClient.h
-- Up-to-date: /home/utc_sim/ros2_dvrk/install/cisst/include/cisstMultiTask/mtsSocketProxyCommon.h
-- Up-to-date: /home/utc_sim/ros2_dvrk/install/cisst/include/cisstMultiTask/mtsSocketProxyServer.h
-- Up-to-date: /home/utc_sim/ros2_dvrk/install/cisst/include/cisstMultiTask/mtsStateArray.h
-- Up-to-date: /home/utc_sim/ros2_dvrk/install/cisst/include/cisstMultiTask/mtsStateArrayBase.h
-- Up-to-date: /home/utc_sim/ros2_dvrk/install/cisst/include/cisstMultiTask/mtsStateData.h
-- Up-to-date: /home/utc_sim/ros2_dvrk/install/cisst/include/cisstMultiTask/mtsStateIndex.h
-- Up-to-date: /home/utc_sim/ros2_dvrk/install/cisst/include/cisstMultiTask/mtsStateTable.h
-- Up-to-date: /home/utc_sim/ros2_dvrk/install/cisst/include/cisstMultiTask/mtsStateTableFilter.h
-- Up-to-date: /home/utc_sim/ros2_dvrk/install/cisst/include/cisstMultiTask/mtsTask.h
-- Up-to-date: /home/utc_sim/ros2_dvrk/install/cisst/include/cisstMultiTask/mtsTaskContinuous.h
-- Up-to-date: /home/utc_sim/ros2_dvrk/install/cisst/include/cisstMultiTask/mtsTaskFromCallback.h
-- Up-to-date: /home/utc_sim/ros2_dvrk/install/cisst/include/cisstMultiTask/mtsTaskFromSignal.h
-- Up-to-date: /home/utc_sim/ros2_dvrk/install/cisst/include/cisstMultiTask/mtsTaskManager.h
-- Up-to-date: /home/utc_sim/ros2_dvrk/install/cisst/include/cisstMultiTask/mtsTaskPeriodic.h
-- Up-to-date: /home/utc_sim/ros2_dvrk/install/cisst/include/cisstMultiTask/mtsTransformationTypes.h
-- Up-to-date: /home/utc_sim/ros2_dvrk/install/cisst/include/cisstMultiTask/mtsVector.h
-- Up-to-date: /home/utc_sim/ros2_dvrk/install/cisst/include/cisstMultiTask/mtsWatchdogClient.h
-- Up-to-date: /home/utc_sim/ros2_dvrk/install/cisst/include/cisstMultiTask/mtsWatchdogServer.h
-- Up-to-date: /home/utc_sim/ros2_dvrk/install/cisst/include/cisstMultiTask.h
-- Up-to-date: /home/utc_sim/ros2_dvrk/install/cisst/include/cisstMultiTask/mtsInterfaceCommon.h
-- Up-to-date: /home/utc_sim/ros2_dvrk/install/cisst/include/cisstMultiTask/mtsComponentState.h
-- Up-to-date: /home/utc_sim/ros2_dvrk/install/cisst/include/cisstMultiTask/mtsExecutionResult.h
-- Up-to-date: /home/utc_sim/ros2_dvrk/install/cisst/include/cisstMultiTask/mtsParameterTypes.h
-- Up-to-date: /home/utc_sim/ros2_dvrk/install/cisst/include/cisstMultiTask/cisstMultiTask.i
-- Up-to-date: /home/utc_sim/ros2_dvrk/install/cisst/lib/_cisstMultiTaskPython.so
-- Up-to-date: /home/utc_sim/ros2_dvrk/install/cisst/lib/cisstMultiTaskPython.py
-- Up-to-date: /home/utc_sim/ros2_dvrk/install/cisst/include/cisstMultiTask/mtsPython.h
-- Up-to-date: /home/utc_sim/ros2_dvrk/install/cisst/lib/libcisstParameterTypes.so.1.4.0
-- Up-to-date: /home/utc_sim/ros2_dvrk/install/cisst/lib/libcisstParameterTypes.so
-- Up-to-date: /home/utc_sim/ros2_dvrk/install/cisst/share/cisst-1.4/cmake/cisstParameterTypesInternal.cmake
-- Up-to-date: /home/utc_sim/ros2_dvrk/install/cisst/share/cisst-1.4/cmake/cisstParameterTypesInternal.cmake
-- Up-to-date: /home/utc_sim/ros2_dvrk/install/cisst/share/cisst-1.4/cmake/cisstParameterTypesInternal.cmake
-- Up-to-date: /home/utc_sim/ros2_dvrk/install/cisst/share/cisst-1.4/cmake/cisstParameterTypesInternal.cmake
-- Up-to-date: /home/utc_sim/ros2_dvrk/install/cisst/include/cisstParameterTypes/prmActuatorParameters.h
-- Up-to-date: /home/utc_sim/ros2_dvrk/install/cisst/include/cisstParameterTypes/prmActuatorState.h
-- Up-to-date: /home/utc_sim/ros2_dvrk/install/cisst/include/cisstParameterTypes/prmEventButton.h
-- Up-to-date: /home/utc_sim/ros2_dvrk/install/cisst/include/cisstParameterTypes/prmExport.h
-- Up-to-date: /home/utc_sim/ros2_dvrk/install/cisst/include/cisstParameterTypes/prmForceCartesianGet.h
-- Up-to-date: /home/utc_sim/ros2_dvrk/install/cisst/include/cisstParameterTypes/prmForceCartesianSet.h
-- Up-to-date: /home/utc_sim/ros2_dvrk/install/cisst/include/cisstParameterTypes/prmForwardDeclarations.h
-- Up-to-date: /home/utc_sim/ros2_dvrk/install/cisst/include/cisstParameterTypes/prmGainParameters.h
-- Up-to-date: /home/utc_sim/ros2_dvrk/install/cisst/include/cisstParameterTypes/prmInputDataConverter.h
-- Up-to-date: /home/utc_sim/ros2_dvrk/install/cisst/include/cisstParameterTypes/prmJointType.h
-- Up-to-date: /home/utc_sim/ros2_dvrk/install/cisst/include/cisstParameterTypes/prmMaskedVector.h
-- Up-to-date: /home/utc_sim/ros2_dvrk/install/cisst/include/cisstParameterTypes/prmMotionBase.h
-- Up-to-date: /home/utc_sim/ros2_dvrk/install/cisst/include/cisstParameterTypes/prmRobotState.h
-- Up-to-date: /home/utc_sim/ros2_dvrk/install/cisst/include/cisstParameterTypes/prmSetpointMode.h
-- Up-to-date: /home/utc_sim/ros2_dvrk/install/cisst/include/cisstParameterTypes/prmVelocityCartesianSet.h
-- Up-to-date: /home/utc_sim/ros2_dvrk/install/cisst/include/cisstParameterTypes/prmVelocityJointGet.h
-- Up-to-date: /home/utc_sim/ros2_dvrk/install/cisst/include/cisstParameterTypes/prmVelocityJointSet.h
-- Up-to-date: /home/utc_sim/ros2_dvrk/install/cisst/include/cisstParameterTypes.h
-- Up-to-date: /home/utc_sim/ros2_dvrk/install/cisst/include/cisstParameterTypes/prmActuatorJointCoupling.h
-- Up-to-date: /home/utc_sim/ros2_dvrk/install/cisst/include/cisstParameterTypes/prmPositionCartesianGet.h
-- Up-to-date: /home/utc_sim/ros2_dvrk/install/cisst/include/cisstParameterTypes/prmPositionCartesianArrayGet.h
-- Up-to-date: /home/utc_sim/ros2_dvrk/install/cisst/include/cisstParameterTypes/prmPositionCartesianSet.h
-- Up-to-date: /home/utc_sim/ros2_dvrk/install/cisst/include/cisstParameterTypes/prmVelocityCartesianGet.h
-- Up-to-date: /home/utc_sim/ros2_dvrk/install/cisst/include/cisstParameterTypes/prmPositionJointGet.h
-- Up-to-date: /home/utc_sim/ros2_dvrk/install/cisst/include/cisstParameterTypes/prmPositionJointSet.h
-- Up-to-date: /home/utc_sim/ros2_dvrk/install/cisst/include/cisstParameterTypes/prmForceTorqueJointSet.h
-- Up-to-date: /home/utc_sim/ros2_dvrk/install/cisst/include/cisstParameterTypes/prmCartesianImpedance.h
-- Up-to-date: /home/utc_sim/ros2_dvrk/install/cisst/include/cisstParameterTypes/prmIMUSensors.h
-- Up-to-date: /home/utc_sim/ros2_dvrk/install/cisst/include/cisstParameterTypes/prmStateJoint.h
-- Up-to-date: /home/utc_sim/ros2_dvrk/install/cisst/include/cisstParameterTypes/prmStateCartesian.h
-- Up-to-date: /home/utc_sim/ros2_dvrk/install/cisst/include/cisstParameterTypes/prmServoJoint.h
-- Up-to-date: /home/utc_sim/ros2_dvrk/install/cisst/include/cisstParameterTypes/prmServoCartesian.h
-- Up-to-date: /home/utc_sim/ros2_dvrk/install/cisst/include/cisstParameterTypes/prmConfigurationJoint.h
-- Up-to-date: /home/utc_sim/ros2_dvrk/install/cisst/include/cisstParameterTypes/prmInputData.h
-- Up-to-date: /home/utc_sim/ros2_dvrk/install/cisst/include/cisstParameterTypes/prmKeyValue.h
-- Up-to-date: /home/utc_sim/ros2_dvrk/install/cisst/include/cisstParameterTypes/prmOperatingState.h
-- Up-to-date: /home/utc_sim/ros2_dvrk/install/cisst/include/cisstParameterTypes/prmImageFrame.h
-- Up-to-date: /home/utc_sim/ros2_dvrk/install/cisst/include/cisstParameterTypes/prmCameraInfo.h
-- Up-to-date: /home/utc_sim/ros2_dvrk/install/cisst/include/cisstParameterTypes/prmDepthMap.h
-- Up-to-date: /home/utc_sim/ros2_dvrk/install/cisst/include/cisstParameterTypes/prmForwardKinematicsRequest.h
-- Up-to-date: /home/utc_sim/ros2_dvrk/install/cisst/include/cisstParameterTypes/prmForwardKinematicsResponse.h
-- Up-to-date: /home/utc_sim/ros2_dvrk/install/cisst/include/cisstParameterTypes/prmInverseKinematicsRequest.h
-- Up-to-date: /home/utc_sim/ros2_dvrk/install/cisst/include/cisstParameterTypes/prmInverseKinematicsResponse.h
-- Up-to-date: /home/utc_sim/ros2_dvrk/install/cisst/include/cisstParameterTypes/cisstParameterTypes.i
-- Up-to-date: /home/utc_sim/ros2_dvrk/install/cisst/lib/_cisstParameterTypesPython.so
-- Up-to-date: /home/utc_sim/ros2_dvrk/install/cisst/lib/cisstParameterTypesPython.py
-- Up-to-date: /home/utc_sim/ros2_dvrk/install/cisst/include/cisstParameterTypes/prmPython.h
-- Up-to-date: /home/utc_sim/ros2_dvrk/install/cisst/share/cisst-1.4/cmake/cisstRobotcisstReflexxesTypeII.cmake
-- Up-to-date: /home/utc_sim/ros2_dvrk/install/cisst/share/cisst-1.4/cmake/cisstRobotExternal.cmake
-- Up-to-date: /home/utc_sim/ros2_dvrk/install/cisst/share/cisst-1.4/cmake/cisstRobotcisstReflexxesTypeII.cmake
-- Up-to-date: /home/utc_sim/ros2_dvrk/install/cisst/share/cisst-1.4/cmake/cisstRobotExternal.cmake
-- Up-to-date: /home/utc_sim/ros2_dvrk/install/cisst/share/cisst-1.4/cmake/cisstRobotcisstReflexxesTypeII.cmake
-- Up-to-date: /home/utc_sim/ros2_dvrk/install/cisst/share/cisst-1.4/cmake/cisstRobotExternal.cmake
-- Up-to-date: /home/utc_sim/ros2_dvrk/install/cisst/lib/libReflexxesTypeII.so
-- Up-to-date: /home/utc_sim/ros2_dvrk/install/cisst/lib/libcisstRobot.so.1.4.0
-- Up-to-date: /home/utc_sim/ros2_dvrk/install/cisst/lib/libcisstRobot.so
-- Up-to-date: /home/utc_sim/ros2_dvrk/install/cisst/share/cisst-1.4/cmake/cisstRobotInternal.cmake
-- Up-to-date: /home/utc_sim/ros2_dvrk/install/cisst/share/cisst-1.4/cmake/cisstRobotInternal.cmake
-- Up-to-date: /home/utc_sim/ros2_dvrk/install/cisst/share/cisst-1.4/cmake/cisstRobotInternal.cmake
-- Up-to-date: /home/utc_sim/ros2_dvrk/install/cisst/include/cisstRobot/robCubicSO3.h
-- Up-to-date: /home/utc_sim/ros2_dvrk/install/cisst/include/cisstRobot/robDH.h
-- Up-to-date: /home/utc_sim/ros2_dvrk/install/cisst/include/cisstRobot/robExport.h
-- Up-to-date: /home/utc_sim/ros2_dvrk/install/cisst/include/cisstRobot/robFunction.h
-- Up-to-date: /home/utc_sim/ros2_dvrk/install/cisst/include/cisstRobot/robFunctionRn.h
-- Up-to-date: /home/utc_sim/ros2_dvrk/install/cisst/include/cisstRobot/robFunctionSE3.h
-- Up-to-date: /home/utc_sim/ros2_dvrk/install/cisst/include/cisstRobot/robFunctionSO3.h
-- Up-to-date: /home/utc_sim/ros2_dvrk/install/cisst/include/cisstRobot/robHayati.h
-- Up-to-date: /home/utc_sim/ros2_dvrk/install/cisst/include/cisstRobot/robJoint.h
-- Up-to-date: /home/utc_sim/ros2_dvrk/install/cisst/include/cisstRobot/robKinematics.h
-- Up-to-date: /home/utc_sim/ros2_dvrk/install/cisst/include/cisstRobot/robLSPB.h
-- Up-to-date: /home/utc_sim/ros2_dvrk/install/cisst/include/cisstRobot/robLinearRn.h
-- Up-to-date: /home/utc_sim/ros2_dvrk/install/cisst/include/cisstRobot/robLinearSE3.h
-- Up-to-date: /home/utc_sim/ros2_dvrk/install/cisst/include/cisstRobot/robLink.h
-- Up-to-date: /home/utc_sim/ros2_dvrk/install/cisst/include/cisstRobot/robManipulator.h
-- Up-to-date: /home/utc_sim/ros2_dvrk/install/cisst/include/cisstRobot/robMass.h
-- Up-to-date: /home/utc_sim/ros2_dvrk/install/cisst/include/cisstRobot/robModifiedDH.h
-- Up-to-date: /home/utc_sim/ros2_dvrk/install/cisst/include/cisstRobot/robModifiedHayati.h
-- Up-to-date: /home/utc_sim/ros2_dvrk/install/cisst/include/cisstRobot/robQLQRn.h
-- Up-to-date: /home/utc_sim/ros2_dvrk/install/cisst/include/cisstRobot/robQuintic.h
-- Up-to-date: /home/utc_sim/ros2_dvrk/install/cisst/include/cisstRobot/robReflexxes.h
-- Up-to-date: /home/utc_sim/ros2_dvrk/install/cisst/include/cisstRobot/robSLERP.h
-- Up-to-date: /home/utc_sim/ros2_dvrk/install/cisst/include/cisstRobot.h
-- Up-to-date: /home/utc_sim/ros2_dvrk/install/cisst/include/cisstRobot/cisstRobot.i
-- Up-to-date: /home/utc_sim/ros2_dvrk/install/cisst/lib/_cisstRobotPython.so
-- Up-to-date: /home/utc_sim/ros2_dvrk/install/cisst/lib/cisstRobotPython.py
-- Up-to-date: /home/utc_sim/ros2_dvrk/install/cisst/include/cisstRobot/robPython.h
-- Up-to-date: /home/utc_sim/ros2_dvrk/install/cisst/include/cisstMesh/mshConfig.h
-- Up-to-date: /home/utc_sim/ros2_dvrk/install/cisst/lib/libcisstMesh.so.1.4.0
-- Up-to-date: /home/utc_sim/ros2_dvrk/install/cisst/lib/libcisstMesh.so
-- Up-to-date: /home/utc_sim/ros2_dvrk/install/cisst/share/cisst-1.4/cmake/cisstMeshInternal.cmake
-- Up-to-date: /home/utc_sim/ros2_dvrk/install/cisst/share/cisst-1.4/cmake/cisstMeshInternal.cmake
-- Up-to-date: /home/utc_sim/ros2_dvrk/install/cisst/share/cisst-1.4/cmake/cisstMeshInternal.cmake
-- Up-to-date: /home/utc_sim/ros2_dvrk/install/cisst/include/cisstMesh/EllipsoidOBBIntersectionSolver.h
-- Up-to-date: /home/utc_sim/ros2_dvrk/install/cisst/include/cisstMesh/PointProjectionRoutines.h
-- Up-to-date: /home/utc_sim/ros2_dvrk/install/cisst/include/cisstMesh/TriangleClosestPointSolver.h
-- Up-to-date: /home/utc_sim/ros2_dvrk/install/cisst/include/cisstMesh/msh2AlgDirPDTree.h
-- Up-to-date: /home/utc_sim/ros2_dvrk/install/cisst/include/cisstMesh/msh2AlgDirPDTreeCP.h
-- Up-to-date: /home/utc_sim/ros2_dvrk/install/cisst/include/cisstMesh/msh2AlgDirPDTreeCPEdges.h
-- Up-to-date: /home/utc_sim/ros2_dvrk/install/cisst/include/cisstMesh/msh2AlgDirPDTreeCPPointCloud.h
-- Up-to-date: /home/utc_sim/ros2_dvrk/install/cisst/include/cisstMesh/msh2AlgDirPDTreevonMises.h
-- Up-to-date: /home/utc_sim/ros2_dvrk/install/cisst/include/cisstMesh/msh2AlgDirPDTreevonMisesEdges.h
-- Up-to-date: /home/utc_sim/ros2_dvrk/install/cisst/include/cisstMesh/msh2AlgDirPDTreevonMisesPointCloud.h
-- Up-to-date: /home/utc_sim/ros2_dvrk/install/cisst/include/cisstMesh/msh2BoundingBox.h
-- Up-to-date: /home/utc_sim/ros2_dvrk/install/cisst/include/cisstMesh/msh2DirPDTreeBase.h
-- Up-to-date: /home/utc_sim/ros2_dvrk/install/cisst/include/cisstMesh/msh2DirPDTreeEdges.h
-- Up-to-date: /home/utc_sim/ros2_dvrk/install/cisst/include/cisstMesh/msh2DirPDTreeNode.h
-- Up-to-date: /home/utc_sim/ros2_dvrk/install/cisst/include/cisstMesh/msh2DirPDTreePointCloud.h
-- Up-to-date: /home/utc_sim/ros2_dvrk/install/cisst/include/cisstMesh/msh2Edge.h
-- Up-to-date: /home/utc_sim/ros2_dvrk/install/cisst/include/cisstMesh/msh2Edges.h
-- Up-to-date: /home/utc_sim/ros2_dvrk/install/cisst/include/cisstMesh/msh2PointCloud.h
-- Up-to-date: /home/utc_sim/ros2_dvrk/install/cisst/include/cisstMesh/msh2Utilities.h
-- Up-to-date: /home/utc_sim/ros2_dvrk/install/cisst/include/cisstMesh/msh3AlgDirPDTree.h
-- Up-to-date: /home/utc_sim/ros2_dvrk/install/cisst/include/cisstMesh/msh3AlgDirPDTreeBA.h
-- Up-to-date: /home/utc_sim/ros2_dvrk/install/cisst/include/cisstMesh/msh3AlgDirPDTreeBAMesh.h
-- Up-to-date: /home/utc_sim/ros2_dvrk/install/cisst/include/cisstMesh/msh3AlgDirPDTreeBAPointCloud.h
-- Up-to-date: /home/utc_sim/ros2_dvrk/install/cisst/include/cisstMesh/msh3AlgDirPDTreevonMisesProj.h
-- Up-to-date: /home/utc_sim/ros2_dvrk/install/cisst/include/cisstMesh/msh3AlgDirPDTreevonMisesProjMesh.h
-- Up-to-date: /home/utc_sim/ros2_dvrk/install/cisst/include/cisstMesh/msh3AlgPDTree.h
-- Up-to-date: /home/utc_sim/ros2_dvrk/install/cisst/include/cisstMesh/msh3AlgPDTreeCP.h
-- Up-to-date: /home/utc_sim/ros2_dvrk/install/cisst/include/cisstMesh/msh3AlgPDTreeCPMesh.h
-- Up-to-date: /home/utc_sim/ros2_dvrk/install/cisst/include/cisstMesh/msh3AlgPDTreeCPPointCloud.h
-- Up-to-date: /home/utc_sim/ros2_dvrk/install/cisst/include/cisstMesh/msh3AlgPDTreeMLP.h
-- Up-to-date: /home/utc_sim/ros2_dvrk/install/cisst/include/cisstMesh/msh3AlgPDTreeMLPMesh.h
-- Up-to-date: /home/utc_sim/ros2_dvrk/install/cisst/include/cisstMesh/msh3AlgPDTreeMLPPointCloud.h
-- Up-to-date: /home/utc_sim/ros2_dvrk/install/cisst/include/cisstMesh/msh3BoundingBox.h
-- Up-to-date: /home/utc_sim/ros2_dvrk/install/cisst/include/cisstMesh/msh3DirPDTreeBase.h
-- Up-to-date: /home/utc_sim/ros2_dvrk/install/cisst/include/cisstMesh/msh3DirPDTreeMesh.h
-- Up-to-date: /home/utc_sim/ros2_dvrk/install/cisst/include/cisstMesh/msh3DirPDTreeNode.h
-- Up-to-date: /home/utc_sim/ros2_dvrk/install/cisst/include/cisstMesh/msh3DirPDTreePointCloud.h
-- Up-to-date: /home/utc_sim/ros2_dvrk/install/cisst/include/cisstMesh/msh3Mesh.h
-- Up-to-date: /home/utc_sim/ros2_dvrk/install/cisst/include/cisstMesh/msh3PDTreeBase.h
-- Up-to-date: /home/utc_sim/ros2_dvrk/install/cisst/include/cisstMesh/msh3PDTreeMesh.h
-- Up-to-date: /home/utc_sim/ros2_dvrk/install/cisst/include/cisstMesh/msh3PDTreeNode.h
-- Up-to-date: /home/utc_sim/ros2_dvrk/install/cisst/include/cisstMesh/msh3PDTreePointCloud.h
-- Up-to-date: /home/utc_sim/ros2_dvrk/install/cisst/include/cisstMesh/msh3PointCloud.h
-- Up-to-date: /home/utc_sim/ros2_dvrk/install/cisst/include/cisstMesh/msh3Utilities.h
-- Up-to-date: /home/utc_sim/ros2_dvrk/install/cisst/include/cisstMesh/mshExport.h
-- Up-to-date: /home/utc_sim/ros2_dvrk/install/cisst/include/cisstMesh/mshForwardDeclarations.h
-- Up-to-date: /home/utc_sim/ros2_dvrk/install/cisst/include/cisstMesh.h
-- Up-to-date: /home/utc_sim/ros2_dvrk/install/cisst/include/cisstMesh/cisstMesh.i
-- Up-to-date: /home/utc_sim/ros2_dvrk/install/cisst/lib/_cisstMeshPython.so
-- Up-to-date: /home/utc_sim/ros2_dvrk/install/cisst/lib/cisstMeshPython.py
-- Up-to-date: /home/utc_sim/ros2_dvrk/install/cisst/include/cisstMesh/mshPython.h
-- Up-to-date: /home/utc_sim/ros2_dvrk/install/cisst/lib/libcisstInteractive.so.1.4.0
-- Up-to-date: /home/utc_sim/ros2_dvrk/install/cisst/lib/libcisstInteractive.so
-- Up-to-date: /home/utc_sim/ros2_dvrk/install/cisst/share/cisst-1.4/cmake/cisstInteractiveInternal.cmake
-- Up-to-date: /home/utc_sim/ros2_dvrk/install/cisst/share/cisst-1.4/cmake/cisstInteractiveInternal.cmake
-- Up-to-date: /home/utc_sim/ros2_dvrk/install/cisst/share/cisst-1.4/cmake/cisstInteractiveInternal.cmake
-- Up-to-date: /home/utc_sim/ros2_dvrk/install/cisst/share/cisst-1.4/cmake/cisstInteractiveExternal.cmake
-- Up-to-date: /home/utc_sim/ros2_dvrk/install/cisst/include/cisstInteractive/ireExport.h
-- Up-to-date: /home/utc_sim/ros2_dvrk/install/cisst/include/cisstInteractive/ireFramework.h
-- Up-to-date: /home/utc_sim/ros2_dvrk/install/cisst/include/cisstInteractive/ireTask.h
-- Up-to-date: /home/utc_sim/ros2_dvrk/install/cisst/include/cisstInteractive.h
-- Up-to-date: /home/utc_sim/ros2_dvrk/install/cisst/include/cisstInteractive/ireTaskConstructorArg.h
-- Up-to-date: /home/utc_sim/ros2_dvrk/install/cisst/lib/irepy
-- Installing: /home/utc_sim/ros2_dvrk/install/cisst/lib/irepy/ireListCtrlPanel.pyc
-- Installing: /home/utc_sim/ros2_dvrk/install/cisst/lib/irepy/ireInputBox.pyc
-- Installing: /home/utc_sim/ros2_dvrk/install/cisst/lib/irepy/wxOscilloscope.pyc
-- Installing: /home/utc_sim/ros2_dvrk/install/cisst/lib/irepy/__init__.pyc
-- Installing: /home/utc_sim/ros2_dvrk/install/cisst/lib/irepy/ireDragAndDrop.pyc
-- Installing: /home/utc_sim/ros2_dvrk/install/cisst/lib/irepy/ireWorkspace.pyc
-- Installing: /home/utc_sim/ros2_dvrk/install/cisst/lib/irepy/ireImages.pyc
-- Installing: /home/utc_sim/ros2_dvrk/install/cisst/lib/irepy/ireShell.pyc
-- Installing: /home/utc_sim/ros2_dvrk/install/cisst/lib/irepy/wxSpinSequence.pyc
-- Installing: /home/utc_sim/ros2_dvrk/install/cisst/lib/irepy/ireEditorNotebook.pyc
-- Installing: /home/utc_sim/ros2_dvrk/install/cisst/lib/irepy/ireTaskTree.pyc
-- Installing: /home/utc_sim/ros2_dvrk/install/cisst/lib/irepy/ireLogCtrl.pyc
-- Installing: /home/utc_sim/ros2_dvrk/install/cisst/lib/irepy/ireMain.pyc
-- Up-to-date: /home/utc_sim/ros2_dvrk/install/cisst/share/cisst-1.4/cmake/cisst-config-version.cmake
-- Up-to-date: /home/utc_sim/ros2_dvrk/install/cisst/share/cisst-1.4/cmake/cisst-config.cmake
-- Up-to-date: /home/utc_sim/ros2_dvrk/install/cisst/share/cisst-1.4/cmake/Usecisst.cmake
-- Up-to-date: /home/utc_sim/ros2_dvrk/install/cisst/share/cisst-1.4/cmake/cisstSettings.cmake
-- Up-to-date: /home/utc_sim/ros2_dvrk/install/cisst/share/cisst-1.4/cmake/cisstMacros.cmake
-- Up-to-date: /home/utc_sim/ros2_dvrk/install/cisst/share/cisst-1.4/cmake/sawRevision.h.in
-- Up-to-date: /home/utc_sim/ros2_dvrk/install/cisst/share/cisst-1.4/cmake/sawConfig.cmake.in
-- Up-to-date: /home/utc_sim/ros2_dvrk/install/cisst/include/cisstConfig.h
-- Up-to-date: /home/utc_sim/ros2_dvrk/install/cisst/share/cisst-1.4/cmake/Modules
-- Up-to-date: /home/utc_sim/ros2_dvrk/install/cisst/share/cisst-1.4/cmake/Modules/FindXENOMAI.cmake
-- Up-to-date: /home/utc_sim/ros2_dvrk/install/cisst/share/cisst-1.4/cmake/Modules/FindIce.cmake
-- Up-to-date: /home/utc_sim/ros2_dvrk/install/cisst/share/cisst-1.4/cmake/Modules/FindRTAI.cmake
-- Up-to-date: /home/utc_sim/ros2_dvrk/install/cisst/share/cisst-1.4/cmake/Modules/toolchains
-- Up-to-date: /home/utc_sim/ros2_dvrk/install/cisst/share/cisst-1.4/cmake/Modules/FindIceTouch.cmake
-- Up-to-date: /home/utc_sim/ros2_dvrk/install/cisst/share/cisst-1.4/cmake/Modules/FindDeckLink.cmake
-- Up-to-date: /home/utc_sim/ros2_dvrk/install/cisst/share/cisst-1.4/cmake/Modules/FindDirectShow.cmake
-- Up-to-date: /home/utc_sim/ros2_dvrk/install/cisst/share/cisst-1.4/cmake/Modules/FindCppUnit.cmake
-- Up-to-date: /home/utc_sim/ros2_dvrk/install/cisst/bin/cisstvars.sh
