[0.082s] Invoking command in '/home/utc_sim/ros2_dvrk/build/crtk_msgs': CMAKE_PREFIX_PATH=${CMAKE_PREFIX_PATH}:/home/utc_sim/ros2_ws/install /usr/bin/cmake --build /home/utc_sim/ros2_dvrk/build/crtk_msgs -- -j8 -l8
[0.171s] [  0%] Built target crtk_msgs__cpp
[0.189s] [ 12%] Built target crtk_msgs__rosidl_generator_c
[0.189s] [ 12%] Built target ament_cmake_python_symlink_crtk_msgs
[0.292s] [ 24%] Built target crtk_msgs__rosidl_typesupport_introspection_cpp
[0.318s] [ 35%] Built target crtk_msgs__rosidl_typesupport_fastrtps_cpp
[0.320s] [ 47%] Built target crtk_msgs__rosidl_typesupport_cpp
[0.331s] [ 59%] Built target crtk_msgs__rosidl_typesupport_c
[0.336s] [ 71%] Built target crtk_msgs__rosidl_typesupport_introspection_c
[0.345s] [ 83%] Built target crtk_msgs__rosidl_typesupport_fastrtps_c
[0.361s] [ 83%] Built target crtk_msgs
[0.371s] [ 84%] Built target crtk_msgs__py
[0.411s] [ 95%] Built target crtk_msgs__rosidl_generator_py
[0.442s] running egg_info
[0.442s] writing crtk_msgs.egg-info/PKG-INFO
[0.442s] writing dependency_links to crtk_msgs.egg-info/dependency_links.txt
[0.442s] writing top-level names to crtk_msgs.egg-info/top_level.txt
[0.442s] reading manifest file 'crtk_msgs.egg-info/SOURCES.txt'
[0.442s] writing manifest file 'crtk_msgs.egg-info/SOURCES.txt'
[0.456s] [ 97%] Built target crtk_msgs__rosidl_typesupport_fastrtps_c__pyext
[0.472s] [ 99%] Built target crtk_msgs__rosidl_typesupport_introspection_c__pyext
[0.475s] [100%] Built target crtk_msgs__rosidl_typesupport_c__pyext
[0.493s] [100%] Built target ament_cmake_python_build_crtk_msgs_egg
[0.508s] Invoked command in '/home/utc_sim/ros2_dvrk/build/crtk_msgs' returned '0': CMAKE_PREFIX_PATH=${CMAKE_PREFIX_PATH}:/home/utc_sim/ros2_ws/install /usr/bin/cmake --build /home/utc_sim/ros2_dvrk/build/crtk_msgs -- -j8 -l8
[0.508s] Invoking command in '/home/utc_sim/ros2_dvrk/build/crtk_msgs': CMAKE_PREFIX_PATH=${CMAKE_PREFIX_PATH}:/home/utc_sim/ros2_ws/install /usr/bin/cmake --install /home/utc_sim/ros2_dvrk/build/crtk_msgs
[0.514s] -- Install configuration: "Release"
[0.516s] -- Execute custom install script
[0.516s] -- Up-to-date symlink: /home/utc_sim/ros2_dvrk/install/crtk_msgs/share/ament_index/resource_index/rosidl_interfaces/crtk_msgs
[0.518s] -- Up-to-date symlink: /home/utc_sim/ros2_dvrk/install/crtk_msgs/include/crtk_msgs/crtk_msgs/msg/cartesian_impedance.h
[0.518s] -- Up-to-date symlink: /home/utc_sim/ros2_dvrk/install/crtk_msgs/include/crtk_msgs/crtk_msgs/msg/cartesian_impedance_half_plane_gains.h
[0.519s] -- Up-to-date symlink: /home/utc_sim/ros2_dvrk/install/crtk_msgs/include/crtk_msgs/crtk_msgs/msg/cartesian_servo.h
[0.519s] -- Up-to-date symlink: /home/utc_sim/ros2_dvrk/install/crtk_msgs/include/crtk_msgs/crtk_msgs/msg/cartesian_state.h
[0.519s] -- Up-to-date symlink: /home/utc_sim/ros2_dvrk/install/crtk_msgs/include/crtk_msgs/crtk_msgs/msg/detail/cartesian_impedance__functions.h
[0.519s] -- Up-to-date symlink: /home/utc_sim/ros2_dvrk/install/crtk_msgs/include/crtk_msgs/crtk_msgs/msg/detail/cartesian_impedance__struct.h
[0.519s] -- Up-to-date symlink: /home/utc_sim/ros2_dvrk/install/crtk_msgs/include/crtk_msgs/crtk_msgs/msg/detail/cartesian_impedance__type_support.h
[0.519s] -- Up-to-date symlink: /home/utc_sim/ros2_dvrk/install/crtk_msgs/include/crtk_msgs/crtk_msgs/msg/detail/cartesian_impedance_half_plane_gains__functions.h
[0.519s] -- Up-to-date symlink: /home/utc_sim/ros2_dvrk/install/crtk_msgs/include/crtk_msgs/crtk_msgs/msg/detail/cartesian_impedance_half_plane_gains__struct.h
[0.519s] -- Up-to-date symlink: /home/utc_sim/ros2_dvrk/install/crtk_msgs/include/crtk_msgs/crtk_msgs/msg/detail/cartesian_impedance_half_plane_gains__type_support.h
[0.519s] -- Up-to-date symlink: /home/utc_sim/ros2_dvrk/install/crtk_msgs/include/crtk_msgs/crtk_msgs/msg/detail/cartesian_servo__functions.h
[0.519s] -- Up-to-date symlink: /home/utc_sim/ros2_dvrk/install/crtk_msgs/include/crtk_msgs/crtk_msgs/msg/detail/cartesian_servo__struct.h
[0.519s] -- Up-to-date symlink: /home/utc_sim/ros2_dvrk/install/crtk_msgs/include/crtk_msgs/crtk_msgs/msg/detail/cartesian_servo__type_support.h
[0.519s] -- Up-to-date symlink: /home/utc_sim/ros2_dvrk/install/crtk_msgs/include/crtk_msgs/crtk_msgs/msg/detail/cartesian_state__functions.h
[0.519s] -- Up-to-date symlink: /home/utc_sim/ros2_dvrk/install/crtk_msgs/include/crtk_msgs/crtk_msgs/msg/detail/cartesian_state__struct.h
[0.519s] -- Up-to-date symlink: /home/utc_sim/ros2_dvrk/install/crtk_msgs/include/crtk_msgs/crtk_msgs/msg/detail/cartesian_state__type_support.h
[0.519s] -- Up-to-date symlink: /home/utc_sim/ros2_dvrk/install/crtk_msgs/include/crtk_msgs/crtk_msgs/msg/detail/joint_servo__functions.h
[0.519s] -- Up-to-date symlink: /home/utc_sim/ros2_dvrk/install/crtk_msgs/include/crtk_msgs/crtk_msgs/msg/detail/joint_servo__struct.h
[0.519s] -- Up-to-date symlink: /home/utc_sim/ros2_dvrk/install/crtk_msgs/include/crtk_msgs/crtk_msgs/msg/detail/joint_servo__type_support.h
[0.519s] -- Up-to-date symlink: /home/utc_sim/ros2_dvrk/install/crtk_msgs/include/crtk_msgs/crtk_msgs/msg/detail/operating_state__functions.h
[0.519s] -- Up-to-date symlink: /home/utc_sim/ros2_dvrk/install/crtk_msgs/include/crtk_msgs/crtk_msgs/msg/detail/operating_state__struct.h
[0.519s] -- Up-to-date symlink: /home/utc_sim/ros2_dvrk/install/crtk_msgs/include/crtk_msgs/crtk_msgs/msg/detail/operating_state__type_support.h
[0.520s] -- Up-to-date symlink: /home/utc_sim/ros2_dvrk/install/crtk_msgs/include/crtk_msgs/crtk_msgs/msg/detail/setpoint_mode__functions.h
[0.520s] -- Up-to-date symlink: /home/utc_sim/ros2_dvrk/install/crtk_msgs/include/crtk_msgs/crtk_msgs/msg/detail/setpoint_mode__struct.h
[0.520s] -- Up-to-date symlink: /home/utc_sim/ros2_dvrk/install/crtk_msgs/include/crtk_msgs/crtk_msgs/msg/detail/setpoint_mode__type_support.h
[0.520s] -- Up-to-date symlink: /home/utc_sim/ros2_dvrk/install/crtk_msgs/include/crtk_msgs/crtk_msgs/msg/detail/string_stamped__functions.h
[0.520s] -- Up-to-date symlink: /home/utc_sim/ros2_dvrk/install/crtk_msgs/include/crtk_msgs/crtk_msgs/msg/detail/string_stamped__struct.h
[0.521s] -- Up-to-date symlink: /home/utc_sim/ros2_dvrk/install/crtk_msgs/include/crtk_msgs/crtk_msgs/msg/detail/string_stamped__type_support.h
[0.521s] -- Up-to-date symlink: /home/utc_sim/ros2_dvrk/install/crtk_msgs/include/crtk_msgs/crtk_msgs/msg/joint_servo.h
[0.521s] -- Up-to-date symlink: /home/utc_sim/ros2_dvrk/install/crtk_msgs/include/crtk_msgs/crtk_msgs/msg/operating_state.h
[0.521s] -- Up-to-date symlink: /home/utc_sim/ros2_dvrk/install/crtk_msgs/include/crtk_msgs/crtk_msgs/msg/rosidl_generator_c__visibility_control.h
[0.522s] -- Up-to-date symlink: /home/utc_sim/ros2_dvrk/install/crtk_msgs/include/crtk_msgs/crtk_msgs/msg/setpoint_mode.h
[0.522s] -- Up-to-date symlink: /home/utc_sim/ros2_dvrk/install/crtk_msgs/include/crtk_msgs/crtk_msgs/msg/string_stamped.h
[0.522s] -- Up-to-date symlink: /home/utc_sim/ros2_dvrk/install/crtk_msgs/include/crtk_msgs/crtk_msgs/srv/detail/query_forward_kinematics__functions.h
[0.522s] -- Up-to-date symlink: /home/utc_sim/ros2_dvrk/install/crtk_msgs/include/crtk_msgs/crtk_msgs/srv/detail/query_forward_kinematics__struct.h
[0.522s] -- Up-to-date symlink: /home/utc_sim/ros2_dvrk/install/crtk_msgs/include/crtk_msgs/crtk_msgs/srv/detail/query_forward_kinematics__type_support.h
[0.522s] -- Up-to-date symlink: /home/utc_sim/ros2_dvrk/install/crtk_msgs/include/crtk_msgs/crtk_msgs/srv/detail/query_inverse_kinematics__functions.h
[0.522s] -- Up-to-date symlink: /home/utc_sim/ros2_dvrk/install/crtk_msgs/include/crtk_msgs/crtk_msgs/srv/detail/query_inverse_kinematics__struct.h
[0.522s] -- Up-to-date symlink: /home/utc_sim/ros2_dvrk/install/crtk_msgs/include/crtk_msgs/crtk_msgs/srv/detail/query_inverse_kinematics__type_support.h
[0.523s] -- Up-to-date symlink: /home/utc_sim/ros2_dvrk/install/crtk_msgs/include/crtk_msgs/crtk_msgs/srv/detail/trigger_operating_state__functions.h
[0.523s] -- Up-to-date symlink: /home/utc_sim/ros2_dvrk/install/crtk_msgs/include/crtk_msgs/crtk_msgs/srv/detail/trigger_operating_state__struct.h
[0.523s] -- Up-to-date symlink: /home/utc_sim/ros2_dvrk/install/crtk_msgs/include/crtk_msgs/crtk_msgs/srv/detail/trigger_operating_state__type_support.h
[0.524s] -- Up-to-date symlink: /home/utc_sim/ros2_dvrk/install/crtk_msgs/include/crtk_msgs/crtk_msgs/srv/query_forward_kinematics.h
[0.524s] -- Up-to-date symlink: /home/utc_sim/ros2_dvrk/install/crtk_msgs/include/crtk_msgs/crtk_msgs/srv/query_inverse_kinematics.h
[0.524s] -- Up-to-date symlink: /home/utc_sim/ros2_dvrk/install/crtk_msgs/include/crtk_msgs/crtk_msgs/srv/trigger_operating_state.h
[0.524s] -- Up-to-date symlink: /home/utc_sim/ros2_dvrk/install/crtk_msgs/share/crtk_msgs/environment/library_path.sh
[0.524s] -- Up-to-date symlink: /home/utc_sim/ros2_dvrk/install/crtk_msgs/share/crtk_msgs/environment/library_path.dsv
[0.525s] -- Up-to-date symlink: /home/utc_sim/ros2_dvrk/install/crtk_msgs/include/crtk_msgs/crtk_msgs/msg/detail/cartesian_impedance__rosidl_typesupport_fastrtps_c.h
[0.526s] -- Up-to-date symlink: /home/utc_sim/ros2_dvrk/install/crtk_msgs/include/crtk_msgs/crtk_msgs/msg/detail/cartesian_impedance_half_plane_gains__rosidl_typesupport_fastrtps_c.h
[0.526s] -- Up-to-date symlink: /home/utc_sim/ros2_dvrk/install/crtk_msgs/include/crtk_msgs/crtk_msgs/msg/detail/cartesian_servo__rosidl_typesupport_fastrtps_c.h
[0.526s] -- Up-to-date symlink: /home/utc_sim/ros2_dvrk/install/crtk_msgs/include/crtk_msgs/crtk_msgs/msg/detail/cartesian_state__rosidl_typesupport_fastrtps_c.h
[0.526s] -- Up-to-date symlink: /home/utc_sim/ros2_dvrk/install/crtk_msgs/include/crtk_msgs/crtk_msgs/msg/detail/joint_servo__rosidl_typesupport_fastrtps_c.h
[0.526s] -- Up-to-date symlink: /home/utc_sim/ros2_dvrk/install/crtk_msgs/include/crtk_msgs/crtk_msgs/msg/detail/operating_state__rosidl_typesupport_fastrtps_c.h
[0.527s] -- Up-to-date symlink: /home/utc_sim/ros2_dvrk/install/crtk_msgs/include/crtk_msgs/crtk_msgs/msg/detail/setpoint_mode__rosidl_typesupport_fastrtps_c.h
[0.527s] -- Up-to-date symlink: /home/utc_sim/ros2_dvrk/install/crtk_msgs/include/crtk_msgs/crtk_msgs/msg/detail/string_stamped__rosidl_typesupport_fastrtps_c.h
[0.527s] -- Up-to-date symlink: /home/utc_sim/ros2_dvrk/install/crtk_msgs/include/crtk_msgs/crtk_msgs/msg/rosidl_typesupport_fastrtps_c__visibility_control.h
[0.527s] -- Up-to-date symlink: /home/utc_sim/ros2_dvrk/install/crtk_msgs/include/crtk_msgs/crtk_msgs/srv/detail/query_forward_kinematics__rosidl_typesupport_fastrtps_c.h
[0.527s] -- Up-to-date symlink: /home/utc_sim/ros2_dvrk/install/crtk_msgs/include/crtk_msgs/crtk_msgs/srv/detail/query_inverse_kinematics__rosidl_typesupport_fastrtps_c.h
[0.527s] -- Up-to-date symlink: /home/utc_sim/ros2_dvrk/install/crtk_msgs/include/crtk_msgs/crtk_msgs/srv/detail/trigger_operating_state__rosidl_typesupport_fastrtps_c.h
[0.528s] -- Up-to-date symlink: /home/utc_sim/ros2_dvrk/install/crtk_msgs/include/crtk_msgs/crtk_msgs/msg/cartesian_impedance.hpp
[0.528s] -- Up-to-date symlink: /home/utc_sim/ros2_dvrk/install/crtk_msgs/include/crtk_msgs/crtk_msgs/msg/cartesian_impedance_half_plane_gains.hpp
[0.528s] -- Up-to-date symlink: /home/utc_sim/ros2_dvrk/install/crtk_msgs/include/crtk_msgs/crtk_msgs/msg/cartesian_servo.hpp
[0.528s] -- Up-to-date symlink: /home/utc_sim/ros2_dvrk/install/crtk_msgs/include/crtk_msgs/crtk_msgs/msg/cartesian_state.hpp
[0.529s] -- Up-to-date symlink: /home/utc_sim/ros2_dvrk/install/crtk_msgs/include/crtk_msgs/crtk_msgs/msg/detail/cartesian_impedance__builder.hpp
[0.529s] -- Up-to-date symlink: /home/utc_sim/ros2_dvrk/install/crtk_msgs/include/crtk_msgs/crtk_msgs/msg/detail/cartesian_impedance__struct.hpp
[0.529s] -- Up-to-date symlink: /home/utc_sim/ros2_dvrk/install/crtk_msgs/include/crtk_msgs/crtk_msgs/msg/detail/cartesian_impedance__traits.hpp
[0.530s] -- Up-to-date symlink: /home/utc_sim/ros2_dvrk/install/crtk_msgs/include/crtk_msgs/crtk_msgs/msg/detail/cartesian_impedance__type_support.hpp
[0.530s] -- Up-to-date symlink: /home/utc_sim/ros2_dvrk/install/crtk_msgs/include/crtk_msgs/crtk_msgs/msg/detail/cartesian_impedance_half_plane_gains__builder.hpp
[0.530s] -- Up-to-date symlink: /home/utc_sim/ros2_dvrk/install/crtk_msgs/include/crtk_msgs/crtk_msgs/msg/detail/cartesian_impedance_half_plane_gains__struct.hpp
[0.531s] -- Up-to-date symlink: /home/utc_sim/ros2_dvrk/install/crtk_msgs/include/crtk_msgs/crtk_msgs/msg/detail/cartesian_impedance_half_plane_gains__traits.hpp
[0.533s] -- Up-to-date symlink: /home/utc_sim/ros2_dvrk/install/crtk_msgs/include/crtk_msgs/crtk_msgs/msg/detail/cartesian_impedance_half_plane_gains__type_support.hpp
[0.534s] -- Up-to-date symlink: /home/utc_sim/ros2_dvrk/install/crtk_msgs/include/crtk_msgs/crtk_msgs/msg/detail/cartesian_servo__builder.hpp
[0.534s] -- Up-to-date symlink: /home/utc_sim/ros2_dvrk/install/crtk_msgs/include/crtk_msgs/crtk_msgs/msg/detail/cartesian_servo__struct.hpp
[0.535s] -- Up-to-date symlink: /home/utc_sim/ros2_dvrk/install/crtk_msgs/include/crtk_msgs/crtk_msgs/msg/detail/cartesian_servo__traits.hpp
[0.535s] -- Up-to-date symlink: /home/utc_sim/ros2_dvrk/install/crtk_msgs/include/crtk_msgs/crtk_msgs/msg/detail/cartesian_servo__type_support.hpp
[0.535s] -- Up-to-date symlink: /home/utc_sim/ros2_dvrk/install/crtk_msgs/include/crtk_msgs/crtk_msgs/msg/detail/cartesian_state__builder.hpp
[0.535s] -- Up-to-date symlink: /home/utc_sim/ros2_dvrk/install/crtk_msgs/include/crtk_msgs/crtk_msgs/msg/detail/cartesian_state__struct.hpp
[0.536s] -- Up-to-date symlink: /home/utc_sim/ros2_dvrk/install/crtk_msgs/include/crtk_msgs/crtk_msgs/msg/detail/cartesian_state__traits.hpp
[0.536s] -- Up-to-date symlink: /home/utc_sim/ros2_dvrk/install/crtk_msgs/include/crtk_msgs/crtk_msgs/msg/detail/cartesian_state__type_support.hpp
[0.537s] -- Up-to-date symlink: /home/utc_sim/ros2_dvrk/install/crtk_msgs/include/crtk_msgs/crtk_msgs/msg/detail/joint_servo__builder.hpp
[0.537s] -- Up-to-date symlink: /home/utc_sim/ros2_dvrk/install/crtk_msgs/include/crtk_msgs/crtk_msgs/msg/detail/joint_servo__struct.hpp
[0.538s] -- Up-to-date symlink: /home/utc_sim/ros2_dvrk/install/crtk_msgs/include/crtk_msgs/crtk_msgs/msg/detail/joint_servo__traits.hpp
[0.538s] -- Up-to-date symlink: /home/utc_sim/ros2_dvrk/install/crtk_msgs/include/crtk_msgs/crtk_msgs/msg/detail/joint_servo__type_support.hpp
[0.538s] -- Up-to-date symlink: /home/utc_sim/ros2_dvrk/install/crtk_msgs/include/crtk_msgs/crtk_msgs/msg/detail/operating_state__builder.hpp
[0.539s] -- Up-to-date symlink: /home/utc_sim/ros2_dvrk/install/crtk_msgs/include/crtk_msgs/crtk_msgs/msg/detail/operating_state__struct.hpp
[0.539s] -- Up-to-date symlink: /home/utc_sim/ros2_dvrk/install/crtk_msgs/include/crtk_msgs/crtk_msgs/msg/detail/operating_state__traits.hpp
[0.539s] -- Up-to-date symlink: /home/utc_sim/ros2_dvrk/install/crtk_msgs/include/crtk_msgs/crtk_msgs/msg/detail/operating_state__type_support.hpp
[0.539s] -- Up-to-date symlink: /home/utc_sim/ros2_dvrk/install/crtk_msgs/include/crtk_msgs/crtk_msgs/msg/detail/setpoint_mode__builder.hpp
[0.539s] -- Up-to-date symlink: /home/utc_sim/ros2_dvrk/install/crtk_msgs/include/crtk_msgs/crtk_msgs/msg/detail/setpoint_mode__struct.hpp
[0.539s] -- Up-to-date symlink: /home/utc_sim/ros2_dvrk/install/crtk_msgs/include/crtk_msgs/crtk_msgs/msg/detail/setpoint_mode__traits.hpp
[0.540s] -- Up-to-date symlink: /home/utc_sim/ros2_dvrk/install/crtk_msgs/include/crtk_msgs/crtk_msgs/msg/detail/setpoint_mode__type_support.hpp
[0.542s] -- Up-to-date symlink: /home/utc_sim/ros2_dvrk/install/crtk_msgs/include/crtk_msgs/crtk_msgs/msg/detail/string_stamped__builder.hpp
[0.542s] -- Up-to-date symlink: /home/utc_sim/ros2_dvrk/install/crtk_msgs/include/crtk_msgs/crtk_msgs/msg/detail/string_stamped__struct.hpp
[0.542s] -- Up-to-date symlink: /home/utc_sim/ros2_dvrk/install/crtk_msgs/include/crtk_msgs/crtk_msgs/msg/detail/string_stamped__traits.hpp
[0.542s] -- Up-to-date symlink: /home/utc_sim/ros2_dvrk/install/crtk_msgs/include/crtk_msgs/crtk_msgs/msg/detail/string_stamped__type_support.hpp
[0.543s] -- Up-to-date symlink: /home/utc_sim/ros2_dvrk/install/crtk_msgs/include/crtk_msgs/crtk_msgs/msg/joint_servo.hpp
[0.543s] -- Up-to-date symlink: /home/utc_sim/ros2_dvrk/install/crtk_msgs/include/crtk_msgs/crtk_msgs/msg/operating_state.hpp
[0.543s] -- Up-to-date symlink: /home/utc_sim/ros2_dvrk/install/crtk_msgs/include/crtk_msgs/crtk_msgs/msg/rosidl_generator_cpp__visibility_control.hpp
[0.543s] -- Up-to-date symlink: /home/utc_sim/ros2_dvrk/install/crtk_msgs/include/crtk_msgs/crtk_msgs/msg/setpoint_mode.hpp
[0.543s] -- Up-to-date symlink: /home/utc_sim/ros2_dvrk/install/crtk_msgs/include/crtk_msgs/crtk_msgs/msg/string_stamped.hpp
[0.543s] -- Up-to-date symlink: /home/utc_sim/ros2_dvrk/install/crtk_msgs/include/crtk_msgs/crtk_msgs/srv/detail/query_forward_kinematics__builder.hpp
[0.543s] -- Up-to-date symlink: /home/utc_sim/ros2_dvrk/install/crtk_msgs/include/crtk_msgs/crtk_msgs/srv/detail/query_forward_kinematics__struct.hpp
[0.543s] -- Up-to-date symlink: /home/utc_sim/ros2_dvrk/install/crtk_msgs/include/crtk_msgs/crtk_msgs/srv/detail/query_forward_kinematics__traits.hpp
[0.543s] -- Up-to-date symlink: /home/utc_sim/ros2_dvrk/install/crtk_msgs/include/crtk_msgs/crtk_msgs/srv/detail/query_forward_kinematics__type_support.hpp
[0.543s] -- Up-to-date symlink: /home/utc_sim/ros2_dvrk/install/crtk_msgs/include/crtk_msgs/crtk_msgs/srv/detail/query_inverse_kinematics__builder.hpp
[0.544s] -- Up-to-date symlink: /home/utc_sim/ros2_dvrk/install/crtk_msgs/include/crtk_msgs/crtk_msgs/srv/detail/query_inverse_kinematics__struct.hpp
[0.544s] -- Up-to-date symlink: /home/utc_sim/ros2_dvrk/install/crtk_msgs/include/crtk_msgs/crtk_msgs/srv/detail/query_inverse_kinematics__traits.hpp
[0.545s] -- Up-to-date symlink: /home/utc_sim/ros2_dvrk/install/crtk_msgs/include/crtk_msgs/crtk_msgs/srv/detail/query_inverse_kinematics__type_support.hpp
[0.547s] -- Up-to-date symlink: /home/utc_sim/ros2_dvrk/install/crtk_msgs/include/crtk_msgs/crtk_msgs/srv/detail/trigger_operating_state__builder.hpp
[0.547s] -- Up-to-date symlink: /home/utc_sim/ros2_dvrk/install/crtk_msgs/include/crtk_msgs/crtk_msgs/srv/detail/trigger_operating_state__struct.hpp
[0.547s] -- Up-to-date symlink: /home/utc_sim/ros2_dvrk/install/crtk_msgs/include/crtk_msgs/crtk_msgs/srv/detail/trigger_operating_state__traits.hpp
[0.547s] -- Up-to-date symlink: /home/utc_sim/ros2_dvrk/install/crtk_msgs/include/crtk_msgs/crtk_msgs/srv/detail/trigger_operating_state__type_support.hpp
[0.547s] -- Up-to-date symlink: /home/utc_sim/ros2_dvrk/install/crtk_msgs/include/crtk_msgs/crtk_msgs/srv/query_forward_kinematics.hpp
[0.547s] -- Up-to-date symlink: /home/utc_sim/ros2_dvrk/install/crtk_msgs/include/crtk_msgs/crtk_msgs/srv/query_inverse_kinematics.hpp
[0.547s] -- Up-to-date symlink: /home/utc_sim/ros2_dvrk/install/crtk_msgs/include/crtk_msgs/crtk_msgs/srv/trigger_operating_state.hpp
[0.551s] -- Up-to-date symlink: /home/utc_sim/ros2_dvrk/install/crtk_msgs/include/crtk_msgs/crtk_msgs/msg/detail/cartesian_impedance__rosidl_typesupport_fastrtps_cpp.hpp
[0.552s] -- Up-to-date symlink: /home/utc_sim/ros2_dvrk/install/crtk_msgs/include/crtk_msgs/crtk_msgs/msg/detail/cartesian_impedance_half_plane_gains__rosidl_typesupport_fastrtps_cpp.hpp
[0.552s] -- Up-to-date symlink: /home/utc_sim/ros2_dvrk/install/crtk_msgs/include/crtk_msgs/crtk_msgs/msg/detail/cartesian_servo__rosidl_typesupport_fastrtps_cpp.hpp
[0.552s] -- Up-to-date symlink: /home/utc_sim/ros2_dvrk/install/crtk_msgs/include/crtk_msgs/crtk_msgs/msg/detail/cartesian_state__rosidl_typesupport_fastrtps_cpp.hpp
[0.552s] -- Up-to-date symlink: /home/utc_sim/ros2_dvrk/install/crtk_msgs/include/crtk_msgs/crtk_msgs/msg/detail/joint_servo__rosidl_typesupport_fastrtps_cpp.hpp
[0.553s] -- Up-to-date symlink: /home/utc_sim/ros2_dvrk/install/crtk_msgs/include/crtk_msgs/crtk_msgs/msg/detail/operating_state__rosidl_typesupport_fastrtps_cpp.hpp
[0.553s] -- Up-to-date symlink: /home/utc_sim/ros2_dvrk/install/crtk_msgs/include/crtk_msgs/crtk_msgs/msg/detail/setpoint_mode__rosidl_typesupport_fastrtps_cpp.hpp
[0.553s] -- Up-to-date symlink: /home/utc_sim/ros2_dvrk/install/crtk_msgs/include/crtk_msgs/crtk_msgs/msg/detail/string_stamped__rosidl_typesupport_fastrtps_cpp.hpp
[0.553s] -- Up-to-date symlink: /home/utc_sim/ros2_dvrk/install/crtk_msgs/include/crtk_msgs/crtk_msgs/msg/rosidl_typesupport_fastrtps_cpp__visibility_control.h
[0.554s] -- Up-to-date symlink: /home/utc_sim/ros2_dvrk/install/crtk_msgs/include/crtk_msgs/crtk_msgs/srv/detail/query_forward_kinematics__rosidl_typesupport_fastrtps_cpp.hpp
[0.554s] -- Up-to-date symlink: /home/utc_sim/ros2_dvrk/install/crtk_msgs/include/crtk_msgs/crtk_msgs/srv/detail/query_inverse_kinematics__rosidl_typesupport_fastrtps_cpp.hpp
[0.554s] -- Up-to-date symlink: /home/utc_sim/ros2_dvrk/install/crtk_msgs/include/crtk_msgs/crtk_msgs/srv/detail/trigger_operating_state__rosidl_typesupport_fastrtps_cpp.hpp
[0.555s] -- Up-to-date symlink: /home/utc_sim/ros2_dvrk/install/crtk_msgs/include/crtk_msgs/crtk_msgs/msg/detail/cartesian_impedance__rosidl_typesupport_introspection_c.h
[0.555s] -- Up-to-date symlink: /home/utc_sim/ros2_dvrk/install/crtk_msgs/include/crtk_msgs/crtk_msgs/msg/detail/cartesian_impedance_half_plane_gains__rosidl_typesupport_introspection_c.h
[0.555s] -- Up-to-date symlink: /home/utc_sim/ros2_dvrk/install/crtk_msgs/include/crtk_msgs/crtk_msgs/msg/detail/cartesian_servo__rosidl_typesupport_introspection_c.h
[0.555s] -- Up-to-date symlink: /home/utc_sim/ros2_dvrk/install/crtk_msgs/include/crtk_msgs/crtk_msgs/msg/detail/cartesian_state__rosidl_typesupport_introspection_c.h
[0.556s] -- Up-to-date symlink: /home/utc_sim/ros2_dvrk/install/crtk_msgs/include/crtk_msgs/crtk_msgs/msg/detail/joint_servo__rosidl_typesupport_introspection_c.h
[0.556s] -- Up-to-date symlink: /home/utc_sim/ros2_dvrk/install/crtk_msgs/include/crtk_msgs/crtk_msgs/msg/detail/operating_state__rosidl_typesupport_introspection_c.h
[0.556s] -- Up-to-date symlink: /home/utc_sim/ros2_dvrk/install/crtk_msgs/include/crtk_msgs/crtk_msgs/msg/detail/setpoint_mode__rosidl_typesupport_introspection_c.h
[0.556s] -- Up-to-date symlink: /home/utc_sim/ros2_dvrk/install/crtk_msgs/include/crtk_msgs/crtk_msgs/msg/detail/string_stamped__rosidl_typesupport_introspection_c.h
[0.556s] -- Up-to-date symlink: /home/utc_sim/ros2_dvrk/install/crtk_msgs/include/crtk_msgs/crtk_msgs/msg/rosidl_typesupport_introspection_c__visibility_control.h
[0.556s] -- Up-to-date symlink: /home/utc_sim/ros2_dvrk/install/crtk_msgs/include/crtk_msgs/crtk_msgs/srv/detail/query_forward_kinematics__rosidl_typesupport_introspection_c.h
[0.556s] -- Up-to-date symlink: /home/utc_sim/ros2_dvrk/install/crtk_msgs/include/crtk_msgs/crtk_msgs/srv/detail/query_inverse_kinematics__rosidl_typesupport_introspection_c.h
[0.556s] -- Up-to-date symlink: /home/utc_sim/ros2_dvrk/install/crtk_msgs/include/crtk_msgs/crtk_msgs/srv/detail/trigger_operating_state__rosidl_typesupport_introspection_c.h
[0.557s] -- Up-to-date symlink: /home/utc_sim/ros2_dvrk/install/crtk_msgs/include/crtk_msgs/crtk_msgs/msg/detail/cartesian_impedance__rosidl_typesupport_introspection_cpp.hpp
[0.557s] -- Up-to-date symlink: /home/utc_sim/ros2_dvrk/install/crtk_msgs/include/crtk_msgs/crtk_msgs/msg/detail/cartesian_impedance_half_plane_gains__rosidl_typesupport_introspection_cpp.hpp
[0.557s] -- Up-to-date symlink: /home/utc_sim/ros2_dvrk/install/crtk_msgs/include/crtk_msgs/crtk_msgs/msg/detail/cartesian_servo__rosidl_typesupport_introspection_cpp.hpp
[0.557s] -- Up-to-date symlink: /home/utc_sim/ros2_dvrk/install/crtk_msgs/include/crtk_msgs/crtk_msgs/msg/detail/cartesian_state__rosidl_typesupport_introspection_cpp.hpp
[0.557s] -- Up-to-date symlink: /home/utc_sim/ros2_dvrk/install/crtk_msgs/include/crtk_msgs/crtk_msgs/msg/detail/joint_servo__rosidl_typesupport_introspection_cpp.hpp
[0.557s] -- Up-to-date symlink: /home/utc_sim/ros2_dvrk/install/crtk_msgs/include/crtk_msgs/crtk_msgs/msg/detail/operating_state__rosidl_typesupport_introspection_cpp.hpp
[0.557s] -- Up-to-date symlink: /home/utc_sim/ros2_dvrk/install/crtk_msgs/include/crtk_msgs/crtk_msgs/msg/detail/setpoint_mode__rosidl_typesupport_introspection_cpp.hpp
[0.558s] -- Up-to-date symlink: /home/utc_sim/ros2_dvrk/install/crtk_msgs/include/crtk_msgs/crtk_msgs/msg/detail/string_stamped__rosidl_typesupport_introspection_cpp.hpp
[0.558s] -- Up-to-date symlink: /home/utc_sim/ros2_dvrk/install/crtk_msgs/include/crtk_msgs/crtk_msgs/srv/detail/query_forward_kinematics__rosidl_typesupport_introspection_cpp.hpp
[0.558s] -- Up-to-date symlink: /home/utc_sim/ros2_dvrk/install/crtk_msgs/include/crtk_msgs/crtk_msgs/srv/detail/query_inverse_kinematics__rosidl_typesupport_introspection_cpp.hpp
[0.558s] -- Up-to-date symlink: /home/utc_sim/ros2_dvrk/install/crtk_msgs/include/crtk_msgs/crtk_msgs/srv/detail/trigger_operating_state__rosidl_typesupport_introspection_cpp.hpp
[0.558s] -- Up-to-date symlink: /home/utc_sim/ros2_dvrk/install/crtk_msgs/share/crtk_msgs/environment/pythonpath.sh
[0.558s] -- Up-to-date symlink: /home/utc_sim/ros2_dvrk/install/crtk_msgs/share/crtk_msgs/environment/pythonpath.dsv
[0.558s] -- Up-to-date symlink: /home/utc_sim/ros2_dvrk/install/crtk_msgs/local/lib/python3.10/dist-packages/crtk_msgs-1.3.0-py3.10.egg-info/PKG-INFO
[0.559s] -- Up-to-date symlink: /home/utc_sim/ros2_dvrk/install/crtk_msgs/local/lib/python3.10/dist-packages/crtk_msgs-1.3.0-py3.10.egg-info/SOURCES.txt
[0.559s] -- Up-to-date symlink: /home/utc_sim/ros2_dvrk/install/crtk_msgs/local/lib/python3.10/dist-packages/crtk_msgs-1.3.0-py3.10.egg-info/dependency_links.txt
[0.559s] -- Up-to-date symlink: /home/utc_sim/ros2_dvrk/install/crtk_msgs/local/lib/python3.10/dist-packages/crtk_msgs-1.3.0-py3.10.egg-info/top_level.txt
[0.559s] -- Up-to-date symlink: /home/utc_sim/ros2_dvrk/install/crtk_msgs/local/lib/python3.10/dist-packages/crtk_msgs/__init__.py
[0.559s] -- Up-to-date symlink: /home/utc_sim/ros2_dvrk/install/crtk_msgs/local/lib/python3.10/dist-packages/crtk_msgs/_crtk_msgs_s.ep.rosidl_typesupport_c.c
[0.559s] -- Up-to-date symlink: /home/utc_sim/ros2_dvrk/install/crtk_msgs/local/lib/python3.10/dist-packages/crtk_msgs/_crtk_msgs_s.ep.rosidl_typesupport_fastrtps_c.c
[0.559s] -- Up-to-date symlink: /home/utc_sim/ros2_dvrk/install/crtk_msgs/local/lib/python3.10/dist-packages/crtk_msgs/_crtk_msgs_s.ep.rosidl_typesupport_introspection_c.c
[0.559s] -- Up-to-date symlink: /home/utc_sim/ros2_dvrk/install/crtk_msgs/local/lib/python3.10/dist-packages/crtk_msgs/crtk_msgs_s__rosidl_typesupport_c.cpython-310-aarch64-linux-gnu.so
[0.559s] -- Up-to-date symlink: /home/utc_sim/ros2_dvrk/install/crtk_msgs/local/lib/python3.10/dist-packages/crtk_msgs/crtk_msgs_s__rosidl_typesupport_fastrtps_c.cpython-310-aarch64-linux-gnu.so
[0.559s] -- Up-to-date symlink: /home/utc_sim/ros2_dvrk/install/crtk_msgs/local/lib/python3.10/dist-packages/crtk_msgs/crtk_msgs_s__rosidl_typesupport_introspection_c.cpython-310-aarch64-linux-gnu.so
[0.559s] -- Up-to-date symlink: /home/utc_sim/ros2_dvrk/install/crtk_msgs/local/lib/python3.10/dist-packages/crtk_msgs/libcrtk_msgs__rosidl_generator_py.so
[0.559s] -- Up-to-date symlink: /home/utc_sim/ros2_dvrk/install/crtk_msgs/local/lib/python3.10/dist-packages/crtk_msgs/msg/__init__.py
[0.560s] -- Up-to-date symlink: /home/utc_sim/ros2_dvrk/install/crtk_msgs/local/lib/python3.10/dist-packages/crtk_msgs/msg/_cartesian_impedance.py
[0.560s] -- Up-to-date symlink: /home/utc_sim/ros2_dvrk/install/crtk_msgs/local/lib/python3.10/dist-packages/crtk_msgs/msg/_cartesian_impedance_half_plane_gains.py
[0.560s] -- Up-to-date symlink: /home/utc_sim/ros2_dvrk/install/crtk_msgs/local/lib/python3.10/dist-packages/crtk_msgs/msg/_cartesian_impedance_half_plane_gains_s.c
[0.560s] -- Up-to-date symlink: /home/utc_sim/ros2_dvrk/install/crtk_msgs/local/lib/python3.10/dist-packages/crtk_msgs/msg/_cartesian_impedance_s.c
[0.560s] -- Up-to-date symlink: /home/utc_sim/ros2_dvrk/install/crtk_msgs/local/lib/python3.10/dist-packages/crtk_msgs/msg/_cartesian_servo.py
[0.560s] -- Up-to-date symlink: /home/utc_sim/ros2_dvrk/install/crtk_msgs/local/lib/python3.10/dist-packages/crtk_msgs/msg/_cartesian_servo_s.c
[0.560s] -- Up-to-date symlink: /home/utc_sim/ros2_dvrk/install/crtk_msgs/local/lib/python3.10/dist-packages/crtk_msgs/msg/_cartesian_state.py
[0.560s] -- Up-to-date symlink: /home/utc_sim/ros2_dvrk/install/crtk_msgs/local/lib/python3.10/dist-packages/crtk_msgs/msg/_cartesian_state_s.c
[0.560s] -- Up-to-date symlink: /home/utc_sim/ros2_dvrk/install/crtk_msgs/local/lib/python3.10/dist-packages/crtk_msgs/msg/_joint_servo.py
[0.560s] -- Up-to-date symlink: /home/utc_sim/ros2_dvrk/install/crtk_msgs/local/lib/python3.10/dist-packages/crtk_msgs/msg/_joint_servo_s.c
[0.560s] -- Up-to-date symlink: /home/utc_sim/ros2_dvrk/install/crtk_msgs/local/lib/python3.10/dist-packages/crtk_msgs/msg/_operating_state.py
[0.560s] -- Up-to-date symlink: /home/utc_sim/ros2_dvrk/install/crtk_msgs/local/lib/python3.10/dist-packages/crtk_msgs/msg/_operating_state_s.c
[0.560s] -- Up-to-date symlink: /home/utc_sim/ros2_dvrk/install/crtk_msgs/local/lib/python3.10/dist-packages/crtk_msgs/msg/_setpoint_mode.py
[0.560s] -- Up-to-date symlink: /home/utc_sim/ros2_dvrk/install/crtk_msgs/local/lib/python3.10/dist-packages/crtk_msgs/msg/_setpoint_mode_s.c
[0.560s] -- Up-to-date symlink: /home/utc_sim/ros2_dvrk/install/crtk_msgs/local/lib/python3.10/dist-packages/crtk_msgs/msg/_string_stamped.py
[0.560s] -- Up-to-date symlink: /home/utc_sim/ros2_dvrk/install/crtk_msgs/local/lib/python3.10/dist-packages/crtk_msgs/msg/_string_stamped_s.c
[0.560s] -- Up-to-date symlink: /home/utc_sim/ros2_dvrk/install/crtk_msgs/local/lib/python3.10/dist-packages/crtk_msgs/srv/__init__.py
[0.560s] -- Up-to-date symlink: /home/utc_sim/ros2_dvrk/install/crtk_msgs/local/lib/python3.10/dist-packages/crtk_msgs/srv/_query_forward_kinematics.py
[0.560s] -- Up-to-date symlink: /home/utc_sim/ros2_dvrk/install/crtk_msgs/local/lib/python3.10/dist-packages/crtk_msgs/srv/_query_forward_kinematics_s.c
[0.560s] -- Up-to-date symlink: /home/utc_sim/ros2_dvrk/install/crtk_msgs/local/lib/python3.10/dist-packages/crtk_msgs/srv/_query_inverse_kinematics.py
[0.560s] -- Up-to-date symlink: /home/utc_sim/ros2_dvrk/install/crtk_msgs/local/lib/python3.10/dist-packages/crtk_msgs/srv/_query_inverse_kinematics_s.c
[0.561s] -- Up-to-date symlink: /home/utc_sim/ros2_dvrk/install/crtk_msgs/local/lib/python3.10/dist-packages/crtk_msgs/srv/_trigger_operating_state.py
[0.561s] -- Up-to-date symlink: /home/utc_sim/ros2_dvrk/install/crtk_msgs/local/lib/python3.10/dist-packages/crtk_msgs/srv/_trigger_operating_state_s.c
[0.561s] -- Up-to-date symlink: /home/utc_sim/ros2_dvrk/install/crtk_msgs/local/lib/python3.10/dist-packages/crtk_msgs/crtk_msgs_s__rosidl_typesupport_fastrtps_c.cpython-310-aarch64-linux-gnu.so
[0.561s] -- Up-to-date symlink: /home/utc_sim/ros2_dvrk/install/crtk_msgs/local/lib/python3.10/dist-packages/crtk_msgs/crtk_msgs_s__rosidl_typesupport_introspection_c.cpython-310-aarch64-linux-gnu.so
[0.561s] -- Up-to-date symlink: /home/utc_sim/ros2_dvrk/install/crtk_msgs/local/lib/python3.10/dist-packages/crtk_msgs/crtk_msgs_s__rosidl_typesupport_c.cpython-310-aarch64-linux-gnu.so
[0.561s] -- Up-to-date symlink: /home/utc_sim/ros2_dvrk/install/crtk_msgs/share/crtk_msgs/msg/OperatingState.idl
[0.561s] -- Up-to-date symlink: /home/utc_sim/ros2_dvrk/install/crtk_msgs/share/crtk_msgs/msg/StringStamped.idl
[0.561s] -- Up-to-date symlink: /home/utc_sim/ros2_dvrk/install/crtk_msgs/share/crtk_msgs/msg/CartesianImpedanceHalfPlaneGains.idl
[0.561s] -- Up-to-date symlink: /home/utc_sim/ros2_dvrk/install/crtk_msgs/share/crtk_msgs/msg/CartesianImpedance.idl
[0.561s] -- Up-to-date symlink: /home/utc_sim/ros2_dvrk/install/crtk_msgs/share/crtk_msgs/msg/CartesianState.idl
[0.561s] -- Up-to-date symlink: /home/utc_sim/ros2_dvrk/install/crtk_msgs/share/crtk_msgs/msg/SetpointMode.idl
[0.561s] -- Up-to-date symlink: /home/utc_sim/ros2_dvrk/install/crtk_msgs/share/crtk_msgs/msg/CartesianServo.idl
[0.561s] -- Up-to-date symlink: /home/utc_sim/ros2_dvrk/install/crtk_msgs/share/crtk_msgs/msg/JointServo.idl
[0.561s] -- Up-to-date symlink: /home/utc_sim/ros2_dvrk/install/crtk_msgs/share/crtk_msgs/srv/TriggerOperatingState.idl
[0.562s] -- Up-to-date symlink: /home/utc_sim/ros2_dvrk/install/crtk_msgs/share/crtk_msgs/srv/QueryForwardKinematics.idl
[0.562s] -- Up-to-date symlink: /home/utc_sim/ros2_dvrk/install/crtk_msgs/share/crtk_msgs/srv/QueryInverseKinematics.idl
[0.562s] -- Up-to-date symlink: /home/utc_sim/ros2_dvrk/install/crtk_msgs/share/crtk_msgs/msg/OperatingState.msg
[0.562s] -- Up-to-date symlink: /home/utc_sim/ros2_dvrk/install/crtk_msgs/share/crtk_msgs/msg/StringStamped.msg
[0.562s] -- Up-to-date symlink: /home/utc_sim/ros2_dvrk/install/crtk_msgs/share/crtk_msgs/msg/CartesianImpedanceHalfPlaneGains.msg
[0.562s] -- Up-to-date symlink: /home/utc_sim/ros2_dvrk/install/crtk_msgs/share/crtk_msgs/msg/CartesianImpedance.msg
[0.562s] -- Up-to-date symlink: /home/utc_sim/ros2_dvrk/install/crtk_msgs/share/crtk_msgs/msg/CartesianState.msg
[0.562s] -- Up-to-date symlink: /home/utc_sim/ros2_dvrk/install/crtk_msgs/share/crtk_msgs/msg/SetpointMode.msg
[0.563s] -- Up-to-date symlink: /home/utc_sim/ros2_dvrk/install/crtk_msgs/share/crtk_msgs/msg/CartesianServo.msg
[0.563s] -- Up-to-date symlink: /home/utc_sim/ros2_dvrk/install/crtk_msgs/share/crtk_msgs/msg/JointServo.msg
[0.563s] -- Up-to-date symlink: /home/utc_sim/ros2_dvrk/install/crtk_msgs/share/crtk_msgs/srv/TriggerOperatingState.srv
[0.563s] -- Up-to-date symlink: /home/utc_sim/ros2_dvrk/install/crtk_msgs/share/crtk_msgs/srv/TriggerOperatingState_Request.msg
[0.563s] -- Up-to-date symlink: /home/utc_sim/ros2_dvrk/install/crtk_msgs/share/crtk_msgs/srv/TriggerOperatingState_Response.msg
[0.563s] -- Up-to-date symlink: /home/utc_sim/ros2_dvrk/install/crtk_msgs/share/crtk_msgs/srv/QueryForwardKinematics.srv
[0.563s] -- Up-to-date symlink: /home/utc_sim/ros2_dvrk/install/crtk_msgs/share/crtk_msgs/srv/QueryForwardKinematics_Request.msg
[0.563s] -- Up-to-date symlink: /home/utc_sim/ros2_dvrk/install/crtk_msgs/share/crtk_msgs/srv/QueryForwardKinematics_Response.msg
[0.563s] -- Up-to-date symlink: /home/utc_sim/ros2_dvrk/install/crtk_msgs/share/crtk_msgs/srv/QueryInverseKinematics.srv
[0.563s] -- Up-to-date symlink: /home/utc_sim/ros2_dvrk/install/crtk_msgs/share/crtk_msgs/srv/QueryInverseKinematics_Request.msg
[0.564s] -- Up-to-date symlink: /home/utc_sim/ros2_dvrk/install/crtk_msgs/share/crtk_msgs/srv/QueryInverseKinematics_Response.msg
[0.564s] -- Up-to-date symlink: /home/utc_sim/ros2_dvrk/install/crtk_msgs/share/ament_index/resource_index/package_run_dependencies/crtk_msgs
[0.564s] -- Up-to-date symlink: /home/utc_sim/ros2_dvrk/install/crtk_msgs/share/ament_index/resource_index/parent_prefix_path/crtk_msgs
[0.564s] -- Up-to-date symlink: /home/utc_sim/ros2_dvrk/install/crtk_msgs/share/crtk_msgs/environment/ament_prefix_path.sh
[0.564s] -- Up-to-date symlink: /home/utc_sim/ros2_dvrk/install/crtk_msgs/share/crtk_msgs/environment/ament_prefix_path.dsv
[0.564s] -- Up-to-date symlink: /home/utc_sim/ros2_dvrk/install/crtk_msgs/share/crtk_msgs/environment/path.sh
[0.564s] -- Up-to-date symlink: /home/utc_sim/ros2_dvrk/install/crtk_msgs/share/crtk_msgs/environment/path.dsv
[0.564s] -- Up-to-date symlink: /home/utc_sim/ros2_dvrk/install/crtk_msgs/share/crtk_msgs/local_setup.bash
[0.564s] -- Up-to-date symlink: /home/utc_sim/ros2_dvrk/install/crtk_msgs/share/crtk_msgs/local_setup.sh
[0.565s] -- Up-to-date symlink: /home/utc_sim/ros2_dvrk/install/crtk_msgs/share/crtk_msgs/local_setup.zsh
[0.565s] -- Up-to-date symlink: /home/utc_sim/ros2_dvrk/install/crtk_msgs/share/crtk_msgs/local_setup.dsv
[0.565s] -- Symlinking: /home/utc_sim/ros2_dvrk/install/crtk_msgs/share/crtk_msgs/package.dsv
[0.575s] -- Up-to-date symlink: /home/utc_sim/ros2_dvrk/install/crtk_msgs/share/ament_index/resource_index/packages/crtk_msgs
[0.575s] -- Up-to-date symlink: /home/utc_sim/ros2_dvrk/install/crtk_msgs/share/crtk_msgs/cmake/rosidl_cmake-extras.cmake
[0.575s] -- Up-to-date symlink: /home/utc_sim/ros2_dvrk/install/crtk_msgs/share/crtk_msgs/cmake/ament_cmake_export_dependencies-extras.cmake
[0.575s] -- Up-to-date symlink: /home/utc_sim/ros2_dvrk/install/crtk_msgs/share/crtk_msgs/cmake/ament_cmake_export_include_directories-extras.cmake
[0.575s] -- Up-to-date symlink: /home/utc_sim/ros2_dvrk/install/crtk_msgs/share/crtk_msgs/cmake/ament_cmake_export_libraries-extras.cmake
[0.575s] -- Up-to-date symlink: /home/utc_sim/ros2_dvrk/install/crtk_msgs/share/crtk_msgs/cmake/ament_cmake_export_targets-extras.cmake
[0.575s] -- Up-to-date symlink: /home/utc_sim/ros2_dvrk/install/crtk_msgs/share/crtk_msgs/cmake/rosidl_cmake_export_typesupport_targets-extras.cmake
[0.575s] -- Up-to-date symlink: /home/utc_sim/ros2_dvrk/install/crtk_msgs/share/crtk_msgs/cmake/rosidl_cmake_export_typesupport_libraries-extras.cmake
[0.575s] -- Up-to-date symlink: /home/utc_sim/ros2_dvrk/install/crtk_msgs/share/crtk_msgs/cmake/crtk_msgsConfig.cmake
[0.575s] -- Up-to-date symlink: /home/utc_sim/ros2_dvrk/install/crtk_msgs/share/crtk_msgs/cmake/crtk_msgsConfig-version.cmake
[0.575s] -- Up-to-date symlink: /home/utc_sim/ros2_dvrk/install/crtk_msgs/share/crtk_msgs/package.xml
[0.575s] -- Up-to-date: /home/utc_sim/ros2_dvrk/install/crtk_msgs/lib/libcrtk_msgs__rosidl_generator_c.so
[0.576s] -- Up-to-date: /home/utc_sim/ros2_dvrk/install/crtk_msgs/lib/libcrtk_msgs__rosidl_typesupport_fastrtps_c.so
[0.576s] -- Up-to-date: /home/utc_sim/ros2_dvrk/install/crtk_msgs/lib/libcrtk_msgs__rosidl_typesupport_fastrtps_cpp.so
[0.576s] -- Up-to-date: /home/utc_sim/ros2_dvrk/install/crtk_msgs/lib/libcrtk_msgs__rosidl_typesupport_introspection_c.so
[0.576s] -- Up-to-date: /home/utc_sim/ros2_dvrk/install/crtk_msgs/lib/libcrtk_msgs__rosidl_typesupport_c.so
[0.576s] -- Up-to-date: /home/utc_sim/ros2_dvrk/install/crtk_msgs/lib/libcrtk_msgs__rosidl_typesupport_introspection_cpp.so
[0.576s] -- Up-to-date: /home/utc_sim/ros2_dvrk/install/crtk_msgs/lib/libcrtk_msgs__rosidl_typesupport_cpp.so
[0.618s] Listing '/home/utc_sim/ros2_dvrk/install/crtk_msgs/local/lib/python3.10/dist-packages/crtk_msgs'...
[0.618s] Listing '/home/utc_sim/ros2_dvrk/install/crtk_msgs/local/lib/python3.10/dist-packages/crtk_msgs/msg'...
[0.619s] Listing '/home/utc_sim/ros2_dvrk/install/crtk_msgs/local/lib/python3.10/dist-packages/crtk_msgs/srv'...
[0.624s] -- Up-to-date: /home/utc_sim/ros2_dvrk/install/crtk_msgs/lib/libcrtk_msgs__rosidl_generator_py.so
[0.624s] -- Up-to-date: /home/utc_sim/ros2_dvrk/install/crtk_msgs/share/crtk_msgs/cmake/export_crtk_msgs__rosidl_generator_cExport.cmake
[0.624s] -- Up-to-date: /home/utc_sim/ros2_dvrk/install/crtk_msgs/share/crtk_msgs/cmake/export_crtk_msgs__rosidl_generator_cExport-release.cmake
[0.624s] -- Up-to-date: /home/utc_sim/ros2_dvrk/install/crtk_msgs/share/crtk_msgs/cmake/export_crtk_msgs__rosidl_typesupport_fastrtps_cExport.cmake
[0.624s] -- Up-to-date: /home/utc_sim/ros2_dvrk/install/crtk_msgs/share/crtk_msgs/cmake/export_crtk_msgs__rosidl_typesupport_fastrtps_cExport-release.cmake
[0.624s] -- Up-to-date: /home/utc_sim/ros2_dvrk/install/crtk_msgs/share/crtk_msgs/cmake/export_crtk_msgs__rosidl_generator_cppExport.cmake
[0.624s] -- Up-to-date: /home/utc_sim/ros2_dvrk/install/crtk_msgs/share/crtk_msgs/cmake/export_crtk_msgs__rosidl_typesupport_fastrtps_cppExport.cmake
[0.624s] -- Up-to-date: /home/utc_sim/ros2_dvrk/install/crtk_msgs/share/crtk_msgs/cmake/export_crtk_msgs__rosidl_typesupport_fastrtps_cppExport-release.cmake
[0.624s] -- Up-to-date: /home/utc_sim/ros2_dvrk/install/crtk_msgs/share/crtk_msgs/cmake/crtk_msgs__rosidl_typesupport_introspection_cExport.cmake
[0.624s] -- Up-to-date: /home/utc_sim/ros2_dvrk/install/crtk_msgs/share/crtk_msgs/cmake/crtk_msgs__rosidl_typesupport_introspection_cExport-release.cmake
[0.624s] -- Up-to-date: /home/utc_sim/ros2_dvrk/install/crtk_msgs/share/crtk_msgs/cmake/crtk_msgs__rosidl_typesupport_cExport.cmake
[0.624s] -- Up-to-date: /home/utc_sim/ros2_dvrk/install/crtk_msgs/share/crtk_msgs/cmake/crtk_msgs__rosidl_typesupport_cExport-release.cmake
[0.624s] -- Up-to-date: /home/utc_sim/ros2_dvrk/install/crtk_msgs/share/crtk_msgs/cmake/crtk_msgs__rosidl_typesupport_introspection_cppExport.cmake
[0.624s] -- Up-to-date: /home/utc_sim/ros2_dvrk/install/crtk_msgs/share/crtk_msgs/cmake/crtk_msgs__rosidl_typesupport_introspection_cppExport-release.cmake
[0.625s] -- Up-to-date: /home/utc_sim/ros2_dvrk/install/crtk_msgs/share/crtk_msgs/cmake/crtk_msgs__rosidl_typesupport_cppExport.cmake
[0.625s] -- Up-to-date: /home/utc_sim/ros2_dvrk/install/crtk_msgs/share/crtk_msgs/cmake/crtk_msgs__rosidl_typesupport_cppExport-release.cmake
[0.625s] -- Up-to-date: /home/utc_sim/ros2_dvrk/install/crtk_msgs/share/crtk_msgs/cmake/export_crtk_msgs__rosidl_generator_pyExport.cmake
[0.625s] -- Up-to-date: /home/utc_sim/ros2_dvrk/install/crtk_msgs/share/crtk_msgs/cmake/export_crtk_msgs__rosidl_generator_pyExport-release.cmake
[0.675s] Invoked command in '/home/utc_sim/ros2_dvrk/build/crtk_msgs' returned '0': CMAKE_PREFIX_PATH=${CMAKE_PREFIX_PATH}:/home/utc_sim/ros2_ws/install /usr/bin/cmake --install /home/utc_sim/ros2_dvrk/build/crtk_msgs
