[100%] Built target saw_controllers_ros
-- Install configuration: "Release"
-- Execute custom install script
-- Up-to-date symlink: /home/utc_sim/ros2_dvrk/install/saw_controllers_ros/include/saw_controllers_ros/mts_ros_crtk_controllers_pid_bridge.h
-- Up-to-date symlink: /home/utc_sim/ros2_dvrk/install/saw_controllers_ros/share/saw_controllers_ros/environment/library_path.sh
-- Up-to-date symlink: /home/utc_sim/ros2_dvrk/install/saw_controllers_ros/share/saw_controllers_ros/environment/library_path.dsv
-- Up-to-date symlink: /home/utc_sim/ros2_dvrk/install/saw_controllers_ros/share/ament_index/resource_index/package_run_dependencies/saw_controllers_ros
-- Up-to-date symlink: /home/utc_sim/ros2_dvrk/install/saw_controllers_ros/share/ament_index/resource_index/parent_prefix_path/saw_controllers_ros
-- Up-to-date symlink: /home/utc_sim/ros2_dvrk/install/saw_controllers_ros/share/saw_controllers_ros/environment/ament_prefix_path.sh
-- Up-to-date symlink: /home/utc_sim/ros2_dvrk/install/saw_controllers_ros/share/saw_controllers_ros/environment/ament_prefix_path.dsv
-- Up-to-date symlink: /home/utc_sim/ros2_dvrk/install/saw_controllers_ros/share/saw_controllers_ros/environment/path.sh
-- Up-to-date symlink: /home/utc_sim/ros2_dvrk/install/saw_controllers_ros/share/saw_controllers_ros/environment/path.dsv
-- Up-to-date symlink: /home/utc_sim/ros2_dvrk/install/saw_controllers_ros/share/saw_controllers_ros/local_setup.bash
-- Up-to-date symlink: /home/utc_sim/ros2_dvrk/install/saw_controllers_ros/share/saw_controllers_ros/local_setup.sh
-- Up-to-date symlink: /home/utc_sim/ros2_dvrk/install/saw_controllers_ros/share/saw_controllers_ros/local_setup.zsh
-- Up-to-date symlink: /home/utc_sim/ros2_dvrk/install/saw_controllers_ros/share/saw_controllers_ros/local_setup.dsv
-- Symlinking: /home/utc_sim/ros2_dvrk/install/saw_controllers_ros/share/saw_controllers_ros/package.dsv
-- Up-to-date symlink: /home/utc_sim/ros2_dvrk/install/saw_controllers_ros/share/ament_index/resource_index/packages/saw_controllers_ros
-- Up-to-date symlink: /home/utc_sim/ros2_dvrk/install/saw_controllers_ros/share/saw_controllers_ros/cmake/ament_cmake_export_targets-extras.cmake
-- Up-to-date symlink: /home/utc_sim/ros2_dvrk/install/saw_controllers_ros/share/saw_controllers_ros/cmake/saw_controllers_rosConfig.cmake
-- Up-to-date symlink: /home/utc_sim/ros2_dvrk/install/saw_controllers_ros/share/saw_controllers_ros/cmake/saw_controllers_rosConfig-version.cmake
-- Up-to-date symlink: /home/utc_sim/ros2_dvrk/install/saw_controllers_ros/share/saw_controllers_ros/package.xml
-- Up-to-date: /home/utc_sim/ros2_dvrk/install/saw_controllers_ros/lib/libsaw_controllers_ros.so
-- Up-to-date: /home/utc_sim/ros2_dvrk/install/saw_controllers_ros/share/saw_controllers_ros/cmake/saw_controllers_rosExport.cmake
-- Up-to-date: /home/utc_sim/ros2_dvrk/install/saw_controllers_ros/share/saw_controllers_ros/cmake/saw_controllers_rosExport-release.cmake
