[0.012s] Invoking command in '/home/utc_sim/ros2_dvrk/build/sawRobotIO1394Core': CISST_ROOT=/home/utc_sim/ros2_dvrk/install/cisst CMAKE_PREFIX_PATH=/home/utc_sim/ros2_dvrk/install/cisst:/home/utc_sim/ros2_dvrk/install/cisstNetlib:/opt/ros/humble:/opt/ros/humble LD_LIBRARY_PATH=/home/utc_sim/ros2_dvrk/install/cisst/lib:/home/utc_sim/ros2_dvrk/install/cisst/lib:${LD_LIBRARY_PATH} PATH=/home/utc_sim/ros2_dvrk/install/cisst/bin:/home/utc_sim/ros2_dvrk/install/cisst/bin:${PATH} PKG_CONFIG_PATH=/home/utc_sim/ros2_dvrk/install/cisst/lib/aarch64-linux-gnu/pkgconfig:/home/utc_sim/ros2_dvrk/install/cisst/lib/pkgconfig:/home/utc_sim/ros2_dvrk/install/cisstNetlib/lib/aarch64-linux-gnu/pkgconfig:/home/utc_sim/ros2_dvrk/install/cisstNetlib/lib/pkgconfig PYTHONPATH=/home/utc_sim/ros2_dvrk/install/cisst/lib:${PYTHONPATH} ROS_PACKAGE_PATH=/home/utc_sim/ros2_dvrk/install/cisst/share /usr/bin/cmake --build /home/utc_sim/ros2_dvrk/build/sawRobotIO1394Core -- -j8 -l8
[0.057s] [ 15%] Built target Amp1394
[0.058s] [ 18%] Built target block1394
[0.072s] [ 21%] Built target info1394
[0.073s] [ 22%] Built target Amp1394Python_swig_compilation
[0.073s] [ 25%] Built target time1394
[0.080s] [ 28%] Built target Amp1394Console
[0.105s] [ 39%] Built target sawRobotIO1394
[0.114s] [ 42%] Built target fwPortTest
[0.135s] [ 45%] Built target qlacloserelays
[0.141s] [ 47%] Built target instrument
[0.162s] [ 50%] Built target qlacommand
[0.162s] [ 53%] Built target block1394eth
[0.168s] [ 57%] Built target fpgatest
[0.170s] [ 60%] Built target enctest
[0.203s] [ 63%] Built target ethswitch
[0.241s] [ 67%] Built target dvrktest
[0.244s] [ 71%] Built target pgm1394
[0.260s] [ 74%] Built target sawRobotIO1394CurrentCalibration
[0.323s] [ 91%] Built target Amp1394Python
[0.333s] [ 94%] Built target qlatest
[0.339s] [100%] Built target qladisp
[0.339s] [100%] Built target sawRobotIO1394DataCollection
[0.351s] Invoked command in '/home/utc_sim/ros2_dvrk/build/sawRobotIO1394Core' returned '0': CISST_ROOT=/home/utc_sim/ros2_dvrk/install/cisst CMAKE_PREFIX_PATH=/home/utc_sim/ros2_dvrk/install/cisst:/home/utc_sim/ros2_dvrk/install/cisstNetlib:/opt/ros/humble:/opt/ros/humble LD_LIBRARY_PATH=/home/utc_sim/ros2_dvrk/install/cisst/lib:/home/utc_sim/ros2_dvrk/install/cisst/lib:${LD_LIBRARY_PATH} PATH=/home/utc_sim/ros2_dvrk/install/cisst/bin:/home/utc_sim/ros2_dvrk/install/cisst/bin:${PATH} PKG_CONFIG_PATH=/home/utc_sim/ros2_dvrk/install/cisst/lib/aarch64-linux-gnu/pkgconfig:/home/utc_sim/ros2_dvrk/install/cisst/lib/pkgconfig:/home/utc_sim/ros2_dvrk/install/cisstNetlib/lib/aarch64-linux-gnu/pkgconfig:/home/utc_sim/ros2_dvrk/install/cisstNetlib/lib/pkgconfig PYTHONPATH=/home/utc_sim/ros2_dvrk/install/cisst/lib:${PYTHONPATH} ROS_PACKAGE_PATH=/home/utc_sim/ros2_dvrk/install/cisst/share /usr/bin/cmake --build /home/utc_sim/ros2_dvrk/build/sawRobotIO1394Core -- -j8 -l8
[0.352s] Invoking command in '/home/utc_sim/ros2_dvrk/build/sawRobotIO1394Core': CISST_ROOT=/home/utc_sim/ros2_dvrk/install/cisst CMAKE_PREFIX_PATH=/home/utc_sim/ros2_dvrk/install/cisst:/home/utc_sim/ros2_dvrk/install/cisstNetlib:/opt/ros/humble:/opt/ros/humble LD_LIBRARY_PATH=/home/utc_sim/ros2_dvrk/install/cisst/lib:/home/utc_sim/ros2_dvrk/install/cisst/lib:${LD_LIBRARY_PATH} PATH=/home/utc_sim/ros2_dvrk/install/cisst/bin:/home/utc_sim/ros2_dvrk/install/cisst/bin:${PATH} PKG_CONFIG_PATH=/home/utc_sim/ros2_dvrk/install/cisst/lib/aarch64-linux-gnu/pkgconfig:/home/utc_sim/ros2_dvrk/install/cisst/lib/pkgconfig:/home/utc_sim/ros2_dvrk/install/cisstNetlib/lib/aarch64-linux-gnu/pkgconfig:/home/utc_sim/ros2_dvrk/install/cisstNetlib/lib/pkgconfig PYTHONPATH=/home/utc_sim/ros2_dvrk/install/cisst/lib:${PYTHONPATH} ROS_PACKAGE_PATH=/home/utc_sim/ros2_dvrk/install/cisst/share /usr/bin/cmake --install /home/utc_sim/ros2_dvrk/build/sawRobotIO1394Core
[0.358s] -- Install configuration: "Release"
[0.359s] -- Up-to-date: /home/utc_sim/ros2_dvrk/install/sawRobotIO1394Core/lib/_Amp1394Python.so
[0.359s] -- Up-to-date: /home/utc_sim/ros2_dvrk/install/sawRobotIO1394Core/lib/Amp1394Python.py
[0.359s] -- Up-to-date: /home/utc_sim/ros2_dvrk/install/sawRobotIO1394Core/lib/libAmp1394.a
[0.359s] -- Up-to-date: /home/utc_sim/ros2_dvrk/install/sawRobotIO1394Core/lib/libAmp1394Console.a
[0.359s] -- Up-to-date: /home/utc_sim/ros2_dvrk/install/sawRobotIO1394Core/include/Amp1394/BoardIO.h
[0.359s] -- Up-to-date: /home/utc_sim/ros2_dvrk/install/sawRobotIO1394Core/include/Amp1394/FpgaIO.h
[0.359s] -- Up-to-date: /home/utc_sim/ros2_dvrk/install/sawRobotIO1394Core/include/Amp1394/AmpIO.h
[0.359s] -- Up-to-date: /home/utc_sim/ros2_dvrk/install/sawRobotIO1394Core/include/Amp1394/Amp1394Types.h
[0.362s] -- Up-to-date: /home/utc_sim/ros2_dvrk/install/sawRobotIO1394Core/include/Amp1394/Amp1394Time.h
[0.362s] -- Up-to-date: /home/utc_sim/ros2_dvrk/install/sawRobotIO1394Core/include/Amp1394/Amp1394BSwap.h
[0.362s] -- Up-to-date: /home/utc_sim/ros2_dvrk/install/sawRobotIO1394Core/include/Amp1394/EncoderVelocity.h
[0.362s] -- Up-to-date: /home/utc_sim/ros2_dvrk/install/sawRobotIO1394Core/include/Amp1394/BasePort.h
[0.362s] -- Up-to-date: /home/utc_sim/ros2_dvrk/install/sawRobotIO1394Core/include/Amp1394/EthBasePort.h
[0.362s] -- Up-to-date: /home/utc_sim/ros2_dvrk/install/sawRobotIO1394Core/include/Amp1394/EthUdpPort.h
[0.362s] -- Up-to-date: /home/utc_sim/ros2_dvrk/install/sawRobotIO1394Core/include/Amp1394/PortFactory.h
[0.362s] -- Up-to-date: /home/utc_sim/ros2_dvrk/install/sawRobotIO1394Core/include/Amp1394/FirewirePort.h
[0.362s] -- Up-to-date: /home/utc_sim/ros2_dvrk/install/sawRobotIO1394Core/include/Amp1394/Amp1394Console.h
[0.362s] -- Up-to-date: /home/utc_sim/ros2_dvrk/install/sawRobotIO1394Core/bin/qladisp
[0.362s] -- Up-to-date: /home/utc_sim/ros2_dvrk/install/sawRobotIO1394Core/bin/qlatest
[0.363s] -- Up-to-date: /home/utc_sim/ros2_dvrk/install/sawRobotIO1394Core/bin/fwPortTest
[0.363s] -- Up-to-date: /home/utc_sim/ros2_dvrk/install/sawRobotIO1394Core/bin/quad1394eth
[0.363s] -- Up-to-date: /home/utc_sim/ros2_dvrk/install/sawRobotIO1394Core/bin/qlacloserelays
[0.363s] -- Up-to-date: /home/utc_sim/ros2_dvrk/install/sawRobotIO1394Core/bin/qlacommand
[0.363s] -- Up-to-date: /home/utc_sim/ros2_dvrk/install/sawRobotIO1394Core/bin/fpgatest
[0.363s] -- Up-to-date: /home/utc_sim/ros2_dvrk/install/sawRobotIO1394Core/bin/instrument
[0.364s] -- Up-to-date: /home/utc_sim/ros2_dvrk/install/sawRobotIO1394Core/bin/block1394eth
[0.364s] -- Up-to-date: /home/utc_sim/ros2_dvrk/install/sawRobotIO1394Core/bin/enctest
[0.364s] -- Up-to-date: /home/utc_sim/ros2_dvrk/install/sawRobotIO1394Core/bin/ethswitch
[0.365s] -- Up-to-date: /home/utc_sim/ros2_dvrk/install/sawRobotIO1394Core/bin/dvrktest
[0.365s] -- Up-to-date: /home/utc_sim/ros2_dvrk/install/sawRobotIO1394Core/bin/pgm1394
[0.365s] -- Up-to-date: /home/utc_sim/ros2_dvrk/install/sawRobotIO1394Core/bin/pgm1394multi.bash
[0.365s] -- Up-to-date: /home/utc_sim/ros2_dvrk/install/sawRobotIO1394Core/bin/qlareloadfw.bash
[0.366s] -- Up-to-date: /home/utc_sim/ros2_dvrk/install/sawRobotIO1394Core/share/sawRobotIO1394/sawRobotIO1394Config.cmake
[0.366s] -- Up-to-date: /home/utc_sim/ros2_dvrk/install/sawRobotIO1394Core/share/sawRobotIO1394/sawRobotIO1394ConfigVersion.cmake
[0.366s] -- Up-to-date: /home/utc_sim/ros2_dvrk/install/sawRobotIO1394Core/include/sawRobotIO1394
[0.366s] -- Up-to-date: /home/utc_sim/ros2_dvrk/install/sawRobotIO1394Core/include/sawRobotIO1394/mtsRobot1394.h
[0.366s] -- Up-to-date: /home/utc_sim/ros2_dvrk/install/sawRobotIO1394Core/include/sawRobotIO1394/mtsDigitalInput1394.h
[0.366s] -- Up-to-date: /home/utc_sim/ros2_dvrk/install/sawRobotIO1394Core/include/sawRobotIO1394/mtsDigitalOutput1394.h
[0.366s] -- Up-to-date: /home/utc_sim/ros2_dvrk/install/sawRobotIO1394Core/include/sawRobotIO1394/mtsRobotIO1394.h
[0.366s] -- Up-to-date: /home/utc_sim/ros2_dvrk/install/sawRobotIO1394Core/include/sawRobotIO1394/mtsDallasChip1394.h
[0.366s] -- Up-to-date: /home/utc_sim/ros2_dvrk/install/sawRobotIO1394Core/include/sawRobotIO1394/sawRobotIO1394Export.h
[0.366s] -- Up-to-date: /home/utc_sim/ros2_dvrk/install/sawRobotIO1394Core/include/sawRobotIO1394/sawRobotIO1394ForwardDeclarations.h
[0.366s] -- Up-to-date: /home/utc_sim/ros2_dvrk/install/sawRobotIO1394Core/include/sawRobotIO1394/mtsRobotIO1394QtWidgetFactory.h
[0.367s] -- Up-to-date: /home/utc_sim/ros2_dvrk/install/sawRobotIO1394Core/include/sawRobotIO1394/mtsRobot1394QtWidget.h
[0.367s] -- Up-to-date: /home/utc_sim/ros2_dvrk/install/sawRobotIO1394Core/include/sawRobotIO1394/sawRobotIO1394ExportQt.h
[0.367s] -- Up-to-date: /home/utc_sim/ros2_dvrk/install/sawRobotIO1394Core/include/sawRobotIO1394/osaXML1394.h
[0.367s] -- Up-to-date: /home/utc_sim/ros2_dvrk/install/sawRobotIO1394Core/include/sawRobotIO1394
[0.367s] -- Up-to-date: /home/utc_sim/ros2_dvrk/install/sawRobotIO1394Core/include/sawRobotIO1394/sawRobotIO1394Revision.h
[0.367s] -- Up-to-date: /home/utc_sim/ros2_dvrk/install/sawRobotIO1394Core/include/sawRobotIO1394/osaConfiguration1394.h
[0.367s] -- Up-to-date: /home/utc_sim/ros2_dvrk/install/sawRobotIO1394Core/lib/libsawRobotIO1394.so.2.4.0
[0.367s] -- Up-to-date: /home/utc_sim/ros2_dvrk/install/sawRobotIO1394Core/lib/libsawRobotIO1394.so
[0.367s] -- Up-to-date: /home/utc_sim/ros2_dvrk/install/sawRobotIO1394Core/bin/sawRobotIO1394CurrentCalibration
[0.376s] Invoked command in '/home/utc_sim/ros2_dvrk/build/sawRobotIO1394Core' returned '0': CISST_ROOT=/home/utc_sim/ros2_dvrk/install/cisst CMAKE_PREFIX_PATH=/home/utc_sim/ros2_dvrk/install/cisst:/home/utc_sim/ros2_dvrk/install/cisstNetlib:/opt/ros/humble:/opt/ros/humble LD_LIBRARY_PATH=/home/utc_sim/ros2_dvrk/install/cisst/lib:/home/utc_sim/ros2_dvrk/install/cisst/lib:${LD_LIBRARY_PATH} PATH=/home/utc_sim/ros2_dvrk/install/cisst/bin:/home/utc_sim/ros2_dvrk/install/cisst/bin:${PATH} PKG_CONFIG_PATH=/home/utc_sim/ros2_dvrk/install/cisst/lib/aarch64-linux-gnu/pkgconfig:/home/utc_sim/ros2_dvrk/install/cisst/lib/pkgconfig:/home/utc_sim/ros2_dvrk/install/cisstNetlib/lib/aarch64-linux-gnu/pkgconfig:/home/utc_sim/ros2_dvrk/install/cisstNetlib/lib/pkgconfig PYTHONPATH=/home/utc_sim/ros2_dvrk/install/cisst/lib:${PYTHONPATH} ROS_PACKAGE_PATH=/home/utc_sim/ros2_dvrk/install/cisst/share /usr/bin/cmake --install /home/utc_sim/ros2_dvrk/build/sawRobotIO1394Core
