[0.050s] Invoking command in '/home/utc_sim/ros2_dvrk/build/dvrk_config_jhu': CMAKE_PREFIX_PATH=${CMAKE_PREFIX_PATH}:/home/utc_sim/ros2_ws/install /usr/bin/cmake --build /home/utc_sim/ros2_dvrk/build/dvrk_config_jhu -- -j8 -l8
[0.206s] Invoked command in '/home/utc_sim/ros2_dvrk/build/dvrk_config_jhu' returned '0': CMAKE_PREFIX_PATH=${CMAKE_PREFIX_PATH}:/home/utc_sim/ros2_ws/install /usr/bin/cmake --build /home/utc_sim/ros2_dvrk/build/dvrk_config_jhu -- -j8 -l8
[0.207s] Invoking command in '/home/utc_sim/ros2_dvrk/build/dvrk_config_jhu': CMAKE_PREFIX_PATH=${CMAKE_PREFIX_PATH}:/home/utc_sim/ros2_ws/install /usr/bin/cmake --install /home/utc_sim/ros2_dvrk/build/dvrk_config_jhu
[0.264s] -- Install configuration: "Release"
[0.264s] -- Up-to-date: /home/utc_sim/ros2_dvrk/install/dvrk_config_jhu/share/ament_index/resource_index/package_run_dependencies/dvrk_config_jhu
[0.264s] -- Up-to-date: /home/utc_sim/ros2_dvrk/install/dvrk_config_jhu/share/ament_index/resource_index/parent_prefix_path/dvrk_config_jhu
[0.264s] -- Up-to-date: /home/utc_sim/ros2_dvrk/install/dvrk_config_jhu/share/dvrk_config_jhu/environment/ament_prefix_path.sh
[0.264s] -- Up-to-date: /home/utc_sim/ros2_dvrk/install/dvrk_config_jhu/share/dvrk_config_jhu/environment/ament_prefix_path.dsv
[0.264s] -- Up-to-date: /home/utc_sim/ros2_dvrk/install/dvrk_config_jhu/share/dvrk_config_jhu/environment/path.sh
[0.264s] -- Up-to-date: /home/utc_sim/ros2_dvrk/install/dvrk_config_jhu/share/dvrk_config_jhu/environment/path.dsv
[0.264s] -- Up-to-date: /home/utc_sim/ros2_dvrk/install/dvrk_config_jhu/share/dvrk_config_jhu/local_setup.bash
[0.264s] -- Up-to-date: /home/utc_sim/ros2_dvrk/install/dvrk_config_jhu/share/dvrk_config_jhu/local_setup.sh
[0.264s] -- Up-to-date: /home/utc_sim/ros2_dvrk/install/dvrk_config_jhu/share/dvrk_config_jhu/local_setup.zsh
[0.264s] -- Up-to-date: /home/utc_sim/ros2_dvrk/install/dvrk_config_jhu/share/dvrk_config_jhu/local_setup.dsv
[0.264s] -- Installing: /home/utc_sim/ros2_dvrk/install/dvrk_config_jhu/share/dvrk_config_jhu/package.dsv
[0.264s] -- Up-to-date: /home/utc_sim/ros2_dvrk/install/dvrk_config_jhu/share/ament_index/resource_index/packages/dvrk_config_jhu
[0.264s] -- Up-to-date: /home/utc_sim/ros2_dvrk/install/dvrk_config_jhu/share/dvrk_config_jhu/cmake/dvrk_config_jhuConfig.cmake
[0.264s] -- Up-to-date: /home/utc_sim/ros2_dvrk/install/dvrk_config_jhu/share/dvrk_config_jhu/cmake/dvrk_config_jhuConfig-version.cmake
[0.264s] -- Up-to-date: /home/utc_sim/ros2_dvrk/install/dvrk_config_jhu/share/dvrk_config_jhu/package.xml
[0.264s] -- Up-to-date: /home/utc_sim/ros2_dvrk/install/dvrk_config_jhu/share/jhu-dVRK
[0.264s] -- Up-to-date: /home/utc_sim/ros2_dvrk/install/dvrk_config_jhu/share/jhu-dVRK/sawRobotIO1394-PSM2-27374.json
[0.265s] -- Up-to-date: /home/utc_sim/ros2_dvrk/install/dvrk_config_jhu/share/jhu-dVRK/system-MTMR.json
[0.265s] -- Up-to-date: /home/utc_sim/ros2_dvrk/install/dvrk_config_jhu/share/jhu-dVRK/system-PSM2.json
[0.265s] -- Up-to-date: /home/utc_sim/ros2_dvrk/install/dvrk_config_jhu/share/jhu-dVRK/sawRobotIO1394-MTMR-gripper-28247.json
[0.265s] -- Up-to-date: /home/utc_sim/ros2_dvrk/install/dvrk_config_jhu/share/jhu-dVRK/system-MTMR-PSMove-PSM2-Teleop.json
[0.265s] -- Up-to-date: /home/utc_sim/ros2_dvrk/install/dvrk_config_jhu/share/jhu-dVRK/sawRobotIO1394-MTML-22723.json
[0.265s] -- Up-to-date: /home/utc_sim/ros2_dvrk/install/dvrk_config_jhu/share/jhu-dVRK/sawRobotIO1394-PSM2-contact-sensor.json
[0.265s] -- Up-to-date: /home/utc_sim/ros2_dvrk/install/dvrk_config_jhu/share/jhu-dVRK/system-MTML-MTMR.json
[0.265s] -- Up-to-date: /home/utc_sim/ros2_dvrk/install/dvrk_config_jhu/share/jhu-dVRK/system-MTML-PSM1-PSM2-Teleop.json
[0.265s] -- Up-to-date: /home/utc_sim/ros2_dvrk/install/dvrk_config_jhu/share/jhu-dVRK/gc-MTMR-28247.json
[0.265s] -- Up-to-date: /home/utc_sim/ros2_dvrk/install/dvrk_config_jhu/share/jhu-dVRK/PSM2-27374.json
[0.265s] -- Up-to-date: /home/utc_sim/ros2_dvrk/install/dvrk_config_jhu/share/jhu-dVRK/system-MTMR-PSM1-TeleopDerived.json
[0.265s] -- Up-to-date: /home/utc_sim/ros2_dvrk/install/dvrk_config_jhu/share/jhu-dVRK/system-MTMR-PSM1-Teleop.json
[0.265s] -- Up-to-date: /home/utc_sim/ros2_dvrk/install/dvrk_config_jhu/share/jhu-dVRK/system-MTMR-ForceDimension-PSM2-Teleop.json
[0.265s] -- Up-to-date: /home/utc_sim/ros2_dvrk/install/dvrk_config_jhu/share/jhu-dVRK/system-MTML-MTMR-PSM1-PSM2.json
[0.265s] -- Up-to-date: /home/utc_sim/ros2_dvrk/install/dvrk_config_jhu/share/jhu-dVRK/system-PSM2-contact-sensor.json
[0.265s] -- Up-to-date: /home/utc_sim/ros2_dvrk/install/dvrk_config_jhu/share/jhu-dVRK/sawRobotIO1394-MTML-gripper-22723.json
[0.265s] -- Up-to-date: /home/utc_sim/ros2_dvrk/install/dvrk_config_jhu/share/jhu-dVRK/MTMR-28247.json
[0.265s] -- Up-to-date: /home/utc_sim/ros2_dvrk/install/dvrk_config_jhu/share/jhu-dVRK/custom-tool
[0.265s] -- Up-to-date: /home/utc_sim/ros2_dvrk/install/dvrk_config_jhu/share/jhu-dVRK/custom-tool/PSM1-28007-Custom-Dummy.json
[0.265s] -- Up-to-date: /home/utc_sim/ros2_dvrk/install/dvrk_config_jhu/share/jhu-dVRK/custom-tool/console-MTML-PSM1-Custom-Dummy-Teleop.json
[0.266s] -- Up-to-date: /home/utc_sim/ros2_dvrk/install/dvrk_config_jhu/share/jhu-dVRK/custom-tool/console-PSM1-Custom-Dummy.json
[0.266s] -- Up-to-date: /home/utc_sim/ros2_dvrk/install/dvrk_config_jhu/share/jhu-dVRK/custom-tool/CUSTOM_DUMMY_400900.json
[0.266s] -- Up-to-date: /home/utc_sim/ros2_dvrk/install/dvrk_config_jhu/share/jhu-dVRK/custom-tool/custom-tool-index.json
[0.266s] -- Up-to-date: /home/utc_sim/ros2_dvrk/install/dvrk_config_jhu/share/jhu-dVRK/custom-tool/psm-Custom-Dummy.json
[0.266s] -- Up-to-date: /home/utc_sim/ros2_dvrk/install/dvrk_config_jhu/share/jhu-dVRK/gc-MTML-22723.json
[0.266s] -- Up-to-date: /home/utc_sim/ros2_dvrk/install/dvrk_config_jhu/share/jhu-dVRK/system-PSM1.json
[0.266s] -- Up-to-date: /home/utc_sim/ros2_dvrk/install/dvrk_config_jhu/share/jhu-dVRK/cal-files
[0.266s] -- Up-to-date: /home/utc_sim/ros2_dvrk/install/dvrk_config_jhu/share/jhu-dVRK/cal-files/jhu-psm2-p27374.cal
[0.266s] -- Up-to-date: /home/utc_sim/ros2_dvrk/install/dvrk_config_jhu/share/jhu-dVRK/cal-files/jhu-psm1-p28007.cal
[0.266s] -- Up-to-date: /home/utc_sim/ros2_dvrk/install/dvrk_config_jhu/share/jhu-dVRK/cal-files/jhu-mtml-m22723.cal
[0.266s] -- Up-to-date: /home/utc_sim/ros2_dvrk/install/dvrk_config_jhu/share/jhu-dVRK/cal-files/jhu-mtml-m28003.cal
[0.266s] -- Up-to-date: /home/utc_sim/ros2_dvrk/install/dvrk_config_jhu/share/jhu-dVRK/cal-files/jhu-mtmr-m28247.cal
[0.266s] -- Up-to-date: /home/utc_sim/ros2_dvrk/install/dvrk_config_jhu/share/jhu-dVRK/system-MTMR-PSM2-Teleop.json
[0.266s] -- Up-to-date: /home/utc_sim/ros2_dvrk/install/dvrk_config_jhu/share/jhu-dVRK/MTML-22723.json
[0.266s] -- Up-to-date: /home/utc_sim/ros2_dvrk/install/dvrk_config_jhu/share/jhu-dVRK/PSM1-28007.json
[0.266s] -- Up-to-date: /home/utc_sim/ros2_dvrk/install/dvrk_config_jhu/share/jhu-dVRK/system-MTML-PSM1-Teleop.json
[0.266s] -- Up-to-date: /home/utc_sim/ros2_dvrk/install/dvrk_config_jhu/share/jhu-dVRK/system-MTML-PSM1_ROS-Teleop.json
[0.266s] -- Up-to-date: /home/utc_sim/ros2_dvrk/install/dvrk_config_jhu/share/jhu-dVRK/sawRobotIO1394-PSM1-28007.json
[0.271s] -- Up-to-date: /home/utc_sim/ros2_dvrk/install/dvrk_config_jhu/share/jhu-dVRK/system-Falcon-PSM2-Teleop.json
[0.271s] -- Up-to-date: /home/utc_sim/ros2_dvrk/install/dvrk_config_jhu/share/jhu-dVRK/system-MTML.json
[0.271s] -- Up-to-date: /home/utc_sim/ros2_dvrk/install/dvrk_config_jhu/share/jhu-dVRK/system-MTML-MTMR-full-cart-simulated.json
[0.271s] -- Up-to-date: /home/utc_sim/ros2_dvrk/install/dvrk_config_jhu/share/jhu-dVRK/system-MTML-MTMR-PSM1-PSM2-Teleop.json
[0.271s] -- Up-to-date: /home/utc_sim/ros2_dvrk/install/dvrk_config_jhu/share/jhu-dVRK/system-MTML-PSM1-joystick-console-input.json
[0.271s] -- Up-to-date: /home/utc_sim/ros2_dvrk/install/dvrk_config_jhu/share/jhu-dVRK/sawRobotIO1394-MTMR-28247.json
[0.271s] -- Up-to-date: /home/utc_sim/ros2_dvrk/install/dvrk_config_jhu/share/jhu-daVinci
[0.271s] -- Up-to-date: /home/utc_sim/ros2_dvrk/install/dvrk_config_jhu/share/jhu-daVinci/system-MTMR.json
[0.271s] -- Up-to-date: /home/utc_sim/ros2_dvrk/install/dvrk_config_jhu/share/jhu-daVinci/sawRobotIO1394-PSM3-28613.json
[0.271s] -- Up-to-date: /home/utc_sim/ros2_dvrk/install/dvrk_config_jhu/share/jhu-daVinci/system-PSM2.json
[0.271s] -- Up-to-date: /home/utc_sim/ros2_dvrk/install/dvrk_config_jhu/share/jhu-daVinci/igtl.json
[0.271s] -- Up-to-date: /home/utc_sim/ros2_dvrk/install/dvrk_config_jhu/share/jhu-daVinci/MTML-34863.json
[0.271s] -- Up-to-date: /home/utc_sim/ros2_dvrk/install/dvrk_config_jhu/share/jhu-daVinci/suj-fixed.json
[0.271s] -- Up-to-date: /home/utc_sim/ros2_dvrk/install/dvrk_config_jhu/share/jhu-daVinci/system-SUJ-ECM-MTMR-PSM1-MTML-PSM2-PSM3-Teleop.json
[0.271s] -- Up-to-date: /home/utc_sim/ros2_dvrk/install/dvrk_config_jhu/share/jhu-daVinci/suj-ECM-1-2-3.json
[0.271s] -- Up-to-date: /home/utc_sim/ros2_dvrk/install/dvrk_config_jhu/share/jhu-daVinci/sawRobotIO1394-SUJ.json
[0.271s] -- Up-to-date: /home/utc_sim/ros2_dvrk/install/dvrk_config_jhu/share/jhu-daVinci/ECM-29738.json
[0.271s] -- Up-to-date: /home/utc_sim/ros2_dvrk/install/dvrk_config_jhu/share/jhu-daVinci/system-SUJ-ECM-MTMR-PSM1-Teleop.json
[0.271s] -- Up-to-date: /home/utc_sim/ros2_dvrk/install/dvrk_config_jhu/share/jhu-daVinci/console-SUJ-PSM2-is-reference-MTMR-PSM1-Teleop.json
[0.271s] -- Up-to-date: /home/utc_sim/ros2_dvrk/install/dvrk_config_jhu/share/jhu-daVinci/system-MTML-MTMR.json
[0.271s] -- Up-to-date: /home/utc_sim/ros2_dvrk/install/dvrk_config_jhu/share/jhu-daVinci/system-ECM.json
[0.271s] -- Up-to-date: /home/utc_sim/ros2_dvrk/install/dvrk_config_jhu/share/jhu-daVinci/PSM1-49695.json
[0.271s] -- Up-to-date: /home/utc_sim/ros2_dvrk/install/dvrk_config_jhu/share/jhu-daVinci/sawRobotIO1394-PSM2-32204.json
[0.271s] -- Up-to-date: /home/utc_sim/ros2_dvrk/install/dvrk_config_jhu/share/jhu-daVinci/PSM2-32204.json
[0.271s] -- Up-to-date: /home/utc_sim/ros2_dvrk/install/dvrk_config_jhu/share/jhu-daVinci/sawRobotIO1394-MTML-gripper-34863.json
[0.271s] -- Up-to-date: /home/utc_sim/ros2_dvrk/install/dvrk_config_jhu/share/jhu-daVinci/sawRobotIO1394-MTMR-32336.json
[0.272s] -- Up-to-date: /home/utc_sim/ros2_dvrk/install/dvrk_config_jhu/share/jhu-daVinci/gc-MTMR-32336.json
[0.272s] -- Up-to-date: /home/utc_sim/ros2_dvrk/install/dvrk_config_jhu/share/jhu-daVinci/system-SUJ-ECM-PSM1-PSM2.json
[0.272s] -- Up-to-date: /home/utc_sim/ros2_dvrk/install/dvrk_config_jhu/share/jhu-daVinci/compensation-PSM3-28613.json
[0.272s] -- Up-to-date: /home/utc_sim/ros2_dvrk/install/dvrk_config_jhu/share/jhu-daVinci/system-SUJ-ECM-MTMR-PSM1-MTML-PSM2-Teleop.json
[0.272s] -- Up-to-date: /home/utc_sim/ros2_dvrk/install/dvrk_config_jhu/share/jhu-daVinci/gc-MTML-34863.json
[0.272s] -- Up-to-date: /home/utc_sim/ros2_dvrk/install/dvrk_config_jhu/share/jhu-daVinci/console-SUJ_KIN_SIMULATED-ECM-MTMR-PSM1-MTML-PSM2-Teleop.json
[0.272s] -- Up-to-date: /home/utc_sim/ros2_dvrk/install/dvrk_config_jhu/share/jhu-daVinci/MTMR-32336.json
[0.272s] -- Up-to-date: /home/utc_sim/ros2_dvrk/install/dvrk_config_jhu/share/jhu-daVinci/system-PSM1.json
[0.272s] -- Up-to-date: /home/utc_sim/ros2_dvrk/install/dvrk_config_jhu/share/jhu-daVinci/system-SUJ-ECM-PSM1-PSM2-PSM3.json
[0.272s] -- Up-to-date: /home/utc_sim/ros2_dvrk/install/dvrk_config_jhu/share/jhu-daVinci/system-SUJ.json
[0.272s] -- Up-to-date: /home/utc_sim/ros2_dvrk/install/dvrk_config_jhu/share/jhu-daVinci/console-SUJFixed-ECM-MTMR-PSM1-MTML-PSM2-Teleop.json
[0.272s] -- Up-to-date: /home/utc_sim/ros2_dvrk/install/dvrk_config_jhu/share/jhu-daVinci/system-SUJ-ECM-PSM1.json
[0.272s] -- Up-to-date: /home/utc_sim/ros2_dvrk/install/dvrk_config_jhu/share/jhu-daVinci/cal-files
[0.272s] -- Up-to-date: /home/utc_sim/ros2_dvrk/install/dvrk_config_jhu/share/jhu-daVinci/cal-files/jhu-dv-psm1-49695.cal
[0.272s] -- Up-to-date: /home/utc_sim/ros2_dvrk/install/dvrk_config_jhu/share/jhu-daVinci/cal-files/jhu-dv-psm3-28613.cal
[0.272s] -- Up-to-date: /home/utc_sim/ros2_dvrk/install/dvrk_config_jhu/share/jhu-daVinci/cal-files/jhu-dv-psm2-32204.cal
[0.272s] -- Up-to-date: /home/utc_sim/ros2_dvrk/install/dvrk_config_jhu/share/jhu-daVinci/cal-files/jhu-dv-ecm-29738.cal
[0.272s] -- Up-to-date: /home/utc_sim/ros2_dvrk/install/dvrk_config_jhu/share/jhu-daVinci/cal-files/jhu-dv-mtml-34863.cal
[0.272s] -- Up-to-date: /home/utc_sim/ros2_dvrk/install/dvrk_config_jhu/share/jhu-daVinci/cal-files/jhu-dv-mtmr-32336.cal
[0.272s] -- Up-to-date: /home/utc_sim/ros2_dvrk/install/dvrk_config_jhu/share/jhu-daVinci/sawRobotIO1394-MTMR-gripper-32336.json
[0.272s] -- Up-to-date: /home/utc_sim/ros2_dvrk/install/dvrk_config_jhu/share/jhu-daVinci/sawRobotIO1394-PSM1-49695.json
[0.272s] -- Up-to-date: /home/utc_sim/ros2_dvrk/install/dvrk_config_jhu/share/jhu-daVinci/system-PSM3.json
[0.272s] -- Up-to-date: /home/utc_sim/ros2_dvrk/install/dvrk_config_jhu/share/jhu-daVinci/system-SUJ-ECM.json
[0.272s] -- Up-to-date: /home/utc_sim/ros2_dvrk/install/dvrk_config_jhu/share/jhu-daVinci/sawRobotIO1394-ECM-29738.json
[0.272s] -- Up-to-date: /home/utc_sim/ros2_dvrk/install/dvrk_config_jhu/share/jhu-daVinci/suj-ECM-1-2-3-PSM2-is-reference.json
[0.272s] -- Up-to-date: /home/utc_sim/ros2_dvrk/install/dvrk_config_jhu/share/jhu-daVinci/system-MTML.json
[0.272s] -- Up-to-date: /home/utc_sim/ros2_dvrk/install/dvrk_config_jhu/share/jhu-daVinci/old
[0.272s] -- Up-to-date: /home/utc_sim/ros2_dvrk/install/dvrk_config_jhu/share/jhu-daVinci/old/sawRobotIO1394-MTMR-22403-foot-pedal.xml
[0.272s] -- Up-to-date: /home/utc_sim/ros2_dvrk/install/dvrk_config_jhu/share/jhu-daVinci/old/sawRobotIO1394-MTMR-22403.xml
[0.272s] -- Up-to-date: /home/utc_sim/ros2_dvrk/install/dvrk_config_jhu/share/jhu-daVinci/PSM3-28613.json
[0.272s] -- Up-to-date: /home/utc_sim/ros2_dvrk/install/dvrk_config_jhu/share/jhu-daVinci/sawRobotIO1394-MTML-34863.json
[0.272s] -- Up-to-date: /home/utc_sim/ros2_dvrk/install/dvrk_config_jhu/share/jhu-dVRK-Si
[0.272s] -- Up-to-date: /home/utc_sim/ros2_dvrk/install/dvrk_config_jhu/share/jhu-dVRK-Si/PSM_KIN_SIMULATED_CADIERE_FORCEPS_400049.json
[0.272s] -- Up-to-date: /home/utc_sim/ros2_dvrk/install/dvrk_config_jhu/share/jhu-dVRK-Si/omega7-11311.json
[0.273s] -- Up-to-date: /home/utc_sim/ros2_dvrk/install/dvrk_config_jhu/share/jhu-dVRK-Si/sawRobotIO1394-PSM1-327598-PotentiometerLookupTable.json
[0.273s] -- Up-to-date: /home/utc_sim/ros2_dvrk/install/dvrk_config_jhu/share/jhu-dVRK-Si/PSM1-334809.json
[0.273s] -- Up-to-date: /home/utc_sim/ros2_dvrk/install/dvrk_config_jhu/share/jhu-dVRK-Si/sawSensablePhantomUSBTouch.json
[0.273s] -- Up-to-date: /home/utc_sim/ros2_dvrk/install/dvrk_config_jhu/share/jhu-dVRK-Si/sawRobotIO1394-PSM1-334809.json
[0.273s] -- Up-to-date: /home/utc_sim/ros2_dvrk/install/dvrk_config_jhu/share/jhu-dVRK-Si/system-PSM1.json
[0.273s] -- Up-to-date: /home/utc_sim/ros2_dvrk/install/dvrk_config_jhu/share/jhu-dVRK-Si/sawRobotIO1394-PSM1-334809-PotentiometerLookupTable.json
[0.273s] -- Up-to-date: /home/utc_sim/ros2_dvrk/install/dvrk_config_jhu/share/jhu-dVRK-Si/PSM1-327598.json
[0.273s] -- Up-to-date: /home/utc_sim/ros2_dvrk/install/dvrk_config_jhu/share/jhu-dVRK-Si/sawRobotIO1394-PSM1-327598.json
[0.273s] -- Up-to-date: /home/utc_sim/ros2_dvrk/install/dvrk_config_jhu/share/jhu-daVinci-Si
[0.273s] -- Up-to-date: /home/utc_sim/ros2_dvrk/install/dvrk_config_jhu/share/jhu-daVinci-Si/system-MTMR.json
[0.273s] -- Up-to-date: /home/utc_sim/ros2_dvrk/install/dvrk_config_jhu/share/jhu-daVinci-Si/system-PSM2.json
[0.273s] -- Up-to-date: /home/utc_sim/ros2_dvrk/install/dvrk_config_jhu/share/jhu-daVinci-Si/Endo360-tool-index.json
[0.273s] -- Up-to-date: /home/utc_sim/ros2_dvrk/install/dvrk_config_jhu/share/jhu-daVinci-Si/sawRobotIO1394-MTML-gripper-28989.json
[0.277s] -- Up-to-date: /home/utc_sim/ros2_dvrk/install/dvrk_config_jhu/share/jhu-daVinci-Si/PSM3-698534.json
[0.277s] -- Up-to-date: /home/utc_sim/ros2_dvrk/install/dvrk_config_jhu/share/jhu-daVinci-Si/system-SUJ-ECM-MTML-PSM2-MTMR-PSM1-Teleop.json
[0.277s] -- Up-to-date: /home/utc_sim/ros2_dvrk/install/dvrk_config_jhu/share/jhu-daVinci-Si/PSM2-Endo360-586288.json
[0.277s] -- Up-to-date: /home/utc_sim/ros2_dvrk/install/dvrk_config_jhu/share/jhu-daVinci-Si/suj-fixed.json
[0.277s] -- Up-to-date: /home/utc_sim/ros2_dvrk/install/dvrk_config_jhu/share/jhu-daVinci-Si/ECM-438610.json
[0.277s] -- Up-to-date: /home/utc_sim/ros2_dvrk/install/dvrk_config_jhu/share/jhu-daVinci-Si/sawRobotIO1394-PSM3-698534.json
[0.277s] -- Up-to-date: /home/utc_sim/ros2_dvrk/install/dvrk_config_jhu/share/jhu-daVinci-Si/system-SUJ-ECM-MTML-PSM2-MTMR-PSM1-PSM3-Teleop.json
[0.277s] -- Up-to-date: /home/utc_sim/ros2_dvrk/install/dvrk_config_jhu/share/jhu-daVinci-Si/PSM2-586288.json
[0.277s] -- Up-to-date: /home/utc_sim/ros2_dvrk/install/dvrk_config_jhu/share/jhu-daVinci-Si/system-Endo360-SUJ-ECM-MTML-PSM2-MTMR-PSM1-Teleop.json
[0.277s] -- Up-to-date: /home/utc_sim/ros2_dvrk/install/dvrk_config_jhu/share/jhu-daVinci-Si/sawRobotIO1394-PSM2-586288.json
[0.277s] -- Up-to-date: /home/utc_sim/ros2_dvrk/install/dvrk_config_jhu/share/jhu-daVinci-Si/suj-si.json
[0.277s] -- Up-to-date: /home/utc_sim/ros2_dvrk/install/dvrk_config_jhu/share/jhu-daVinci-Si/MTMR-30924.json
[0.278s] -- Up-to-date: /home/utc_sim/ros2_dvrk/install/dvrk_config_jhu/share/jhu-daVinci-Si/system-ECM.json
[0.278s] -- Up-to-date: /home/utc_sim/ros2_dvrk/install/dvrk_config_jhu/share/jhu-daVinci-Si/gc-MTMR-30924.json
[0.278s] -- Up-to-date: /home/utc_sim/ros2_dvrk/install/dvrk_config_jhu/share/jhu-daVinci-Si/sawRobotIO1394-PSM1-292409-PotentiometerLookupTable.json
[0.278s] -- Up-to-date: /home/utc_sim/ros2_dvrk/install/dvrk_config_jhu/share/jhu-daVinci-Si/sawRobotIO1394-PSM2-586288-PotentiometerLookupTable.json
[0.278s] -- Up-to-date: /home/utc_sim/ros2_dvrk/install/dvrk_config_jhu/share/jhu-daVinci-Si/gc-MTML-28989.json
[0.278s] -- Up-to-date: /home/utc_sim/ros2_dvrk/install/dvrk_config_jhu/share/jhu-daVinci-Si/PSM1-292409.json
[0.278s] -- Up-to-date: /home/utc_sim/ros2_dvrk/install/dvrk_config_jhu/share/jhu-daVinci-Si/S_CUSTOM.json
[0.278s] -- Up-to-date: /home/utc_sim/ros2_dvrk/install/dvrk_config_jhu/share/jhu-daVinci-Si/sawRobotIO1394-MTML-28989.json
[0.278s] -- Up-to-date: /home/utc_sim/ros2_dvrk/install/dvrk_config_jhu/share/jhu-daVinci-Si/sawRobotIO1394-ECM-438610-PotentiometerLookupTable.json
[0.278s] -- Up-to-date: /home/utc_sim/ros2_dvrk/install/dvrk_config_jhu/share/jhu-daVinci-Si/system-Si-cart-Classic-Si-consoles.json
[0.278s] -- Up-to-date: /home/utc_sim/ros2_dvrk/install/dvrk_config_jhu/share/jhu-daVinci-Si/sawRobotIO1394-PSM1-292409.json
[0.278s] -- Up-to-date: /home/utc_sim/ros2_dvrk/install/dvrk_config_jhu/share/jhu-daVinci-Si/system-PSM1.json
[0.278s] -- Up-to-date: /home/utc_sim/ros2_dvrk/install/dvrk_config_jhu/share/jhu-daVinci-Si/system-SUJ-ECM-PSM1-PSM2-PSM3.json
[0.278s] -- Up-to-date: /home/utc_sim/ros2_dvrk/install/dvrk_config_jhu/share/jhu-daVinci-Si/endo360.py
[0.278s] -- Up-to-date: /home/utc_sim/ros2_dvrk/install/dvrk_config_jhu/share/jhu-daVinci-Si/system-SUJ.json
[0.278s] -- Up-to-date: /home/utc_sim/ros2_dvrk/install/dvrk_config_jhu/share/jhu-daVinci-Si/cal-files
[0.278s] -- Up-to-date: /home/utc_sim/ros2_dvrk/install/dvrk_config_jhu/share/jhu-daVinci-Si/cal-files/jhu-mtmr-22403.cal
[0.278s] -- Up-to-date: /home/utc_sim/ros2_dvrk/install/dvrk_config_jhu/share/jhu-daVinci-Si/cal-files/p292409.cal
[0.278s] -- Up-to-date: /home/utc_sim/ros2_dvrk/install/dvrk_config_jhu/share/jhu-daVinci-Si/cal-files/jhu-psm-s-334809.cal
[0.278s] -- Up-to-date: /home/utc_sim/ros2_dvrk/install/dvrk_config_jhu/share/jhu-daVinci-Si/cal-files/jhu-mtml-28989.cal
[0.278s] -- Up-to-date: /home/utc_sim/ros2_dvrk/install/dvrk_config_jhu/share/jhu-daVinci-Si/cal-files/e267579.cal
[0.278s] -- Up-to-date: /home/utc_sim/ros2_dvrk/install/dvrk_config_jhu/share/jhu-daVinci-Si/cal-files/e438610.cal
[0.278s] -- Up-to-date: /home/utc_sim/ros2_dvrk/install/dvrk_config_jhu/share/jhu-daVinci-Si/cal-files/p586288.cal
[0.278s] -- Up-to-date: /home/utc_sim/ros2_dvrk/install/dvrk_config_jhu/share/jhu-daVinci-Si/cal-files/jhu-ecm-s-267579.cal
[0.278s] -- Up-to-date: /home/utc_sim/ros2_dvrk/install/dvrk_config_jhu/share/jhu-daVinci-Si/MTML-28989.json
[0.278s] -- Up-to-date: /home/utc_sim/ros2_dvrk/install/dvrk_config_jhu/share/jhu-daVinci-Si/system-SUJ_fixed-ECM-MTML-PSM2-MTMR-PSM1-Teleop.json
[0.278s] -- Up-to-date: /home/utc_sim/ros2_dvrk/install/dvrk_config_jhu/share/jhu-daVinci-Si/sawRobotIO1394-PSM3-698534-PotentiometerLookupTable.json
[0.278s] -- Up-to-date: /home/utc_sim/ros2_dvrk/install/dvrk_config_jhu/share/jhu-daVinci-Si/system-PSM3.json
[0.278s] -- Up-to-date: /home/utc_sim/ros2_dvrk/install/dvrk_config_jhu/share/jhu-daVinci-Si/ENDO_360.json
[0.278s] -- Up-to-date: /home/utc_sim/ros2_dvrk/install/dvrk_config_jhu/share/jhu-daVinci-Si/sawRobotIO1394-MTMR-30924.json
[0.278s] -- Up-to-date: /home/utc_sim/ros2_dvrk/install/dvrk_config_jhu/share/jhu-daVinci-Si/sawRobotIO1394-MTMR-gripper-30924.json
[0.278s] -- Up-to-date: /home/utc_sim/ros2_dvrk/install/dvrk_config_jhu/share/jhu-daVinci-Si/system-MTML.json
[0.278s] -- Up-to-date: /home/utc_sim/ros2_dvrk/install/dvrk_config_jhu/share/jhu-daVinci-Si/sawRobotIO1394-ECM-438610.json
[0.288s] Invoked command in '/home/utc_sim/ros2_dvrk/build/dvrk_config_jhu' returned '0': CMAKE_PREFIX_PATH=${CMAKE_PREFIX_PATH}:/home/utc_sim/ros2_ws/install /usr/bin/cmake --install /home/utc_sim/ros2_dvrk/build/dvrk_config_jhu
