[0.087s] Invoking command in '/home/utc_sim/ros2_dvrk/build/crtk_msgs': CMAKE_PREFIX_PATH=${CMAKE_PREFIX_PATH}:/home/utc_sim/ros2_ws/install /usr/bin/cmake /home/utc_sim/ros2_dvrk/src/crtk/crtk_msgs -DCMAKE_BUILD_TYPE=Release -DAMENT_CMAKE_SYMLINK_INSTALL=1 -DCMAKE_INSTALL_PREFIX=/home/utc_sim/ros2_dvrk/install/crtk_msgs
[0.167s] -- The C compiler identification is GNU 11.4.0
[0.211s] -- The CXX compiler identification is GNU 11.4.0
[0.219s] -- Detecting C compiler ABI info
[0.377s] -- Detecting C compiler ABI info - done
[0.383s] -- Check for working C compiler: /usr/bin/cc - skipped
[0.383s] -- Detecting C compile features
[0.383s] -- Detecting C compile features - done
[0.389s] -- Detecting CXX compiler ABI info
[0.542s] -- Detecting CXX compiler ABI info - done
[0.547s] -- Check for working CXX compiler: /usr/bin/c++ - skipped
[0.548s] -- Detecting CXX compile features
[0.548s] -- Detecting CXX compile features - done
[0.784s] -- Found Python3: /usr/bin/python3 (found version "3.10.12") found components: Interpreter 
[0.889s] -- Override CMake install command with custom implementation using symlinks instead of copying resources
[0.963s] -- Found rclcpp: 16.0.17 (/opt/ros/humble/share/rclcpp/cmake)
[0.996s] -- Found rosidl_generator_c: 3.1.8 (/opt/ros/humble/share/rosidl_generator_c/cmake)
[1.000s] -- Found rosidl_adapter: 3.1.8 (/opt/ros/humble/share/rosidl_adapter/cmake)
[1.007s] -- Found rosidl_generator_cpp: 3.1.8 (/opt/ros/humble/share/rosidl_generator_cpp/cmake)
[1.023s] -- Using all available rosidl_typesupport_c: rosidl_typesupport_fastrtps_c;rosidl_typesupport_introspection_c
[1.074s] -- Using all available rosidl_typesupport_cpp: rosidl_typesupport_fastrtps_cpp;rosidl_typesupport_introspection_cpp
[1.203s] -- Found rmw_implementation_cmake: 6.1.2 (/opt/ros/humble/share/rmw_implementation_cmake/cmake)
[1.207s] -- Found rmw_fastrtps_cpp: 6.2.9 (/opt/ros/humble/share/rmw_fastrtps_cpp/cmake)
[1.517s] -- Found OpenSSL: /usr/lib/aarch64-linux-gnu/libcrypto.so (found version "3.0.2")  
[1.568s] -- Found FastRTPS: /opt/ros/humble/include  
[1.605s] -- Using RMW implementation 'rmw_fastrtps_cpp' as default
[1.633s] -- Looking for pthread.h
[1.786s] -- Looking for pthread.h - found
[1.792s] -- Performing Test CMAKE_HAVE_LIBC_PTHREAD
[1.860s] -- Performing Test CMAKE_HAVE_LIBC_PTHREAD - Success
[1.861s] -- Found Threads: TRUE  
[2.071s] -- Found geometry_msgs: 4.9.0 (/opt/ros/humble/share/geometry_msgs/cmake)
[2.094s] -- Found rosidl_default_generators: 1.2.0 (/opt/ros/humble/share/rosidl_default_generators/cmake)
[2.540s] -- Found ament_cmake_ros: 0.10.0 (/opt/ros/humble/share/ament_cmake_ros/cmake)
[3.043s] -- Using all available rosidl_typesupport_c: rosidl_typesupport_fastrtps_c;rosidl_typesupport_introspection_c
[3.294s] -- Using all available rosidl_typesupport_cpp: rosidl_typesupport_fastrtps_cpp;rosidl_typesupport_introspection_cpp
[3.309s] -- Found PythonInterp: /usr/bin/python3 (found suitable version "3.10.12", minimum required is "3.6") 
[3.314s] -- Found python_cmake_module: 0.10.0 (/opt/ros/humble/share/python_cmake_module/cmake)
[3.351s] -- Found PythonLibs: /usr/lib/aarch64-linux-gnu/libpython3.10.so (found suitable version "3.10.12", minimum required is "3.5") 
[3.351s] -- Using PYTHON_EXECUTABLE: /usr/bin/python3
[3.351s] -- Using PYTHON_INCLUDE_DIRS: /usr/include/python3.10
[3.351s] -- Using PYTHON_LIBRARIES: /usr/lib/aarch64-linux-gnu/libpython3.10.so
[3.368s] -- Found PythonExtra: .so  
[3.497s] -- Configuring done
[3.595s] -- Generating done
[3.612s] -- Build files have been written to: /home/utc_sim/ros2_dvrk/build/crtk_msgs
[3.631s] Invoked command in '/home/utc_sim/ros2_dvrk/build/crtk_msgs' returned '0': CMAKE_PREFIX_PATH=${CMAKE_PREFIX_PATH}:/home/utc_sim/ros2_ws/install /usr/bin/cmake /home/utc_sim/ros2_dvrk/src/crtk/crtk_msgs -DCMAKE_BUILD_TYPE=Release -DAMENT_CMAKE_SYMLINK_INSTALL=1 -DCMAKE_INSTALL_PREFIX=/home/utc_sim/ros2_dvrk/install/crtk_msgs
[3.636s] Invoking command in '/home/utc_sim/ros2_dvrk/build/crtk_msgs': CMAKE_PREFIX_PATH=${CMAKE_PREFIX_PATH}:/home/utc_sim/ros2_ws/install /usr/bin/cmake --build /home/utc_sim/ros2_dvrk/build/crtk_msgs -- -j8 -l8
[3.689s] [  1%] [34m[1mGenerating C code for ROS interfaces[0m
[3.691s] [  1%] Built target ament_cmake_python_symlink_crtk_msgs
[3.707s] [  1%] [34m[1mGenerating C++ code for ROS interfaces[0m
[4.151s] running egg_info
[4.152s] creating crtk_msgs.egg-info
[4.152s] writing crtk_msgs.egg-info/PKG-INFO
[4.153s] writing dependency_links to crtk_msgs.egg-info/dependency_links.txt
[4.163s] writing top-level names to crtk_msgs.egg-info/top_level.txt
[4.163s] writing manifest file 'crtk_msgs.egg-info/SOURCES.txt'
[4.168s] reading manifest file 'crtk_msgs.egg-info/SOURCES.txt'
[4.168s] writing manifest file 'crtk_msgs.egg-info/SOURCES.txt'
[4.267s] [  1%] Built target ament_cmake_python_build_crtk_msgs_egg
[5.894s] [  2%] [32mBuilding C object CMakeFiles/crtk_msgs__rosidl_generator_c.dir/rosidl_generator_c/crtk_msgs/msg/detail/operating_state__functions.c.o[0m
[5.909s] [  3%] [32mBuilding C object CMakeFiles/crtk_msgs__rosidl_generator_c.dir/rosidl_generator_c/crtk_msgs/msg/detail/string_stamped__functions.c.o[0m
[5.925s] [  5%] [32mBuilding C object CMakeFiles/crtk_msgs__rosidl_generator_c.dir/rosidl_generator_c/crtk_msgs/msg/detail/cartesian_impedance__functions.c.o[0m
[5.945s] [  5%] [32mBuilding C object CMakeFiles/crtk_msgs__rosidl_generator_c.dir/rosidl_generator_c/crtk_msgs/msg/detail/cartesian_impedance_half_plane_gains__functions.c.o[0m
[6.254s] [  6%] [32mBuilding C object CMakeFiles/crtk_msgs__rosidl_generator_c.dir/rosidl_generator_c/crtk_msgs/msg/detail/cartesian_state__functions.c.o[0m
[6.281s] [  7%] [32mBuilding C object CMakeFiles/crtk_msgs__rosidl_generator_c.dir/rosidl_generator_c/crtk_msgs/msg/detail/setpoint_mode__functions.c.o[0m
[6.377s] [  8%] [32mBuilding C object CMakeFiles/crtk_msgs__rosidl_generator_c.dir/rosidl_generator_c/crtk_msgs/srv/detail/trigger_operating_state__functions.c.o[0m
[6.402s] [  8%] Built target crtk_msgs__cpp
[6.434s] [  8%] [34m[1mGenerating C++ type support for eProsima Fast-RTPS[0m
[6.509s] [  9%] [32mBuilding C object CMakeFiles/crtk_msgs__rosidl_generator_c.dir/rosidl_generator_c/crtk_msgs/srv/detail/query_forward_kinematics__functions.c.o[0m
[6.510s] [ 10%] [34m[1mGenerating C++ type support dispatch for ROS interfaces[0m
[6.564s] [ 10%] [32mBuilding C object CMakeFiles/crtk_msgs__rosidl_generator_c.dir/rosidl_generator_c/crtk_msgs/msg/detail/joint_servo__functions.c.o[0m
[6.598s] [ 12%] [32mBuilding C object CMakeFiles/crtk_msgs__rosidl_generator_c.dir/rosidl_generator_c/crtk_msgs/msg/detail/cartesian_servo__functions.c.o[0m
[6.601s] [ 12%] [34m[1mGenerating C++ introspection for ROS interfaces[0m
[6.701s] [ 13%] [32mBuilding C object CMakeFiles/crtk_msgs__rosidl_generator_c.dir/rosidl_generator_c/crtk_msgs/srv/detail/query_inverse_kinematics__functions.c.o[0m
[7.002s] [ 14%] [32m[1mLinking C shared library libcrtk_msgs__rosidl_generator_c.so[0m
[7.212s] [ 14%] Built target crtk_msgs__rosidl_generator_c
[7.284s] [ 15%] [34m[1mGenerating C type support for eProsima Fast-RTPS[0m
[7.335s] [ 16%] [34m[1mGenerating C type support dispatch for ROS interfaces[0m
[7.345s] [ 17%] [34m[1mGenerating C introspection for ROS interfaces[0m
[8.175s] [ 18%] [32mBuilding CXX object CMakeFiles/crtk_msgs__rosidl_typesupport_cpp.dir/rosidl_typesupport_cpp/crtk_msgs/msg/operating_state__type_support.cpp.o[0m
[8.373s] [ 19%] [32mBuilding CXX object CMakeFiles/crtk_msgs__rosidl_typesupport_cpp.dir/rosidl_typesupport_cpp/crtk_msgs/msg/string_stamped__type_support.cpp.o[0m
[8.381s] [ 20%] [32mBuilding CXX object CMakeFiles/crtk_msgs__rosidl_typesupport_fastrtps_cpp.dir/rosidl_typesupport_fastrtps_cpp/crtk_msgs/msg/detail/dds_fastrtps/operating_state__type_support.cpp.o[0m
[8.473s] [ 21%] [32mBuilding CXX object CMakeFiles/crtk_msgs__rosidl_typesupport_fastrtps_cpp.dir/rosidl_typesupport_fastrtps_cpp/crtk_msgs/msg/detail/dds_fastrtps/string_stamped__type_support.cpp.o[0m
[8.534s] [ 22%] [32mBuilding CXX object CMakeFiles/crtk_msgs__rosidl_typesupport_introspection_cpp.dir/rosidl_typesupport_introspection_cpp/crtk_msgs/msg/detail/operating_state__type_support.cpp.o[0m
[8.709s] [ 23%] [32mBuilding CXX object CMakeFiles/crtk_msgs__rosidl_typesupport_cpp.dir/rosidl_typesupport_cpp/crtk_msgs/msg/cartesian_impedance_half_plane_gains__type_support.cpp.o[0m
[8.835s] [ 24%] [32mBuilding CXX object CMakeFiles/crtk_msgs__rosidl_typesupport_c.dir/rosidl_typesupport_c/crtk_msgs/msg/operating_state__type_support.cpp.o[0m
[8.887s] [ 25%] [32mBuilding CXX object CMakeFiles/crtk_msgs__rosidl_typesupport_c.dir/rosidl_typesupport_c/crtk_msgs/msg/string_stamped__type_support.cpp.o[0m
[8.993s] [ 25%] [32mBuilding CXX object CMakeFiles/crtk_msgs__rosidl_typesupport_c.dir/rosidl_typesupport_c/crtk_msgs/msg/cartesian_impedance_half_plane_gains__type_support.cpp.o[0m
[9.126s] [ 26%] [32mBuilding CXX object CMakeFiles/crtk_msgs__rosidl_typesupport_c.dir/rosidl_typesupport_c/crtk_msgs/msg/cartesian_impedance__type_support.cpp.o[0m
[9.218s] [ 27%] [32mBuilding CXX object CMakeFiles/crtk_msgs__rosidl_typesupport_c.dir/rosidl_typesupport_c/crtk_msgs/msg/cartesian_state__type_support.cpp.o[0m
[9.309s] [ 28%] [32mBuilding CXX object CMakeFiles/crtk_msgs__rosidl_typesupport_cpp.dir/rosidl_typesupport_cpp/crtk_msgs/msg/cartesian_impedance__type_support.cpp.o[0m
[9.433s] [ 29%] [32mBuilding CXX object CMakeFiles/crtk_msgs__rosidl_typesupport_fastrtps_c.dir/rosidl_typesupport_fastrtps_c/crtk_msgs/msg/detail/operating_state__type_support_c.cpp.o[0m
[9.465s] [ 30%] [32mBuilding CXX object CMakeFiles/crtk_msgs__rosidl_typesupport_c.dir/rosidl_typesupport_c/crtk_msgs/msg/setpoint_mode__type_support.cpp.o[0m
[9.510s] [ 30%] [32mBuilding CXX object CMakeFiles/crtk_msgs__rosidl_typesupport_introspection_cpp.dir/rosidl_typesupport_introspection_cpp/crtk_msgs/msg/detail/string_stamped__type_support.cpp.o[0m
[9.556s] [ 31%] [32mBuilding CXX object CMakeFiles/crtk_msgs__rosidl_typesupport_fastrtps_cpp.dir/rosidl_typesupport_fastrtps_cpp/crtk_msgs/msg/detail/dds_fastrtps/cartesian_impedance_half_plane_gains__type_support.cpp.o[0m
[9.601s] [ 32%] [32mBuilding CXX object CMakeFiles/crtk_msgs__rosidl_typesupport_c.dir/rosidl_typesupport_c/crtk_msgs/msg/cartesian_servo__type_support.cpp.o[0m
[9.804s] [ 33%] [32mBuilding CXX object CMakeFiles/crtk_msgs__rosidl_typesupport_cpp.dir/rosidl_typesupport_cpp/crtk_msgs/msg/cartesian_state__type_support.cpp.o[0m
[9.809s] [ 34%] [32mBuilding CXX object CMakeFiles/crtk_msgs__rosidl_typesupport_c.dir/rosidl_typesupport_c/crtk_msgs/msg/joint_servo__type_support.cpp.o[0m
[9.955s] [ 35%] [32mBuilding C object CMakeFiles/crtk_msgs__rosidl_typesupport_introspection_c.dir/rosidl_typesupport_introspection_c/crtk_msgs/msg/detail/operating_state__type_support.c.o[0m
[9.958s] [ 36%] [32mBuilding CXX object CMakeFiles/crtk_msgs__rosidl_typesupport_c.dir/rosidl_typesupport_c/crtk_msgs/srv/trigger_operating_state__type_support.cpp.o[0m
[10.001s] [ 37%] [32mBuilding CXX object CMakeFiles/crtk_msgs__rosidl_typesupport_introspection_cpp.dir/rosidl_typesupport_introspection_cpp/crtk_msgs/msg/detail/cartesian_impedance_half_plane_gains__type_support.cpp.o[0m
[10.034s] [ 38%] [32mBuilding CXX object CMakeFiles/crtk_msgs__rosidl_typesupport_c.dir/rosidl_typesupport_c/crtk_msgs/srv/query_forward_kinematics__type_support.cpp.o[0m
[10.051s] [ 39%] [32mBuilding CXX object CMakeFiles/crtk_msgs__rosidl_typesupport_fastrtps_c.dir/rosidl_typesupport_fastrtps_c/crtk_msgs/msg/detail/cartesian_impedance_half_plane_gains__type_support_c.cpp.o[0m
[10.081s] [ 40%] [32mBuilding C object CMakeFiles/crtk_msgs__rosidl_typesupport_introspection_c.dir/rosidl_typesupport_introspection_c/crtk_msgs/msg/detail/string_stamped__type_support.c.o[0m
[10.111s] [ 41%] [32mBuilding CXX object CMakeFiles/crtk_msgs__rosidl_typesupport_c.dir/rosidl_typesupport_c/crtk_msgs/srv/query_inverse_kinematics__type_support.cpp.o[0m
[10.196s] [ 42%] [32mBuilding CXX object CMakeFiles/crtk_msgs__rosidl_typesupport_fastrtps_cpp.dir/rosidl_typesupport_fastrtps_cpp/crtk_msgs/msg/detail/dds_fastrtps/cartesian_impedance__type_support.cpp.o[0m
[10.209s] [ 43%] [32mBuilding C object CMakeFiles/crtk_msgs__rosidl_typesupport_introspection_c.dir/rosidl_typesupport_introspection_c/crtk_msgs/msg/detail/cartesian_impedance_half_plane_gains__type_support.c.o[0m
[10.226s] [ 45%] [32mBuilding CXX object CMakeFiles/crtk_msgs__rosidl_typesupport_cpp.dir/rosidl_typesupport_cpp/crtk_msgs/msg/setpoint_mode__type_support.cpp.o[0m
[10.227s] [ 45%] [32m[1mLinking CXX shared library libcrtk_msgs__rosidl_typesupport_c.so[0m
[10.317s] [ 46%] [32mBuilding C object CMakeFiles/crtk_msgs__rosidl_typesupport_introspection_c.dir/rosidl_typesupport_introspection_c/crtk_msgs/msg/detail/cartesian_impedance__type_support.c.o[0m
[10.317s] [ 46%] Built target crtk_msgs__rosidl_typesupport_c
[10.401s] [ 47%] [32mBuilding C object CMakeFiles/crtk_msgs__rosidl_typesupport_introspection_c.dir/rosidl_typesupport_introspection_c/crtk_msgs/msg/detail/cartesian_state__type_support.c.o[0m
[10.498s] [ 48%] [32mBuilding C object CMakeFiles/crtk_msgs__rosidl_typesupport_introspection_c.dir/rosidl_typesupport_introspection_c/crtk_msgs/msg/detail/setpoint_mode__type_support.c.o[0m
[10.546s] [ 49%] [32mBuilding CXX object CMakeFiles/crtk_msgs__rosidl_typesupport_introspection_cpp.dir/rosidl_typesupport_introspection_cpp/crtk_msgs/msg/detail/cartesian_impedance__type_support.cpp.o[0m
[10.599s] [ 50%] [32mBuilding CXX object CMakeFiles/crtk_msgs__rosidl_typesupport_fastrtps_c.dir/rosidl_typesupport_fastrtps_c/crtk_msgs/msg/detail/cartesian_impedance__type_support_c.cpp.o[0m
[10.643s] [ 50%] [32mBuilding C object CMakeFiles/crtk_msgs__rosidl_typesupport_introspection_c.dir/rosidl_typesupport_introspection_c/crtk_msgs/msg/detail/cartesian_servo__type_support.c.o[0m
[10.662s] [ 51%] [32mBuilding CXX object CMakeFiles/crtk_msgs__rosidl_typesupport_cpp.dir/rosidl_typesupport_cpp/crtk_msgs/msg/cartesian_servo__type_support.cpp.o[0m
[10.675s] [ 52%] [32mBuilding CXX object CMakeFiles/crtk_msgs__rosidl_typesupport_fastrtps_cpp.dir/rosidl_typesupport_fastrtps_cpp/crtk_msgs/msg/detail/dds_fastrtps/cartesian_state__type_support.cpp.o[0m
[10.751s] [ 53%] [32mBuilding C object CMakeFiles/crtk_msgs__rosidl_typesupport_introspection_c.dir/rosidl_typesupport_introspection_c/crtk_msgs/msg/detail/joint_servo__type_support.c.o[0m
[10.900s] [ 54%] [32mBuilding C object CMakeFiles/crtk_msgs__rosidl_typesupport_introspection_c.dir/rosidl_typesupport_introspection_c/crtk_msgs/srv/detail/trigger_operating_state__type_support.c.o[0m
[10.906s] [ 54%] [32mBuilding CXX object CMakeFiles/crtk_msgs__rosidl_typesupport_cpp.dir/rosidl_typesupport_cpp/crtk_msgs/msg/joint_servo__type_support.cpp.o[0m
[10.957s] [ 55%] [32mBuilding CXX object CMakeFiles/crtk_msgs__rosidl_typesupport_fastrtps_c.dir/rosidl_typesupport_fastrtps_c/crtk_msgs/msg/detail/string_stamped__type_support_c.cpp.o[0m
[11.033s] [ 56%] [32mBuilding C object CMakeFiles/crtk_msgs__rosidl_typesupport_introspection_c.dir/rosidl_typesupport_introspection_c/crtk_msgs/srv/detail/query_forward_kinematics__type_support.c.o[0m
[11.092s] [ 57%] [32mBuilding C object CMakeFiles/crtk_msgs__rosidl_typesupport_introspection_c.dir/rosidl_typesupport_introspection_c/crtk_msgs/srv/detail/query_inverse_kinematics__type_support.c.o[0m
[11.100s] [ 58%] [32mBuilding CXX object CMakeFiles/crtk_msgs__rosidl_typesupport_introspection_cpp.dir/rosidl_typesupport_introspection_cpp/crtk_msgs/msg/detail/setpoint_mode__type_support.cpp.o[0m
[11.148s] [ 59%] [32mBuilding CXX object CMakeFiles/crtk_msgs__rosidl_typesupport_cpp.dir/rosidl_typesupport_cpp/crtk_msgs/srv/trigger_operating_state__type_support.cpp.o[0m
[11.225s] [ 60%] [32m[1mLinking C shared library libcrtk_msgs__rosidl_typesupport_introspection_c.so[0m
[11.226s] [ 61%] [32mBuilding CXX object CMakeFiles/crtk_msgs__rosidl_typesupport_fastrtps_cpp.dir/rosidl_typesupport_fastrtps_cpp/crtk_msgs/msg/detail/dds_fastrtps/setpoint_mode__type_support.cpp.o[0m
[11.264s] [ 61%] Built target crtk_msgs__rosidl_typesupport_introspection_c
[11.301s] [ 61%] [32mBuilding CXX object CMakeFiles/crtk_msgs__rosidl_typesupport_fastrtps_c.dir/rosidl_typesupport_fastrtps_c/crtk_msgs/msg/detail/cartesian_state__type_support_c.cpp.o[0m
[11.406s] [ 62%] [32mBuilding CXX object CMakeFiles/crtk_msgs__rosidl_typesupport_introspection_cpp.dir/rosidl_typesupport_introspection_cpp/crtk_msgs/msg/detail/joint_servo__type_support.cpp.o[0m
[11.433s] [ 63%] [32mBuilding CXX object CMakeFiles/crtk_msgs__rosidl_typesupport_cpp.dir/rosidl_typesupport_cpp/crtk_msgs/srv/query_forward_kinematics__type_support.cpp.o[0m
[11.642s] [ 64%] [32mBuilding CXX object CMakeFiles/crtk_msgs__rosidl_typesupport_fastrtps_cpp.dir/rosidl_typesupport_fastrtps_cpp/crtk_msgs/msg/detail/dds_fastrtps/cartesian_servo__type_support.cpp.o[0m
[11.687s] [ 65%] [32mBuilding CXX object CMakeFiles/crtk_msgs__rosidl_typesupport_cpp.dir/rosidl_typesupport_cpp/crtk_msgs/srv/query_inverse_kinematics__type_support.cpp.o[0m
[11.725s] [ 66%] [32mBuilding CXX object CMakeFiles/crtk_msgs__rosidl_typesupport_fastrtps_c.dir/rosidl_typesupport_fastrtps_c/crtk_msgs/msg/detail/setpoint_mode__type_support_c.cpp.o[0m
[11.920s] [ 67%] [32m[1mLinking CXX shared library libcrtk_msgs__rosidl_typesupport_cpp.so[0m
[11.991s] [ 67%] Built target crtk_msgs__rosidl_typesupport_cpp
[12.027s] [ 68%] [32mBuilding CXX object CMakeFiles/crtk_msgs__rosidl_typesupport_fastrtps_c.dir/rosidl_typesupport_fastrtps_c/crtk_msgs/msg/detail/cartesian_servo__type_support_c.cpp.o[0m
[12.044s] [ 69%] [32mBuilding CXX object CMakeFiles/crtk_msgs__rosidl_typesupport_introspection_cpp.dir/rosidl_typesupport_introspection_cpp/crtk_msgs/srv/detail/query_inverse_kinematics__type_support.cpp.o[0m
[12.074s] [ 70%] [32mBuilding CXX object CMakeFiles/crtk_msgs__rosidl_typesupport_fastrtps_cpp.dir/rosidl_typesupport_fastrtps_cpp/crtk_msgs/msg/detail/dds_fastrtps/joint_servo__type_support.cpp.o[0m
[12.304s] [ 71%] [32mBuilding CXX object CMakeFiles/crtk_msgs__rosidl_typesupport_fastrtps_c.dir/rosidl_typesupport_fastrtps_c/crtk_msgs/msg/detail/joint_servo__type_support_c.cpp.o[0m
[12.476s] [ 72%] [32mBuilding CXX object CMakeFiles/crtk_msgs__rosidl_typesupport_introspection_cpp.dir/rosidl_typesupport_introspection_cpp/crtk_msgs/srv/detail/query_forward_kinematics__type_support.cpp.o[0m
[12.557s] [ 72%] [32mBuilding CXX object CMakeFiles/crtk_msgs__rosidl_typesupport_fastrtps_cpp.dir/rosidl_typesupport_fastrtps_cpp/crtk_msgs/srv/detail/dds_fastrtps/query_forward_kinematics__type_support.cpp.o[0m
[12.597s] [ 73%] [32mBuilding CXX object CMakeFiles/crtk_msgs__rosidl_typesupport_fastrtps_c.dir/rosidl_typesupport_fastrtps_c/crtk_msgs/srv/detail/trigger_operating_state__type_support_c.cpp.o[0m
[12.816s] [ 74%] [32mBuilding CXX object CMakeFiles/crtk_msgs__rosidl_typesupport_introspection_cpp.dir/rosidl_typesupport_introspection_cpp/crtk_msgs/srv/detail/trigger_operating_state__type_support.cpp.o[0m
[12.956s] [ 75%] [32mBuilding CXX object CMakeFiles/crtk_msgs__rosidl_typesupport_fastrtps_c.dir/rosidl_typesupport_fastrtps_c/crtk_msgs/srv/detail/query_forward_kinematics__type_support_c.cpp.o[0m
[12.996s] [ 76%] [32mBuilding CXX object CMakeFiles/crtk_msgs__rosidl_typesupport_fastrtps_cpp.dir/rosidl_typesupport_fastrtps_cpp/crtk_msgs/srv/detail/dds_fastrtps/query_inverse_kinematics__type_support.cpp.o[0m
[13.469s] [ 77%] [32mBuilding CXX object CMakeFiles/crtk_msgs__rosidl_typesupport_fastrtps_c.dir/rosidl_typesupport_fastrtps_c/crtk_msgs/srv/detail/query_inverse_kinematics__type_support_c.cpp.o[0m
[13.481s] [ 78%] [32mBuilding CXX object CMakeFiles/crtk_msgs__rosidl_typesupport_introspection_cpp.dir/rosidl_typesupport_introspection_cpp/crtk_msgs/msg/detail/cartesian_servo__type_support.cpp.o[0m
[13.626s] [ 79%] [32mBuilding CXX object CMakeFiles/crtk_msgs__rosidl_typesupport_fastrtps_cpp.dir/rosidl_typesupport_fastrtps_cpp/crtk_msgs/srv/detail/dds_fastrtps/trigger_operating_state__type_support.cpp.o[0m
[13.873s] [ 80%] [32m[1mLinking CXX shared library libcrtk_msgs__rosidl_typesupport_fastrtps_c.so[0m
[13.882s] [ 81%] [32mBuilding CXX object CMakeFiles/crtk_msgs__rosidl_typesupport_introspection_cpp.dir/rosidl_typesupport_introspection_cpp/crtk_msgs/msg/detail/cartesian_state__type_support.cpp.o[0m
[14.008s] [ 81%] Built target crtk_msgs__rosidl_typesupport_fastrtps_c
[14.036s] [ 82%] [32m[1mLinking CXX shared library libcrtk_msgs__rosidl_typesupport_fastrtps_cpp.so[0m
[14.098s] [ 82%] Built target crtk_msgs__rosidl_typesupport_fastrtps_cpp
[14.257s] [ 83%] [32m[1mLinking CXX shared library libcrtk_msgs__rosidl_typesupport_introspection_cpp.so[0m
[14.367s] [ 83%] Built target crtk_msgs__rosidl_typesupport_introspection_cpp
[14.398s] [ 83%] Built target crtk_msgs
[14.410s] [ 84%] [34m[1mGenerating Python code for ROS interfaces[0m
[15.619s] [ 84%] Built target crtk_msgs__py
[15.637s] [ 85%] [32mBuilding C object CMakeFiles/crtk_msgs__rosidl_generator_py.dir/rosidl_generator_py/crtk_msgs/msg/_operating_state_s.c.o[0m
[15.726s] [ 86%] [32mBuilding C object CMakeFiles/crtk_msgs__rosidl_generator_py.dir/rosidl_generator_py/crtk_msgs/msg/_joint_servo_s.c.o[0m
[15.886s] [ 87%] [32mBuilding C object CMakeFiles/crtk_msgs__rosidl_generator_py.dir/rosidl_generator_py/crtk_msgs/srv/_trigger_operating_state_s.c.o[0m
[15.974s] [ 88%] [32mBuilding C object CMakeFiles/crtk_msgs__rosidl_generator_py.dir/rosidl_generator_py/crtk_msgs/srv/_query_forward_kinematics_s.c.o[0m
[16.096s] [ 89%] [32mBuilding C object CMakeFiles/crtk_msgs__rosidl_generator_py.dir/rosidl_generator_py/crtk_msgs/srv/_query_inverse_kinematics_s.c.o[0m
[16.228s] [ 90%] [32mBuilding C object CMakeFiles/crtk_msgs__rosidl_generator_py.dir/rosidl_generator_py/crtk_msgs/msg/_cartesian_servo_s.c.o[0m
[16.371s] [ 90%] [32mBuilding C object CMakeFiles/crtk_msgs__rosidl_generator_py.dir/rosidl_generator_py/crtk_msgs/msg/_setpoint_mode_s.c.o[0m
[16.469s] [ 91%] [32mBuilding C object CMakeFiles/crtk_msgs__rosidl_generator_py.dir/rosidl_generator_py/crtk_msgs/msg/_cartesian_state_s.c.o[0m
[16.581s] [ 92%] [32mBuilding C object CMakeFiles/crtk_msgs__rosidl_generator_py.dir/rosidl_generator_py/crtk_msgs/msg/_cartesian_impedance_s.c.o[0m
[16.736s] [ 93%] [32mBuilding C object CMakeFiles/crtk_msgs__rosidl_generator_py.dir/rosidl_generator_py/crtk_msgs/msg/_cartesian_impedance_half_plane_gains_s.c.o[0m
[16.820s] [ 94%] [32mBuilding C object CMakeFiles/crtk_msgs__rosidl_generator_py.dir/rosidl_generator_py/crtk_msgs/msg/_string_stamped_s.c.o[0m
[16.899s] [ 95%] [32m[1mLinking C shared library rosidl_generator_py/crtk_msgs/libcrtk_msgs__rosidl_generator_py.so[0m
[16.937s] [ 95%] Built target crtk_msgs__rosidl_generator_py
[16.951s] [ 96%] [32mBuilding C object CMakeFiles/crtk_msgs__rosidl_typesupport_fastrtps_c__pyext.dir/rosidl_generator_py/crtk_msgs/_crtk_msgs_s.ep.rosidl_typesupport_fastrtps_c.c.o[0m
[17.139s] [ 97%] [32m[1mLinking C shared library rosidl_generator_py/crtk_msgs/crtk_msgs_s__rosidl_typesupport_fastrtps_c.cpython-310-aarch64-linux-gnu.so[0m
[17.170s] [ 97%] Built target crtk_msgs__rosidl_typesupport_fastrtps_c__pyext
[17.180s] [ 97%] [32mBuilding C object CMakeFiles/crtk_msgs__rosidl_typesupport_c__pyext.dir/rosidl_generator_py/crtk_msgs/_crtk_msgs_s.ep.rosidl_typesupport_c.c.o[0m
[17.375s] [ 98%] [32m[1mLinking C shared library rosidl_generator_py/crtk_msgs/crtk_msgs_s__rosidl_typesupport_c.cpython-310-aarch64-linux-gnu.so[0m
[17.405s] [ 98%] Built target crtk_msgs__rosidl_typesupport_c__pyext
[17.418s] [ 99%] [32mBuilding C object CMakeFiles/crtk_msgs__rosidl_typesupport_introspection_c__pyext.dir/rosidl_generator_py/crtk_msgs/_crtk_msgs_s.ep.rosidl_typesupport_introspection_c.c.o[0m
[17.597s] [100%] [32m[1mLinking C shared library rosidl_generator_py/crtk_msgs/crtk_msgs_s__rosidl_typesupport_introspection_c.cpython-310-aarch64-linux-gnu.so[0m
[17.622s] [100%] Built target crtk_msgs__rosidl_typesupport_introspection_c__pyext
[17.637s] Invoked command in '/home/utc_sim/ros2_dvrk/build/crtk_msgs' returned '0': CMAKE_PREFIX_PATH=${CMAKE_PREFIX_PATH}:/home/utc_sim/ros2_ws/install /usr/bin/cmake --build /home/utc_sim/ros2_dvrk/build/crtk_msgs -- -j8 -l8
[17.640s] Invoking command in '/home/utc_sim/ros2_dvrk/build/crtk_msgs': CMAKE_PREFIX_PATH=${CMAKE_PREFIX_PATH}:/home/utc_sim/ros2_ws/install /usr/bin/cmake --install /home/utc_sim/ros2_dvrk/build/crtk_msgs
[17.644s] -- Install configuration: "Release"
[17.644s] -- Execute custom install script
[17.645s] -- Symlinking: /home/utc_sim/ros2_dvrk/install/crtk_msgs/share/ament_index/resource_index/rosidl_interfaces/crtk_msgs
[17.651s] -- Symlinking: /home/utc_sim/ros2_dvrk/install/crtk_msgs/include/crtk_msgs/crtk_msgs/msg/cartesian_impedance.h
[17.662s] -- Symlinking: /home/utc_sim/ros2_dvrk/install/crtk_msgs/include/crtk_msgs/crtk_msgs/msg/cartesian_impedance_half_plane_gains.h
[17.668s] -- Symlinking: /home/utc_sim/ros2_dvrk/install/crtk_msgs/include/crtk_msgs/crtk_msgs/msg/cartesian_servo.h
[17.672s] -- Symlinking: /home/utc_sim/ros2_dvrk/install/crtk_msgs/include/crtk_msgs/crtk_msgs/msg/cartesian_state.h
[17.677s] -- Symlinking: /home/utc_sim/ros2_dvrk/install/crtk_msgs/include/crtk_msgs/crtk_msgs/msg/detail/cartesian_impedance__functions.h
[17.681s] -- Symlinking: /home/utc_sim/ros2_dvrk/install/crtk_msgs/include/crtk_msgs/crtk_msgs/msg/detail/cartesian_impedance__struct.h
[17.686s] -- Symlinking: /home/utc_sim/ros2_dvrk/install/crtk_msgs/include/crtk_msgs/crtk_msgs/msg/detail/cartesian_impedance__type_support.h
[17.691s] -- Symlinking: /home/utc_sim/ros2_dvrk/install/crtk_msgs/include/crtk_msgs/crtk_msgs/msg/detail/cartesian_impedance_half_plane_gains__functions.h
[17.699s] -- Symlinking: /home/utc_sim/ros2_dvrk/install/crtk_msgs/include/crtk_msgs/crtk_msgs/msg/detail/cartesian_impedance_half_plane_gains__struct.h
[17.705s] -- Symlinking: /home/utc_sim/ros2_dvrk/install/crtk_msgs/include/crtk_msgs/crtk_msgs/msg/detail/cartesian_impedance_half_plane_gains__type_support.h
[17.710s] -- Symlinking: /home/utc_sim/ros2_dvrk/install/crtk_msgs/include/crtk_msgs/crtk_msgs/msg/detail/cartesian_servo__functions.h
[17.714s] -- Symlinking: /home/utc_sim/ros2_dvrk/install/crtk_msgs/include/crtk_msgs/crtk_msgs/msg/detail/cartesian_servo__struct.h
[17.718s] -- Symlinking: /home/utc_sim/ros2_dvrk/install/crtk_msgs/include/crtk_msgs/crtk_msgs/msg/detail/cartesian_servo__type_support.h
[17.723s] -- Symlinking: /home/utc_sim/ros2_dvrk/install/crtk_msgs/include/crtk_msgs/crtk_msgs/msg/detail/cartesian_state__functions.h
[17.728s] -- Symlinking: /home/utc_sim/ros2_dvrk/install/crtk_msgs/include/crtk_msgs/crtk_msgs/msg/detail/cartesian_state__struct.h
[17.736s] -- Symlinking: /home/utc_sim/ros2_dvrk/install/crtk_msgs/include/crtk_msgs/crtk_msgs/msg/detail/cartesian_state__type_support.h
[17.745s] -- Symlinking: /home/utc_sim/ros2_dvrk/install/crtk_msgs/include/crtk_msgs/crtk_msgs/msg/detail/joint_servo__functions.h
[17.748s] -- Symlinking: /home/utc_sim/ros2_dvrk/install/crtk_msgs/include/crtk_msgs/crtk_msgs/msg/detail/joint_servo__struct.h
[17.756s] -- Symlinking: /home/utc_sim/ros2_dvrk/install/crtk_msgs/include/crtk_msgs/crtk_msgs/msg/detail/joint_servo__type_support.h
[17.759s] -- Symlinking: /home/utc_sim/ros2_dvrk/install/crtk_msgs/include/crtk_msgs/crtk_msgs/msg/detail/operating_state__functions.h
[17.764s] -- Symlinking: /home/utc_sim/ros2_dvrk/install/crtk_msgs/include/crtk_msgs/crtk_msgs/msg/detail/operating_state__struct.h
[17.768s] -- Symlinking: /home/utc_sim/ros2_dvrk/install/crtk_msgs/include/crtk_msgs/crtk_msgs/msg/detail/operating_state__type_support.h
[17.772s] -- Symlinking: /home/utc_sim/ros2_dvrk/install/crtk_msgs/include/crtk_msgs/crtk_msgs/msg/detail/setpoint_mode__functions.h
[17.776s] -- Symlinking: /home/utc_sim/ros2_dvrk/install/crtk_msgs/include/crtk_msgs/crtk_msgs/msg/detail/setpoint_mode__struct.h
[17.780s] -- Symlinking: /home/utc_sim/ros2_dvrk/install/crtk_msgs/include/crtk_msgs/crtk_msgs/msg/detail/setpoint_mode__type_support.h
[17.784s] -- Symlinking: /home/utc_sim/ros2_dvrk/install/crtk_msgs/include/crtk_msgs/crtk_msgs/msg/detail/string_stamped__functions.h
[17.789s] -- Symlinking: /home/utc_sim/ros2_dvrk/install/crtk_msgs/include/crtk_msgs/crtk_msgs/msg/detail/string_stamped__struct.h
[17.794s] -- Symlinking: /home/utc_sim/ros2_dvrk/install/crtk_msgs/include/crtk_msgs/crtk_msgs/msg/detail/string_stamped__type_support.h
[17.801s] -- Symlinking: /home/utc_sim/ros2_dvrk/install/crtk_msgs/include/crtk_msgs/crtk_msgs/msg/joint_servo.h
[17.808s] -- Symlinking: /home/utc_sim/ros2_dvrk/install/crtk_msgs/include/crtk_msgs/crtk_msgs/msg/operating_state.h
[17.812s] -- Symlinking: /home/utc_sim/ros2_dvrk/install/crtk_msgs/include/crtk_msgs/crtk_msgs/msg/rosidl_generator_c__visibility_control.h
[17.816s] -- Symlinking: /home/utc_sim/ros2_dvrk/install/crtk_msgs/include/crtk_msgs/crtk_msgs/msg/setpoint_mode.h
[17.821s] -- Symlinking: /home/utc_sim/ros2_dvrk/install/crtk_msgs/include/crtk_msgs/crtk_msgs/msg/string_stamped.h
[17.835s] -- Symlinking: /home/utc_sim/ros2_dvrk/install/crtk_msgs/include/crtk_msgs/crtk_msgs/srv/detail/query_forward_kinematics__functions.h
[17.845s] -- Symlinking: /home/utc_sim/ros2_dvrk/install/crtk_msgs/include/crtk_msgs/crtk_msgs/srv/detail/query_forward_kinematics__struct.h
[17.850s] -- Symlinking: /home/utc_sim/ros2_dvrk/install/crtk_msgs/include/crtk_msgs/crtk_msgs/srv/detail/query_forward_kinematics__type_support.h
[17.855s] -- Symlinking: /home/utc_sim/ros2_dvrk/install/crtk_msgs/include/crtk_msgs/crtk_msgs/srv/detail/query_inverse_kinematics__functions.h
[17.861s] -- Symlinking: /home/utc_sim/ros2_dvrk/install/crtk_msgs/include/crtk_msgs/crtk_msgs/srv/detail/query_inverse_kinematics__struct.h
[17.866s] -- Symlinking: /home/utc_sim/ros2_dvrk/install/crtk_msgs/include/crtk_msgs/crtk_msgs/srv/detail/query_inverse_kinematics__type_support.h
[17.870s] -- Symlinking: /home/utc_sim/ros2_dvrk/install/crtk_msgs/include/crtk_msgs/crtk_msgs/srv/detail/trigger_operating_state__functions.h
[17.875s] -- Symlinking: /home/utc_sim/ros2_dvrk/install/crtk_msgs/include/crtk_msgs/crtk_msgs/srv/detail/trigger_operating_state__struct.h
[17.879s] -- Symlinking: /home/utc_sim/ros2_dvrk/install/crtk_msgs/include/crtk_msgs/crtk_msgs/srv/detail/trigger_operating_state__type_support.h
[17.883s] -- Symlinking: /home/utc_sim/ros2_dvrk/install/crtk_msgs/include/crtk_msgs/crtk_msgs/srv/query_forward_kinematics.h
[17.887s] -- Symlinking: /home/utc_sim/ros2_dvrk/install/crtk_msgs/include/crtk_msgs/crtk_msgs/srv/query_inverse_kinematics.h
[17.891s] -- Symlinking: /home/utc_sim/ros2_dvrk/install/crtk_msgs/include/crtk_msgs/crtk_msgs/srv/trigger_operating_state.h
[17.896s] -- Symlinking: /home/utc_sim/ros2_dvrk/install/crtk_msgs/share/crtk_msgs/environment/library_path.sh
[17.901s] -- Symlinking: /home/utc_sim/ros2_dvrk/install/crtk_msgs/share/crtk_msgs/environment/library_path.dsv
[17.906s] -- Symlinking: /home/utc_sim/ros2_dvrk/install/crtk_msgs/include/crtk_msgs/crtk_msgs/msg/detail/cartesian_impedance__rosidl_typesupport_fastrtps_c.h
[17.910s] -- Symlinking: /home/utc_sim/ros2_dvrk/install/crtk_msgs/include/crtk_msgs/crtk_msgs/msg/detail/cartesian_impedance_half_plane_gains__rosidl_typesupport_fastrtps_c.h
[17.921s] -- Symlinking: /home/utc_sim/ros2_dvrk/install/crtk_msgs/include/crtk_msgs/crtk_msgs/msg/detail/cartesian_servo__rosidl_typesupport_fastrtps_c.h
[17.921s] -- Symlinking: /home/utc_sim/ros2_dvrk/install/crtk_msgs/include/crtk_msgs/crtk_msgs/msg/detail/cartesian_state__rosidl_typesupport_fastrtps_c.h
[17.932s] -- Symlinking: /home/utc_sim/ros2_dvrk/install/crtk_msgs/include/crtk_msgs/crtk_msgs/msg/detail/joint_servo__rosidl_typesupport_fastrtps_c.h
[17.939s] -- Symlinking: /home/utc_sim/ros2_dvrk/install/crtk_msgs/include/crtk_msgs/crtk_msgs/msg/detail/operating_state__rosidl_typesupport_fastrtps_c.h
[17.946s] -- Symlinking: /home/utc_sim/ros2_dvrk/install/crtk_msgs/include/crtk_msgs/crtk_msgs/msg/detail/setpoint_mode__rosidl_typesupport_fastrtps_c.h
[17.954s] -- Symlinking: /home/utc_sim/ros2_dvrk/install/crtk_msgs/include/crtk_msgs/crtk_msgs/msg/detail/string_stamped__rosidl_typesupport_fastrtps_c.h
[17.963s] -- Symlinking: /home/utc_sim/ros2_dvrk/install/crtk_msgs/include/crtk_msgs/crtk_msgs/msg/rosidl_typesupport_fastrtps_c__visibility_control.h
[17.967s] -- Symlinking: /home/utc_sim/ros2_dvrk/install/crtk_msgs/include/crtk_msgs/crtk_msgs/srv/detail/query_forward_kinematics__rosidl_typesupport_fastrtps_c.h
[17.972s] -- Symlinking: /home/utc_sim/ros2_dvrk/install/crtk_msgs/include/crtk_msgs/crtk_msgs/srv/detail/query_inverse_kinematics__rosidl_typesupport_fastrtps_c.h
[17.976s] -- Symlinking: /home/utc_sim/ros2_dvrk/install/crtk_msgs/include/crtk_msgs/crtk_msgs/srv/detail/trigger_operating_state__rosidl_typesupport_fastrtps_c.h
[17.981s] -- Symlinking: /home/utc_sim/ros2_dvrk/install/crtk_msgs/include/crtk_msgs/crtk_msgs/msg/cartesian_impedance.hpp
[17.985s] -- Symlinking: /home/utc_sim/ros2_dvrk/install/crtk_msgs/include/crtk_msgs/crtk_msgs/msg/cartesian_impedance_half_plane_gains.hpp
[17.989s] -- Symlinking: /home/utc_sim/ros2_dvrk/install/crtk_msgs/include/crtk_msgs/crtk_msgs/msg/cartesian_servo.hpp
[17.994s] -- Symlinking: /home/utc_sim/ros2_dvrk/install/crtk_msgs/include/crtk_msgs/crtk_msgs/msg/cartesian_state.hpp
[17.998s] -- Symlinking: /home/utc_sim/ros2_dvrk/install/crtk_msgs/include/crtk_msgs/crtk_msgs/msg/detail/cartesian_impedance__builder.hpp
[18.003s] -- Symlinking: /home/utc_sim/ros2_dvrk/install/crtk_msgs/include/crtk_msgs/crtk_msgs/msg/detail/cartesian_impedance__struct.hpp
[18.007s] -- Symlinking: /home/utc_sim/ros2_dvrk/install/crtk_msgs/include/crtk_msgs/crtk_msgs/msg/detail/cartesian_impedance__traits.hpp
[18.012s] -- Symlinking: /home/utc_sim/ros2_dvrk/install/crtk_msgs/include/crtk_msgs/crtk_msgs/msg/detail/cartesian_impedance__type_support.hpp
[18.017s] -- Symlinking: /home/utc_sim/ros2_dvrk/install/crtk_msgs/include/crtk_msgs/crtk_msgs/msg/detail/cartesian_impedance_half_plane_gains__builder.hpp
[18.022s] -- Symlinking: /home/utc_sim/ros2_dvrk/install/crtk_msgs/include/crtk_msgs/crtk_msgs/msg/detail/cartesian_impedance_half_plane_gains__struct.hpp
[18.029s] -- Symlinking: /home/utc_sim/ros2_dvrk/install/crtk_msgs/include/crtk_msgs/crtk_msgs/msg/detail/cartesian_impedance_half_plane_gains__traits.hpp
[18.037s] -- Symlinking: /home/utc_sim/ros2_dvrk/install/crtk_msgs/include/crtk_msgs/crtk_msgs/msg/detail/cartesian_impedance_half_plane_gains__type_support.hpp
[18.043s] -- Symlinking: /home/utc_sim/ros2_dvrk/install/crtk_msgs/include/crtk_msgs/crtk_msgs/msg/detail/cartesian_servo__builder.hpp
[18.049s] -- Symlinking: /home/utc_sim/ros2_dvrk/install/crtk_msgs/include/crtk_msgs/crtk_msgs/msg/detail/cartesian_servo__struct.hpp
[18.064s] -- Symlinking: /home/utc_sim/ros2_dvrk/install/crtk_msgs/include/crtk_msgs/crtk_msgs/msg/detail/cartesian_servo__traits.hpp
[18.068s] -- Symlinking: /home/utc_sim/ros2_dvrk/install/crtk_msgs/include/crtk_msgs/crtk_msgs/msg/detail/cartesian_servo__type_support.hpp
[18.072s] -- Symlinking: /home/utc_sim/ros2_dvrk/install/crtk_msgs/include/crtk_msgs/crtk_msgs/msg/detail/cartesian_state__builder.hpp
[18.077s] -- Symlinking: /home/utc_sim/ros2_dvrk/install/crtk_msgs/include/crtk_msgs/crtk_msgs/msg/detail/cartesian_state__struct.hpp
[18.081s] -- Symlinking: /home/utc_sim/ros2_dvrk/install/crtk_msgs/include/crtk_msgs/crtk_msgs/msg/detail/cartesian_state__traits.hpp
[18.086s] -- Symlinking: /home/utc_sim/ros2_dvrk/install/crtk_msgs/include/crtk_msgs/crtk_msgs/msg/detail/cartesian_state__type_support.hpp
[18.090s] -- Symlinking: /home/utc_sim/ros2_dvrk/install/crtk_msgs/include/crtk_msgs/crtk_msgs/msg/detail/joint_servo__builder.hpp
[18.099s] -- Symlinking: /home/utc_sim/ros2_dvrk/install/crtk_msgs/include/crtk_msgs/crtk_msgs/msg/detail/joint_servo__struct.hpp
[18.103s] -- Symlinking: /home/utc_sim/ros2_dvrk/install/crtk_msgs/include/crtk_msgs/crtk_msgs/msg/detail/joint_servo__traits.hpp
[18.108s] -- Symlinking: /home/utc_sim/ros2_dvrk/install/crtk_msgs/include/crtk_msgs/crtk_msgs/msg/detail/joint_servo__type_support.hpp
[18.112s] -- Symlinking: /home/utc_sim/ros2_dvrk/install/crtk_msgs/include/crtk_msgs/crtk_msgs/msg/detail/operating_state__builder.hpp
[18.119s] -- Symlinking: /home/utc_sim/ros2_dvrk/install/crtk_msgs/include/crtk_msgs/crtk_msgs/msg/detail/operating_state__struct.hpp
[18.123s] -- Symlinking: /home/utc_sim/ros2_dvrk/install/crtk_msgs/include/crtk_msgs/crtk_msgs/msg/detail/operating_state__traits.hpp
[18.131s] -- Symlinking: /home/utc_sim/ros2_dvrk/install/crtk_msgs/include/crtk_msgs/crtk_msgs/msg/detail/operating_state__type_support.hpp
[18.136s] -- Symlinking: /home/utc_sim/ros2_dvrk/install/crtk_msgs/include/crtk_msgs/crtk_msgs/msg/detail/setpoint_mode__builder.hpp
[18.141s] -- Symlinking: /home/utc_sim/ros2_dvrk/install/crtk_msgs/include/crtk_msgs/crtk_msgs/msg/detail/setpoint_mode__struct.hpp
[18.145s] -- Symlinking: /home/utc_sim/ros2_dvrk/install/crtk_msgs/include/crtk_msgs/crtk_msgs/msg/detail/setpoint_mode__traits.hpp
[18.151s] -- Symlinking: /home/utc_sim/ros2_dvrk/install/crtk_msgs/include/crtk_msgs/crtk_msgs/msg/detail/setpoint_mode__type_support.hpp
[18.158s] -- Symlinking: /home/utc_sim/ros2_dvrk/install/crtk_msgs/include/crtk_msgs/crtk_msgs/msg/detail/string_stamped__builder.hpp
[18.162s] -- Symlinking: /home/utc_sim/ros2_dvrk/install/crtk_msgs/include/crtk_msgs/crtk_msgs/msg/detail/string_stamped__struct.hpp
[18.166s] -- Symlinking: /home/utc_sim/ros2_dvrk/install/crtk_msgs/include/crtk_msgs/crtk_msgs/msg/detail/string_stamped__traits.hpp
[18.170s] -- Symlinking: /home/utc_sim/ros2_dvrk/install/crtk_msgs/include/crtk_msgs/crtk_msgs/msg/detail/string_stamped__type_support.hpp
[18.174s] -- Symlinking: /home/utc_sim/ros2_dvrk/install/crtk_msgs/include/crtk_msgs/crtk_msgs/msg/joint_servo.hpp
[18.178s] -- Symlinking: /home/utc_sim/ros2_dvrk/install/crtk_msgs/include/crtk_msgs/crtk_msgs/msg/operating_state.hpp
[18.183s] -- Symlinking: /home/utc_sim/ros2_dvrk/install/crtk_msgs/include/crtk_msgs/crtk_msgs/msg/rosidl_generator_cpp__visibility_control.hpp
[18.188s] -- Symlinking: /home/utc_sim/ros2_dvrk/install/crtk_msgs/include/crtk_msgs/crtk_msgs/msg/setpoint_mode.hpp
[18.192s] -- Symlinking: /home/utc_sim/ros2_dvrk/install/crtk_msgs/include/crtk_msgs/crtk_msgs/msg/string_stamped.hpp
[18.197s] -- Symlinking: /home/utc_sim/ros2_dvrk/install/crtk_msgs/include/crtk_msgs/crtk_msgs/srv/detail/query_forward_kinematics__builder.hpp
[18.202s] -- Symlinking: /home/utc_sim/ros2_dvrk/install/crtk_msgs/include/crtk_msgs/crtk_msgs/srv/detail/query_forward_kinematics__struct.hpp
[18.206s] -- Symlinking: /home/utc_sim/ros2_dvrk/install/crtk_msgs/include/crtk_msgs/crtk_msgs/srv/detail/query_forward_kinematics__traits.hpp
[18.210s] -- Symlinking: /home/utc_sim/ros2_dvrk/install/crtk_msgs/include/crtk_msgs/crtk_msgs/srv/detail/query_forward_kinematics__type_support.hpp
[18.214s] -- Symlinking: /home/utc_sim/ros2_dvrk/install/crtk_msgs/include/crtk_msgs/crtk_msgs/srv/detail/query_inverse_kinematics__builder.hpp
[18.219s] -- Symlinking: /home/utc_sim/ros2_dvrk/install/crtk_msgs/include/crtk_msgs/crtk_msgs/srv/detail/query_inverse_kinematics__struct.hpp
[18.230s] -- Symlinking: /home/utc_sim/ros2_dvrk/install/crtk_msgs/include/crtk_msgs/crtk_msgs/srv/detail/query_inverse_kinematics__traits.hpp
[18.235s] -- Symlinking: /home/utc_sim/ros2_dvrk/install/crtk_msgs/include/crtk_msgs/crtk_msgs/srv/detail/query_inverse_kinematics__type_support.hpp
[18.239s] -- Symlinking: /home/utc_sim/ros2_dvrk/install/crtk_msgs/include/crtk_msgs/crtk_msgs/srv/detail/trigger_operating_state__builder.hpp
[18.243s] -- Symlinking: /home/utc_sim/ros2_dvrk/install/crtk_msgs/include/crtk_msgs/crtk_msgs/srv/detail/trigger_operating_state__struct.hpp
[18.251s] -- Symlinking: /home/utc_sim/ros2_dvrk/install/crtk_msgs/include/crtk_msgs/crtk_msgs/srv/detail/trigger_operating_state__traits.hpp
[18.256s] -- Symlinking: /home/utc_sim/ros2_dvrk/install/crtk_msgs/include/crtk_msgs/crtk_msgs/srv/detail/trigger_operating_state__type_support.hpp
[18.261s] -- Symlinking: /home/utc_sim/ros2_dvrk/install/crtk_msgs/include/crtk_msgs/crtk_msgs/srv/query_forward_kinematics.hpp
[18.266s] -- Symlinking: /home/utc_sim/ros2_dvrk/install/crtk_msgs/include/crtk_msgs/crtk_msgs/srv/query_inverse_kinematics.hpp
[18.272s] -- Symlinking: /home/utc_sim/ros2_dvrk/install/crtk_msgs/include/crtk_msgs/crtk_msgs/srv/trigger_operating_state.hpp
[18.277s] -- Symlinking: /home/utc_sim/ros2_dvrk/install/crtk_msgs/include/crtk_msgs/crtk_msgs/msg/detail/cartesian_impedance__rosidl_typesupport_fastrtps_cpp.hpp
[18.282s] -- Symlinking: /home/utc_sim/ros2_dvrk/install/crtk_msgs/include/crtk_msgs/crtk_msgs/msg/detail/cartesian_impedance_half_plane_gains__rosidl_typesupport_fastrtps_cpp.hpp
[18.286s] -- Symlinking: /home/utc_sim/ros2_dvrk/install/crtk_msgs/include/crtk_msgs/crtk_msgs/msg/detail/cartesian_servo__rosidl_typesupport_fastrtps_cpp.hpp
[18.291s] -- Symlinking: /home/utc_sim/ros2_dvrk/install/crtk_msgs/include/crtk_msgs/crtk_msgs/msg/detail/cartesian_state__rosidl_typesupport_fastrtps_cpp.hpp
[18.296s] -- Symlinking: /home/utc_sim/ros2_dvrk/install/crtk_msgs/include/crtk_msgs/crtk_msgs/msg/detail/joint_servo__rosidl_typesupport_fastrtps_cpp.hpp
[18.301s] -- Symlinking: /home/utc_sim/ros2_dvrk/install/crtk_msgs/include/crtk_msgs/crtk_msgs/msg/detail/operating_state__rosidl_typesupport_fastrtps_cpp.hpp
[18.307s] -- Symlinking: /home/utc_sim/ros2_dvrk/install/crtk_msgs/include/crtk_msgs/crtk_msgs/msg/detail/setpoint_mode__rosidl_typesupport_fastrtps_cpp.hpp
[18.312s] -- Symlinking: /home/utc_sim/ros2_dvrk/install/crtk_msgs/include/crtk_msgs/crtk_msgs/msg/detail/string_stamped__rosidl_typesupport_fastrtps_cpp.hpp
[18.318s] -- Symlinking: /home/utc_sim/ros2_dvrk/install/crtk_msgs/include/crtk_msgs/crtk_msgs/msg/rosidl_typesupport_fastrtps_cpp__visibility_control.h
[18.322s] -- Symlinking: /home/utc_sim/ros2_dvrk/install/crtk_msgs/include/crtk_msgs/crtk_msgs/srv/detail/query_forward_kinematics__rosidl_typesupport_fastrtps_cpp.hpp
[18.332s] -- Symlinking: /home/utc_sim/ros2_dvrk/install/crtk_msgs/include/crtk_msgs/crtk_msgs/srv/detail/query_inverse_kinematics__rosidl_typesupport_fastrtps_cpp.hpp
[18.340s] -- Symlinking: /home/utc_sim/ros2_dvrk/install/crtk_msgs/include/crtk_msgs/crtk_msgs/srv/detail/trigger_operating_state__rosidl_typesupport_fastrtps_cpp.hpp
[18.352s] -- Symlinking: /home/utc_sim/ros2_dvrk/install/crtk_msgs/include/crtk_msgs/crtk_msgs/msg/detail/cartesian_impedance__rosidl_typesupport_introspection_c.h
[18.357s] -- Symlinking: /home/utc_sim/ros2_dvrk/install/crtk_msgs/include/crtk_msgs/crtk_msgs/msg/detail/cartesian_impedance_half_plane_gains__rosidl_typesupport_introspection_c.h
[18.362s] -- Symlinking: /home/utc_sim/ros2_dvrk/install/crtk_msgs/include/crtk_msgs/crtk_msgs/msg/detail/cartesian_servo__rosidl_typesupport_introspection_c.h
[18.366s] -- Symlinking: /home/utc_sim/ros2_dvrk/install/crtk_msgs/include/crtk_msgs/crtk_msgs/msg/detail/cartesian_state__rosidl_typesupport_introspection_c.h
[18.371s] -- Symlinking: /home/utc_sim/ros2_dvrk/install/crtk_msgs/include/crtk_msgs/crtk_msgs/msg/detail/joint_servo__rosidl_typesupport_introspection_c.h
[18.376s] -- Symlinking: /home/utc_sim/ros2_dvrk/install/crtk_msgs/include/crtk_msgs/crtk_msgs/msg/detail/operating_state__rosidl_typesupport_introspection_c.h
[18.381s] -- Symlinking: /home/utc_sim/ros2_dvrk/install/crtk_msgs/include/crtk_msgs/crtk_msgs/msg/detail/setpoint_mode__rosidl_typesupport_introspection_c.h
[18.385s] -- Symlinking: /home/utc_sim/ros2_dvrk/install/crtk_msgs/include/crtk_msgs/crtk_msgs/msg/detail/string_stamped__rosidl_typesupport_introspection_c.h
[18.389s] -- Symlinking: /home/utc_sim/ros2_dvrk/install/crtk_msgs/include/crtk_msgs/crtk_msgs/msg/rosidl_typesupport_introspection_c__visibility_control.h
[18.393s] -- Symlinking: /home/utc_sim/ros2_dvrk/install/crtk_msgs/include/crtk_msgs/crtk_msgs/srv/detail/query_forward_kinematics__rosidl_typesupport_introspection_c.h
[18.398s] -- Symlinking: /home/utc_sim/ros2_dvrk/install/crtk_msgs/include/crtk_msgs/crtk_msgs/srv/detail/query_inverse_kinematics__rosidl_typesupport_introspection_c.h
[18.405s] -- Symlinking: /home/utc_sim/ros2_dvrk/install/crtk_msgs/include/crtk_msgs/crtk_msgs/srv/detail/trigger_operating_state__rosidl_typesupport_introspection_c.h
[18.410s] -- Symlinking: /home/utc_sim/ros2_dvrk/install/crtk_msgs/include/crtk_msgs/crtk_msgs/msg/detail/cartesian_impedance__rosidl_typesupport_introspection_cpp.hpp
[18.414s] -- Symlinking: /home/utc_sim/ros2_dvrk/install/crtk_msgs/include/crtk_msgs/crtk_msgs/msg/detail/cartesian_impedance_half_plane_gains__rosidl_typesupport_introspection_cpp.hpp
[18.418s] -- Symlinking: /home/utc_sim/ros2_dvrk/install/crtk_msgs/include/crtk_msgs/crtk_msgs/msg/detail/cartesian_servo__rosidl_typesupport_introspection_cpp.hpp
[18.422s] -- Symlinking: /home/utc_sim/ros2_dvrk/install/crtk_msgs/include/crtk_msgs/crtk_msgs/msg/detail/cartesian_state__rosidl_typesupport_introspection_cpp.hpp
[18.427s] -- Symlinking: /home/utc_sim/ros2_dvrk/install/crtk_msgs/include/crtk_msgs/crtk_msgs/msg/detail/joint_servo__rosidl_typesupport_introspection_cpp.hpp
[18.432s] -- Symlinking: /home/utc_sim/ros2_dvrk/install/crtk_msgs/include/crtk_msgs/crtk_msgs/msg/detail/operating_state__rosidl_typesupport_introspection_cpp.hpp
[18.436s] -- Symlinking: /home/utc_sim/ros2_dvrk/install/crtk_msgs/include/crtk_msgs/crtk_msgs/msg/detail/setpoint_mode__rosidl_typesupport_introspection_cpp.hpp
[18.447s] -- Symlinking: /home/utc_sim/ros2_dvrk/install/crtk_msgs/include/crtk_msgs/crtk_msgs/msg/detail/string_stamped__rosidl_typesupport_introspection_cpp.hpp
[18.451s] -- Symlinking: /home/utc_sim/ros2_dvrk/install/crtk_msgs/include/crtk_msgs/crtk_msgs/srv/detail/query_forward_kinematics__rosidl_typesupport_introspection_cpp.hpp
[18.456s] -- Symlinking: /home/utc_sim/ros2_dvrk/install/crtk_msgs/include/crtk_msgs/crtk_msgs/srv/detail/query_inverse_kinematics__rosidl_typesupport_introspection_cpp.hpp
[18.461s] -- Symlinking: /home/utc_sim/ros2_dvrk/install/crtk_msgs/include/crtk_msgs/crtk_msgs/srv/detail/trigger_operating_state__rosidl_typesupport_introspection_cpp.hpp
[18.466s] -- Symlinking: /home/utc_sim/ros2_dvrk/install/crtk_msgs/share/crtk_msgs/environment/pythonpath.sh
[18.474s] -- Symlinking: /home/utc_sim/ros2_dvrk/install/crtk_msgs/share/crtk_msgs/environment/pythonpath.dsv
[18.480s] -- Symlinking: /home/utc_sim/ros2_dvrk/install/crtk_msgs/local/lib/python3.10/dist-packages/crtk_msgs-1.3.0-py3.10.egg-info/PKG-INFO
[18.485s] -- Symlinking: /home/utc_sim/ros2_dvrk/install/crtk_msgs/local/lib/python3.10/dist-packages/crtk_msgs-1.3.0-py3.10.egg-info/SOURCES.txt
[18.489s] -- Symlinking: /home/utc_sim/ros2_dvrk/install/crtk_msgs/local/lib/python3.10/dist-packages/crtk_msgs-1.3.0-py3.10.egg-info/dependency_links.txt
[18.493s] -- Symlinking: /home/utc_sim/ros2_dvrk/install/crtk_msgs/local/lib/python3.10/dist-packages/crtk_msgs-1.3.0-py3.10.egg-info/top_level.txt
[18.498s] -- Symlinking: /home/utc_sim/ros2_dvrk/install/crtk_msgs/local/lib/python3.10/dist-packages/crtk_msgs/__init__.py
[18.503s] -- Symlinking: /home/utc_sim/ros2_dvrk/install/crtk_msgs/local/lib/python3.10/dist-packages/crtk_msgs/_crtk_msgs_s.ep.rosidl_typesupport_c.c
[18.508s] -- Symlinking: /home/utc_sim/ros2_dvrk/install/crtk_msgs/local/lib/python3.10/dist-packages/crtk_msgs/_crtk_msgs_s.ep.rosidl_typesupport_fastrtps_c.c
[18.513s] -- Symlinking: /home/utc_sim/ros2_dvrk/install/crtk_msgs/local/lib/python3.10/dist-packages/crtk_msgs/_crtk_msgs_s.ep.rosidl_typesupport_introspection_c.c
[18.519s] -- Symlinking: /home/utc_sim/ros2_dvrk/install/crtk_msgs/local/lib/python3.10/dist-packages/crtk_msgs/crtk_msgs_s__rosidl_typesupport_c.cpython-310-aarch64-linux-gnu.so
[18.524s] -- Symlinking: /home/utc_sim/ros2_dvrk/install/crtk_msgs/local/lib/python3.10/dist-packages/crtk_msgs/crtk_msgs_s__rosidl_typesupport_fastrtps_c.cpython-310-aarch64-linux-gnu.so
[18.528s] -- Symlinking: /home/utc_sim/ros2_dvrk/install/crtk_msgs/local/lib/python3.10/dist-packages/crtk_msgs/crtk_msgs_s__rosidl_typesupport_introspection_c.cpython-310-aarch64-linux-gnu.so
[18.535s] -- Symlinking: /home/utc_sim/ros2_dvrk/install/crtk_msgs/local/lib/python3.10/dist-packages/crtk_msgs/libcrtk_msgs__rosidl_generator_py.so
[18.540s] -- Symlinking: /home/utc_sim/ros2_dvrk/install/crtk_msgs/local/lib/python3.10/dist-packages/crtk_msgs/msg/__init__.py
[18.546s] -- Symlinking: /home/utc_sim/ros2_dvrk/install/crtk_msgs/local/lib/python3.10/dist-packages/crtk_msgs/msg/_cartesian_impedance.py
[18.555s] -- Symlinking: /home/utc_sim/ros2_dvrk/install/crtk_msgs/local/lib/python3.10/dist-packages/crtk_msgs/msg/_cartesian_impedance_half_plane_gains.py
[18.567s] -- Symlinking: /home/utc_sim/ros2_dvrk/install/crtk_msgs/local/lib/python3.10/dist-packages/crtk_msgs/msg/_cartesian_impedance_half_plane_gains_s.c
[18.573s] -- Symlinking: /home/utc_sim/ros2_dvrk/install/crtk_msgs/local/lib/python3.10/dist-packages/crtk_msgs/msg/_cartesian_impedance_s.c
[18.579s] -- Symlinking: /home/utc_sim/ros2_dvrk/install/crtk_msgs/local/lib/python3.10/dist-packages/crtk_msgs/msg/_cartesian_servo.py
[18.583s] -- Symlinking: /home/utc_sim/ros2_dvrk/install/crtk_msgs/local/lib/python3.10/dist-packages/crtk_msgs/msg/_cartesian_servo_s.c
[18.588s] -- Symlinking: /home/utc_sim/ros2_dvrk/install/crtk_msgs/local/lib/python3.10/dist-packages/crtk_msgs/msg/_cartesian_state.py
[18.593s] -- Symlinking: /home/utc_sim/ros2_dvrk/install/crtk_msgs/local/lib/python3.10/dist-packages/crtk_msgs/msg/_cartesian_state_s.c
[18.598s] -- Symlinking: /home/utc_sim/ros2_dvrk/install/crtk_msgs/local/lib/python3.10/dist-packages/crtk_msgs/msg/_joint_servo.py
[18.605s] -- Symlinking: /home/utc_sim/ros2_dvrk/install/crtk_msgs/local/lib/python3.10/dist-packages/crtk_msgs/msg/_joint_servo_s.c
[18.610s] -- Symlinking: /home/utc_sim/ros2_dvrk/install/crtk_msgs/local/lib/python3.10/dist-packages/crtk_msgs/msg/_operating_state.py
[18.619s] -- Symlinking: /home/utc_sim/ros2_dvrk/install/crtk_msgs/local/lib/python3.10/dist-packages/crtk_msgs/msg/_operating_state_s.c
[18.630s] -- Symlinking: /home/utc_sim/ros2_dvrk/install/crtk_msgs/local/lib/python3.10/dist-packages/crtk_msgs/msg/_setpoint_mode.py
[18.635s] -- Symlinking: /home/utc_sim/ros2_dvrk/install/crtk_msgs/local/lib/python3.10/dist-packages/crtk_msgs/msg/_setpoint_mode_s.c
[18.640s] -- Symlinking: /home/utc_sim/ros2_dvrk/install/crtk_msgs/local/lib/python3.10/dist-packages/crtk_msgs/msg/_string_stamped.py
[18.657s] -- Symlinking: /home/utc_sim/ros2_dvrk/install/crtk_msgs/local/lib/python3.10/dist-packages/crtk_msgs/msg/_string_stamped_s.c
[18.662s] -- Symlinking: /home/utc_sim/ros2_dvrk/install/crtk_msgs/local/lib/python3.10/dist-packages/crtk_msgs/srv/__init__.py
[18.667s] -- Symlinking: /home/utc_sim/ros2_dvrk/install/crtk_msgs/local/lib/python3.10/dist-packages/crtk_msgs/srv/_query_forward_kinematics.py
[18.672s] -- Symlinking: /home/utc_sim/ros2_dvrk/install/crtk_msgs/local/lib/python3.10/dist-packages/crtk_msgs/srv/_query_forward_kinematics_s.c
[18.678s] -- Symlinking: /home/utc_sim/ros2_dvrk/install/crtk_msgs/local/lib/python3.10/dist-packages/crtk_msgs/srv/_query_inverse_kinematics.py
[18.686s] -- Symlinking: /home/utc_sim/ros2_dvrk/install/crtk_msgs/local/lib/python3.10/dist-packages/crtk_msgs/srv/_query_inverse_kinematics_s.c
[18.690s] -- Symlinking: /home/utc_sim/ros2_dvrk/install/crtk_msgs/local/lib/python3.10/dist-packages/crtk_msgs/srv/_trigger_operating_state.py
[18.695s] -- Symlinking: /home/utc_sim/ros2_dvrk/install/crtk_msgs/local/lib/python3.10/dist-packages/crtk_msgs/srv/_trigger_operating_state_s.c
[18.701s] -- Up-to-date symlink: /home/utc_sim/ros2_dvrk/install/crtk_msgs/local/lib/python3.10/dist-packages/crtk_msgs/crtk_msgs_s__rosidl_typesupport_fastrtps_c.cpython-310-aarch64-linux-gnu.so
[18.701s] -- Up-to-date symlink: /home/utc_sim/ros2_dvrk/install/crtk_msgs/local/lib/python3.10/dist-packages/crtk_msgs/crtk_msgs_s__rosidl_typesupport_introspection_c.cpython-310-aarch64-linux-gnu.so
[18.702s] -- Up-to-date symlink: /home/utc_sim/ros2_dvrk/install/crtk_msgs/local/lib/python3.10/dist-packages/crtk_msgs/crtk_msgs_s__rosidl_typesupport_c.cpython-310-aarch64-linux-gnu.so
[18.702s] -- Symlinking: /home/utc_sim/ros2_dvrk/install/crtk_msgs/share/crtk_msgs/msg/OperatingState.idl
[18.707s] -- Symlinking: /home/utc_sim/ros2_dvrk/install/crtk_msgs/share/crtk_msgs/msg/StringStamped.idl
[18.713s] -- Symlinking: /home/utc_sim/ros2_dvrk/install/crtk_msgs/share/crtk_msgs/msg/CartesianImpedanceHalfPlaneGains.idl
[18.720s] -- Symlinking: /home/utc_sim/ros2_dvrk/install/crtk_msgs/share/crtk_msgs/msg/CartesianImpedance.idl
[18.725s] -- Symlinking: /home/utc_sim/ros2_dvrk/install/crtk_msgs/share/crtk_msgs/msg/CartesianState.idl
[18.730s] -- Symlinking: /home/utc_sim/ros2_dvrk/install/crtk_msgs/share/crtk_msgs/msg/SetpointMode.idl
[18.736s] -- Symlinking: /home/utc_sim/ros2_dvrk/install/crtk_msgs/share/crtk_msgs/msg/CartesianServo.idl
[18.748s] -- Symlinking: /home/utc_sim/ros2_dvrk/install/crtk_msgs/share/crtk_msgs/msg/JointServo.idl
[18.753s] -- Symlinking: /home/utc_sim/ros2_dvrk/install/crtk_msgs/share/crtk_msgs/srv/TriggerOperatingState.idl
[18.758s] -- Symlinking: /home/utc_sim/ros2_dvrk/install/crtk_msgs/share/crtk_msgs/srv/QueryForwardKinematics.idl
[18.762s] -- Symlinking: /home/utc_sim/ros2_dvrk/install/crtk_msgs/share/crtk_msgs/srv/QueryInverseKinematics.idl
[18.767s] -- Symlinking: /home/utc_sim/ros2_dvrk/install/crtk_msgs/share/crtk_msgs/msg/OperatingState.msg
[18.771s] -- Symlinking: /home/utc_sim/ros2_dvrk/install/crtk_msgs/share/crtk_msgs/msg/StringStamped.msg
[18.775s] -- Symlinking: /home/utc_sim/ros2_dvrk/install/crtk_msgs/share/crtk_msgs/msg/CartesianImpedanceHalfPlaneGains.msg
[18.781s] -- Symlinking: /home/utc_sim/ros2_dvrk/install/crtk_msgs/share/crtk_msgs/msg/CartesianImpedance.msg
[18.786s] -- Symlinking: /home/utc_sim/ros2_dvrk/install/crtk_msgs/share/crtk_msgs/msg/CartesianState.msg
[18.791s] -- Symlinking: /home/utc_sim/ros2_dvrk/install/crtk_msgs/share/crtk_msgs/msg/SetpointMode.msg
[18.796s] -- Symlinking: /home/utc_sim/ros2_dvrk/install/crtk_msgs/share/crtk_msgs/msg/CartesianServo.msg
[18.801s] -- Symlinking: /home/utc_sim/ros2_dvrk/install/crtk_msgs/share/crtk_msgs/msg/JointServo.msg
[18.808s] -- Symlinking: /home/utc_sim/ros2_dvrk/install/crtk_msgs/share/crtk_msgs/srv/TriggerOperatingState.srv
[18.813s] -- Symlinking: /home/utc_sim/ros2_dvrk/install/crtk_msgs/share/crtk_msgs/srv/TriggerOperatingState_Request.msg
[18.818s] -- Symlinking: /home/utc_sim/ros2_dvrk/install/crtk_msgs/share/crtk_msgs/srv/TriggerOperatingState_Response.msg
[18.822s] -- Symlinking: /home/utc_sim/ros2_dvrk/install/crtk_msgs/share/crtk_msgs/srv/QueryForwardKinematics.srv
[18.828s] -- Symlinking: /home/utc_sim/ros2_dvrk/install/crtk_msgs/share/crtk_msgs/srv/QueryForwardKinematics_Request.msg
[18.832s] -- Symlinking: /home/utc_sim/ros2_dvrk/install/crtk_msgs/share/crtk_msgs/srv/QueryForwardKinematics_Response.msg
[18.838s] -- Symlinking: /home/utc_sim/ros2_dvrk/install/crtk_msgs/share/crtk_msgs/srv/QueryInverseKinematics.srv
[18.842s] -- Symlinking: /home/utc_sim/ros2_dvrk/install/crtk_msgs/share/crtk_msgs/srv/QueryInverseKinematics_Request.msg
[18.851s] -- Symlinking: /home/utc_sim/ros2_dvrk/install/crtk_msgs/share/crtk_msgs/srv/QueryInverseKinematics_Response.msg
[18.859s] -- Symlinking: /home/utc_sim/ros2_dvrk/install/crtk_msgs/share/ament_index/resource_index/package_run_dependencies/crtk_msgs
[18.866s] -- Symlinking: /home/utc_sim/ros2_dvrk/install/crtk_msgs/share/ament_index/resource_index/parent_prefix_path/crtk_msgs
[18.871s] -- Symlinking: /home/utc_sim/ros2_dvrk/install/crtk_msgs/share/crtk_msgs/environment/ament_prefix_path.sh
[18.876s] -- Symlinking: /home/utc_sim/ros2_dvrk/install/crtk_msgs/share/crtk_msgs/environment/ament_prefix_path.dsv
[18.880s] -- Symlinking: /home/utc_sim/ros2_dvrk/install/crtk_msgs/share/crtk_msgs/environment/path.sh
[18.884s] -- Symlinking: /home/utc_sim/ros2_dvrk/install/crtk_msgs/share/crtk_msgs/environment/path.dsv
[18.893s] -- Symlinking: /home/utc_sim/ros2_dvrk/install/crtk_msgs/share/crtk_msgs/local_setup.bash
[18.900s] -- Symlinking: /home/utc_sim/ros2_dvrk/install/crtk_msgs/share/crtk_msgs/local_setup.sh
[18.906s] -- Symlinking: /home/utc_sim/ros2_dvrk/install/crtk_msgs/share/crtk_msgs/local_setup.zsh
[18.910s] -- Symlinking: /home/utc_sim/ros2_dvrk/install/crtk_msgs/share/crtk_msgs/local_setup.dsv
[18.915s] -- Symlinking: /home/utc_sim/ros2_dvrk/install/crtk_msgs/share/crtk_msgs/package.dsv
[18.920s] -- Symlinking: /home/utc_sim/ros2_dvrk/install/crtk_msgs/share/ament_index/resource_index/packages/crtk_msgs
[18.925s] -- Symlinking: /home/utc_sim/ros2_dvrk/install/crtk_msgs/share/crtk_msgs/cmake/rosidl_cmake-extras.cmake
[18.935s] -- Symlinking: /home/utc_sim/ros2_dvrk/install/crtk_msgs/share/crtk_msgs/cmake/ament_cmake_export_dependencies-extras.cmake
[18.939s] -- Symlinking: /home/utc_sim/ros2_dvrk/install/crtk_msgs/share/crtk_msgs/cmake/ament_cmake_export_include_directories-extras.cmake
[18.945s] -- Symlinking: /home/utc_sim/ros2_dvrk/install/crtk_msgs/share/crtk_msgs/cmake/ament_cmake_export_libraries-extras.cmake
[18.952s] -- Symlinking: /home/utc_sim/ros2_dvrk/install/crtk_msgs/share/crtk_msgs/cmake/ament_cmake_export_targets-extras.cmake
[18.957s] -- Symlinking: /home/utc_sim/ros2_dvrk/install/crtk_msgs/share/crtk_msgs/cmake/rosidl_cmake_export_typesupport_targets-extras.cmake
[18.962s] -- Symlinking: /home/utc_sim/ros2_dvrk/install/crtk_msgs/share/crtk_msgs/cmake/rosidl_cmake_export_typesupport_libraries-extras.cmake
[18.968s] -- Symlinking: /home/utc_sim/ros2_dvrk/install/crtk_msgs/share/crtk_msgs/cmake/crtk_msgsConfig.cmake
[18.973s] -- Symlinking: /home/utc_sim/ros2_dvrk/install/crtk_msgs/share/crtk_msgs/cmake/crtk_msgsConfig-version.cmake
[18.977s] -- Symlinking: /home/utc_sim/ros2_dvrk/install/crtk_msgs/share/crtk_msgs/package.xml
[18.981s] -- Installing: /home/utc_sim/ros2_dvrk/install/crtk_msgs/lib/libcrtk_msgs__rosidl_generator_c.so
[18.981s] -- Set runtime path of "/home/utc_sim/ros2_dvrk/install/crtk_msgs/lib/libcrtk_msgs__rosidl_generator_c.so" to ""
[18.981s] -- Installing: /home/utc_sim/ros2_dvrk/install/crtk_msgs/lib/libcrtk_msgs__rosidl_typesupport_fastrtps_c.so
[18.982s] -- Set runtime path of "/home/utc_sim/ros2_dvrk/install/crtk_msgs/lib/libcrtk_msgs__rosidl_typesupport_fastrtps_c.so" to ""
[18.982s] -- Installing: /home/utc_sim/ros2_dvrk/install/crtk_msgs/lib/libcrtk_msgs__rosidl_typesupport_fastrtps_cpp.so
[18.982s] -- Set runtime path of "/home/utc_sim/ros2_dvrk/install/crtk_msgs/lib/libcrtk_msgs__rosidl_typesupport_fastrtps_cpp.so" to ""
[18.982s] -- Installing: /home/utc_sim/ros2_dvrk/install/crtk_msgs/lib/libcrtk_msgs__rosidl_typesupport_introspection_c.so
[18.982s] -- Set runtime path of "/home/utc_sim/ros2_dvrk/install/crtk_msgs/lib/libcrtk_msgs__rosidl_typesupport_introspection_c.so" to ""
[18.982s] -- Installing: /home/utc_sim/ros2_dvrk/install/crtk_msgs/lib/libcrtk_msgs__rosidl_typesupport_c.so
[18.982s] -- Set runtime path of "/home/utc_sim/ros2_dvrk/install/crtk_msgs/lib/libcrtk_msgs__rosidl_typesupport_c.so" to ""
[18.983s] -- Installing: /home/utc_sim/ros2_dvrk/install/crtk_msgs/lib/libcrtk_msgs__rosidl_typesupport_introspection_cpp.so
[18.983s] -- Set runtime path of "/home/utc_sim/ros2_dvrk/install/crtk_msgs/lib/libcrtk_msgs__rosidl_typesupport_introspection_cpp.so" to ""
[18.983s] -- Installing: /home/utc_sim/ros2_dvrk/install/crtk_msgs/lib/libcrtk_msgs__rosidl_typesupport_cpp.so
[18.983s] -- Set runtime path of "/home/utc_sim/ros2_dvrk/install/crtk_msgs/lib/libcrtk_msgs__rosidl_typesupport_cpp.so" to ""
[19.018s] Listing '/home/utc_sim/ros2_dvrk/install/crtk_msgs/local/lib/python3.10/dist-packages/crtk_msgs'...
[19.018s] Compiling '/home/utc_sim/ros2_dvrk/install/crtk_msgs/local/lib/python3.10/dist-packages/crtk_msgs/__init__.py'...
[19.018s] Listing '/home/utc_sim/ros2_dvrk/install/crtk_msgs/local/lib/python3.10/dist-packages/crtk_msgs/msg'...
[19.018s] Compiling '/home/utc_sim/ros2_dvrk/install/crtk_msgs/local/lib/python3.10/dist-packages/crtk_msgs/msg/__init__.py'...
[19.018s] Compiling '/home/utc_sim/ros2_dvrk/install/crtk_msgs/local/lib/python3.10/dist-packages/crtk_msgs/msg/_cartesian_impedance.py'...
[19.018s] Compiling '/home/utc_sim/ros2_dvrk/install/crtk_msgs/local/lib/python3.10/dist-packages/crtk_msgs/msg/_cartesian_impedance_half_plane_gains.py'...
[19.018s] Compiling '/home/utc_sim/ros2_dvrk/install/crtk_msgs/local/lib/python3.10/dist-packages/crtk_msgs/msg/_cartesian_servo.py'...
[19.018s] Compiling '/home/utc_sim/ros2_dvrk/install/crtk_msgs/local/lib/python3.10/dist-packages/crtk_msgs/msg/_cartesian_state.py'...
[19.018s] Compiling '/home/utc_sim/ros2_dvrk/install/crtk_msgs/local/lib/python3.10/dist-packages/crtk_msgs/msg/_joint_servo.py'...
[19.018s] Compiling '/home/utc_sim/ros2_dvrk/install/crtk_msgs/local/lib/python3.10/dist-packages/crtk_msgs/msg/_operating_state.py'...
[19.018s] Compiling '/home/utc_sim/ros2_dvrk/install/crtk_msgs/local/lib/python3.10/dist-packages/crtk_msgs/msg/_setpoint_mode.py'...
[19.018s] Compiling '/home/utc_sim/ros2_dvrk/install/crtk_msgs/local/lib/python3.10/dist-packages/crtk_msgs/msg/_string_stamped.py'...
[19.018s] Listing '/home/utc_sim/ros2_dvrk/install/crtk_msgs/local/lib/python3.10/dist-packages/crtk_msgs/srv'...
[19.018s] Compiling '/home/utc_sim/ros2_dvrk/install/crtk_msgs/local/lib/python3.10/dist-packages/crtk_msgs/srv/__init__.py'...
[19.018s] Compiling '/home/utc_sim/ros2_dvrk/install/crtk_msgs/local/lib/python3.10/dist-packages/crtk_msgs/srv/_query_forward_kinematics.py'...
[19.018s] Compiling '/home/utc_sim/ros2_dvrk/install/crtk_msgs/local/lib/python3.10/dist-packages/crtk_msgs/srv/_query_inverse_kinematics.py'...
[19.019s] Compiling '/home/utc_sim/ros2_dvrk/install/crtk_msgs/local/lib/python3.10/dist-packages/crtk_msgs/srv/_trigger_operating_state.py'...
[19.022s] -- Installing: /home/utc_sim/ros2_dvrk/install/crtk_msgs/lib/libcrtk_msgs__rosidl_generator_py.so
[19.023s] -- Set runtime path of "/home/utc_sim/ros2_dvrk/install/crtk_msgs/lib/libcrtk_msgs__rosidl_generator_py.so" to ""
[19.023s] -- Installing: /home/utc_sim/ros2_dvrk/install/crtk_msgs/share/crtk_msgs/cmake/export_crtk_msgs__rosidl_generator_cExport.cmake
[19.023s] -- Installing: /home/utc_sim/ros2_dvrk/install/crtk_msgs/share/crtk_msgs/cmake/export_crtk_msgs__rosidl_generator_cExport-release.cmake
[19.023s] -- Installing: /home/utc_sim/ros2_dvrk/install/crtk_msgs/share/crtk_msgs/cmake/export_crtk_msgs__rosidl_typesupport_fastrtps_cExport.cmake
[19.023s] -- Installing: /home/utc_sim/ros2_dvrk/install/crtk_msgs/share/crtk_msgs/cmake/export_crtk_msgs__rosidl_typesupport_fastrtps_cExport-release.cmake
[19.023s] -- Installing: /home/utc_sim/ros2_dvrk/install/crtk_msgs/share/crtk_msgs/cmake/export_crtk_msgs__rosidl_generator_cppExport.cmake
[19.023s] -- Installing: /home/utc_sim/ros2_dvrk/install/crtk_msgs/share/crtk_msgs/cmake/export_crtk_msgs__rosidl_typesupport_fastrtps_cppExport.cmake
[19.023s] -- Installing: /home/utc_sim/ros2_dvrk/install/crtk_msgs/share/crtk_msgs/cmake/export_crtk_msgs__rosidl_typesupport_fastrtps_cppExport-release.cmake
[19.024s] -- Installing: /home/utc_sim/ros2_dvrk/install/crtk_msgs/share/crtk_msgs/cmake/crtk_msgs__rosidl_typesupport_introspection_cExport.cmake
[19.024s] -- Installing: /home/utc_sim/ros2_dvrk/install/crtk_msgs/share/crtk_msgs/cmake/crtk_msgs__rosidl_typesupport_introspection_cExport-release.cmake
[19.024s] -- Installing: /home/utc_sim/ros2_dvrk/install/crtk_msgs/share/crtk_msgs/cmake/crtk_msgs__rosidl_typesupport_cExport.cmake
[19.024s] -- Installing: /home/utc_sim/ros2_dvrk/install/crtk_msgs/share/crtk_msgs/cmake/crtk_msgs__rosidl_typesupport_cExport-release.cmake
[19.024s] -- Installing: /home/utc_sim/ros2_dvrk/install/crtk_msgs/share/crtk_msgs/cmake/crtk_msgs__rosidl_typesupport_introspection_cppExport.cmake
[19.024s] -- Installing: /home/utc_sim/ros2_dvrk/install/crtk_msgs/share/crtk_msgs/cmake/crtk_msgs__rosidl_typesupport_introspection_cppExport-release.cmake
[19.024s] -- Installing: /home/utc_sim/ros2_dvrk/install/crtk_msgs/share/crtk_msgs/cmake/crtk_msgs__rosidl_typesupport_cppExport.cmake
[19.024s] -- Installing: /home/utc_sim/ros2_dvrk/install/crtk_msgs/share/crtk_msgs/cmake/crtk_msgs__rosidl_typesupport_cppExport-release.cmake
[19.024s] -- Installing: /home/utc_sim/ros2_dvrk/install/crtk_msgs/share/crtk_msgs/cmake/export_crtk_msgs__rosidl_generator_pyExport.cmake
[19.025s] -- Installing: /home/utc_sim/ros2_dvrk/install/crtk_msgs/share/crtk_msgs/cmake/export_crtk_msgs__rosidl_generator_pyExport-release.cmake
[19.027s] Invoked command in '/home/utc_sim/ros2_dvrk/build/crtk_msgs' returned '0': CMAKE_PREFIX_PATH=${CMAKE_PREFIX_PATH}:/home/utc_sim/ros2_ws/install /usr/bin/cmake --install /home/utc_sim/ros2_dvrk/build/crtk_msgs
