-- The C compiler identification is GNU 11.4.0
-- The CXX compiler identification is GNU 11.4.0
-- Detecting C compiler ABI info
-- Detecting C compiler ABI info - done
-- Check for working C compiler: /usr/bin/cc - skipped
-- Detecting C compile features
-- Detecting C compile features - done
-- Detecting CXX compiler ABI info
-- Detecting CXX compiler ABI info - done
-- Check for working CXX compiler: /usr/bin/c++ - skipped
-- Detecting CXX compile features
-- Detecting CXX compile features - done
-- Found Python3: /usr/bin/python3 (found version "3.10.12") found components: Interpreter 
-- Found rclcpp: 16.0.17 (/opt/ros/humble/share/rclcpp/cmake)
-- Found rosidl_generator_c: 3.1.8 (/opt/ros/humble/share/rosidl_generator_c/cmake)
-- Found rosidl_adapter: 3.1.8 (/opt/ros/humble/share/rosidl_adapter/cmake)
-- Found rosidl_generator_cpp: 3.1.8 (/opt/ros/humble/share/rosidl_generator_cpp/cmake)
-- Using all available rosidl_typesupport_c: rosidl_typesupport_fastrtps_c;rosidl_typesupport_introspection_c
-- Using all available rosidl_typesupport_cpp: rosidl_typesupport_fastrtps_cpp;rosidl_typesupport_introspection_cpp
-- Found rmw_implementation_cmake: 6.1.2 (/opt/ros/humble/share/rmw_implementation_cmake/cmake)
-- Found rmw_fastrtps_cpp: 6.2.9 (/opt/ros/humble/share/rmw_fastrtps_cpp/cmake)
-- Found OpenSSL: /usr/lib/aarch64-linux-gnu/libcrypto.so (found version "3.0.2")  
-- Found FastRTPS: /opt/ros/humble/include  
-- Using RMW implementation 'rmw_fastrtps_cpp' as default
-- Looking for pthread.h
-- Looking for pthread.h - found
-- Performing Test CMAKE_HAVE_LIBC_PTHREAD
-- Performing Test CMAKE_HAVE_LIBC_PTHREAD - Success
-- Found Threads: TRUE  
-- Found std_srvs: 4.9.0 (/opt/ros/humble/share/std_srvs/cmake)
-- Found geometry_msgs: 4.9.0 (/opt/ros/humble/share/geometry_msgs/cmake)
-- Found sensor_msgs: 4.9.0 (/opt/ros/humble/share/sensor_msgs/cmake)
-- Found diagnostic_msgs: 4.9.0 (/opt/ros/humble/share/diagnostic_msgs/cmake)
-- Found tf2_ros: 0.25.18 (/opt/ros/humble/share/tf2_ros/cmake)
-- Found cisst_msgs: 4.0.0 (/home/utc_sim/ros2_dvrk/install/cisst_msgs/share/cisst_msgs/cmake)
-- Found crtk_msgs: 1.3.0 (/home/utc_sim/ros2_dvrk/install/crtk_msgs/share/crtk_msgs/cmake)
-- Found cisst_ros_bridge: 4.0.0 (/home/utc_sim/ros2_dvrk/install/cisst_ros_bridge/share/cisst_ros_bridge/cmake)
-- Found cisst_ros_crtk: 4.0.0 (/home/utc_sim/ros2_dvrk/install/cisst_ros_crtk/share/cisst_ros_crtk/cmake)
-- Information: cisst has been found in "/home/utc_sim/ros2_dvrk/install/cisst/", headers are in "/home/utc_sim/ros2_dvrk/install/cisst//include"
-- Performing Test CXX_SUPPORTS_WEXTRA
-- Performing Test CXX_SUPPORTS_WEXTRA - Success
-- Performing Test CXX_SUPPORTS_WALL
-- Performing Test CXX_SUPPORTS_WALL - Success
-- Configuring done
-- Generating done
-- Build files have been written to: /home/utc_sim/ros2_dvrk/build/saw_controllers_ros
[ 50%] [32mBuilding CXX object CMakeFiles/saw_controllers_ros.dir/src/mts_ros_crtk_controllers_pid_bridge.cpp.o[0m
[100%] [32m[1mLinking CXX shared library libsaw_controllers_ros.so[0m
[100%] Built target saw_controllers_ros
-- Install configuration: "Release"
-- Installing: /home/utc_sim/ros2_dvrk/install/saw_controllers_ros/lib/libsaw_controllers_ros.so
-- Set runtime path of "/home/utc_sim/ros2_dvrk/install/saw_controllers_ros/lib/libsaw_controllers_ros.so" to ""
-- Installing: /home/utc_sim/ros2_dvrk/install/saw_controllers_ros/include/saw_controllers_ros
-- Installing: /home/utc_sim/ros2_dvrk/install/saw_controllers_ros/include/saw_controllers_ros/mts_ros_crtk_controllers_pid_bridge.h
-- Installing: /home/utc_sim/ros2_dvrk/install/saw_controllers_ros/share/saw_controllers_ros/environment/library_path.sh
-- Installing: /home/utc_sim/ros2_dvrk/install/saw_controllers_ros/share/saw_controllers_ros/environment/library_path.dsv
-- Installing: /home/utc_sim/ros2_dvrk/install/saw_controllers_ros/share/ament_index/resource_index/package_run_dependencies/saw_controllers_ros
-- Installing: /home/utc_sim/ros2_dvrk/install/saw_controllers_ros/share/ament_index/resource_index/parent_prefix_path/saw_controllers_ros
-- Installing: /home/utc_sim/ros2_dvrk/install/saw_controllers_ros/share/saw_controllers_ros/environment/ament_prefix_path.sh
-- Installing: /home/utc_sim/ros2_dvrk/install/saw_controllers_ros/share/saw_controllers_ros/environment/ament_prefix_path.dsv
-- Installing: /home/utc_sim/ros2_dvrk/install/saw_controllers_ros/share/saw_controllers_ros/environment/path.sh
-- Installing: /home/utc_sim/ros2_dvrk/install/saw_controllers_ros/share/saw_controllers_ros/environment/path.dsv
-- Installing: /home/utc_sim/ros2_dvrk/install/saw_controllers_ros/share/saw_controllers_ros/local_setup.bash
-- Installing: /home/utc_sim/ros2_dvrk/install/saw_controllers_ros/share/saw_controllers_ros/local_setup.sh
-- Installing: /home/utc_sim/ros2_dvrk/install/saw_controllers_ros/share/saw_controllers_ros/local_setup.zsh
-- Installing: /home/utc_sim/ros2_dvrk/install/saw_controllers_ros/share/saw_controllers_ros/local_setup.dsv
-- Installing: /home/utc_sim/ros2_dvrk/install/saw_controllers_ros/share/saw_controllers_ros/package.dsv
-- Installing: /home/utc_sim/ros2_dvrk/install/saw_controllers_ros/share/ament_index/resource_index/packages/saw_controllers_ros
-- Installing: /home/utc_sim/ros2_dvrk/install/saw_controllers_ros/share/saw_controllers_ros/cmake/saw_controllers_rosExport.cmake
-- Installing: /home/utc_sim/ros2_dvrk/install/saw_controllers_ros/share/saw_controllers_ros/cmake/saw_controllers_rosExport-release.cmake
-- Installing: /home/utc_sim/ros2_dvrk/install/saw_controllers_ros/share/saw_controllers_ros/cmake/ament_cmake_export_targets-extras.cmake
-- Installing: /home/utc_sim/ros2_dvrk/install/saw_controllers_ros/share/saw_controllers_ros/cmake/saw_controllers_rosConfig.cmake
-- Installing: /home/utc_sim/ros2_dvrk/install/saw_controllers_ros/share/saw_controllers_ros/cmake/saw_controllers_rosConfig-version.cmake
-- Installing: /home/utc_sim/ros2_dvrk/install/saw_controllers_ros/share/saw_controllers_ros/package.xml
