[0.044s] Invoking command in '/home/utc_sim/ros2_dvrk/build/saw_controllers_ros': AMENT_PREFIX_PATH=/home/utc_sim/ros2_dvrk/install/cisst_ros_crtk:/home/utc_sim/ros2_dvrk/install/cisst_ros_bridge:/home/utc_sim/ros2_dvrk/install/crtk_msgs:/home/utc_sim/ros2_dvrk/install/cisst_msgs:${AMENT_PREFIX_PATH} CISST_ROOT=/home/utc_sim/ros2_dvrk/install/cisst CMAKE_PREFIX_PATH=/home/utc_sim/ros2_dvrk/install/sawControllersCore:/home/utc_sim/ros2_dvrk/install/cisst_ros_crtk:/home/utc_sim/ros2_dvrk/install/sawKeyboardAll:/home/utc_sim/ros2_dvrk/install/cisst_ros_bridge:/home/utc_sim/ros2_ws/install::/home/utc_sim/ros2_dvrk/install/cisst:/home/utc_sim/ros2_dvrk/install/crtk_msgs:/home/utc_sim/ros2_dvrk/install/cisst_msgs:/home/utc_sim/ros2_dvrk/install/cisstNetlib:/opt/ros/humble:/opt/ros/humble LD_LIBRARY_PATH=/home/utc_sim/ros2_dvrk/install/sawControllersCore/lib:/home/utc_sim/ros2_dvrk/install/cisst_ros_crtk/lib:/home/utc_sim/ros2_dvrk/install/sawKeyboardAll/lib:/home/utc_sim/ros2_dvrk/install/cisst_ros_bridge/lib:/home/utc_sim/ros2_dvrk/install/cisst/lib:/home/utc_sim/ros2_dvrk/install/cisst/lib:/home/utc_sim/ros2_dvrk/install/crtk_msgs/lib:/home/utc_sim/ros2_dvrk/install/cisst_msgs/lib:${LD_LIBRARY_PATH} PATH=/home/utc_sim/ros2_dvrk/install/sawControllersCore/bin:/home/utc_sim/ros2_dvrk/install/cisst/bin:/home/utc_sim/ros2_dvrk/install/cisst/bin:${PATH} PKG_CONFIG_PATH=/home/utc_sim/ros2_dvrk/install/cisst/lib/aarch64-linux-gnu/pkgconfig:/home/utc_sim/ros2_dvrk/install/cisst/lib/pkgconfig:/home/utc_sim/ros2_dvrk/install/cisstNetlib/lib/aarch64-linux-gnu/pkgconfig:/home/utc_sim/ros2_dvrk/install/cisstNetlib/lib/pkgconfig PYTHONPATH=/home/utc_sim/ros2_dvrk/install/cisst/lib:/home/utc_sim/ros2_dvrk/install/crtk_msgs/local/lib/python3.10/dist-packages:/home/utc_sim/ros2_dvrk/install/cisst_msgs/local/lib/python3.10/dist-packages:${PYTHONPATH} ROS_PACKAGE_PATH=/home/utc_sim/ros2_dvrk/install/cisst/share /usr/bin/cmake /home/utc_sim/ros2_dvrk/src/cisst-saw/sawControllers/ros -DCMAKE_BUILD_TYPE=Release -DCMAKE_INSTALL_PREFIX=/home/utc_sim/ros2_dvrk/install/saw_controllers_ros
[0.120s] -- The C compiler identification is GNU 11.4.0
[0.194s] -- The CXX compiler identification is GNU 11.4.0
[0.201s] -- Detecting C compiler ABI info
[0.278s] -- Detecting C compiler ABI info - done
[0.283s] -- Check for working C compiler: /usr/bin/cc - skipped
[0.284s] -- Detecting C compile features
[0.284s] -- Detecting C compile features - done
[0.286s] -- Detecting CXX compiler ABI info
[0.397s] -- Detecting CXX compiler ABI info - done
[0.405s] -- Check for working CXX compiler: /usr/bin/c++ - skipped
[0.405s] -- Detecting CXX compile features
[0.405s] -- Detecting CXX compile features - done
[0.570s] -- Found Python3: /usr/bin/python3 (found version "3.10.12") found components: Interpreter 
[0.648s] -- Found rclcpp: 16.0.17 (/opt/ros/humble/share/rclcpp/cmake)
[0.700s] -- Found rosidl_generator_c: 3.1.8 (/opt/ros/humble/share/rosidl_generator_c/cmake)
[0.706s] -- Found rosidl_adapter: 3.1.8 (/opt/ros/humble/share/rosidl_adapter/cmake)
[0.713s] -- Found rosidl_generator_cpp: 3.1.8 (/opt/ros/humble/share/rosidl_generator_cpp/cmake)
[0.723s] -- Using all available rosidl_typesupport_c: rosidl_typesupport_fastrtps_c;rosidl_typesupport_introspection_c
[0.739s] -- Using all available rosidl_typesupport_cpp: rosidl_typesupport_fastrtps_cpp;rosidl_typesupport_introspection_cpp
[0.780s] -- Found rmw_implementation_cmake: 6.1.2 (/opt/ros/humble/share/rmw_implementation_cmake/cmake)
[0.782s] -- Found rmw_fastrtps_cpp: 6.2.9 (/opt/ros/humble/share/rmw_fastrtps_cpp/cmake)
[0.913s] -- Found OpenSSL: /usr/lib/aarch64-linux-gnu/libcrypto.so (found version "3.0.2")  
[0.942s] -- Found FastRTPS: /opt/ros/humble/include  
[0.978s] -- Using RMW implementation 'rmw_fastrtps_cpp' as default
[0.987s] -- Looking for pthread.h
[1.072s] -- Looking for pthread.h - found
[1.073s] -- Performing Test CMAKE_HAVE_LIBC_PTHREAD
[1.206s] -- Performing Test CMAKE_HAVE_LIBC_PTHREAD - Success
[1.207s] -- Found Threads: TRUE  
[1.261s] -- Found std_srvs: 4.9.0 (/opt/ros/humble/share/std_srvs/cmake)
[1.271s] -- Found geometry_msgs: 4.9.0 (/opt/ros/humble/share/geometry_msgs/cmake)
[1.284s] -- Found sensor_msgs: 4.9.0 (/opt/ros/humble/share/sensor_msgs/cmake)
[1.301s] -- Found diagnostic_msgs: 4.9.0 (/opt/ros/humble/share/diagnostic_msgs/cmake)
[1.314s] -- Found tf2_ros: 0.25.18 (/opt/ros/humble/share/tf2_ros/cmake)
[1.408s] -- Found cisst_msgs: 4.0.0 (/home/utc_sim/ros2_dvrk/install/cisst_msgs/share/cisst_msgs/cmake)
[1.421s] -- Found crtk_msgs: 1.3.0 (/home/utc_sim/ros2_dvrk/install/crtk_msgs/share/crtk_msgs/cmake)
[1.434s] -- Found cisst_ros_bridge: 4.0.0 (/home/utc_sim/ros2_dvrk/install/cisst_ros_bridge/share/cisst_ros_bridge/cmake)
[1.437s] -- Found cisst_ros_crtk: 4.0.0 (/home/utc_sim/ros2_dvrk/install/cisst_ros_crtk/share/cisst_ros_crtk/cmake)
[1.438s] -- Information: cisst has been found in "/home/utc_sim/ros2_dvrk/install/cisst/", headers are in "/home/utc_sim/ros2_dvrk/install/cisst//include"
[1.441s] -- Performing Test CXX_SUPPORTS_WEXTRA
[1.499s] -- Performing Test CXX_SUPPORTS_WEXTRA - Success
[1.499s] -- Performing Test CXX_SUPPORTS_WALL
[1.569s] -- Performing Test CXX_SUPPORTS_WALL - Success
[1.625s] -- Configuring done
[1.639s] -- Generating done
[1.643s] -- Build files have been written to: /home/utc_sim/ros2_dvrk/build/saw_controllers_ros
[1.652s] Invoked command in '/home/utc_sim/ros2_dvrk/build/saw_controllers_ros' returned '0': AMENT_PREFIX_PATH=/home/utc_sim/ros2_dvrk/install/cisst_ros_crtk:/home/utc_sim/ros2_dvrk/install/cisst_ros_bridge:/home/utc_sim/ros2_dvrk/install/crtk_msgs:/home/utc_sim/ros2_dvrk/install/cisst_msgs:${AMENT_PREFIX_PATH} CISST_ROOT=/home/utc_sim/ros2_dvrk/install/cisst CMAKE_PREFIX_PATH=/home/utc_sim/ros2_dvrk/install/sawControllersCore:/home/utc_sim/ros2_dvrk/install/cisst_ros_crtk:/home/utc_sim/ros2_dvrk/install/sawKeyboardAll:/home/utc_sim/ros2_dvrk/install/cisst_ros_bridge:/home/utc_sim/ros2_ws/install::/home/utc_sim/ros2_dvrk/install/cisst:/home/utc_sim/ros2_dvrk/install/crtk_msgs:/home/utc_sim/ros2_dvrk/install/cisst_msgs:/home/utc_sim/ros2_dvrk/install/cisstNetlib:/opt/ros/humble:/opt/ros/humble LD_LIBRARY_PATH=/home/utc_sim/ros2_dvrk/install/sawControllersCore/lib:/home/utc_sim/ros2_dvrk/install/cisst_ros_crtk/lib:/home/utc_sim/ros2_dvrk/install/sawKeyboardAll/lib:/home/utc_sim/ros2_dvrk/install/cisst_ros_bridge/lib:/home/utc_sim/ros2_dvrk/install/cisst/lib:/home/utc_sim/ros2_dvrk/install/cisst/lib:/home/utc_sim/ros2_dvrk/install/crtk_msgs/lib:/home/utc_sim/ros2_dvrk/install/cisst_msgs/lib:${LD_LIBRARY_PATH} PATH=/home/utc_sim/ros2_dvrk/install/sawControllersCore/bin:/home/utc_sim/ros2_dvrk/install/cisst/bin:/home/utc_sim/ros2_dvrk/install/cisst/bin:${PATH} PKG_CONFIG_PATH=/home/utc_sim/ros2_dvrk/install/cisst/lib/aarch64-linux-gnu/pkgconfig:/home/utc_sim/ros2_dvrk/install/cisst/lib/pkgconfig:/home/utc_sim/ros2_dvrk/install/cisstNetlib/lib/aarch64-linux-gnu/pkgconfig:/home/utc_sim/ros2_dvrk/install/cisstNetlib/lib/pkgconfig PYTHONPATH=/home/utc_sim/ros2_dvrk/install/cisst/lib:/home/utc_sim/ros2_dvrk/install/crtk_msgs/local/lib/python3.10/dist-packages:/home/utc_sim/ros2_dvrk/install/cisst_msgs/local/lib/python3.10/dist-packages:${PYTHONPATH} ROS_PACKAGE_PATH=/home/utc_sim/ros2_dvrk/install/cisst/share /usr/bin/cmake /home/utc_sim/ros2_dvrk/src/cisst-saw/sawControllers/ros -DCMAKE_BUILD_TYPE=Release -DCMAKE_INSTALL_PREFIX=/home/utc_sim/ros2_dvrk/install/saw_controllers_ros
[1.653s] Invoking command in '/home/utc_sim/ros2_dvrk/build/saw_controllers_ros': AMENT_PREFIX_PATH=/home/utc_sim/ros2_dvrk/install/cisst_ros_crtk:/home/utc_sim/ros2_dvrk/install/cisst_ros_bridge:/home/utc_sim/ros2_dvrk/install/crtk_msgs:/home/utc_sim/ros2_dvrk/install/cisst_msgs:${AMENT_PREFIX_PATH} CISST_ROOT=/home/utc_sim/ros2_dvrk/install/cisst CMAKE_PREFIX_PATH=/home/utc_sim/ros2_dvrk/install/sawControllersCore:/home/utc_sim/ros2_dvrk/install/cisst_ros_crtk:/home/utc_sim/ros2_dvrk/install/sawKeyboardAll:/home/utc_sim/ros2_dvrk/install/cisst_ros_bridge:/home/utc_sim/ros2_ws/install::/home/utc_sim/ros2_dvrk/install/cisst:/home/utc_sim/ros2_dvrk/install/crtk_msgs:/home/utc_sim/ros2_dvrk/install/cisst_msgs:/home/utc_sim/ros2_dvrk/install/cisstNetlib:/opt/ros/humble:/opt/ros/humble LD_LIBRARY_PATH=/home/utc_sim/ros2_dvrk/install/sawControllersCore/lib:/home/utc_sim/ros2_dvrk/install/cisst_ros_crtk/lib:/home/utc_sim/ros2_dvrk/install/sawKeyboardAll/lib:/home/utc_sim/ros2_dvrk/install/cisst_ros_bridge/lib:/home/utc_sim/ros2_dvrk/install/cisst/lib:/home/utc_sim/ros2_dvrk/install/cisst/lib:/home/utc_sim/ros2_dvrk/install/crtk_msgs/lib:/home/utc_sim/ros2_dvrk/install/cisst_msgs/lib:${LD_LIBRARY_PATH} PATH=/home/utc_sim/ros2_dvrk/install/sawControllersCore/bin:/home/utc_sim/ros2_dvrk/install/cisst/bin:/home/utc_sim/ros2_dvrk/install/cisst/bin:${PATH} PKG_CONFIG_PATH=/home/utc_sim/ros2_dvrk/install/cisst/lib/aarch64-linux-gnu/pkgconfig:/home/utc_sim/ros2_dvrk/install/cisst/lib/pkgconfig:/home/utc_sim/ros2_dvrk/install/cisstNetlib/lib/aarch64-linux-gnu/pkgconfig:/home/utc_sim/ros2_dvrk/install/cisstNetlib/lib/pkgconfig PYTHONPATH=/home/utc_sim/ros2_dvrk/install/cisst/lib:/home/utc_sim/ros2_dvrk/install/crtk_msgs/local/lib/python3.10/dist-packages:/home/utc_sim/ros2_dvrk/install/cisst_msgs/local/lib/python3.10/dist-packages:${PYTHONPATH} ROS_PACKAGE_PATH=/home/utc_sim/ros2_dvrk/install/cisst/share /usr/bin/cmake --build /home/utc_sim/ros2_dvrk/build/saw_controllers_ros -- -j8 -l8
[1.695s] [ 50%] [32mBuilding CXX object CMakeFiles/saw_controllers_ros.dir/src/mts_ros_crtk_controllers_pid_bridge.cpp.o[0m
[13.080s] [100%] [32m[1mLinking CXX shared library libsaw_controllers_ros.so[0m
[13.554s] [100%] Built target saw_controllers_ros
[13.568s] Invoked command in '/home/utc_sim/ros2_dvrk/build/saw_controllers_ros' returned '0': AMENT_PREFIX_PATH=/home/utc_sim/ros2_dvrk/install/cisst_ros_crtk:/home/utc_sim/ros2_dvrk/install/cisst_ros_bridge:/home/utc_sim/ros2_dvrk/install/crtk_msgs:/home/utc_sim/ros2_dvrk/install/cisst_msgs:${AMENT_PREFIX_PATH} CISST_ROOT=/home/utc_sim/ros2_dvrk/install/cisst CMAKE_PREFIX_PATH=/home/utc_sim/ros2_dvrk/install/sawControllersCore:/home/utc_sim/ros2_dvrk/install/cisst_ros_crtk:/home/utc_sim/ros2_dvrk/install/sawKeyboardAll:/home/utc_sim/ros2_dvrk/install/cisst_ros_bridge:/home/utc_sim/ros2_ws/install::/home/utc_sim/ros2_dvrk/install/cisst:/home/utc_sim/ros2_dvrk/install/crtk_msgs:/home/utc_sim/ros2_dvrk/install/cisst_msgs:/home/utc_sim/ros2_dvrk/install/cisstNetlib:/opt/ros/humble:/opt/ros/humble LD_LIBRARY_PATH=/home/utc_sim/ros2_dvrk/install/sawControllersCore/lib:/home/utc_sim/ros2_dvrk/install/cisst_ros_crtk/lib:/home/utc_sim/ros2_dvrk/install/sawKeyboardAll/lib:/home/utc_sim/ros2_dvrk/install/cisst_ros_bridge/lib:/home/utc_sim/ros2_dvrk/install/cisst/lib:/home/utc_sim/ros2_dvrk/install/cisst/lib:/home/utc_sim/ros2_dvrk/install/crtk_msgs/lib:/home/utc_sim/ros2_dvrk/install/cisst_msgs/lib:${LD_LIBRARY_PATH} PATH=/home/utc_sim/ros2_dvrk/install/sawControllersCore/bin:/home/utc_sim/ros2_dvrk/install/cisst/bin:/home/utc_sim/ros2_dvrk/install/cisst/bin:${PATH} PKG_CONFIG_PATH=/home/utc_sim/ros2_dvrk/install/cisst/lib/aarch64-linux-gnu/pkgconfig:/home/utc_sim/ros2_dvrk/install/cisst/lib/pkgconfig:/home/utc_sim/ros2_dvrk/install/cisstNetlib/lib/aarch64-linux-gnu/pkgconfig:/home/utc_sim/ros2_dvrk/install/cisstNetlib/lib/pkgconfig PYTHONPATH=/home/utc_sim/ros2_dvrk/install/cisst/lib:/home/utc_sim/ros2_dvrk/install/crtk_msgs/local/lib/python3.10/dist-packages:/home/utc_sim/ros2_dvrk/install/cisst_msgs/local/lib/python3.10/dist-packages:${PYTHONPATH} ROS_PACKAGE_PATH=/home/utc_sim/ros2_dvrk/install/cisst/share /usr/bin/cmake --build /home/utc_sim/ros2_dvrk/build/saw_controllers_ros -- -j8 -l8
[13.576s] Invoking command in '/home/utc_sim/ros2_dvrk/build/saw_controllers_ros': AMENT_PREFIX_PATH=/home/utc_sim/ros2_dvrk/install/cisst_ros_crtk:/home/utc_sim/ros2_dvrk/install/cisst_ros_bridge:/home/utc_sim/ros2_dvrk/install/crtk_msgs:/home/utc_sim/ros2_dvrk/install/cisst_msgs:${AMENT_PREFIX_PATH} CISST_ROOT=/home/utc_sim/ros2_dvrk/install/cisst CMAKE_PREFIX_PATH=/home/utc_sim/ros2_dvrk/install/sawControllersCore:/home/utc_sim/ros2_dvrk/install/cisst_ros_crtk:/home/utc_sim/ros2_dvrk/install/sawKeyboardAll:/home/utc_sim/ros2_dvrk/install/cisst_ros_bridge:/home/utc_sim/ros2_ws/install::/home/utc_sim/ros2_dvrk/install/cisst:/home/utc_sim/ros2_dvrk/install/crtk_msgs:/home/utc_sim/ros2_dvrk/install/cisst_msgs:/home/utc_sim/ros2_dvrk/install/cisstNetlib:/opt/ros/humble:/opt/ros/humble LD_LIBRARY_PATH=/home/utc_sim/ros2_dvrk/install/sawControllersCore/lib:/home/utc_sim/ros2_dvrk/install/cisst_ros_crtk/lib:/home/utc_sim/ros2_dvrk/install/sawKeyboardAll/lib:/home/utc_sim/ros2_dvrk/install/cisst_ros_bridge/lib:/home/utc_sim/ros2_dvrk/install/cisst/lib:/home/utc_sim/ros2_dvrk/install/cisst/lib:/home/utc_sim/ros2_dvrk/install/crtk_msgs/lib:/home/utc_sim/ros2_dvrk/install/cisst_msgs/lib:${LD_LIBRARY_PATH} PATH=/home/utc_sim/ros2_dvrk/install/sawControllersCore/bin:/home/utc_sim/ros2_dvrk/install/cisst/bin:/home/utc_sim/ros2_dvrk/install/cisst/bin:${PATH} PKG_CONFIG_PATH=/home/utc_sim/ros2_dvrk/install/cisst/lib/aarch64-linux-gnu/pkgconfig:/home/utc_sim/ros2_dvrk/install/cisst/lib/pkgconfig:/home/utc_sim/ros2_dvrk/install/cisstNetlib/lib/aarch64-linux-gnu/pkgconfig:/home/utc_sim/ros2_dvrk/install/cisstNetlib/lib/pkgconfig PYTHONPATH=/home/utc_sim/ros2_dvrk/install/cisst/lib:/home/utc_sim/ros2_dvrk/install/crtk_msgs/local/lib/python3.10/dist-packages:/home/utc_sim/ros2_dvrk/install/cisst_msgs/local/lib/python3.10/dist-packages:${PYTHONPATH} ROS_PACKAGE_PATH=/home/utc_sim/ros2_dvrk/install/cisst/share /usr/bin/cmake --install /home/utc_sim/ros2_dvrk/build/saw_controllers_ros
[13.582s] -- Install configuration: "Release"
[13.582s] -- Installing: /home/utc_sim/ros2_dvrk/install/saw_controllers_ros/lib/libsaw_controllers_ros.so
[13.584s] -- Set runtime path of "/home/utc_sim/ros2_dvrk/install/saw_controllers_ros/lib/libsaw_controllers_ros.so" to ""
[13.584s] -- Installing: /home/utc_sim/ros2_dvrk/install/saw_controllers_ros/include/saw_controllers_ros
[13.584s] -- Installing: /home/utc_sim/ros2_dvrk/install/saw_controllers_ros/include/saw_controllers_ros/mts_ros_crtk_controllers_pid_bridge.h
[13.585s] -- Installing: /home/utc_sim/ros2_dvrk/install/saw_controllers_ros/share/saw_controllers_ros/environment/library_path.sh
[13.585s] -- Installing: /home/utc_sim/ros2_dvrk/install/saw_controllers_ros/share/saw_controllers_ros/environment/library_path.dsv
[13.586s] -- Installing: /home/utc_sim/ros2_dvrk/install/saw_controllers_ros/share/ament_index/resource_index/package_run_dependencies/saw_controllers_ros
[13.587s] -- Installing: /home/utc_sim/ros2_dvrk/install/saw_controllers_ros/share/ament_index/resource_index/parent_prefix_path/saw_controllers_ros
[13.587s] -- Installing: /home/utc_sim/ros2_dvrk/install/saw_controllers_ros/share/saw_controllers_ros/environment/ament_prefix_path.sh
[13.587s] -- Installing: /home/utc_sim/ros2_dvrk/install/saw_controllers_ros/share/saw_controllers_ros/environment/ament_prefix_path.dsv
[13.588s] -- Installing: /home/utc_sim/ros2_dvrk/install/saw_controllers_ros/share/saw_controllers_ros/environment/path.sh
[13.588s] -- Installing: /home/utc_sim/ros2_dvrk/install/saw_controllers_ros/share/saw_controllers_ros/environment/path.dsv
[13.589s] -- Installing: /home/utc_sim/ros2_dvrk/install/saw_controllers_ros/share/saw_controllers_ros/local_setup.bash
[13.589s] -- Installing: /home/utc_sim/ros2_dvrk/install/saw_controllers_ros/share/saw_controllers_ros/local_setup.sh
[13.589s] -- Installing: /home/utc_sim/ros2_dvrk/install/saw_controllers_ros/share/saw_controllers_ros/local_setup.zsh
[13.590s] -- Installing: /home/utc_sim/ros2_dvrk/install/saw_controllers_ros/share/saw_controllers_ros/local_setup.dsv
[13.590s] -- Installing: /home/utc_sim/ros2_dvrk/install/saw_controllers_ros/share/saw_controllers_ros/package.dsv
[13.591s] -- Installing: /home/utc_sim/ros2_dvrk/install/saw_controllers_ros/share/ament_index/resource_index/packages/saw_controllers_ros
[13.592s] -- Installing: /home/utc_sim/ros2_dvrk/install/saw_controllers_ros/share/saw_controllers_ros/cmake/saw_controllers_rosExport.cmake
[13.593s] -- Installing: /home/utc_sim/ros2_dvrk/install/saw_controllers_ros/share/saw_controllers_ros/cmake/saw_controllers_rosExport-release.cmake
[13.594s] -- Installing: /home/utc_sim/ros2_dvrk/install/saw_controllers_ros/share/saw_controllers_ros/cmake/ament_cmake_export_targets-extras.cmake
[13.594s] -- Installing: /home/utc_sim/ros2_dvrk/install/saw_controllers_ros/share/saw_controllers_ros/cmake/saw_controllers_rosConfig.cmake
[13.594s] -- Installing: /home/utc_sim/ros2_dvrk/install/saw_controllers_ros/share/saw_controllers_ros/cmake/saw_controllers_rosConfig-version.cmake
[13.595s] -- Installing: /home/utc_sim/ros2_dvrk/install/saw_controllers_ros/share/saw_controllers_ros/package.xml
[13.598s] Invoked command in '/home/utc_sim/ros2_dvrk/build/saw_controllers_ros' returned '0': AMENT_PREFIX_PATH=/home/utc_sim/ros2_dvrk/install/cisst_ros_crtk:/home/utc_sim/ros2_dvrk/install/cisst_ros_bridge:/home/utc_sim/ros2_dvrk/install/crtk_msgs:/home/utc_sim/ros2_dvrk/install/cisst_msgs:${AMENT_PREFIX_PATH} CISST_ROOT=/home/utc_sim/ros2_dvrk/install/cisst CMAKE_PREFIX_PATH=/home/utc_sim/ros2_dvrk/install/sawControllersCore:/home/utc_sim/ros2_dvrk/install/cisst_ros_crtk:/home/utc_sim/ros2_dvrk/install/sawKeyboardAll:/home/utc_sim/ros2_dvrk/install/cisst_ros_bridge:/home/utc_sim/ros2_ws/install::/home/utc_sim/ros2_dvrk/install/cisst:/home/utc_sim/ros2_dvrk/install/crtk_msgs:/home/utc_sim/ros2_dvrk/install/cisst_msgs:/home/utc_sim/ros2_dvrk/install/cisstNetlib:/opt/ros/humble:/opt/ros/humble LD_LIBRARY_PATH=/home/utc_sim/ros2_dvrk/install/sawControllersCore/lib:/home/utc_sim/ros2_dvrk/install/cisst_ros_crtk/lib:/home/utc_sim/ros2_dvrk/install/sawKeyboardAll/lib:/home/utc_sim/ros2_dvrk/install/cisst_ros_bridge/lib:/home/utc_sim/ros2_dvrk/install/cisst/lib:/home/utc_sim/ros2_dvrk/install/cisst/lib:/home/utc_sim/ros2_dvrk/install/crtk_msgs/lib:/home/utc_sim/ros2_dvrk/install/cisst_msgs/lib:${LD_LIBRARY_PATH} PATH=/home/utc_sim/ros2_dvrk/install/sawControllersCore/bin:/home/utc_sim/ros2_dvrk/install/cisst/bin:/home/utc_sim/ros2_dvrk/install/cisst/bin:${PATH} PKG_CONFIG_PATH=/home/utc_sim/ros2_dvrk/install/cisst/lib/aarch64-linux-gnu/pkgconfig:/home/utc_sim/ros2_dvrk/install/cisst/lib/pkgconfig:/home/utc_sim/ros2_dvrk/install/cisstNetlib/lib/aarch64-linux-gnu/pkgconfig:/home/utc_sim/ros2_dvrk/install/cisstNetlib/lib/pkgconfig PYTHONPATH=/home/utc_sim/ros2_dvrk/install/cisst/lib:/home/utc_sim/ros2_dvrk/install/crtk_msgs/local/lib/python3.10/dist-packages:/home/utc_sim/ros2_dvrk/install/cisst_msgs/local/lib/python3.10/dist-packages:${PYTHONPATH} ROS_PACKAGE_PATH=/home/utc_sim/ros2_dvrk/install/cisst/share /usr/bin/cmake --install /home/utc_sim/ros2_dvrk/build/saw_controllers_ros
