[0.027s] Invoking command in '/home/utc_sim/ros2_dvrk/build/dvrk_arms_from_ros': AMENT_PREFIX_PATH=/home/utc_sim/ros2_dvrk/install/cisst_ros_crtk:/home/utc_sim/ros2_dvrk/install/cisst_ros_bridge:/home/utc_sim/ros2_dvrk/install/crtk_msgs:/home/utc_sim/ros2_dvrk/install/cisst_msgs:${AMENT_PREFIX_PATH} CISST_ROOT=/home/utc_sim/ros2_dvrk/install/cisst CMAKE_PREFIX_PATH=/home/utc_sim/ros2_dvrk/install/cisst_ros_crtk:/home/utc_sim/ros2_dvrk/install/cisst_ros_bridge:/home/utc_sim/ros2_ws/install::/home/utc_sim/ros2_dvrk/install/cisst:/home/utc_sim/ros2_dvrk/install/crtk_msgs:/home/utc_sim/ros2_dvrk/install/cisst_msgs:/home/utc_sim/ros2_dvrk/install/cisstNetlib:/opt/ros/humble:/opt/ros/humble LD_LIBRARY_PATH=/home/utc_sim/ros2_dvrk/install/cisst_ros_crtk/lib:/home/utc_sim/ros2_dvrk/install/cisst_ros_bridge/lib:/home/utc_sim/ros2_dvrk/install/cisst/lib:/home/utc_sim/ros2_dvrk/install/cisst/lib:/home/utc_sim/ros2_dvrk/install/crtk_msgs/lib:/home/utc_sim/ros2_dvrk/install/cisst_msgs/lib:${LD_LIBRARY_PATH} PATH=/home/utc_sim/ros2_dvrk/install/cisst/bin:/home/utc_sim/ros2_dvrk/install/cisst/bin:${PATH} PKG_CONFIG_PATH=/home/utc_sim/ros2_dvrk/install/cisst/lib/aarch64-linux-gnu/pkgconfig:/home/utc_sim/ros2_dvrk/install/cisst/lib/pkgconfig:/home/utc_sim/ros2_dvrk/install/cisstNetlib/lib/aarch64-linux-gnu/pkgconfig:/home/utc_sim/ros2_dvrk/install/cisstNetlib/lib/pkgconfig PYTHONPATH=/home/utc_sim/ros2_dvrk/install/cisst/lib:/home/utc_sim/ros2_dvrk/install/crtk_msgs/local/lib/python3.10/dist-packages:/home/utc_sim/ros2_dvrk/install/cisst_msgs/local/lib/python3.10/dist-packages:${PYTHONPATH} ROS_PACKAGE_PATH=/home/utc_sim/ros2_dvrk/install/cisst/share /usr/bin/cmake /home/utc_sim/ros2_dvrk/src/cisst-saw/sawIntuitiveResearchKit/ros/dvrk_arms_from_ros/components -DCMAKE_BUILD_TYPE=Release -DCMAKE_INSTALL_PREFIX=/home/utc_sim/ros2_dvrk/install/dvrk_arms_from_ros
[0.073s] -- The C compiler identification is GNU 11.4.0
[0.120s] -- The CXX compiler identification is GNU 11.4.0
[0.126s] -- Detecting C compiler ABI info
[0.188s] -- Detecting C compiler ABI info - done
[0.195s] -- Check for working C compiler: /usr/bin/cc - skipped
[0.195s] -- Detecting C compile features
[0.195s] -- Detecting C compile features - done
[0.198s] -- Detecting CXX compiler ABI info
[0.333s] -- Detecting CXX compiler ABI info - done
[0.343s] -- Check for working CXX compiler: /usr/bin/c++ - skipped
[0.343s] -- Detecting CXX compile features
[0.343s] -- Detecting CXX compile features - done
[0.478s] -- Found Python3: /usr/bin/python3 (found version "3.10.12") found components: Interpreter 
[0.545s] -- Found rclcpp: 16.0.17 (/opt/ros/humble/share/rclcpp/cmake)
[0.583s] -- Found rosidl_generator_c: 3.1.8 (/opt/ros/humble/share/rosidl_generator_c/cmake)
[0.585s] -- Found rosidl_adapter: 3.1.8 (/opt/ros/humble/share/rosidl_adapter/cmake)
[0.592s] -- Found rosidl_generator_cpp: 3.1.8 (/opt/ros/humble/share/rosidl_generator_cpp/cmake)
[0.602s] -- Using all available rosidl_typesupport_c: rosidl_typesupport_fastrtps_c;rosidl_typesupport_introspection_c
[0.615s] -- Using all available rosidl_typesupport_cpp: rosidl_typesupport_fastrtps_cpp;rosidl_typesupport_introspection_cpp
[0.652s] -- Found rmw_implementation_cmake: 6.1.2 (/opt/ros/humble/share/rmw_implementation_cmake/cmake)
[0.654s] -- Found rmw_fastrtps_cpp: 6.2.9 (/opt/ros/humble/share/rmw_fastrtps_cpp/cmake)
[0.718s] -- Found OpenSSL: /usr/lib/aarch64-linux-gnu/libcrypto.so (found version "3.0.2")  
[0.741s] -- Found FastRTPS: /opt/ros/humble/include  
[0.773s] -- Using RMW implementation 'rmw_fastrtps_cpp' as default
[0.781s] -- Looking for pthread.h
[0.837s] -- Looking for pthread.h - found
[0.838s] -- Performing Test CMAKE_HAVE_LIBC_PTHREAD
[0.888s] -- Performing Test CMAKE_HAVE_LIBC_PTHREAD - Success
[0.889s] -- Found Threads: TRUE  
[0.934s] -- Found std_srvs: 4.9.0 (/opt/ros/humble/share/std_srvs/cmake)
[0.950s] -- Found geometry_msgs: 4.9.0 (/opt/ros/humble/share/geometry_msgs/cmake)
[0.956s] -- Found sensor_msgs: 4.9.0 (/opt/ros/humble/share/sensor_msgs/cmake)
[0.972s] -- Found diagnostic_msgs: 4.9.0 (/opt/ros/humble/share/diagnostic_msgs/cmake)
[0.986s] -- Found tf2_ros: 0.25.18 (/opt/ros/humble/share/tf2_ros/cmake)
[1.079s] -- Found cisst_msgs: 4.0.0 (/home/utc_sim/ros2_dvrk/install/cisst_msgs/share/cisst_msgs/cmake)
[1.092s] -- Found crtk_msgs: 1.3.0 (/home/utc_sim/ros2_dvrk/install/crtk_msgs/share/crtk_msgs/cmake)
[1.105s] -- Found cisst_ros_bridge: 4.0.0 (/home/utc_sim/ros2_dvrk/install/cisst_ros_bridge/share/cisst_ros_bridge/cmake)
[1.106s] -- Found cisst_ros_crtk: 4.0.0 (/home/utc_sim/ros2_dvrk/install/cisst_ros_crtk/share/cisst_ros_crtk/cmake)
[1.107s] -- Information: cisst has been found in "/home/utc_sim/ros2_dvrk/install/cisst/", headers are in "/home/utc_sim/ros2_dvrk/install/cisst//include"
[1.112s] -- Performing Test CXX_SUPPORTS_WEXTRA
[1.168s] -- Performing Test CXX_SUPPORTS_WEXTRA - Success
[1.169s] -- Performing Test CXX_SUPPORTS_WALL
[1.221s] -- Performing Test CXX_SUPPORTS_WALL - Success
[1.223s] -- Assuming cisst is built using ROS/catkin since ROS_ROOT is defined in environment
[1.223s] -- CATKIN_DEVEL_PREFIX is not defined so assuming this is NOT a ROS/catkin build after all
[1.223s] -- Assuming cisst is built using ROS2/colcon since ROS_VERSION is 2
[1.274s] -- Configuring done
[1.288s] -- Generating done
[1.292s] -- Build files have been written to: /home/utc_sim/ros2_dvrk/build/dvrk_arms_from_ros
[1.299s] Invoked command in '/home/utc_sim/ros2_dvrk/build/dvrk_arms_from_ros' returned '0': AMENT_PREFIX_PATH=/home/utc_sim/ros2_dvrk/install/cisst_ros_crtk:/home/utc_sim/ros2_dvrk/install/cisst_ros_bridge:/home/utc_sim/ros2_dvrk/install/crtk_msgs:/home/utc_sim/ros2_dvrk/install/cisst_msgs:${AMENT_PREFIX_PATH} CISST_ROOT=/home/utc_sim/ros2_dvrk/install/cisst CMAKE_PREFIX_PATH=/home/utc_sim/ros2_dvrk/install/cisst_ros_crtk:/home/utc_sim/ros2_dvrk/install/cisst_ros_bridge:/home/utc_sim/ros2_ws/install::/home/utc_sim/ros2_dvrk/install/cisst:/home/utc_sim/ros2_dvrk/install/crtk_msgs:/home/utc_sim/ros2_dvrk/install/cisst_msgs:/home/utc_sim/ros2_dvrk/install/cisstNetlib:/opt/ros/humble:/opt/ros/humble LD_LIBRARY_PATH=/home/utc_sim/ros2_dvrk/install/cisst_ros_crtk/lib:/home/utc_sim/ros2_dvrk/install/cisst_ros_bridge/lib:/home/utc_sim/ros2_dvrk/install/cisst/lib:/home/utc_sim/ros2_dvrk/install/cisst/lib:/home/utc_sim/ros2_dvrk/install/crtk_msgs/lib:/home/utc_sim/ros2_dvrk/install/cisst_msgs/lib:${LD_LIBRARY_PATH} PATH=/home/utc_sim/ros2_dvrk/install/cisst/bin:/home/utc_sim/ros2_dvrk/install/cisst/bin:${PATH} PKG_CONFIG_PATH=/home/utc_sim/ros2_dvrk/install/cisst/lib/aarch64-linux-gnu/pkgconfig:/home/utc_sim/ros2_dvrk/install/cisst/lib/pkgconfig:/home/utc_sim/ros2_dvrk/install/cisstNetlib/lib/aarch64-linux-gnu/pkgconfig:/home/utc_sim/ros2_dvrk/install/cisstNetlib/lib/pkgconfig PYTHONPATH=/home/utc_sim/ros2_dvrk/install/cisst/lib:/home/utc_sim/ros2_dvrk/install/crtk_msgs/local/lib/python3.10/dist-packages:/home/utc_sim/ros2_dvrk/install/cisst_msgs/local/lib/python3.10/dist-packages:${PYTHONPATH} ROS_PACKAGE_PATH=/home/utc_sim/ros2_dvrk/install/cisst/share /usr/bin/cmake /home/utc_sim/ros2_dvrk/src/cisst-saw/sawIntuitiveResearchKit/ros/dvrk_arms_from_ros/components -DCMAKE_BUILD_TYPE=Release -DCMAKE_INSTALL_PREFIX=/home/utc_sim/ros2_dvrk/install/dvrk_arms_from_ros
[1.301s] Invoking command in '/home/utc_sim/ros2_dvrk/build/dvrk_arms_from_ros': AMENT_PREFIX_PATH=/home/utc_sim/ros2_dvrk/install/cisst_ros_crtk:/home/utc_sim/ros2_dvrk/install/cisst_ros_bridge:/home/utc_sim/ros2_dvrk/install/crtk_msgs:/home/utc_sim/ros2_dvrk/install/cisst_msgs:${AMENT_PREFIX_PATH} CISST_ROOT=/home/utc_sim/ros2_dvrk/install/cisst CMAKE_PREFIX_PATH=/home/utc_sim/ros2_dvrk/install/cisst_ros_crtk:/home/utc_sim/ros2_dvrk/install/cisst_ros_bridge:/home/utc_sim/ros2_ws/install::/home/utc_sim/ros2_dvrk/install/cisst:/home/utc_sim/ros2_dvrk/install/crtk_msgs:/home/utc_sim/ros2_dvrk/install/cisst_msgs:/home/utc_sim/ros2_dvrk/install/cisstNetlib:/opt/ros/humble:/opt/ros/humble LD_LIBRARY_PATH=/home/utc_sim/ros2_dvrk/install/cisst_ros_crtk/lib:/home/utc_sim/ros2_dvrk/install/cisst_ros_bridge/lib:/home/utc_sim/ros2_dvrk/install/cisst/lib:/home/utc_sim/ros2_dvrk/install/cisst/lib:/home/utc_sim/ros2_dvrk/install/crtk_msgs/lib:/home/utc_sim/ros2_dvrk/install/cisst_msgs/lib:${LD_LIBRARY_PATH} PATH=/home/utc_sim/ros2_dvrk/install/cisst/bin:/home/utc_sim/ros2_dvrk/install/cisst/bin:${PATH} PKG_CONFIG_PATH=/home/utc_sim/ros2_dvrk/install/cisst/lib/aarch64-linux-gnu/pkgconfig:/home/utc_sim/ros2_dvrk/install/cisst/lib/pkgconfig:/home/utc_sim/ros2_dvrk/install/cisstNetlib/lib/aarch64-linux-gnu/pkgconfig:/home/utc_sim/ros2_dvrk/install/cisstNetlib/lib/pkgconfig PYTHONPATH=/home/utc_sim/ros2_dvrk/install/cisst/lib:/home/utc_sim/ros2_dvrk/install/crtk_msgs/local/lib/python3.10/dist-packages:/home/utc_sim/ros2_dvrk/install/cisst_msgs/local/lib/python3.10/dist-packages:${PYTHONPATH} ROS_PACKAGE_PATH=/home/utc_sim/ros2_dvrk/install/cisst/share /usr/bin/cmake --build /home/utc_sim/ros2_dvrk/build/dvrk_arms_from_ros -- -j8 -l8
[1.333s] [ 50%] [32mBuilding CXX object CMakeFiles/dvrk_arm_from_ros.dir/src/dvrk_arm_from_ros.cpp.o[0m
[1.333s] [ 50%] [32mBuilding CXX object CMakeFiles/dvrk_arm_from_ros.dir/src/dvrk_mtm_from_ros.cpp.o[0m
[1.333s] [ 75%] [32mBuilding CXX object CMakeFiles/dvrk_arm_from_ros.dir/src/dvrk_psm_from_ros.cpp.o[0m
[11.503s] [100%] [32m[1mLinking CXX shared library /home/utc_sim/ros2_dvrk/install/cisst/lib/libdvrk_arm_from_ros.so[0m
[12.086s] [100%] Built target dvrk_arm_from_ros
[12.115s] Invoked command in '/home/utc_sim/ros2_dvrk/build/dvrk_arms_from_ros' returned '0': AMENT_PREFIX_PATH=/home/utc_sim/ros2_dvrk/install/cisst_ros_crtk:/home/utc_sim/ros2_dvrk/install/cisst_ros_bridge:/home/utc_sim/ros2_dvrk/install/crtk_msgs:/home/utc_sim/ros2_dvrk/install/cisst_msgs:${AMENT_PREFIX_PATH} CISST_ROOT=/home/utc_sim/ros2_dvrk/install/cisst CMAKE_PREFIX_PATH=/home/utc_sim/ros2_dvrk/install/cisst_ros_crtk:/home/utc_sim/ros2_dvrk/install/cisst_ros_bridge:/home/utc_sim/ros2_ws/install::/home/utc_sim/ros2_dvrk/install/cisst:/home/utc_sim/ros2_dvrk/install/crtk_msgs:/home/utc_sim/ros2_dvrk/install/cisst_msgs:/home/utc_sim/ros2_dvrk/install/cisstNetlib:/opt/ros/humble:/opt/ros/humble LD_LIBRARY_PATH=/home/utc_sim/ros2_dvrk/install/cisst_ros_crtk/lib:/home/utc_sim/ros2_dvrk/install/cisst_ros_bridge/lib:/home/utc_sim/ros2_dvrk/install/cisst/lib:/home/utc_sim/ros2_dvrk/install/cisst/lib:/home/utc_sim/ros2_dvrk/install/crtk_msgs/lib:/home/utc_sim/ros2_dvrk/install/cisst_msgs/lib:${LD_LIBRARY_PATH} PATH=/home/utc_sim/ros2_dvrk/install/cisst/bin:/home/utc_sim/ros2_dvrk/install/cisst/bin:${PATH} PKG_CONFIG_PATH=/home/utc_sim/ros2_dvrk/install/cisst/lib/aarch64-linux-gnu/pkgconfig:/home/utc_sim/ros2_dvrk/install/cisst/lib/pkgconfig:/home/utc_sim/ros2_dvrk/install/cisstNetlib/lib/aarch64-linux-gnu/pkgconfig:/home/utc_sim/ros2_dvrk/install/cisstNetlib/lib/pkgconfig PYTHONPATH=/home/utc_sim/ros2_dvrk/install/cisst/lib:/home/utc_sim/ros2_dvrk/install/crtk_msgs/local/lib/python3.10/dist-packages:/home/utc_sim/ros2_dvrk/install/cisst_msgs/local/lib/python3.10/dist-packages:${PYTHONPATH} ROS_PACKAGE_PATH=/home/utc_sim/ros2_dvrk/install/cisst/share /usr/bin/cmake --build /home/utc_sim/ros2_dvrk/build/dvrk_arms_from_ros -- -j8 -l8
[12.127s] Invoking command in '/home/utc_sim/ros2_dvrk/build/dvrk_arms_from_ros': AMENT_PREFIX_PATH=/home/utc_sim/ros2_dvrk/install/cisst_ros_crtk:/home/utc_sim/ros2_dvrk/install/cisst_ros_bridge:/home/utc_sim/ros2_dvrk/install/crtk_msgs:/home/utc_sim/ros2_dvrk/install/cisst_msgs:${AMENT_PREFIX_PATH} CISST_ROOT=/home/utc_sim/ros2_dvrk/install/cisst CMAKE_PREFIX_PATH=/home/utc_sim/ros2_dvrk/install/cisst_ros_crtk:/home/utc_sim/ros2_dvrk/install/cisst_ros_bridge:/home/utc_sim/ros2_ws/install::/home/utc_sim/ros2_dvrk/install/cisst:/home/utc_sim/ros2_dvrk/install/crtk_msgs:/home/utc_sim/ros2_dvrk/install/cisst_msgs:/home/utc_sim/ros2_dvrk/install/cisstNetlib:/opt/ros/humble:/opt/ros/humble LD_LIBRARY_PATH=/home/utc_sim/ros2_dvrk/install/cisst_ros_crtk/lib:/home/utc_sim/ros2_dvrk/install/cisst_ros_bridge/lib:/home/utc_sim/ros2_dvrk/install/cisst/lib:/home/utc_sim/ros2_dvrk/install/cisst/lib:/home/utc_sim/ros2_dvrk/install/crtk_msgs/lib:/home/utc_sim/ros2_dvrk/install/cisst_msgs/lib:${LD_LIBRARY_PATH} PATH=/home/utc_sim/ros2_dvrk/install/cisst/bin:/home/utc_sim/ros2_dvrk/install/cisst/bin:${PATH} PKG_CONFIG_PATH=/home/utc_sim/ros2_dvrk/install/cisst/lib/aarch64-linux-gnu/pkgconfig:/home/utc_sim/ros2_dvrk/install/cisst/lib/pkgconfig:/home/utc_sim/ros2_dvrk/install/cisstNetlib/lib/aarch64-linux-gnu/pkgconfig:/home/utc_sim/ros2_dvrk/install/cisstNetlib/lib/pkgconfig PYTHONPATH=/home/utc_sim/ros2_dvrk/install/cisst/lib:/home/utc_sim/ros2_dvrk/install/crtk_msgs/local/lib/python3.10/dist-packages:/home/utc_sim/ros2_dvrk/install/cisst_msgs/local/lib/python3.10/dist-packages:${PYTHONPATH} ROS_PACKAGE_PATH=/home/utc_sim/ros2_dvrk/install/cisst/share /usr/bin/cmake --install /home/utc_sim/ros2_dvrk/build/dvrk_arms_from_ros
[12.134s] -- Install configuration: "Release"
[12.135s] -- Installing: /home/utc_sim/ros2_dvrk/install/dvrk_arms_from_ros/lib/libdvrk_arm_from_ros.so
[12.136s] -- Set runtime path of "/home/utc_sim/ros2_dvrk/install/dvrk_arms_from_ros/lib/libdvrk_arm_from_ros.so" to ""
[12.136s] -- Installing: /home/utc_sim/ros2_dvrk/install/dvrk_arms_from_ros/share/ament_index/resource_index/package_run_dependencies/dvrk_arms_from_ros
[12.136s] -- Installing: /home/utc_sim/ros2_dvrk/install/dvrk_arms_from_ros/share/ament_index/resource_index/parent_prefix_path/dvrk_arms_from_ros
[12.137s] -- Installing: /home/utc_sim/ros2_dvrk/install/dvrk_arms_from_ros/share/dvrk_arms_from_ros/environment/ament_prefix_path.sh
[12.137s] -- Installing: /home/utc_sim/ros2_dvrk/install/dvrk_arms_from_ros/share/dvrk_arms_from_ros/environment/ament_prefix_path.dsv
[12.137s] -- Installing: /home/utc_sim/ros2_dvrk/install/dvrk_arms_from_ros/share/dvrk_arms_from_ros/environment/path.sh
[12.137s] -- Installing: /home/utc_sim/ros2_dvrk/install/dvrk_arms_from_ros/share/dvrk_arms_from_ros/environment/path.dsv
[12.137s] -- Installing: /home/utc_sim/ros2_dvrk/install/dvrk_arms_from_ros/share/dvrk_arms_from_ros/local_setup.bash
[12.138s] -- Installing: /home/utc_sim/ros2_dvrk/install/dvrk_arms_from_ros/share/dvrk_arms_from_ros/local_setup.sh
[12.138s] -- Installing: /home/utc_sim/ros2_dvrk/install/dvrk_arms_from_ros/share/dvrk_arms_from_ros/local_setup.zsh
[12.138s] -- Installing: /home/utc_sim/ros2_dvrk/install/dvrk_arms_from_ros/share/dvrk_arms_from_ros/local_setup.dsv
[12.138s] -- Installing: /home/utc_sim/ros2_dvrk/install/dvrk_arms_from_ros/share/dvrk_arms_from_ros/package.dsv
[12.138s] -- Installing: /home/utc_sim/ros2_dvrk/install/dvrk_arms_from_ros/share/ament_index/resource_index/packages/dvrk_arms_from_ros
[12.138s] -- Installing: /home/utc_sim/ros2_dvrk/install/dvrk_arms_from_ros/share/dvrk_arms_from_ros/cmake/dvrk_arms_from_rosConfig.cmake
[12.138s] -- Installing: /home/utc_sim/ros2_dvrk/install/dvrk_arms_from_ros/share/dvrk_arms_from_ros/cmake/dvrk_arms_from_rosConfig-version.cmake
[12.139s] -- Installing: /home/utc_sim/ros2_dvrk/install/dvrk_arms_from_ros/share/dvrk_arms_from_ros/package.xml
[12.141s] Invoked command in '/home/utc_sim/ros2_dvrk/build/dvrk_arms_from_ros' returned '0': AMENT_PREFIX_PATH=/home/utc_sim/ros2_dvrk/install/cisst_ros_crtk:/home/utc_sim/ros2_dvrk/install/cisst_ros_bridge:/home/utc_sim/ros2_dvrk/install/crtk_msgs:/home/utc_sim/ros2_dvrk/install/cisst_msgs:${AMENT_PREFIX_PATH} CISST_ROOT=/home/utc_sim/ros2_dvrk/install/cisst CMAKE_PREFIX_PATH=/home/utc_sim/ros2_dvrk/install/cisst_ros_crtk:/home/utc_sim/ros2_dvrk/install/cisst_ros_bridge:/home/utc_sim/ros2_ws/install::/home/utc_sim/ros2_dvrk/install/cisst:/home/utc_sim/ros2_dvrk/install/crtk_msgs:/home/utc_sim/ros2_dvrk/install/cisst_msgs:/home/utc_sim/ros2_dvrk/install/cisstNetlib:/opt/ros/humble:/opt/ros/humble LD_LIBRARY_PATH=/home/utc_sim/ros2_dvrk/install/cisst_ros_crtk/lib:/home/utc_sim/ros2_dvrk/install/cisst_ros_bridge/lib:/home/utc_sim/ros2_dvrk/install/cisst/lib:/home/utc_sim/ros2_dvrk/install/cisst/lib:/home/utc_sim/ros2_dvrk/install/crtk_msgs/lib:/home/utc_sim/ros2_dvrk/install/cisst_msgs/lib:${LD_LIBRARY_PATH} PATH=/home/utc_sim/ros2_dvrk/install/cisst/bin:/home/utc_sim/ros2_dvrk/install/cisst/bin:${PATH} PKG_CONFIG_PATH=/home/utc_sim/ros2_dvrk/install/cisst/lib/aarch64-linux-gnu/pkgconfig:/home/utc_sim/ros2_dvrk/install/cisst/lib/pkgconfig:/home/utc_sim/ros2_dvrk/install/cisstNetlib/lib/aarch64-linux-gnu/pkgconfig:/home/utc_sim/ros2_dvrk/install/cisstNetlib/lib/pkgconfig PYTHONPATH=/home/utc_sim/ros2_dvrk/install/cisst/lib:/home/utc_sim/ros2_dvrk/install/crtk_msgs/local/lib/python3.10/dist-packages:/home/utc_sim/ros2_dvrk/install/cisst_msgs/local/lib/python3.10/dist-packages:${PYTHONPATH} ROS_PACKAGE_PATH=/home/utc_sim/ros2_dvrk/install/cisst/share /usr/bin/cmake --install /home/utc_sim/ros2_dvrk/build/dvrk_arms_from_ros
