[0.010s] Invoking command in '/home/utc_sim/ros2_dvrk/build/crtk_python_client': AMENT_PREFIX_PATH=/home/utc_sim/ros2_dvrk/install/crtk_msgs:${AMENT_PREFIX_PATH} CMAKE_PREFIX_PATH=/home/utc_sim/ros2_dvrk/install/crtk_msgs:/opt/ros/humble:/opt/ros/humble:/home/utc_sim/ros2_ws/install: LD_LIBRARY_PATH=/home/utc_sim/ros2_dvrk/install/crtk_msgs/lib:${LD_LIBRARY_PATH} PYTHONPATH=/home/utc_sim/ros2_dvrk/install/crtk_msgs/local/lib/python3.10/dist-packages:${PYTHONPATH} /usr/bin/cmake --build /home/utc_sim/ros2_dvrk/build/crtk_python_client -- -j8 -l8
[0.058s] Built target ament_cmake_python_symlink_crtk
[0.223s] running egg_info
[0.223s] writing crtk.egg-info/PKG-INFO
[0.224s] writing dependency_links to crtk.egg-info/dependency_links.txt
[0.224s] writing top-level names to crtk.egg-info/top_level.txt
[0.227s] reading manifest file 'crtk.egg-info/SOURCES.txt'
[0.228s] writing manifest file 'crtk.egg-info/SOURCES.txt'
[0.251s] Built target ament_cmake_python_build_crtk_egg
[0.280s] Invoked command in '/home/utc_sim/ros2_dvrk/build/crtk_python_client' returned '0': AMENT_PREFIX_PATH=/home/utc_sim/ros2_dvrk/install/crtk_msgs:${AMENT_PREFIX_PATH} CMAKE_PREFIX_PATH=/home/utc_sim/ros2_dvrk/install/crtk_msgs:/opt/ros/humble:/opt/ros/humble:/home/utc_sim/ros2_ws/install: LD_LIBRARY_PATH=/home/utc_sim/ros2_dvrk/install/crtk_msgs/lib:${LD_LIBRARY_PATH} PYTHONPATH=/home/utc_sim/ros2_dvrk/install/crtk_msgs/local/lib/python3.10/dist-packages:${PYTHONPATH} /usr/bin/cmake --build /home/utc_sim/ros2_dvrk/build/crtk_python_client -- -j8 -l8
[0.281s] Invoking command in '/home/utc_sim/ros2_dvrk/build/crtk_python_client': AMENT_PREFIX_PATH=/home/utc_sim/ros2_dvrk/install/crtk_msgs:${AMENT_PREFIX_PATH} CMAKE_PREFIX_PATH=/home/utc_sim/ros2_dvrk/install/crtk_msgs:/opt/ros/humble:/opt/ros/humble:/home/utc_sim/ros2_ws/install: LD_LIBRARY_PATH=/home/utc_sim/ros2_dvrk/install/crtk_msgs/lib:${LD_LIBRARY_PATH} PYTHONPATH=/home/utc_sim/ros2_dvrk/install/crtk_msgs/local/lib/python3.10/dist-packages:${PYTHONPATH} /usr/bin/cmake --install /home/utc_sim/ros2_dvrk/build/crtk_python_client
[0.289s] -- Install configuration: "Release"
[0.293s] -- Execute custom install script
[0.298s] -- Up-to-date symlink: /home/utc_sim/ros2_dvrk/install/crtk_python_client/share/crtk_python_client/environment/pythonpath.sh
[0.299s] -- Up-to-date symlink: /home/utc_sim/ros2_dvrk/install/crtk_python_client/share/crtk_python_client/environment/pythonpath.dsv
[0.299s] -- Up-to-date symlink: /home/utc_sim/ros2_dvrk/install/crtk_python_client/local/lib/python3.10/dist-packages/crtk-1.4.0-py3.10.egg-info/PKG-INFO
[0.299s] -- Up-to-date symlink: /home/utc_sim/ros2_dvrk/install/crtk_python_client/local/lib/python3.10/dist-packages/crtk-1.4.0-py3.10.egg-info/SOURCES.txt
[0.299s] -- Up-to-date symlink: /home/utc_sim/ros2_dvrk/install/crtk_python_client/local/lib/python3.10/dist-packages/crtk-1.4.0-py3.10.egg-info/dependency_links.txt
[0.300s] -- Up-to-date symlink: /home/utc_sim/ros2_dvrk/install/crtk_python_client/local/lib/python3.10/dist-packages/crtk-1.4.0-py3.10.egg-info/top_level.txt
[0.300s] -- Up-to-date symlink: /home/utc_sim/ros2_dvrk/install/crtk_python_client/local/lib/python3.10/dist-packages/crtk/__init__.py
[0.300s] -- Up-to-date symlink: /home/utc_sim/ros2_dvrk/install/crtk_python_client/local/lib/python3.10/dist-packages/crtk/joystick_button.py
[0.301s] -- Up-to-date symlink: /home/utc_sim/ros2_dvrk/install/crtk_python_client/local/lib/python3.10/dist-packages/crtk/measured_cp.py
[0.301s] -- Up-to-date symlink: /home/utc_sim/ros2_dvrk/install/crtk_python_client/local/lib/python3.10/dist-packages/crtk/msg_conversions.py
[0.301s] -- Up-to-date symlink: /home/utc_sim/ros2_dvrk/install/crtk_python_client/local/lib/python3.10/dist-packages/crtk/py.typed
[0.301s] -- Up-to-date symlink: /home/utc_sim/ros2_dvrk/install/crtk_python_client/local/lib/python3.10/dist-packages/crtk/ral_ros1.py
[0.301s] -- Up-to-date symlink: /home/utc_sim/ros2_dvrk/install/crtk_python_client/local/lib/python3.10/dist-packages/crtk/ral_ros2.py
[0.302s] -- Up-to-date symlink: /home/utc_sim/ros2_dvrk/install/crtk_python_client/local/lib/python3.10/dist-packages/crtk/utils.py
[0.302s] -- Up-to-date symlink: /home/utc_sim/ros2_dvrk/install/crtk_python_client/local/lib/python3.10/dist-packages/crtk/wait_move_handle.py
[0.302s] -- Up-to-date symlink: /home/utc_sim/ros2_dvrk/install/crtk_python_client/lib/crtk_python_client/crtk_haptic_example.py
[0.302s] -- Up-to-date symlink: /home/utc_sim/ros2_dvrk/install/crtk_python_client/lib/crtk_python_client/crtk_move_cp_example.py
[0.303s] -- Up-to-date symlink: /home/utc_sim/ros2_dvrk/install/crtk_python_client/lib/crtk_python_client/crtk_rate_example.py
[0.303s] -- Up-to-date symlink: /home/utc_sim/ros2_dvrk/install/crtk_python_client/lib/crtk_python_client/crtk_servo_cp_example.py
[0.303s] -- Up-to-date symlink: /home/utc_sim/ros2_dvrk/install/crtk_python_client/lib/crtk_python_client/crtk_servo_cv_example.py
[0.303s] -- Up-to-date symlink: /home/utc_sim/ros2_dvrk/install/crtk_python_client/lib/crtk_python_client/crtk_servo_jp_example.py
[0.303s] -- Up-to-date symlink: /home/utc_sim/ros2_dvrk/install/crtk_python_client/lib/crtk_python_client/crtk_simple_orientation_registration.py
[0.303s] -- Up-to-date symlink: /home/utc_sim/ros2_dvrk/install/crtk_python_client/lib/crtk_python_client/crtk_teleop_example.py
[0.303s] -- Up-to-date symlink: /home/utc_sim/ros2_dvrk/install/crtk_python_client/share/ament_index/resource_index/package_run_dependencies/crtk_python_client
[0.303s] -- Up-to-date symlink: /home/utc_sim/ros2_dvrk/install/crtk_python_client/share/ament_index/resource_index/parent_prefix_path/crtk_python_client
[0.304s] -- Up-to-date symlink: /home/utc_sim/ros2_dvrk/install/crtk_python_client/share/crtk_python_client/environment/ament_prefix_path.sh
[0.304s] -- Up-to-date symlink: /home/utc_sim/ros2_dvrk/install/crtk_python_client/share/crtk_python_client/environment/ament_prefix_path.dsv
[0.304s] -- Up-to-date symlink: /home/utc_sim/ros2_dvrk/install/crtk_python_client/share/crtk_python_client/environment/path.sh
[0.304s] -- Up-to-date symlink: /home/utc_sim/ros2_dvrk/install/crtk_python_client/share/crtk_python_client/environment/path.dsv
[0.305s] -- Up-to-date symlink: /home/utc_sim/ros2_dvrk/install/crtk_python_client/share/crtk_python_client/local_setup.bash
[0.305s] -- Up-to-date symlink: /home/utc_sim/ros2_dvrk/install/crtk_python_client/share/crtk_python_client/local_setup.sh
[0.305s] -- Up-to-date symlink: /home/utc_sim/ros2_dvrk/install/crtk_python_client/share/crtk_python_client/local_setup.zsh
[0.305s] -- Up-to-date symlink: /home/utc_sim/ros2_dvrk/install/crtk_python_client/share/crtk_python_client/local_setup.dsv
[0.305s] -- Symlinking: /home/utc_sim/ros2_dvrk/install/crtk_python_client/share/crtk_python_client/package.dsv
[0.322s] -- Up-to-date symlink: /home/utc_sim/ros2_dvrk/install/crtk_python_client/share/ament_index/resource_index/packages/crtk_python_client
[0.322s] -- Up-to-date symlink: /home/utc_sim/ros2_dvrk/install/crtk_python_client/share/crtk_python_client/cmake/crtk_python_clientConfig.cmake
[0.322s] -- Up-to-date symlink: /home/utc_sim/ros2_dvrk/install/crtk_python_client/share/crtk_python_client/cmake/crtk_python_clientConfig-version.cmake
[0.322s] -- Up-to-date symlink: /home/utc_sim/ros2_dvrk/install/crtk_python_client/share/crtk_python_client/package.xml
[0.350s] Listing '/home/utc_sim/ros2_dvrk/install/crtk_python_client/local/lib/python3.10/dist-packages/crtk'...
[0.364s] Invoked command in '/home/utc_sim/ros2_dvrk/build/crtk_python_client' returned '0': AMENT_PREFIX_PATH=/home/utc_sim/ros2_dvrk/install/crtk_msgs:${AMENT_PREFIX_PATH} CMAKE_PREFIX_PATH=/home/utc_sim/ros2_dvrk/install/crtk_msgs:/opt/ros/humble:/opt/ros/humble:/home/utc_sim/ros2_ws/install: LD_LIBRARY_PATH=/home/utc_sim/ros2_dvrk/install/crtk_msgs/lib:${LD_LIBRARY_PATH} PYTHONPATH=/home/utc_sim/ros2_dvrk/install/crtk_msgs/local/lib/python3.10/dist-packages:${PYTHONPATH} /usr/bin/cmake --install /home/utc_sim/ros2_dvrk/build/crtk_python_client
