Built target ament_cmake_python_symlink_dvrk_camera_registration
running egg_info
writing dvrk_camera_registration.egg-info/PKG-INFO
writing dependency_links to dvrk_camera_registration.egg-info/dependency_links.txt
writing top-level names to dvrk_camera_registration.egg-info/top_level.txt
reading manifest file 'dvrk_camera_registration.egg-info/SOURCES.txt'
writing manifest file 'dvrk_camera_registration.egg-info/SOURCES.txt'
Built target ament_cmake_python_build_dvrk_camera_registration_egg
-- Install configuration: "Release"
-- Execute custom install script
-- Up-to-date symlink: /home/utc_sim/ros2_dvrk/install/dvrk_camera_registration/share/dvrk_camera_registration/environment/pythonpath.sh
-- Up-to-date symlink: /home/utc_sim/ros2_dvrk/install/dvrk_camera_registration/share/dvrk_camera_registration/environment/pythonpath.dsv
-- Up-to-date symlink: /home/utc_sim/ros2_dvrk/install/dvrk_camera_registration/local/lib/python3.10/dist-packages/dvrk_camera_registration-1.0.0-py3.10.egg-info/PKG-INFO
-- Up-to-date symlink: /home/utc_sim/ros2_dvrk/install/dvrk_camera_registration/local/lib/python3.10/dist-packages/dvrk_camera_registration-1.0.0-py3.10.egg-info/SOURCES.txt
-- Up-to-date symlink: /home/utc_sim/ros2_dvrk/install/dvrk_camera_registration/local/lib/python3.10/dist-packages/dvrk_camera_registration-1.0.0-py3.10.egg-info/dependency_links.txt
-- Up-to-date symlink: /home/utc_sim/ros2_dvrk/install/dvrk_camera_registration/local/lib/python3.10/dist-packages/dvrk_camera_registration-1.0.0-py3.10.egg-info/top_level.txt
-- Up-to-date symlink: /home/utc_sim/ros2_dvrk/install/dvrk_camera_registration/local/lib/python3.10/dist-packages/dvrk_camera_registration/__init__.py
-- Up-to-date symlink: /home/utc_sim/ros2_dvrk/install/dvrk_camera_registration/local/lib/python3.10/dist-packages/dvrk_camera_registration/arm.py
-- Up-to-date symlink: /home/utc_sim/ros2_dvrk/install/dvrk_camera_registration/local/lib/python3.10/dist-packages/dvrk_camera_registration/camera.py
-- Up-to-date symlink: /home/utc_sim/ros2_dvrk/install/dvrk_camera_registration/local/lib/python3.10/dist-packages/dvrk_camera_registration/convex_hull.py
-- Up-to-date symlink: /home/utc_sim/ros2_dvrk/install/dvrk_camera_registration/local/lib/python3.10/dist-packages/dvrk_camera_registration/pose_generator.py
-- Up-to-date symlink: /home/utc_sim/ros2_dvrk/install/dvrk_camera_registration/local/lib/python3.10/dist-packages/dvrk_camera_registration/vision_tracking.py
-- Up-to-date symlink: /home/utc_sim/ros2_dvrk/install/dvrk_camera_registration/lib/dvrk_camera_registration/camera_registration.py
-- Up-to-date symlink: /home/utc_sim/ros2_dvrk/install/dvrk_camera_registration/lib/dvrk_camera_registration/vis_gripper_pose.py
-- Up-to-date symlink: /home/utc_sim/ros2_dvrk/install/dvrk_camera_registration/share/ament_index/resource_index/package_run_dependencies/dvrk_camera_registration
-- Up-to-date symlink: /home/utc_sim/ros2_dvrk/install/dvrk_camera_registration/share/ament_index/resource_index/parent_prefix_path/dvrk_camera_registration
-- Up-to-date symlink: /home/utc_sim/ros2_dvrk/install/dvrk_camera_registration/share/dvrk_camera_registration/environment/ament_prefix_path.sh
-- Up-to-date symlink: /home/utc_sim/ros2_dvrk/install/dvrk_camera_registration/share/dvrk_camera_registration/environment/ament_prefix_path.dsv
-- Up-to-date symlink: /home/utc_sim/ros2_dvrk/install/dvrk_camera_registration/share/dvrk_camera_registration/environment/path.sh
-- Up-to-date symlink: /home/utc_sim/ros2_dvrk/install/dvrk_camera_registration/share/dvrk_camera_registration/environment/path.dsv
-- Up-to-date symlink: /home/utc_sim/ros2_dvrk/install/dvrk_camera_registration/share/dvrk_camera_registration/local_setup.bash
-- Up-to-date symlink: /home/utc_sim/ros2_dvrk/install/dvrk_camera_registration/share/dvrk_camera_registration/local_setup.sh
-- Up-to-date symlink: /home/utc_sim/ros2_dvrk/install/dvrk_camera_registration/share/dvrk_camera_registration/local_setup.zsh
-- Up-to-date symlink: /home/utc_sim/ros2_dvrk/install/dvrk_camera_registration/share/dvrk_camera_registration/local_setup.dsv
-- Symlinking: /home/utc_sim/ros2_dvrk/install/dvrk_camera_registration/share/dvrk_camera_registration/package.dsv
-- Up-to-date symlink: /home/utc_sim/ros2_dvrk/install/dvrk_camera_registration/share/ament_index/resource_index/packages/dvrk_camera_registration
-- Up-to-date symlink: /home/utc_sim/ros2_dvrk/install/dvrk_camera_registration/share/dvrk_camera_registration/cmake/dvrk_camera_registrationConfig.cmake
-- Up-to-date symlink: /home/utc_sim/ros2_dvrk/install/dvrk_camera_registration/share/dvrk_camera_registration/cmake/dvrk_camera_registrationConfig-version.cmake
-- Up-to-date symlink: /home/utc_sim/ros2_dvrk/install/dvrk_camera_registration/share/dvrk_camera_registration/package.xml
Listing '/home/utc_sim/ros2_dvrk/install/dvrk_camera_registration/local/lib/python3.10/dist-packages/dvrk_camera_registration'...
