[0.096s] Invoking command in '/home/utc_sim/ros2_dvrk/build/sawRobotIO1394Core': CISST_ROOT=/home/utc_sim/ros2_dvrk/install/cisst CMAKE_PREFIX_PATH=/home/utc_sim/ros2_dvrk/install/cisst:/home/utc_sim/ros2_dvrk/install/cisstNetlib:/opt/ros/humble:/opt/ros/humble LD_LIBRARY_PATH=/home/utc_sim/ros2_dvrk/install/cisst/lib:/home/utc_sim/ros2_dvrk/install/cisst/lib:${LD_LIBRARY_PATH} PATH=/home/utc_sim/ros2_dvrk/install/cisst/bin:/home/utc_sim/ros2_dvrk/install/cisst/bin:${PATH} PKG_CONFIG_PATH=/home/utc_sim/ros2_dvrk/install/cisst/lib/aarch64-linux-gnu/pkgconfig:/home/utc_sim/ros2_dvrk/install/cisst/lib/pkgconfig:/home/utc_sim/ros2_dvrk/install/cisstNetlib/lib/aarch64-linux-gnu/pkgconfig:/home/utc_sim/ros2_dvrk/install/cisstNetlib/lib/pkgconfig PYTHONPATH=/home/utc_sim/ros2_dvrk/install/cisst/lib:${PYTHONPATH} ROS_PACKAGE_PATH=/home/utc_sim/ros2_dvrk/install/cisst/share /usr/bin/cmake --build /home/utc_sim/ros2_dvrk/build/sawRobotIO1394Core -- -j8 -l8
[0.168s] [35m[1mConsolidate compiler generated dependencies of target Amp1394[0m
[0.180s] [35m[1mConsolidate compiler generated dependencies of target block1394[0m
[0.197s] [  7%] Built target block1394
[0.197s] [ 18%] Built target Amp1394
[0.202s] [35m[1mConsolidate compiler generated dependencies of target info1394[0m
[0.205s] [35m[1mConsolidate compiler generated dependencies of target Amp1394Console[0m
[0.223s] [ 19%] Built target Amp1394Python_swig_compilation
[0.223s] [ 22%] Built target info1394
[0.223s] [35m[1mConsolidate compiler generated dependencies of target qlacommand[0m
[0.228s] [ 25%] Built target Amp1394Console
[0.230s] [35m[1mConsolidate compiler generated dependencies of target fpgatest[0m
[0.242s] [ 28%] Built target qlacommand
[0.257s] [ 32%] Built target fpgatest
[0.269s] [35m[1mConsolidate compiler generated dependencies of target qlacloserelays[0m
[0.269s] [35m[1mConsolidate compiler generated dependencies of target enctest[0m
[0.281s] [ 35%] Built target enctest
[0.282s] [ 38%] Built target qlacloserelays
[0.294s] [35m[1mConsolidate compiler generated dependencies of target ethswitch[0m
[0.305s] [35m[1mConsolidate compiler generated dependencies of target instrument[0m
[0.313s] [ 40%] Built target ethswitch
[0.314s] [35m[1mConsolidate compiler generated dependencies of target block1394eth[0m
[0.323s] [35m[1mConsolidate compiler generated dependencies of target pgm1394[0m
[0.335s] [ 43%] Built target instrument
[0.343s] [ 47%] Built target pgm1394
[0.353s] [ 50%] Built target block1394eth
[0.353s] [35m[1mConsolidate compiler generated dependencies of target Amp1394Python[0m
[0.373s] [35m[1mConsolidate compiler generated dependencies of target qlatest[0m
[0.376s] [35m[1mConsolidate compiler generated dependencies of target qladisp[0m
[0.381s] [ 67%] Built target Amp1394Python
[0.391s] [ 70%] Built target qladisp
[0.392s] [ 73%] Built target qlatest
[0.396s] [35m[1mConsolidate compiler generated dependencies of target dvrktest[0m
[0.401s] [35m[1mConsolidate compiler generated dependencies of target sawRobotIO1394[0m
[0.406s] [ 77%] Built target dvrktest
[0.408s] [35m[1mConsolidate compiler generated dependencies of target fwPortTest[0m
[0.423s] [35m[1mConsolidate compiler generated dependencies of target time1394[0m
[0.432s] [ 81%] Built target fwPortTest
[0.434s] [ 91%] Built target sawRobotIO1394
[0.445s] [ 94%] Built target time1394
[0.455s] [35m[1mConsolidate compiler generated dependencies of target sawRobotIO1394CurrentCalibration[0m
[0.463s] [35m[1mConsolidate compiler generated dependencies of target sawRobotIO1394DataCollection[0m
[0.475s] [ 97%] Built target sawRobotIO1394DataCollection
[0.494s] [100%] Built target sawRobotIO1394CurrentCalibration
[0.523s] Invoked command in '/home/utc_sim/ros2_dvrk/build/sawRobotIO1394Core' returned '0': CISST_ROOT=/home/utc_sim/ros2_dvrk/install/cisst CMAKE_PREFIX_PATH=/home/utc_sim/ros2_dvrk/install/cisst:/home/utc_sim/ros2_dvrk/install/cisstNetlib:/opt/ros/humble:/opt/ros/humble LD_LIBRARY_PATH=/home/utc_sim/ros2_dvrk/install/cisst/lib:/home/utc_sim/ros2_dvrk/install/cisst/lib:${LD_LIBRARY_PATH} PATH=/home/utc_sim/ros2_dvrk/install/cisst/bin:/home/utc_sim/ros2_dvrk/install/cisst/bin:${PATH} PKG_CONFIG_PATH=/home/utc_sim/ros2_dvrk/install/cisst/lib/aarch64-linux-gnu/pkgconfig:/home/utc_sim/ros2_dvrk/install/cisst/lib/pkgconfig:/home/utc_sim/ros2_dvrk/install/cisstNetlib/lib/aarch64-linux-gnu/pkgconfig:/home/utc_sim/ros2_dvrk/install/cisstNetlib/lib/pkgconfig PYTHONPATH=/home/utc_sim/ros2_dvrk/install/cisst/lib:${PYTHONPATH} ROS_PACKAGE_PATH=/home/utc_sim/ros2_dvrk/install/cisst/share /usr/bin/cmake --build /home/utc_sim/ros2_dvrk/build/sawRobotIO1394Core -- -j8 -l8
[0.524s] Invoking command in '/home/utc_sim/ros2_dvrk/build/sawRobotIO1394Core': CISST_ROOT=/home/utc_sim/ros2_dvrk/install/cisst CMAKE_PREFIX_PATH=/home/utc_sim/ros2_dvrk/install/cisst:/home/utc_sim/ros2_dvrk/install/cisstNetlib:/opt/ros/humble:/opt/ros/humble LD_LIBRARY_PATH=/home/utc_sim/ros2_dvrk/install/cisst/lib:/home/utc_sim/ros2_dvrk/install/cisst/lib:${LD_LIBRARY_PATH} PATH=/home/utc_sim/ros2_dvrk/install/cisst/bin:/home/utc_sim/ros2_dvrk/install/cisst/bin:${PATH} PKG_CONFIG_PATH=/home/utc_sim/ros2_dvrk/install/cisst/lib/aarch64-linux-gnu/pkgconfig:/home/utc_sim/ros2_dvrk/install/cisst/lib/pkgconfig:/home/utc_sim/ros2_dvrk/install/cisstNetlib/lib/aarch64-linux-gnu/pkgconfig:/home/utc_sim/ros2_dvrk/install/cisstNetlib/lib/pkgconfig PYTHONPATH=/home/utc_sim/ros2_dvrk/install/cisst/lib:${PYTHONPATH} ROS_PACKAGE_PATH=/home/utc_sim/ros2_dvrk/install/cisst/share /usr/bin/cmake --install /home/utc_sim/ros2_dvrk/build/sawRobotIO1394Core
[0.535s] -- Install configuration: "Release"
[0.535s] -- Up-to-date: /home/utc_sim/ros2_dvrk/install/sawRobotIO1394Core/lib/_Amp1394Python.so
[0.535s] -- Up-to-date: /home/utc_sim/ros2_dvrk/install/sawRobotIO1394Core/lib/Amp1394Python.py
[0.535s] -- Up-to-date: /home/utc_sim/ros2_dvrk/install/sawRobotIO1394Core/lib/libAmp1394.a
[0.535s] -- Up-to-date: /home/utc_sim/ros2_dvrk/install/sawRobotIO1394Core/lib/libAmp1394Console.a
[0.535s] -- Up-to-date: /home/utc_sim/ros2_dvrk/install/sawRobotIO1394Core/include/Amp1394/BoardIO.h
[0.535s] -- Up-to-date: /home/utc_sim/ros2_dvrk/install/sawRobotIO1394Core/include/Amp1394/FpgaIO.h
[0.535s] -- Up-to-date: /home/utc_sim/ros2_dvrk/install/sawRobotIO1394Core/include/Amp1394/AmpIO.h
[0.535s] -- Up-to-date: /home/utc_sim/ros2_dvrk/install/sawRobotIO1394Core/include/Amp1394/Amp1394Types.h
[0.535s] -- Up-to-date: /home/utc_sim/ros2_dvrk/install/sawRobotIO1394Core/include/Amp1394/Amp1394Time.h
[0.536s] -- Up-to-date: /home/utc_sim/ros2_dvrk/install/sawRobotIO1394Core/include/Amp1394/Amp1394BSwap.h
[0.536s] -- Up-to-date: /home/utc_sim/ros2_dvrk/install/sawRobotIO1394Core/include/Amp1394/EncoderVelocity.h
[0.536s] -- Up-to-date: /home/utc_sim/ros2_dvrk/install/sawRobotIO1394Core/include/Amp1394/BasePort.h
[0.536s] -- Up-to-date: /home/utc_sim/ros2_dvrk/install/sawRobotIO1394Core/include/Amp1394/EthBasePort.h
[0.536s] -- Up-to-date: /home/utc_sim/ros2_dvrk/install/sawRobotIO1394Core/include/Amp1394/EthUdpPort.h
[0.536s] -- Up-to-date: /home/utc_sim/ros2_dvrk/install/sawRobotIO1394Core/include/Amp1394/PortFactory.h
[0.536s] -- Up-to-date: /home/utc_sim/ros2_dvrk/install/sawRobotIO1394Core/include/Amp1394/FirewirePort.h
[0.536s] -- Up-to-date: /home/utc_sim/ros2_dvrk/install/sawRobotIO1394Core/include/Amp1394/Amp1394Console.h
[0.536s] -- Up-to-date: /home/utc_sim/ros2_dvrk/install/sawRobotIO1394Core/bin/qladisp
[0.536s] -- Up-to-date: /home/utc_sim/ros2_dvrk/install/sawRobotIO1394Core/bin/qlatest
[0.536s] -- Up-to-date: /home/utc_sim/ros2_dvrk/install/sawRobotIO1394Core/bin/fwPortTest
[0.536s] -- Up-to-date: /home/utc_sim/ros2_dvrk/install/sawRobotIO1394Core/bin/quad1394eth
[0.536s] -- Up-to-date: /home/utc_sim/ros2_dvrk/install/sawRobotIO1394Core/bin/qlacloserelays
[0.536s] -- Up-to-date: /home/utc_sim/ros2_dvrk/install/sawRobotIO1394Core/bin/qlacommand
[0.536s] -- Up-to-date: /home/utc_sim/ros2_dvrk/install/sawRobotIO1394Core/bin/fpgatest
[0.537s] -- Up-to-date: /home/utc_sim/ros2_dvrk/install/sawRobotIO1394Core/bin/instrument
[0.537s] -- Up-to-date: /home/utc_sim/ros2_dvrk/install/sawRobotIO1394Core/bin/block1394eth
[0.537s] -- Up-to-date: /home/utc_sim/ros2_dvrk/install/sawRobotIO1394Core/bin/enctest
[0.537s] -- Up-to-date: /home/utc_sim/ros2_dvrk/install/sawRobotIO1394Core/bin/ethswitch
[0.537s] -- Up-to-date: /home/utc_sim/ros2_dvrk/install/sawRobotIO1394Core/bin/dvrktest
[0.537s] -- Up-to-date: /home/utc_sim/ros2_dvrk/install/sawRobotIO1394Core/bin/pgm1394
[0.537s] -- Up-to-date: /home/utc_sim/ros2_dvrk/install/sawRobotIO1394Core/bin/pgm1394multi.bash
[0.537s] -- Up-to-date: /home/utc_sim/ros2_dvrk/install/sawRobotIO1394Core/bin/qlareloadfw.bash
[0.537s] -- Up-to-date: /home/utc_sim/ros2_dvrk/install/sawRobotIO1394Core/share/sawRobotIO1394/sawRobotIO1394Config.cmake
[0.537s] -- Up-to-date: /home/utc_sim/ros2_dvrk/install/sawRobotIO1394Core/share/sawRobotIO1394/sawRobotIO1394ConfigVersion.cmake
[0.537s] -- Up-to-date: /home/utc_sim/ros2_dvrk/install/sawRobotIO1394Core/include/sawRobotIO1394
[0.537s] -- Up-to-date: /home/utc_sim/ros2_dvrk/install/sawRobotIO1394Core/include/sawRobotIO1394/mtsRobot1394.h
[0.537s] -- Up-to-date: /home/utc_sim/ros2_dvrk/install/sawRobotIO1394Core/include/sawRobotIO1394/mtsDigitalInput1394.h
[0.537s] -- Up-to-date: /home/utc_sim/ros2_dvrk/install/sawRobotIO1394Core/include/sawRobotIO1394/mtsDigitalOutput1394.h
[0.537s] -- Up-to-date: /home/utc_sim/ros2_dvrk/install/sawRobotIO1394Core/include/sawRobotIO1394/mtsRobotIO1394.h
[0.537s] -- Up-to-date: /home/utc_sim/ros2_dvrk/install/sawRobotIO1394Core/include/sawRobotIO1394/mtsDallasChip1394.h
[0.537s] -- Up-to-date: /home/utc_sim/ros2_dvrk/install/sawRobotIO1394Core/include/sawRobotIO1394/sawRobotIO1394Export.h
[0.537s] -- Up-to-date: /home/utc_sim/ros2_dvrk/install/sawRobotIO1394Core/include/sawRobotIO1394/sawRobotIO1394ForwardDeclarations.h
[0.537s] -- Up-to-date: /home/utc_sim/ros2_dvrk/install/sawRobotIO1394Core/include/sawRobotIO1394/mtsRobotIO1394QtWidgetFactory.h
[0.537s] -- Up-to-date: /home/utc_sim/ros2_dvrk/install/sawRobotIO1394Core/include/sawRobotIO1394/mtsRobot1394QtWidget.h
[0.537s] -- Up-to-date: /home/utc_sim/ros2_dvrk/install/sawRobotIO1394Core/include/sawRobotIO1394/sawRobotIO1394ExportQt.h
[0.537s] -- Up-to-date: /home/utc_sim/ros2_dvrk/install/sawRobotIO1394Core/include/sawRobotIO1394/osaXML1394.h
[0.537s] -- Up-to-date: /home/utc_sim/ros2_dvrk/install/sawRobotIO1394Core/include/sawRobotIO1394
[0.537s] -- Up-to-date: /home/utc_sim/ros2_dvrk/install/sawRobotIO1394Core/include/sawRobotIO1394/sawRobotIO1394Revision.h
[0.537s] -- Up-to-date: /home/utc_sim/ros2_dvrk/install/sawRobotIO1394Core/include/sawRobotIO1394/osaConfiguration1394.h
[0.538s] -- Up-to-date: /home/utc_sim/ros2_dvrk/install/sawRobotIO1394Core/lib/libsawRobotIO1394.so.2.4.0
[0.538s] -- Up-to-date: /home/utc_sim/ros2_dvrk/install/sawRobotIO1394Core/lib/libsawRobotIO1394.so
[0.551s] -- Up-to-date: /home/utc_sim/ros2_dvrk/install/sawRobotIO1394Core/bin/sawRobotIO1394CurrentCalibration
[0.572s] Invoked command in '/home/utc_sim/ros2_dvrk/build/sawRobotIO1394Core' returned '0': CISST_ROOT=/home/utc_sim/ros2_dvrk/install/cisst CMAKE_PREFIX_PATH=/home/utc_sim/ros2_dvrk/install/cisst:/home/utc_sim/ros2_dvrk/install/cisstNetlib:/opt/ros/humble:/opt/ros/humble LD_LIBRARY_PATH=/home/utc_sim/ros2_dvrk/install/cisst/lib:/home/utc_sim/ros2_dvrk/install/cisst/lib:${LD_LIBRARY_PATH} PATH=/home/utc_sim/ros2_dvrk/install/cisst/bin:/home/utc_sim/ros2_dvrk/install/cisst/bin:${PATH} PKG_CONFIG_PATH=/home/utc_sim/ros2_dvrk/install/cisst/lib/aarch64-linux-gnu/pkgconfig:/home/utc_sim/ros2_dvrk/install/cisst/lib/pkgconfig:/home/utc_sim/ros2_dvrk/install/cisstNetlib/lib/aarch64-linux-gnu/pkgconfig:/home/utc_sim/ros2_dvrk/install/cisstNetlib/lib/pkgconfig PYTHONPATH=/home/utc_sim/ros2_dvrk/install/cisst/lib:${PYTHONPATH} ROS_PACKAGE_PATH=/home/utc_sim/ros2_dvrk/install/cisst/share /usr/bin/cmake --install /home/utc_sim/ros2_dvrk/build/sawRobotIO1394Core
