[0.129s] Invoking command in '/home/utc_sim/ros2_dvrk/build/crtk_msgs': CMAKE_PREFIX_PATH=${CMAKE_PREFIX_PATH}:/home/utc_sim/ros2_ws/install /usr/bin/cmake --build /home/utc_sim/ros2_dvrk/build/crtk_msgs -- -j8 -l8
[0.486s] [  0%] Built target crtk_msgs__cpp
[0.537s] [  0%] Built target ament_cmake_python_symlink_crtk_msgs
[0.661s] [ 12%] Built target crtk_msgs__rosidl_generator_c
[0.726s] [ 24%] Built target crtk_msgs__rosidl_typesupport_cpp
[0.727s] [ 36%] Built target crtk_msgs__rosidl_typesupport_introspection_cpp
[0.816s] [ 48%] Built target crtk_msgs__rosidl_typesupport_introspection_c
[0.877s] [ 60%] Built target crtk_msgs__rosidl_typesupport_c
[0.965s] [ 72%] Built target crtk_msgs__rosidl_typesupport_fastrtps_c
[1.094s] [ 83%] Built target crtk_msgs__rosidl_typesupport_fastrtps_cpp
[1.148s] [ 83%] Built target crtk_msgs
[1.148s] [ 84%] Built target crtk_msgs__py
[1.196s] [ 95%] Built target crtk_msgs__rosidl_generator_py
[1.220s] running egg_info
[1.224s] writing crtk_msgs.egg-info/PKG-INFO
[1.225s] writing dependency_links to crtk_msgs.egg-info/dependency_links.txt
[1.227s] writing top-level names to crtk_msgs.egg-info/top_level.txt
[1.233s] reading manifest file 'crtk_msgs.egg-info/SOURCES.txt'
[1.234s] writing manifest file 'crtk_msgs.egg-info/SOURCES.txt'
[1.248s] [ 98%] Built target crtk_msgs__rosidl_typesupport_introspection_c__pyext
[1.249s] [ 99%] Built target crtk_msgs__rosidl_typesupport_fastrtps_c__pyext
[1.264s] [ 99%] Built target ament_cmake_python_build_crtk_msgs_egg
[1.278s] [100%] Built target crtk_msgs__rosidl_typesupport_c__pyext
[1.340s] Invoked command in '/home/utc_sim/ros2_dvrk/build/crtk_msgs' returned '0': CMAKE_PREFIX_PATH=${CMAKE_PREFIX_PATH}:/home/utc_sim/ros2_ws/install /usr/bin/cmake --build /home/utc_sim/ros2_dvrk/build/crtk_msgs -- -j8 -l8
[1.349s] Invoking command in '/home/utc_sim/ros2_dvrk/build/crtk_msgs': CMAKE_PREFIX_PATH=${CMAKE_PREFIX_PATH}:/home/utc_sim/ros2_ws/install /usr/bin/cmake --install /home/utc_sim/ros2_dvrk/build/crtk_msgs
[1.368s] -- Install configuration: "Release"
[1.369s] -- Execute custom install script
[1.369s] -- Up-to-date symlink: /home/utc_sim/ros2_dvrk/install/crtk_msgs/share/ament_index/resource_index/rosidl_interfaces/crtk_msgs
[1.369s] -- Up-to-date symlink: /home/utc_sim/ros2_dvrk/install/crtk_msgs/include/crtk_msgs/crtk_msgs/msg/cartesian_impedance.h
[1.369s] -- Up-to-date symlink: /home/utc_sim/ros2_dvrk/install/crtk_msgs/include/crtk_msgs/crtk_msgs/msg/cartesian_impedance_half_plane_gains.h
[1.369s] -- Up-to-date symlink: /home/utc_sim/ros2_dvrk/install/crtk_msgs/include/crtk_msgs/crtk_msgs/msg/cartesian_servo.h
[1.369s] -- Up-to-date symlink: /home/utc_sim/ros2_dvrk/install/crtk_msgs/include/crtk_msgs/crtk_msgs/msg/cartesian_state.h
[1.369s] -- Up-to-date symlink: /home/utc_sim/ros2_dvrk/install/crtk_msgs/include/crtk_msgs/crtk_msgs/msg/detail/cartesian_impedance__functions.h
[1.369s] -- Up-to-date symlink: /home/utc_sim/ros2_dvrk/install/crtk_msgs/include/crtk_msgs/crtk_msgs/msg/detail/cartesian_impedance__struct.h
[1.369s] -- Up-to-date symlink: /home/utc_sim/ros2_dvrk/install/crtk_msgs/include/crtk_msgs/crtk_msgs/msg/detail/cartesian_impedance__type_support.h
[1.369s] -- Up-to-date symlink: /home/utc_sim/ros2_dvrk/install/crtk_msgs/include/crtk_msgs/crtk_msgs/msg/detail/cartesian_impedance_half_plane_gains__functions.h
[1.369s] -- Up-to-date symlink: /home/utc_sim/ros2_dvrk/install/crtk_msgs/include/crtk_msgs/crtk_msgs/msg/detail/cartesian_impedance_half_plane_gains__struct.h
[1.369s] -- Up-to-date symlink: /home/utc_sim/ros2_dvrk/install/crtk_msgs/include/crtk_msgs/crtk_msgs/msg/detail/cartesian_impedance_half_plane_gains__type_support.h
[1.369s] -- Up-to-date symlink: /home/utc_sim/ros2_dvrk/install/crtk_msgs/include/crtk_msgs/crtk_msgs/msg/detail/cartesian_servo__functions.h
[1.369s] -- Up-to-date symlink: /home/utc_sim/ros2_dvrk/install/crtk_msgs/include/crtk_msgs/crtk_msgs/msg/detail/cartesian_servo__struct.h
[1.369s] -- Up-to-date symlink: /home/utc_sim/ros2_dvrk/install/crtk_msgs/include/crtk_msgs/crtk_msgs/msg/detail/cartesian_servo__type_support.h
[1.370s] -- Up-to-date symlink: /home/utc_sim/ros2_dvrk/install/crtk_msgs/include/crtk_msgs/crtk_msgs/msg/detail/cartesian_state__functions.h
[1.370s] -- Up-to-date symlink: /home/utc_sim/ros2_dvrk/install/crtk_msgs/include/crtk_msgs/crtk_msgs/msg/detail/cartesian_state__struct.h
[1.370s] -- Up-to-date symlink: /home/utc_sim/ros2_dvrk/install/crtk_msgs/include/crtk_msgs/crtk_msgs/msg/detail/cartesian_state__type_support.h
[1.370s] -- Up-to-date symlink: /home/utc_sim/ros2_dvrk/install/crtk_msgs/include/crtk_msgs/crtk_msgs/msg/detail/joint_servo__functions.h
[1.370s] -- Up-to-date symlink: /home/utc_sim/ros2_dvrk/install/crtk_msgs/include/crtk_msgs/crtk_msgs/msg/detail/joint_servo__struct.h
[1.370s] -- Up-to-date symlink: /home/utc_sim/ros2_dvrk/install/crtk_msgs/include/crtk_msgs/crtk_msgs/msg/detail/joint_servo__type_support.h
[1.370s] -- Up-to-date symlink: /home/utc_sim/ros2_dvrk/install/crtk_msgs/include/crtk_msgs/crtk_msgs/msg/detail/operating_state__functions.h
[1.370s] -- Up-to-date symlink: /home/utc_sim/ros2_dvrk/install/crtk_msgs/include/crtk_msgs/crtk_msgs/msg/detail/operating_state__struct.h
[1.370s] -- Up-to-date symlink: /home/utc_sim/ros2_dvrk/install/crtk_msgs/include/crtk_msgs/crtk_msgs/msg/detail/operating_state__type_support.h
[1.370s] -- Up-to-date symlink: /home/utc_sim/ros2_dvrk/install/crtk_msgs/include/crtk_msgs/crtk_msgs/msg/detail/setpoint_mode__functions.h
[1.370s] -- Up-to-date symlink: /home/utc_sim/ros2_dvrk/install/crtk_msgs/include/crtk_msgs/crtk_msgs/msg/detail/setpoint_mode__struct.h
[1.370s] -- Up-to-date symlink: /home/utc_sim/ros2_dvrk/install/crtk_msgs/include/crtk_msgs/crtk_msgs/msg/detail/setpoint_mode__type_support.h
[1.370s] -- Up-to-date symlink: /home/utc_sim/ros2_dvrk/install/crtk_msgs/include/crtk_msgs/crtk_msgs/msg/detail/string_stamped__functions.h
[1.371s] -- Up-to-date symlink: /home/utc_sim/ros2_dvrk/install/crtk_msgs/include/crtk_msgs/crtk_msgs/msg/detail/string_stamped__struct.h
[1.372s] -- Up-to-date symlink: /home/utc_sim/ros2_dvrk/install/crtk_msgs/include/crtk_msgs/crtk_msgs/msg/detail/string_stamped__type_support.h
[1.372s] -- Up-to-date symlink: /home/utc_sim/ros2_dvrk/install/crtk_msgs/include/crtk_msgs/crtk_msgs/msg/joint_servo.h
[1.374s] -- Up-to-date symlink: /home/utc_sim/ros2_dvrk/install/crtk_msgs/include/crtk_msgs/crtk_msgs/msg/operating_state.h
[1.375s] -- Up-to-date symlink: /home/utc_sim/ros2_dvrk/install/crtk_msgs/include/crtk_msgs/crtk_msgs/msg/rosidl_generator_c__visibility_control.h
[1.375s] -- Up-to-date symlink: /home/utc_sim/ros2_dvrk/install/crtk_msgs/include/crtk_msgs/crtk_msgs/msg/setpoint_mode.h
[1.375s] -- Up-to-date symlink: /home/utc_sim/ros2_dvrk/install/crtk_msgs/include/crtk_msgs/crtk_msgs/msg/string_stamped.h
[1.375s] -- Up-to-date symlink: /home/utc_sim/ros2_dvrk/install/crtk_msgs/include/crtk_msgs/crtk_msgs/srv/detail/query_forward_kinematics__functions.h
[1.375s] -- Up-to-date symlink: /home/utc_sim/ros2_dvrk/install/crtk_msgs/include/crtk_msgs/crtk_msgs/srv/detail/query_forward_kinematics__struct.h
[1.375s] -- Up-to-date symlink: /home/utc_sim/ros2_dvrk/install/crtk_msgs/include/crtk_msgs/crtk_msgs/srv/detail/query_forward_kinematics__type_support.h
[1.375s] -- Up-to-date symlink: /home/utc_sim/ros2_dvrk/install/crtk_msgs/include/crtk_msgs/crtk_msgs/srv/detail/query_inverse_kinematics__functions.h
[1.375s] -- Up-to-date symlink: /home/utc_sim/ros2_dvrk/install/crtk_msgs/include/crtk_msgs/crtk_msgs/srv/detail/query_inverse_kinematics__struct.h
[1.375s] -- Up-to-date symlink: /home/utc_sim/ros2_dvrk/install/crtk_msgs/include/crtk_msgs/crtk_msgs/srv/detail/query_inverse_kinematics__type_support.h
[1.375s] -- Up-to-date symlink: /home/utc_sim/ros2_dvrk/install/crtk_msgs/include/crtk_msgs/crtk_msgs/srv/detail/trigger_operating_state__functions.h
[1.375s] -- Up-to-date symlink: /home/utc_sim/ros2_dvrk/install/crtk_msgs/include/crtk_msgs/crtk_msgs/srv/detail/trigger_operating_state__struct.h
[1.375s] -- Up-to-date symlink: /home/utc_sim/ros2_dvrk/install/crtk_msgs/include/crtk_msgs/crtk_msgs/srv/detail/trigger_operating_state__type_support.h
[1.375s] -- Up-to-date symlink: /home/utc_sim/ros2_dvrk/install/crtk_msgs/include/crtk_msgs/crtk_msgs/srv/query_forward_kinematics.h
[1.375s] -- Up-to-date symlink: /home/utc_sim/ros2_dvrk/install/crtk_msgs/include/crtk_msgs/crtk_msgs/srv/query_inverse_kinematics.h
[1.375s] -- Up-to-date symlink: /home/utc_sim/ros2_dvrk/install/crtk_msgs/include/crtk_msgs/crtk_msgs/srv/trigger_operating_state.h
[1.375s] -- Up-to-date symlink: /home/utc_sim/ros2_dvrk/install/crtk_msgs/share/crtk_msgs/environment/library_path.sh
[1.375s] -- Up-to-date symlink: /home/utc_sim/ros2_dvrk/install/crtk_msgs/share/crtk_msgs/environment/library_path.dsv
[1.379s] -- Up-to-date symlink: /home/utc_sim/ros2_dvrk/install/crtk_msgs/include/crtk_msgs/crtk_msgs/msg/detail/cartesian_impedance__rosidl_typesupport_fastrtps_c.h
[1.379s] -- Up-to-date symlink: /home/utc_sim/ros2_dvrk/install/crtk_msgs/include/crtk_msgs/crtk_msgs/msg/detail/cartesian_impedance_half_plane_gains__rosidl_typesupport_fastrtps_c.h
[1.380s] -- Up-to-date symlink: /home/utc_sim/ros2_dvrk/install/crtk_msgs/include/crtk_msgs/crtk_msgs/msg/detail/cartesian_servo__rosidl_typesupport_fastrtps_c.h
[1.381s] -- Up-to-date symlink: /home/utc_sim/ros2_dvrk/install/crtk_msgs/include/crtk_msgs/crtk_msgs/msg/detail/cartesian_state__rosidl_typesupport_fastrtps_c.h
[1.381s] -- Up-to-date symlink: /home/utc_sim/ros2_dvrk/install/crtk_msgs/include/crtk_msgs/crtk_msgs/msg/detail/joint_servo__rosidl_typesupport_fastrtps_c.h
[1.382s] -- Up-to-date symlink: /home/utc_sim/ros2_dvrk/install/crtk_msgs/include/crtk_msgs/crtk_msgs/msg/detail/operating_state__rosidl_typesupport_fastrtps_c.h
[1.389s] -- Up-to-date symlink: /home/utc_sim/ros2_dvrk/install/crtk_msgs/include/crtk_msgs/crtk_msgs/msg/detail/setpoint_mode__rosidl_typesupport_fastrtps_c.h
[1.389s] -- Up-to-date symlink: /home/utc_sim/ros2_dvrk/install/crtk_msgs/include/crtk_msgs/crtk_msgs/msg/detail/string_stamped__rosidl_typesupport_fastrtps_c.h
[1.389s] -- Up-to-date symlink: /home/utc_sim/ros2_dvrk/install/crtk_msgs/include/crtk_msgs/crtk_msgs/msg/rosidl_typesupport_fastrtps_c__visibility_control.h
[1.389s] -- Up-to-date symlink: /home/utc_sim/ros2_dvrk/install/crtk_msgs/include/crtk_msgs/crtk_msgs/srv/detail/query_forward_kinematics__rosidl_typesupport_fastrtps_c.h
[1.389s] -- Up-to-date symlink: /home/utc_sim/ros2_dvrk/install/crtk_msgs/include/crtk_msgs/crtk_msgs/srv/detail/query_inverse_kinematics__rosidl_typesupport_fastrtps_c.h
[1.389s] -- Up-to-date symlink: /home/utc_sim/ros2_dvrk/install/crtk_msgs/include/crtk_msgs/crtk_msgs/srv/detail/trigger_operating_state__rosidl_typesupport_fastrtps_c.h
[1.389s] -- Up-to-date symlink: /home/utc_sim/ros2_dvrk/install/crtk_msgs/include/crtk_msgs/crtk_msgs/msg/cartesian_impedance.hpp
[1.389s] -- Up-to-date symlink: /home/utc_sim/ros2_dvrk/install/crtk_msgs/include/crtk_msgs/crtk_msgs/msg/cartesian_impedance_half_plane_gains.hpp
[1.389s] -- Up-to-date symlink: /home/utc_sim/ros2_dvrk/install/crtk_msgs/include/crtk_msgs/crtk_msgs/msg/cartesian_servo.hpp
[1.389s] -- Up-to-date symlink: /home/utc_sim/ros2_dvrk/install/crtk_msgs/include/crtk_msgs/crtk_msgs/msg/cartesian_state.hpp
[1.389s] -- Up-to-date symlink: /home/utc_sim/ros2_dvrk/install/crtk_msgs/include/crtk_msgs/crtk_msgs/msg/detail/cartesian_impedance__builder.hpp
[1.389s] -- Up-to-date symlink: /home/utc_sim/ros2_dvrk/install/crtk_msgs/include/crtk_msgs/crtk_msgs/msg/detail/cartesian_impedance__struct.hpp
[1.389s] -- Up-to-date symlink: /home/utc_sim/ros2_dvrk/install/crtk_msgs/include/crtk_msgs/crtk_msgs/msg/detail/cartesian_impedance__traits.hpp
[1.389s] -- Up-to-date symlink: /home/utc_sim/ros2_dvrk/install/crtk_msgs/include/crtk_msgs/crtk_msgs/msg/detail/cartesian_impedance__type_support.hpp
[1.389s] -- Up-to-date symlink: /home/utc_sim/ros2_dvrk/install/crtk_msgs/include/crtk_msgs/crtk_msgs/msg/detail/cartesian_impedance_half_plane_gains__builder.hpp
[1.389s] -- Up-to-date symlink: /home/utc_sim/ros2_dvrk/install/crtk_msgs/include/crtk_msgs/crtk_msgs/msg/detail/cartesian_impedance_half_plane_gains__struct.hpp
[1.389s] -- Up-to-date symlink: /home/utc_sim/ros2_dvrk/install/crtk_msgs/include/crtk_msgs/crtk_msgs/msg/detail/cartesian_impedance_half_plane_gains__traits.hpp
[1.390s] -- Up-to-date symlink: /home/utc_sim/ros2_dvrk/install/crtk_msgs/include/crtk_msgs/crtk_msgs/msg/detail/cartesian_impedance_half_plane_gains__type_support.hpp
[1.390s] -- Up-to-date symlink: /home/utc_sim/ros2_dvrk/install/crtk_msgs/include/crtk_msgs/crtk_msgs/msg/detail/cartesian_servo__builder.hpp
[1.390s] -- Up-to-date symlink: /home/utc_sim/ros2_dvrk/install/crtk_msgs/include/crtk_msgs/crtk_msgs/msg/detail/cartesian_servo__struct.hpp
[1.390s] -- Up-to-date symlink: /home/utc_sim/ros2_dvrk/install/crtk_msgs/include/crtk_msgs/crtk_msgs/msg/detail/cartesian_servo__traits.hpp
[1.390s] -- Up-to-date symlink: /home/utc_sim/ros2_dvrk/install/crtk_msgs/include/crtk_msgs/crtk_msgs/msg/detail/cartesian_servo__type_support.hpp
[1.390s] -- Up-to-date symlink: /home/utc_sim/ros2_dvrk/install/crtk_msgs/include/crtk_msgs/crtk_msgs/msg/detail/cartesian_state__builder.hpp
[1.390s] -- Up-to-date symlink: /home/utc_sim/ros2_dvrk/install/crtk_msgs/include/crtk_msgs/crtk_msgs/msg/detail/cartesian_state__struct.hpp
[1.390s] -- Up-to-date symlink: /home/utc_sim/ros2_dvrk/install/crtk_msgs/include/crtk_msgs/crtk_msgs/msg/detail/cartesian_state__traits.hpp
[1.390s] -- Up-to-date symlink: /home/utc_sim/ros2_dvrk/install/crtk_msgs/include/crtk_msgs/crtk_msgs/msg/detail/cartesian_state__type_support.hpp
[1.390s] -- Up-to-date symlink: /home/utc_sim/ros2_dvrk/install/crtk_msgs/include/crtk_msgs/crtk_msgs/msg/detail/joint_servo__builder.hpp
[1.390s] -- Up-to-date symlink: /home/utc_sim/ros2_dvrk/install/crtk_msgs/include/crtk_msgs/crtk_msgs/msg/detail/joint_servo__struct.hpp
[1.390s] -- Up-to-date symlink: /home/utc_sim/ros2_dvrk/install/crtk_msgs/include/crtk_msgs/crtk_msgs/msg/detail/joint_servo__traits.hpp
[1.390s] -- Up-to-date symlink: /home/utc_sim/ros2_dvrk/install/crtk_msgs/include/crtk_msgs/crtk_msgs/msg/detail/joint_servo__type_support.hpp
[1.390s] -- Up-to-date symlink: /home/utc_sim/ros2_dvrk/install/crtk_msgs/include/crtk_msgs/crtk_msgs/msg/detail/operating_state__builder.hpp
[1.399s] -- Up-to-date symlink: /home/utc_sim/ros2_dvrk/install/crtk_msgs/include/crtk_msgs/crtk_msgs/msg/detail/operating_state__struct.hpp
[1.400s] -- Up-to-date symlink: /home/utc_sim/ros2_dvrk/install/crtk_msgs/include/crtk_msgs/crtk_msgs/msg/detail/operating_state__traits.hpp
[1.400s] -- Up-to-date symlink: /home/utc_sim/ros2_dvrk/install/crtk_msgs/include/crtk_msgs/crtk_msgs/msg/detail/operating_state__type_support.hpp
[1.400s] -- Up-to-date symlink: /home/utc_sim/ros2_dvrk/install/crtk_msgs/include/crtk_msgs/crtk_msgs/msg/detail/setpoint_mode__builder.hpp
[1.400s] -- Up-to-date symlink: /home/utc_sim/ros2_dvrk/install/crtk_msgs/include/crtk_msgs/crtk_msgs/msg/detail/setpoint_mode__struct.hpp
[1.400s] -- Up-to-date symlink: /home/utc_sim/ros2_dvrk/install/crtk_msgs/include/crtk_msgs/crtk_msgs/msg/detail/setpoint_mode__traits.hpp
[1.401s] -- Up-to-date symlink: /home/utc_sim/ros2_dvrk/install/crtk_msgs/include/crtk_msgs/crtk_msgs/msg/detail/setpoint_mode__type_support.hpp
[1.401s] -- Up-to-date symlink: /home/utc_sim/ros2_dvrk/install/crtk_msgs/include/crtk_msgs/crtk_msgs/msg/detail/string_stamped__builder.hpp
[1.401s] -- Up-to-date symlink: /home/utc_sim/ros2_dvrk/install/crtk_msgs/include/crtk_msgs/crtk_msgs/msg/detail/string_stamped__struct.hpp
[1.401s] -- Up-to-date symlink: /home/utc_sim/ros2_dvrk/install/crtk_msgs/include/crtk_msgs/crtk_msgs/msg/detail/string_stamped__traits.hpp
[1.401s] -- Up-to-date symlink: /home/utc_sim/ros2_dvrk/install/crtk_msgs/include/crtk_msgs/crtk_msgs/msg/detail/string_stamped__type_support.hpp
[1.401s] -- Up-to-date symlink: /home/utc_sim/ros2_dvrk/install/crtk_msgs/include/crtk_msgs/crtk_msgs/msg/joint_servo.hpp
[1.402s] -- Up-to-date symlink: /home/utc_sim/ros2_dvrk/install/crtk_msgs/include/crtk_msgs/crtk_msgs/msg/operating_state.hpp
[1.402s] -- Up-to-date symlink: /home/utc_sim/ros2_dvrk/install/crtk_msgs/include/crtk_msgs/crtk_msgs/msg/rosidl_generator_cpp__visibility_control.hpp
[1.402s] -- Up-to-date symlink: /home/utc_sim/ros2_dvrk/install/crtk_msgs/include/crtk_msgs/crtk_msgs/msg/setpoint_mode.hpp
[1.402s] -- Up-to-date symlink: /home/utc_sim/ros2_dvrk/install/crtk_msgs/include/crtk_msgs/crtk_msgs/msg/string_stamped.hpp
[1.402s] -- Up-to-date symlink: /home/utc_sim/ros2_dvrk/install/crtk_msgs/include/crtk_msgs/crtk_msgs/srv/detail/query_forward_kinematics__builder.hpp
[1.402s] -- Up-to-date symlink: /home/utc_sim/ros2_dvrk/install/crtk_msgs/include/crtk_msgs/crtk_msgs/srv/detail/query_forward_kinematics__struct.hpp
[1.402s] -- Up-to-date symlink: /home/utc_sim/ros2_dvrk/install/crtk_msgs/include/crtk_msgs/crtk_msgs/srv/detail/query_forward_kinematics__traits.hpp
[1.417s] -- Up-to-date symlink: /home/utc_sim/ros2_dvrk/install/crtk_msgs/include/crtk_msgs/crtk_msgs/srv/detail/query_forward_kinematics__type_support.hpp
[1.418s] -- Up-to-date symlink: /home/utc_sim/ros2_dvrk/install/crtk_msgs/include/crtk_msgs/crtk_msgs/srv/detail/query_inverse_kinematics__builder.hpp
[1.418s] -- Up-to-date symlink: /home/utc_sim/ros2_dvrk/install/crtk_msgs/include/crtk_msgs/crtk_msgs/srv/detail/query_inverse_kinematics__struct.hpp
[1.419s] -- Up-to-date symlink: /home/utc_sim/ros2_dvrk/install/crtk_msgs/include/crtk_msgs/crtk_msgs/srv/detail/query_inverse_kinematics__traits.hpp
[1.419s] -- Up-to-date symlink: /home/utc_sim/ros2_dvrk/install/crtk_msgs/include/crtk_msgs/crtk_msgs/srv/detail/query_inverse_kinematics__type_support.hpp
[1.419s] -- Up-to-date symlink: /home/utc_sim/ros2_dvrk/install/crtk_msgs/include/crtk_msgs/crtk_msgs/srv/detail/trigger_operating_state__builder.hpp
[1.419s] -- Up-to-date symlink: /home/utc_sim/ros2_dvrk/install/crtk_msgs/include/crtk_msgs/crtk_msgs/srv/detail/trigger_operating_state__struct.hpp
[1.419s] -- Up-to-date symlink: /home/utc_sim/ros2_dvrk/install/crtk_msgs/include/crtk_msgs/crtk_msgs/srv/detail/trigger_operating_state__traits.hpp
[1.419s] -- Up-to-date symlink: /home/utc_sim/ros2_dvrk/install/crtk_msgs/include/crtk_msgs/crtk_msgs/srv/detail/trigger_operating_state__type_support.hpp
[1.419s] -- Up-to-date symlink: /home/utc_sim/ros2_dvrk/install/crtk_msgs/include/crtk_msgs/crtk_msgs/srv/query_forward_kinematics.hpp
[1.419s] -- Up-to-date symlink: /home/utc_sim/ros2_dvrk/install/crtk_msgs/include/crtk_msgs/crtk_msgs/srv/query_inverse_kinematics.hpp
[1.419s] -- Up-to-date symlink: /home/utc_sim/ros2_dvrk/install/crtk_msgs/include/crtk_msgs/crtk_msgs/srv/trigger_operating_state.hpp
[1.419s] -- Up-to-date symlink: /home/utc_sim/ros2_dvrk/install/crtk_msgs/include/crtk_msgs/crtk_msgs/msg/detail/cartesian_impedance__rosidl_typesupport_fastrtps_cpp.hpp
[1.419s] -- Up-to-date symlink: /home/utc_sim/ros2_dvrk/install/crtk_msgs/include/crtk_msgs/crtk_msgs/msg/detail/cartesian_impedance_half_plane_gains__rosidl_typesupport_fastrtps_cpp.hpp
[1.419s] -- Up-to-date symlink: /home/utc_sim/ros2_dvrk/install/crtk_msgs/include/crtk_msgs/crtk_msgs/msg/detail/cartesian_servo__rosidl_typesupport_fastrtps_cpp.hpp
[1.419s] -- Up-to-date symlink: /home/utc_sim/ros2_dvrk/install/crtk_msgs/include/crtk_msgs/crtk_msgs/msg/detail/cartesian_state__rosidl_typesupport_fastrtps_cpp.hpp
[1.419s] -- Up-to-date symlink: /home/utc_sim/ros2_dvrk/install/crtk_msgs/include/crtk_msgs/crtk_msgs/msg/detail/joint_servo__rosidl_typesupport_fastrtps_cpp.hpp
[1.419s] -- Up-to-date symlink: /home/utc_sim/ros2_dvrk/install/crtk_msgs/include/crtk_msgs/crtk_msgs/msg/detail/operating_state__rosidl_typesupport_fastrtps_cpp.hpp
[1.419s] -- Up-to-date symlink: /home/utc_sim/ros2_dvrk/install/crtk_msgs/include/crtk_msgs/crtk_msgs/msg/detail/setpoint_mode__rosidl_typesupport_fastrtps_cpp.hpp
[1.419s] -- Up-to-date symlink: /home/utc_sim/ros2_dvrk/install/crtk_msgs/include/crtk_msgs/crtk_msgs/msg/detail/string_stamped__rosidl_typesupport_fastrtps_cpp.hpp
[1.419s] -- Up-to-date symlink: /home/utc_sim/ros2_dvrk/install/crtk_msgs/include/crtk_msgs/crtk_msgs/msg/rosidl_typesupport_fastrtps_cpp__visibility_control.h
[1.419s] -- Up-to-date symlink: /home/utc_sim/ros2_dvrk/install/crtk_msgs/include/crtk_msgs/crtk_msgs/srv/detail/query_forward_kinematics__rosidl_typesupport_fastrtps_cpp.hpp
[1.419s] -- Up-to-date symlink: /home/utc_sim/ros2_dvrk/install/crtk_msgs/include/crtk_msgs/crtk_msgs/srv/detail/query_inverse_kinematics__rosidl_typesupport_fastrtps_cpp.hpp
[1.419s] -- Up-to-date symlink: /home/utc_sim/ros2_dvrk/install/crtk_msgs/include/crtk_msgs/crtk_msgs/srv/detail/trigger_operating_state__rosidl_typesupport_fastrtps_cpp.hpp
[1.420s] -- Up-to-date symlink: /home/utc_sim/ros2_dvrk/install/crtk_msgs/include/crtk_msgs/crtk_msgs/msg/detail/cartesian_impedance__rosidl_typesupport_introspection_c.h
[1.420s] -- Up-to-date symlink: /home/utc_sim/ros2_dvrk/install/crtk_msgs/include/crtk_msgs/crtk_msgs/msg/detail/cartesian_impedance_half_plane_gains__rosidl_typesupport_introspection_c.h
[1.420s] -- Up-to-date symlink: /home/utc_sim/ros2_dvrk/install/crtk_msgs/include/crtk_msgs/crtk_msgs/msg/detail/cartesian_servo__rosidl_typesupport_introspection_c.h
[1.420s] -- Up-to-date symlink: /home/utc_sim/ros2_dvrk/install/crtk_msgs/include/crtk_msgs/crtk_msgs/msg/detail/cartesian_state__rosidl_typesupport_introspection_c.h
[1.420s] -- Up-to-date symlink: /home/utc_sim/ros2_dvrk/install/crtk_msgs/include/crtk_msgs/crtk_msgs/msg/detail/joint_servo__rosidl_typesupport_introspection_c.h
[1.420s] -- Up-to-date symlink: /home/utc_sim/ros2_dvrk/install/crtk_msgs/include/crtk_msgs/crtk_msgs/msg/detail/operating_state__rosidl_typesupport_introspection_c.h
[1.420s] -- Up-to-date symlink: /home/utc_sim/ros2_dvrk/install/crtk_msgs/include/crtk_msgs/crtk_msgs/msg/detail/setpoint_mode__rosidl_typesupport_introspection_c.h
[1.420s] -- Up-to-date symlink: /home/utc_sim/ros2_dvrk/install/crtk_msgs/include/crtk_msgs/crtk_msgs/msg/detail/string_stamped__rosidl_typesupport_introspection_c.h
[1.420s] -- Up-to-date symlink: /home/utc_sim/ros2_dvrk/install/crtk_msgs/include/crtk_msgs/crtk_msgs/msg/rosidl_typesupport_introspection_c__visibility_control.h
[1.420s] -- Up-to-date symlink: /home/utc_sim/ros2_dvrk/install/crtk_msgs/include/crtk_msgs/crtk_msgs/srv/detail/query_forward_kinematics__rosidl_typesupport_introspection_c.h
[1.420s] -- Up-to-date symlink: /home/utc_sim/ros2_dvrk/install/crtk_msgs/include/crtk_msgs/crtk_msgs/srv/detail/query_inverse_kinematics__rosidl_typesupport_introspection_c.h
[1.420s] -- Up-to-date symlink: /home/utc_sim/ros2_dvrk/install/crtk_msgs/include/crtk_msgs/crtk_msgs/srv/detail/trigger_operating_state__rosidl_typesupport_introspection_c.h
[1.420s] -- Up-to-date symlink: /home/utc_sim/ros2_dvrk/install/crtk_msgs/include/crtk_msgs/crtk_msgs/msg/detail/cartesian_impedance__rosidl_typesupport_introspection_cpp.hpp
[1.420s] -- Up-to-date symlink: /home/utc_sim/ros2_dvrk/install/crtk_msgs/include/crtk_msgs/crtk_msgs/msg/detail/cartesian_impedance_half_plane_gains__rosidl_typesupport_introspection_cpp.hpp
[1.421s] -- Up-to-date symlink: /home/utc_sim/ros2_dvrk/install/crtk_msgs/include/crtk_msgs/crtk_msgs/msg/detail/cartesian_servo__rosidl_typesupport_introspection_cpp.hpp
[1.421s] -- Up-to-date symlink: /home/utc_sim/ros2_dvrk/install/crtk_msgs/include/crtk_msgs/crtk_msgs/msg/detail/cartesian_state__rosidl_typesupport_introspection_cpp.hpp
[1.421s] -- Up-to-date symlink: /home/utc_sim/ros2_dvrk/install/crtk_msgs/include/crtk_msgs/crtk_msgs/msg/detail/joint_servo__rosidl_typesupport_introspection_cpp.hpp
[1.421s] -- Up-to-date symlink: /home/utc_sim/ros2_dvrk/install/crtk_msgs/include/crtk_msgs/crtk_msgs/msg/detail/operating_state__rosidl_typesupport_introspection_cpp.hpp
[1.421s] -- Up-to-date symlink: /home/utc_sim/ros2_dvrk/install/crtk_msgs/include/crtk_msgs/crtk_msgs/msg/detail/setpoint_mode__rosidl_typesupport_introspection_cpp.hpp
[1.421s] -- Up-to-date symlink: /home/utc_sim/ros2_dvrk/install/crtk_msgs/include/crtk_msgs/crtk_msgs/msg/detail/string_stamped__rosidl_typesupport_introspection_cpp.hpp
[1.421s] -- Up-to-date symlink: /home/utc_sim/ros2_dvrk/install/crtk_msgs/include/crtk_msgs/crtk_msgs/srv/detail/query_forward_kinematics__rosidl_typesupport_introspection_cpp.hpp
[1.421s] -- Up-to-date symlink: /home/utc_sim/ros2_dvrk/install/crtk_msgs/include/crtk_msgs/crtk_msgs/srv/detail/query_inverse_kinematics__rosidl_typesupport_introspection_cpp.hpp
[1.421s] -- Up-to-date symlink: /home/utc_sim/ros2_dvrk/install/crtk_msgs/include/crtk_msgs/crtk_msgs/srv/detail/trigger_operating_state__rosidl_typesupport_introspection_cpp.hpp
[1.421s] -- Up-to-date symlink: /home/utc_sim/ros2_dvrk/install/crtk_msgs/share/crtk_msgs/environment/pythonpath.sh
[1.421s] -- Up-to-date symlink: /home/utc_sim/ros2_dvrk/install/crtk_msgs/share/crtk_msgs/environment/pythonpath.dsv
[1.421s] -- Up-to-date symlink: /home/utc_sim/ros2_dvrk/install/crtk_msgs/local/lib/python3.10/dist-packages/crtk_msgs-1.3.0-py3.10.egg-info/PKG-INFO
[1.421s] -- Up-to-date symlink: /home/utc_sim/ros2_dvrk/install/crtk_msgs/local/lib/python3.10/dist-packages/crtk_msgs-1.3.0-py3.10.egg-info/SOURCES.txt
[1.421s] -- Up-to-date symlink: /home/utc_sim/ros2_dvrk/install/crtk_msgs/local/lib/python3.10/dist-packages/crtk_msgs-1.3.0-py3.10.egg-info/dependency_links.txt
[1.421s] -- Up-to-date symlink: /home/utc_sim/ros2_dvrk/install/crtk_msgs/local/lib/python3.10/dist-packages/crtk_msgs-1.3.0-py3.10.egg-info/top_level.txt
[1.422s] -- Up-to-date symlink: /home/utc_sim/ros2_dvrk/install/crtk_msgs/local/lib/python3.10/dist-packages/crtk_msgs/__init__.py
[1.422s] -- Up-to-date symlink: /home/utc_sim/ros2_dvrk/install/crtk_msgs/local/lib/python3.10/dist-packages/crtk_msgs/_crtk_msgs_s.ep.rosidl_typesupport_c.c
[1.422s] -- Up-to-date symlink: /home/utc_sim/ros2_dvrk/install/crtk_msgs/local/lib/python3.10/dist-packages/crtk_msgs/_crtk_msgs_s.ep.rosidl_typesupport_fastrtps_c.c
[1.422s] -- Up-to-date symlink: /home/utc_sim/ros2_dvrk/install/crtk_msgs/local/lib/python3.10/dist-packages/crtk_msgs/_crtk_msgs_s.ep.rosidl_typesupport_introspection_c.c
[1.422s] -- Up-to-date symlink: /home/utc_sim/ros2_dvrk/install/crtk_msgs/local/lib/python3.10/dist-packages/crtk_msgs/crtk_msgs_s__rosidl_typesupport_c.cpython-310-aarch64-linux-gnu.so
[1.422s] -- Up-to-date symlink: /home/utc_sim/ros2_dvrk/install/crtk_msgs/local/lib/python3.10/dist-packages/crtk_msgs/crtk_msgs_s__rosidl_typesupport_fastrtps_c.cpython-310-aarch64-linux-gnu.so
[1.422s] -- Up-to-date symlink: /home/utc_sim/ros2_dvrk/install/crtk_msgs/local/lib/python3.10/dist-packages/crtk_msgs/crtk_msgs_s__rosidl_typesupport_introspection_c.cpython-310-aarch64-linux-gnu.so
[1.422s] -- Up-to-date symlink: /home/utc_sim/ros2_dvrk/install/crtk_msgs/local/lib/python3.10/dist-packages/crtk_msgs/libcrtk_msgs__rosidl_generator_py.so
[1.422s] -- Up-to-date symlink: /home/utc_sim/ros2_dvrk/install/crtk_msgs/local/lib/python3.10/dist-packages/crtk_msgs/msg/__init__.py
[1.422s] -- Up-to-date symlink: /home/utc_sim/ros2_dvrk/install/crtk_msgs/local/lib/python3.10/dist-packages/crtk_msgs/msg/_cartesian_impedance.py
[1.422s] -- Up-to-date symlink: /home/utc_sim/ros2_dvrk/install/crtk_msgs/local/lib/python3.10/dist-packages/crtk_msgs/msg/_cartesian_impedance_half_plane_gains.py
[1.456s] -- Up-to-date symlink: /home/utc_sim/ros2_dvrk/install/crtk_msgs/local/lib/python3.10/dist-packages/crtk_msgs/msg/_cartesian_impedance_half_plane_gains_s.c
[1.457s] -- Up-to-date symlink: /home/utc_sim/ros2_dvrk/install/crtk_msgs/local/lib/python3.10/dist-packages/crtk_msgs/msg/_cartesian_impedance_s.c
[1.457s] -- Up-to-date symlink: /home/utc_sim/ros2_dvrk/install/crtk_msgs/local/lib/python3.10/dist-packages/crtk_msgs/msg/_cartesian_servo.py
[1.457s] -- Up-to-date symlink: /home/utc_sim/ros2_dvrk/install/crtk_msgs/local/lib/python3.10/dist-packages/crtk_msgs/msg/_cartesian_servo_s.c
[1.457s] -- Up-to-date symlink: /home/utc_sim/ros2_dvrk/install/crtk_msgs/local/lib/python3.10/dist-packages/crtk_msgs/msg/_cartesian_state.py
[1.457s] -- Up-to-date symlink: /home/utc_sim/ros2_dvrk/install/crtk_msgs/local/lib/python3.10/dist-packages/crtk_msgs/msg/_cartesian_state_s.c
[1.457s] -- Up-to-date symlink: /home/utc_sim/ros2_dvrk/install/crtk_msgs/local/lib/python3.10/dist-packages/crtk_msgs/msg/_joint_servo.py
[1.457s] -- Up-to-date symlink: /home/utc_sim/ros2_dvrk/install/crtk_msgs/local/lib/python3.10/dist-packages/crtk_msgs/msg/_joint_servo_s.c
[1.458s] -- Up-to-date symlink: /home/utc_sim/ros2_dvrk/install/crtk_msgs/local/lib/python3.10/dist-packages/crtk_msgs/msg/_operating_state.py
[1.458s] -- Up-to-date symlink: /home/utc_sim/ros2_dvrk/install/crtk_msgs/local/lib/python3.10/dist-packages/crtk_msgs/msg/_operating_state_s.c
[1.459s] -- Up-to-date symlink: /home/utc_sim/ros2_dvrk/install/crtk_msgs/local/lib/python3.10/dist-packages/crtk_msgs/msg/_setpoint_mode.py
[1.459s] -- Up-to-date symlink: /home/utc_sim/ros2_dvrk/install/crtk_msgs/local/lib/python3.10/dist-packages/crtk_msgs/msg/_setpoint_mode_s.c
[1.459s] -- Up-to-date symlink: /home/utc_sim/ros2_dvrk/install/crtk_msgs/local/lib/python3.10/dist-packages/crtk_msgs/msg/_string_stamped.py
[1.459s] -- Up-to-date symlink: /home/utc_sim/ros2_dvrk/install/crtk_msgs/local/lib/python3.10/dist-packages/crtk_msgs/msg/_string_stamped_s.c
[1.459s] -- Up-to-date symlink: /home/utc_sim/ros2_dvrk/install/crtk_msgs/local/lib/python3.10/dist-packages/crtk_msgs/srv/__init__.py
[1.459s] -- Up-to-date symlink: /home/utc_sim/ros2_dvrk/install/crtk_msgs/local/lib/python3.10/dist-packages/crtk_msgs/srv/_query_forward_kinematics.py
[1.459s] -- Up-to-date symlink: /home/utc_sim/ros2_dvrk/install/crtk_msgs/local/lib/python3.10/dist-packages/crtk_msgs/srv/_query_forward_kinematics_s.c
[1.459s] -- Up-to-date symlink: /home/utc_sim/ros2_dvrk/install/crtk_msgs/local/lib/python3.10/dist-packages/crtk_msgs/srv/_query_inverse_kinematics.py
[1.459s] -- Up-to-date symlink: /home/utc_sim/ros2_dvrk/install/crtk_msgs/local/lib/python3.10/dist-packages/crtk_msgs/srv/_query_inverse_kinematics_s.c
[1.459s] -- Up-to-date symlink: /home/utc_sim/ros2_dvrk/install/crtk_msgs/local/lib/python3.10/dist-packages/crtk_msgs/srv/_trigger_operating_state.py
[1.459s] -- Up-to-date symlink: /home/utc_sim/ros2_dvrk/install/crtk_msgs/local/lib/python3.10/dist-packages/crtk_msgs/srv/_trigger_operating_state_s.c
[1.459s] -- Up-to-date symlink: /home/utc_sim/ros2_dvrk/install/crtk_msgs/local/lib/python3.10/dist-packages/crtk_msgs/crtk_msgs_s__rosidl_typesupport_fastrtps_c.cpython-310-aarch64-linux-gnu.so
[1.460s] -- Up-to-date symlink: /home/utc_sim/ros2_dvrk/install/crtk_msgs/local/lib/python3.10/dist-packages/crtk_msgs/crtk_msgs_s__rosidl_typesupport_introspection_c.cpython-310-aarch64-linux-gnu.so
[1.460s] -- Up-to-date symlink: /home/utc_sim/ros2_dvrk/install/crtk_msgs/local/lib/python3.10/dist-packages/crtk_msgs/crtk_msgs_s__rosidl_typesupport_c.cpython-310-aarch64-linux-gnu.so
[1.460s] -- Up-to-date symlink: /home/utc_sim/ros2_dvrk/install/crtk_msgs/share/crtk_msgs/msg/OperatingState.idl
[1.460s] -- Up-to-date symlink: /home/utc_sim/ros2_dvrk/install/crtk_msgs/share/crtk_msgs/msg/StringStamped.idl
[1.460s] -- Up-to-date symlink: /home/utc_sim/ros2_dvrk/install/crtk_msgs/share/crtk_msgs/msg/CartesianImpedanceHalfPlaneGains.idl
[1.460s] -- Up-to-date symlink: /home/utc_sim/ros2_dvrk/install/crtk_msgs/share/crtk_msgs/msg/CartesianImpedance.idl
[1.460s] -- Up-to-date symlink: /home/utc_sim/ros2_dvrk/install/crtk_msgs/share/crtk_msgs/msg/CartesianState.idl
[1.460s] -- Up-to-date symlink: /home/utc_sim/ros2_dvrk/install/crtk_msgs/share/crtk_msgs/msg/SetpointMode.idl
[1.460s] -- Up-to-date symlink: /home/utc_sim/ros2_dvrk/install/crtk_msgs/share/crtk_msgs/msg/CartesianServo.idl
[1.460s] -- Up-to-date symlink: /home/utc_sim/ros2_dvrk/install/crtk_msgs/share/crtk_msgs/msg/JointServo.idl
[1.460s] -- Up-to-date symlink: /home/utc_sim/ros2_dvrk/install/crtk_msgs/share/crtk_msgs/srv/TriggerOperatingState.idl
[1.460s] -- Up-to-date symlink: /home/utc_sim/ros2_dvrk/install/crtk_msgs/share/crtk_msgs/srv/QueryForwardKinematics.idl
[1.461s] -- Up-to-date symlink: /home/utc_sim/ros2_dvrk/install/crtk_msgs/share/crtk_msgs/srv/QueryInverseKinematics.idl
[1.461s] -- Up-to-date symlink: /home/utc_sim/ros2_dvrk/install/crtk_msgs/share/crtk_msgs/msg/OperatingState.msg
[1.461s] -- Up-to-date symlink: /home/utc_sim/ros2_dvrk/install/crtk_msgs/share/crtk_msgs/msg/StringStamped.msg
[1.461s] -- Up-to-date symlink: /home/utc_sim/ros2_dvrk/install/crtk_msgs/share/crtk_msgs/msg/CartesianImpedanceHalfPlaneGains.msg
[1.461s] -- Up-to-date symlink: /home/utc_sim/ros2_dvrk/install/crtk_msgs/share/crtk_msgs/msg/CartesianImpedance.msg
[1.461s] -- Up-to-date symlink: /home/utc_sim/ros2_dvrk/install/crtk_msgs/share/crtk_msgs/msg/CartesianState.msg
[1.461s] -- Up-to-date symlink: /home/utc_sim/ros2_dvrk/install/crtk_msgs/share/crtk_msgs/msg/SetpointMode.msg
[1.461s] -- Up-to-date symlink: /home/utc_sim/ros2_dvrk/install/crtk_msgs/share/crtk_msgs/msg/CartesianServo.msg
[1.461s] -- Up-to-date symlink: /home/utc_sim/ros2_dvrk/install/crtk_msgs/share/crtk_msgs/msg/JointServo.msg
[1.462s] -- Up-to-date symlink: /home/utc_sim/ros2_dvrk/install/crtk_msgs/share/crtk_msgs/srv/TriggerOperatingState.srv
[1.462s] -- Up-to-date symlink: /home/utc_sim/ros2_dvrk/install/crtk_msgs/share/crtk_msgs/srv/TriggerOperatingState_Request.msg
[1.462s] -- Up-to-date symlink: /home/utc_sim/ros2_dvrk/install/crtk_msgs/share/crtk_msgs/srv/TriggerOperatingState_Response.msg
[1.462s] -- Up-to-date symlink: /home/utc_sim/ros2_dvrk/install/crtk_msgs/share/crtk_msgs/srv/QueryForwardKinematics.srv
[1.462s] -- Up-to-date symlink: /home/utc_sim/ros2_dvrk/install/crtk_msgs/share/crtk_msgs/srv/QueryForwardKinematics_Request.msg
[1.462s] -- Up-to-date symlink: /home/utc_sim/ros2_dvrk/install/crtk_msgs/share/crtk_msgs/srv/QueryForwardKinematics_Response.msg
[1.462s] -- Up-to-date symlink: /home/utc_sim/ros2_dvrk/install/crtk_msgs/share/crtk_msgs/srv/QueryInverseKinematics.srv
[1.462s] -- Up-to-date symlink: /home/utc_sim/ros2_dvrk/install/crtk_msgs/share/crtk_msgs/srv/QueryInverseKinematics_Request.msg
[1.462s] -- Up-to-date symlink: /home/utc_sim/ros2_dvrk/install/crtk_msgs/share/crtk_msgs/srv/QueryInverseKinematics_Response.msg
[1.462s] -- Up-to-date symlink: /home/utc_sim/ros2_dvrk/install/crtk_msgs/share/ament_index/resource_index/package_run_dependencies/crtk_msgs
[1.462s] -- Up-to-date symlink: /home/utc_sim/ros2_dvrk/install/crtk_msgs/share/ament_index/resource_index/parent_prefix_path/crtk_msgs
[1.462s] -- Up-to-date symlink: /home/utc_sim/ros2_dvrk/install/crtk_msgs/share/crtk_msgs/environment/ament_prefix_path.sh
[1.462s] -- Up-to-date symlink: /home/utc_sim/ros2_dvrk/install/crtk_msgs/share/crtk_msgs/environment/ament_prefix_path.dsv
[1.462s] -- Up-to-date symlink: /home/utc_sim/ros2_dvrk/install/crtk_msgs/share/crtk_msgs/environment/path.sh
[1.462s] -- Up-to-date symlink: /home/utc_sim/ros2_dvrk/install/crtk_msgs/share/crtk_msgs/environment/path.dsv
[1.462s] -- Up-to-date symlink: /home/utc_sim/ros2_dvrk/install/crtk_msgs/share/crtk_msgs/local_setup.bash
[1.462s] -- Up-to-date symlink: /home/utc_sim/ros2_dvrk/install/crtk_msgs/share/crtk_msgs/local_setup.sh
[1.462s] -- Up-to-date symlink: /home/utc_sim/ros2_dvrk/install/crtk_msgs/share/crtk_msgs/local_setup.zsh
[1.463s] -- Up-to-date symlink: /home/utc_sim/ros2_dvrk/install/crtk_msgs/share/crtk_msgs/local_setup.dsv
[1.463s] -- Symlinking: /home/utc_sim/ros2_dvrk/install/crtk_msgs/share/crtk_msgs/package.dsv
[1.476s] -- Up-to-date symlink: /home/utc_sim/ros2_dvrk/install/crtk_msgs/share/ament_index/resource_index/packages/crtk_msgs
[1.486s] -- Up-to-date symlink: /home/utc_sim/ros2_dvrk/install/crtk_msgs/share/crtk_msgs/cmake/rosidl_cmake-extras.cmake
[1.486s] -- Up-to-date symlink: /home/utc_sim/ros2_dvrk/install/crtk_msgs/share/crtk_msgs/cmake/ament_cmake_export_dependencies-extras.cmake
[1.486s] -- Up-to-date symlink: /home/utc_sim/ros2_dvrk/install/crtk_msgs/share/crtk_msgs/cmake/ament_cmake_export_include_directories-extras.cmake
[1.486s] -- Up-to-date symlink: /home/utc_sim/ros2_dvrk/install/crtk_msgs/share/crtk_msgs/cmake/ament_cmake_export_libraries-extras.cmake
[1.486s] -- Up-to-date symlink: /home/utc_sim/ros2_dvrk/install/crtk_msgs/share/crtk_msgs/cmake/ament_cmake_export_targets-extras.cmake
[1.486s] -- Up-to-date symlink: /home/utc_sim/ros2_dvrk/install/crtk_msgs/share/crtk_msgs/cmake/rosidl_cmake_export_typesupport_targets-extras.cmake
[1.486s] -- Up-to-date symlink: /home/utc_sim/ros2_dvrk/install/crtk_msgs/share/crtk_msgs/cmake/rosidl_cmake_export_typesupport_libraries-extras.cmake
[1.487s] -- Up-to-date symlink: /home/utc_sim/ros2_dvrk/install/crtk_msgs/share/crtk_msgs/cmake/crtk_msgsConfig.cmake
[1.487s] -- Up-to-date symlink: /home/utc_sim/ros2_dvrk/install/crtk_msgs/share/crtk_msgs/cmake/crtk_msgsConfig-version.cmake
[1.487s] -- Up-to-date symlink: /home/utc_sim/ros2_dvrk/install/crtk_msgs/share/crtk_msgs/package.xml
[1.487s] -- Up-to-date: /home/utc_sim/ros2_dvrk/install/crtk_msgs/lib/libcrtk_msgs__rosidl_generator_c.so
[1.488s] -- Up-to-date: /home/utc_sim/ros2_dvrk/install/crtk_msgs/lib/libcrtk_msgs__rosidl_typesupport_fastrtps_c.so
[1.488s] -- Up-to-date: /home/utc_sim/ros2_dvrk/install/crtk_msgs/lib/libcrtk_msgs__rosidl_typesupport_fastrtps_cpp.so
[1.488s] -- Up-to-date: /home/utc_sim/ros2_dvrk/install/crtk_msgs/lib/libcrtk_msgs__rosidl_typesupport_introspection_c.so
[1.488s] -- Up-to-date: /home/utc_sim/ros2_dvrk/install/crtk_msgs/lib/libcrtk_msgs__rosidl_typesupport_c.so
[1.492s] -- Up-to-date: /home/utc_sim/ros2_dvrk/install/crtk_msgs/lib/libcrtk_msgs__rosidl_typesupport_introspection_cpp.so
[1.492s] -- Up-to-date: /home/utc_sim/ros2_dvrk/install/crtk_msgs/lib/libcrtk_msgs__rosidl_typesupport_cpp.so
[1.538s] Listing '/home/utc_sim/ros2_dvrk/install/crtk_msgs/local/lib/python3.10/dist-packages/crtk_msgs'...
[1.538s] Listing '/home/utc_sim/ros2_dvrk/install/crtk_msgs/local/lib/python3.10/dist-packages/crtk_msgs/msg'...
[1.538s] Listing '/home/utc_sim/ros2_dvrk/install/crtk_msgs/local/lib/python3.10/dist-packages/crtk_msgs/srv'...
[1.544s] -- Up-to-date: /home/utc_sim/ros2_dvrk/install/crtk_msgs/lib/libcrtk_msgs__rosidl_generator_py.so
[1.545s] -- Up-to-date: /home/utc_sim/ros2_dvrk/install/crtk_msgs/share/crtk_msgs/cmake/export_crtk_msgs__rosidl_generator_cExport.cmake
[1.545s] -- Up-to-date: /home/utc_sim/ros2_dvrk/install/crtk_msgs/share/crtk_msgs/cmake/export_crtk_msgs__rosidl_generator_cExport-release.cmake
[1.546s] -- Up-to-date: /home/utc_sim/ros2_dvrk/install/crtk_msgs/share/crtk_msgs/cmake/export_crtk_msgs__rosidl_typesupport_fastrtps_cExport.cmake
[1.546s] -- Up-to-date: /home/utc_sim/ros2_dvrk/install/crtk_msgs/share/crtk_msgs/cmake/export_crtk_msgs__rosidl_typesupport_fastrtps_cExport-release.cmake
[1.547s] -- Up-to-date: /home/utc_sim/ros2_dvrk/install/crtk_msgs/share/crtk_msgs/cmake/export_crtk_msgs__rosidl_generator_cppExport.cmake
[1.547s] -- Up-to-date: /home/utc_sim/ros2_dvrk/install/crtk_msgs/share/crtk_msgs/cmake/export_crtk_msgs__rosidl_typesupport_fastrtps_cppExport.cmake
[1.547s] -- Up-to-date: /home/utc_sim/ros2_dvrk/install/crtk_msgs/share/crtk_msgs/cmake/export_crtk_msgs__rosidl_typesupport_fastrtps_cppExport-release.cmake
[1.547s] -- Up-to-date: /home/utc_sim/ros2_dvrk/install/crtk_msgs/share/crtk_msgs/cmake/crtk_msgs__rosidl_typesupport_introspection_cExport.cmake
[1.547s] -- Up-to-date: /home/utc_sim/ros2_dvrk/install/crtk_msgs/share/crtk_msgs/cmake/crtk_msgs__rosidl_typesupport_introspection_cExport-release.cmake
[1.547s] -- Up-to-date: /home/utc_sim/ros2_dvrk/install/crtk_msgs/share/crtk_msgs/cmake/crtk_msgs__rosidl_typesupport_cExport.cmake
[1.547s] -- Up-to-date: /home/utc_sim/ros2_dvrk/install/crtk_msgs/share/crtk_msgs/cmake/crtk_msgs__rosidl_typesupport_cExport-release.cmake
[1.547s] -- Up-to-date: /home/utc_sim/ros2_dvrk/install/crtk_msgs/share/crtk_msgs/cmake/crtk_msgs__rosidl_typesupport_introspection_cppExport.cmake
[1.547s] -- Up-to-date: /home/utc_sim/ros2_dvrk/install/crtk_msgs/share/crtk_msgs/cmake/crtk_msgs__rosidl_typesupport_introspection_cppExport-release.cmake
[1.547s] -- Up-to-date: /home/utc_sim/ros2_dvrk/install/crtk_msgs/share/crtk_msgs/cmake/crtk_msgs__rosidl_typesupport_cppExport.cmake
[1.547s] -- Up-to-date: /home/utc_sim/ros2_dvrk/install/crtk_msgs/share/crtk_msgs/cmake/crtk_msgs__rosidl_typesupport_cppExport-release.cmake
[1.547s] -- Up-to-date: /home/utc_sim/ros2_dvrk/install/crtk_msgs/share/crtk_msgs/cmake/export_crtk_msgs__rosidl_generator_pyExport.cmake
[1.547s] -- Up-to-date: /home/utc_sim/ros2_dvrk/install/crtk_msgs/share/crtk_msgs/cmake/export_crtk_msgs__rosidl_generator_pyExport-release.cmake
[1.568s] Invoked command in '/home/utc_sim/ros2_dvrk/build/crtk_msgs' returned '0': CMAKE_PREFIX_PATH=${CMAKE_PREFIX_PATH}:/home/utc_sim/ros2_ws/install /usr/bin/cmake --install /home/utc_sim/ros2_dvrk/build/crtk_msgs
