-- The C compiler identification is GNU 11.4.0
-- The CXX compiler identification is GNU 11.4.0
-- Detecting C compiler ABI info
-- Detecting C compiler ABI info - done
-- Check for working C compiler: /usr/bin/cc - skipped
-- Detecting C compile features
-- Detecting C compile features - done
-- Detecting CXX compiler ABI info
-- Detecting CXX compiler ABI info - done
-- Check for working CXX compiler: /usr/bin/c++ - skipped
-- Detecting CXX compile features
-- Detecting CXX compile features - done
-- Found Python3: /usr/bin/python3 (found version "3.10.12") found components: Interpreter 
-- Configuring done
-- Generating done
-- Build files have been written to: /home/utc_sim/ros2_dvrk/build/dvrk_config_jhu
-- Install configuration: "Release"
-- Installing: /home/utc_sim/ros2_dvrk/install/dvrk_config_jhu/share/ament_index/resource_index/package_run_dependencies/dvrk_config_jhu
-- Installing: /home/utc_sim/ros2_dvrk/install/dvrk_config_jhu/share/ament_index/resource_index/parent_prefix_path/dvrk_config_jhu
-- Installing: /home/utc_sim/ros2_dvrk/install/dvrk_config_jhu/share/dvrk_config_jhu/environment/ament_prefix_path.sh
-- Installing: /home/utc_sim/ros2_dvrk/install/dvrk_config_jhu/share/dvrk_config_jhu/environment/ament_prefix_path.dsv
-- Installing: /home/utc_sim/ros2_dvrk/install/dvrk_config_jhu/share/dvrk_config_jhu/environment/path.sh
-- Installing: /home/utc_sim/ros2_dvrk/install/dvrk_config_jhu/share/dvrk_config_jhu/environment/path.dsv
-- Installing: /home/utc_sim/ros2_dvrk/install/dvrk_config_jhu/share/dvrk_config_jhu/local_setup.bash
-- Installing: /home/utc_sim/ros2_dvrk/install/dvrk_config_jhu/share/dvrk_config_jhu/local_setup.sh
-- Installing: /home/utc_sim/ros2_dvrk/install/dvrk_config_jhu/share/dvrk_config_jhu/local_setup.zsh
-- Installing: /home/utc_sim/ros2_dvrk/install/dvrk_config_jhu/share/dvrk_config_jhu/local_setup.dsv
-- Installing: /home/utc_sim/ros2_dvrk/install/dvrk_config_jhu/share/dvrk_config_jhu/package.dsv
-- Installing: /home/utc_sim/ros2_dvrk/install/dvrk_config_jhu/share/ament_index/resource_index/packages/dvrk_config_jhu
-- Installing: /home/utc_sim/ros2_dvrk/install/dvrk_config_jhu/share/dvrk_config_jhu/cmake/dvrk_config_jhuConfig.cmake
-- Installing: /home/utc_sim/ros2_dvrk/install/dvrk_config_jhu/share/dvrk_config_jhu/cmake/dvrk_config_jhuConfig-version.cmake
-- Installing: /home/utc_sim/ros2_dvrk/install/dvrk_config_jhu/share/dvrk_config_jhu/package.xml
-- Installing: /home/utc_sim/ros2_dvrk/install/dvrk_config_jhu/share/jhu-dVRK
-- Installing: /home/utc_sim/ros2_dvrk/install/dvrk_config_jhu/share/jhu-dVRK/sawRobotIO1394-PSM2-27374.json
-- Installing: /home/utc_sim/ros2_dvrk/install/dvrk_config_jhu/share/jhu-dVRK/system-MTMR.json
-- Installing: /home/utc_sim/ros2_dvrk/install/dvrk_config_jhu/share/jhu-dVRK/system-PSM2.json
-- Installing: /home/utc_sim/ros2_dvrk/install/dvrk_config_jhu/share/jhu-dVRK/sawRobotIO1394-MTMR-gripper-28247.json
-- Installing: /home/utc_sim/ros2_dvrk/install/dvrk_config_jhu/share/jhu-dVRK/system-MTMR-PSMove-PSM2-Teleop.json
-- Installing: /home/utc_sim/ros2_dvrk/install/dvrk_config_jhu/share/jhu-dVRK/sawRobotIO1394-MTML-22723.json
-- Installing: /home/utc_sim/ros2_dvrk/install/dvrk_config_jhu/share/jhu-dVRK/sawRobotIO1394-PSM2-contact-sensor.json
-- Installing: /home/utc_sim/ros2_dvrk/install/dvrk_config_jhu/share/jhu-dVRK/system-MTML-MTMR.json
-- Installing: /home/utc_sim/ros2_dvrk/install/dvrk_config_jhu/share/jhu-dVRK/system-MTML-PSM1-PSM2-Teleop.json
-- Installing: /home/utc_sim/ros2_dvrk/install/dvrk_config_jhu/share/jhu-dVRK/gc-MTMR-28247.json
-- Installing: /home/utc_sim/ros2_dvrk/install/dvrk_config_jhu/share/jhu-dVRK/PSM2-27374.json
-- Installing: /home/utc_sim/ros2_dvrk/install/dvrk_config_jhu/share/jhu-dVRK/system-MTMR-PSM1-TeleopDerived.json
-- Installing: /home/utc_sim/ros2_dvrk/install/dvrk_config_jhu/share/jhu-dVRK/system-MTMR-PSM1-Teleop.json
-- Installing: /home/utc_sim/ros2_dvrk/install/dvrk_config_jhu/share/jhu-dVRK/system-MTMR-ForceDimension-PSM2-Teleop.json
-- Installing: /home/utc_sim/ros2_dvrk/install/dvrk_config_jhu/share/jhu-dVRK/system-MTML-MTMR-PSM1-PSM2.json
-- Installing: /home/utc_sim/ros2_dvrk/install/dvrk_config_jhu/share/jhu-dVRK/system-PSM2-contact-sensor.json
-- Installing: /home/utc_sim/ros2_dvrk/install/dvrk_config_jhu/share/jhu-dVRK/sawRobotIO1394-MTML-gripper-22723.json
-- Installing: /home/utc_sim/ros2_dvrk/install/dvrk_config_jhu/share/jhu-dVRK/MTMR-28247.json
-- Installing: /home/utc_sim/ros2_dvrk/install/dvrk_config_jhu/share/jhu-dVRK/custom-tool
-- Installing: /home/utc_sim/ros2_dvrk/install/dvrk_config_jhu/share/jhu-dVRK/custom-tool/PSM1-28007-Custom-Dummy.json
-- Installing: /home/utc_sim/ros2_dvrk/install/dvrk_config_jhu/share/jhu-dVRK/custom-tool/console-MTML-PSM1-Custom-Dummy-Teleop.json
-- Installing: /home/utc_sim/ros2_dvrk/install/dvrk_config_jhu/share/jhu-dVRK/custom-tool/console-PSM1-Custom-Dummy.json
-- Installing: /home/utc_sim/ros2_dvrk/install/dvrk_config_jhu/share/jhu-dVRK/custom-tool/CUSTOM_DUMMY_400900.json
-- Installing: /home/utc_sim/ros2_dvrk/install/dvrk_config_jhu/share/jhu-dVRK/custom-tool/custom-tool-index.json
-- Installing: /home/utc_sim/ros2_dvrk/install/dvrk_config_jhu/share/jhu-dVRK/custom-tool/psm-Custom-Dummy.json
-- Installing: /home/utc_sim/ros2_dvrk/install/dvrk_config_jhu/share/jhu-dVRK/gc-MTML-22723.json
-- Installing: /home/utc_sim/ros2_dvrk/install/dvrk_config_jhu/share/jhu-dVRK/system-PSM1.json
-- Installing: /home/utc_sim/ros2_dvrk/install/dvrk_config_jhu/share/jhu-dVRK/cal-files
-- Installing: /home/utc_sim/ros2_dvrk/install/dvrk_config_jhu/share/jhu-dVRK/cal-files/jhu-psm2-p27374.cal
-- Installing: /home/utc_sim/ros2_dvrk/install/dvrk_config_jhu/share/jhu-dVRK/cal-files/jhu-psm1-p28007.cal
-- Installing: /home/utc_sim/ros2_dvrk/install/dvrk_config_jhu/share/jhu-dVRK/cal-files/jhu-mtml-m22723.cal
-- Installing: /home/utc_sim/ros2_dvrk/install/dvrk_config_jhu/share/jhu-dVRK/cal-files/jhu-mtml-m28003.cal
-- Installing: /home/utc_sim/ros2_dvrk/install/dvrk_config_jhu/share/jhu-dVRK/cal-files/jhu-mtmr-m28247.cal
-- Installing: /home/utc_sim/ros2_dvrk/install/dvrk_config_jhu/share/jhu-dVRK/system-MTMR-PSM2-Teleop.json
-- Installing: /home/utc_sim/ros2_dvrk/install/dvrk_config_jhu/share/jhu-dVRK/MTML-22723.json
-- Installing: /home/utc_sim/ros2_dvrk/install/dvrk_config_jhu/share/jhu-dVRK/PSM1-28007.json
-- Installing: /home/utc_sim/ros2_dvrk/install/dvrk_config_jhu/share/jhu-dVRK/system-MTML-PSM1-Teleop.json
-- Installing: /home/utc_sim/ros2_dvrk/install/dvrk_config_jhu/share/jhu-dVRK/system-MTML-PSM1_ROS-Teleop.json
-- Installing: /home/utc_sim/ros2_dvrk/install/dvrk_config_jhu/share/jhu-dVRK/sawRobotIO1394-PSM1-28007.json
-- Installing: /home/utc_sim/ros2_dvrk/install/dvrk_config_jhu/share/jhu-dVRK/system-Falcon-PSM2-Teleop.json
-- Installing: /home/utc_sim/ros2_dvrk/install/dvrk_config_jhu/share/jhu-dVRK/system-MTML.json
-- Installing: /home/utc_sim/ros2_dvrk/install/dvrk_config_jhu/share/jhu-dVRK/system-MTML-MTMR-full-cart-simulated.json
-- Installing: /home/utc_sim/ros2_dvrk/install/dvrk_config_jhu/share/jhu-dVRK/system-MTML-MTMR-PSM1-PSM2-Teleop.json
-- Installing: /home/utc_sim/ros2_dvrk/install/dvrk_config_jhu/share/jhu-dVRK/system-MTML-PSM1-joystick-console-input.json
-- Installing: /home/utc_sim/ros2_dvrk/install/dvrk_config_jhu/share/jhu-dVRK/sawRobotIO1394-MTMR-28247.json
-- Installing: /home/utc_sim/ros2_dvrk/install/dvrk_config_jhu/share/jhu-daVinci
-- Installing: /home/utc_sim/ros2_dvrk/install/dvrk_config_jhu/share/jhu-daVinci/system-MTMR.json
-- Installing: /home/utc_sim/ros2_dvrk/install/dvrk_config_jhu/share/jhu-daVinci/sawRobotIO1394-PSM3-28613.json
-- Installing: /home/utc_sim/ros2_dvrk/install/dvrk_config_jhu/share/jhu-daVinci/system-PSM2.json
-- Installing: /home/utc_sim/ros2_dvrk/install/dvrk_config_jhu/share/jhu-daVinci/igtl.json
-- Installing: /home/utc_sim/ros2_dvrk/install/dvrk_config_jhu/share/jhu-daVinci/MTML-34863.json
-- Installing: /home/utc_sim/ros2_dvrk/install/dvrk_config_jhu/share/jhu-daVinci/suj-fixed.json
-- Installing: /home/utc_sim/ros2_dvrk/install/dvrk_config_jhu/share/jhu-daVinci/system-SUJ-ECM-MTMR-PSM1-MTML-PSM2-PSM3-Teleop.json
-- Installing: /home/utc_sim/ros2_dvrk/install/dvrk_config_jhu/share/jhu-daVinci/suj-ECM-1-2-3.json
-- Installing: /home/utc_sim/ros2_dvrk/install/dvrk_config_jhu/share/jhu-daVinci/sawRobotIO1394-SUJ.json
-- Installing: /home/utc_sim/ros2_dvrk/install/dvrk_config_jhu/share/jhu-daVinci/ECM-29738.json
-- Installing: /home/utc_sim/ros2_dvrk/install/dvrk_config_jhu/share/jhu-daVinci/system-SUJ-ECM-MTMR-PSM1-Teleop.json
-- Installing: /home/utc_sim/ros2_dvrk/install/dvrk_config_jhu/share/jhu-daVinci/console-SUJ-PSM2-is-reference-MTMR-PSM1-Teleop.json
-- Installing: /home/utc_sim/ros2_dvrk/install/dvrk_config_jhu/share/jhu-daVinci/system-MTML-MTMR.json
-- Installing: /home/utc_sim/ros2_dvrk/install/dvrk_config_jhu/share/jhu-daVinci/system-ECM.json
-- Installing: /home/utc_sim/ros2_dvrk/install/dvrk_config_jhu/share/jhu-daVinci/PSM1-49695.json
-- Installing: /home/utc_sim/ros2_dvrk/install/dvrk_config_jhu/share/jhu-daVinci/sawRobotIO1394-PSM2-32204.json
-- Installing: /home/utc_sim/ros2_dvrk/install/dvrk_config_jhu/share/jhu-daVinci/PSM2-32204.json
-- Installing: /home/utc_sim/ros2_dvrk/install/dvrk_config_jhu/share/jhu-daVinci/sawRobotIO1394-MTML-gripper-34863.json
-- Installing: /home/utc_sim/ros2_dvrk/install/dvrk_config_jhu/share/jhu-daVinci/sawRobotIO1394-MTMR-32336.json
-- Installing: /home/utc_sim/ros2_dvrk/install/dvrk_config_jhu/share/jhu-daVinci/gc-MTMR-32336.json
-- Installing: /home/utc_sim/ros2_dvrk/install/dvrk_config_jhu/share/jhu-daVinci/system-SUJ-ECM-PSM1-PSM2.json
-- Installing: /home/utc_sim/ros2_dvrk/install/dvrk_config_jhu/share/jhu-daVinci/compensation-PSM3-28613.json
-- Installing: /home/utc_sim/ros2_dvrk/install/dvrk_config_jhu/share/jhu-daVinci/system-SUJ-ECM-MTMR-PSM1-MTML-PSM2-Teleop.json
-- Installing: /home/utc_sim/ros2_dvrk/install/dvrk_config_jhu/share/jhu-daVinci/gc-MTML-34863.json
-- Installing: /home/utc_sim/ros2_dvrk/install/dvrk_config_jhu/share/jhu-daVinci/console-SUJ_KIN_SIMULATED-ECM-MTMR-PSM1-MTML-PSM2-Teleop.json
-- Installing: /home/utc_sim/ros2_dvrk/install/dvrk_config_jhu/share/jhu-daVinci/MTMR-32336.json
-- Installing: /home/utc_sim/ros2_dvrk/install/dvrk_config_jhu/share/jhu-daVinci/system-PSM1.json
-- Installing: /home/utc_sim/ros2_dvrk/install/dvrk_config_jhu/share/jhu-daVinci/system-SUJ-ECM-PSM1-PSM2-PSM3.json
-- Installing: /home/utc_sim/ros2_dvrk/install/dvrk_config_jhu/share/jhu-daVinci/system-SUJ.json
-- Installing: /home/utc_sim/ros2_dvrk/install/dvrk_config_jhu/share/jhu-daVinci/console-SUJFixed-ECM-MTMR-PSM1-MTML-PSM2-Teleop.json
-- Installing: /home/utc_sim/ros2_dvrk/install/dvrk_config_jhu/share/jhu-daVinci/system-SUJ-ECM-PSM1.json
-- Installing: /home/utc_sim/ros2_dvrk/install/dvrk_config_jhu/share/jhu-daVinci/cal-files
-- Installing: /home/utc_sim/ros2_dvrk/install/dvrk_config_jhu/share/jhu-daVinci/cal-files/jhu-dv-psm1-49695.cal
-- Installing: /home/utc_sim/ros2_dvrk/install/dvrk_config_jhu/share/jhu-daVinci/cal-files/jhu-dv-psm3-28613.cal
-- Installing: /home/utc_sim/ros2_dvrk/install/dvrk_config_jhu/share/jhu-daVinci/cal-files/jhu-dv-psm2-32204.cal
-- Installing: /home/utc_sim/ros2_dvrk/install/dvrk_config_jhu/share/jhu-daVinci/cal-files/jhu-dv-ecm-29738.cal
-- Installing: /home/utc_sim/ros2_dvrk/install/dvrk_config_jhu/share/jhu-daVinci/cal-files/jhu-dv-mtml-34863.cal
-- Installing: /home/utc_sim/ros2_dvrk/install/dvrk_config_jhu/share/jhu-daVinci/cal-files/jhu-dv-mtmr-32336.cal
-- Installing: /home/utc_sim/ros2_dvrk/install/dvrk_config_jhu/share/jhu-daVinci/sawRobotIO1394-MTMR-gripper-32336.json
-- Installing: /home/utc_sim/ros2_dvrk/install/dvrk_config_jhu/share/jhu-daVinci/sawRobotIO1394-PSM1-49695.json
-- Installing: /home/utc_sim/ros2_dvrk/install/dvrk_config_jhu/share/jhu-daVinci/system-PSM3.json
-- Installing: /home/utc_sim/ros2_dvrk/install/dvrk_config_jhu/share/jhu-daVinci/system-SUJ-ECM.json
-- Installing: /home/utc_sim/ros2_dvrk/install/dvrk_config_jhu/share/jhu-daVinci/sawRobotIO1394-ECM-29738.json
-- Installing: /home/utc_sim/ros2_dvrk/install/dvrk_config_jhu/share/jhu-daVinci/suj-ECM-1-2-3-PSM2-is-reference.json
-- Installing: /home/utc_sim/ros2_dvrk/install/dvrk_config_jhu/share/jhu-daVinci/system-MTML.json
-- Installing: /home/utc_sim/ros2_dvrk/install/dvrk_config_jhu/share/jhu-daVinci/old
-- Installing: /home/utc_sim/ros2_dvrk/install/dvrk_config_jhu/share/jhu-daVinci/old/sawRobotIO1394-MTMR-22403-foot-pedal.xml
-- Installing: /home/utc_sim/ros2_dvrk/install/dvrk_config_jhu/share/jhu-daVinci/old/sawRobotIO1394-MTMR-22403.xml
-- Installing: /home/utc_sim/ros2_dvrk/install/dvrk_config_jhu/share/jhu-daVinci/PSM3-28613.json
-- Installing: /home/utc_sim/ros2_dvrk/install/dvrk_config_jhu/share/jhu-daVinci/sawRobotIO1394-MTML-34863.json
-- Installing: /home/utc_sim/ros2_dvrk/install/dvrk_config_jhu/share/jhu-dVRK-Si
-- Installing: /home/utc_sim/ros2_dvrk/install/dvrk_config_jhu/share/jhu-dVRK-Si/PSM_KIN_SIMULATED_CADIERE_FORCEPS_400049.json
-- Installing: /home/utc_sim/ros2_dvrk/install/dvrk_config_jhu/share/jhu-dVRK-Si/omega7-11311.json
-- Installing: /home/utc_sim/ros2_dvrk/install/dvrk_config_jhu/share/jhu-dVRK-Si/sawRobotIO1394-PSM1-327598-PotentiometerLookupTable.json
-- Installing: /home/utc_sim/ros2_dvrk/install/dvrk_config_jhu/share/jhu-dVRK-Si/PSM1-334809.json
-- Installing: /home/utc_sim/ros2_dvrk/install/dvrk_config_jhu/share/jhu-dVRK-Si/sawSensablePhantomUSBTouch.json
-- Installing: /home/utc_sim/ros2_dvrk/install/dvrk_config_jhu/share/jhu-dVRK-Si/sawRobotIO1394-PSM1-334809.json
-- Installing: /home/utc_sim/ros2_dvrk/install/dvrk_config_jhu/share/jhu-dVRK-Si/system-PSM1.json
-- Installing: /home/utc_sim/ros2_dvrk/install/dvrk_config_jhu/share/jhu-dVRK-Si/sawRobotIO1394-PSM1-334809-PotentiometerLookupTable.json
-- Installing: /home/utc_sim/ros2_dvrk/install/dvrk_config_jhu/share/jhu-dVRK-Si/PSM1-327598.json
-- Installing: /home/utc_sim/ros2_dvrk/install/dvrk_config_jhu/share/jhu-dVRK-Si/sawRobotIO1394-PSM1-327598.json
-- Installing: /home/utc_sim/ros2_dvrk/install/dvrk_config_jhu/share/jhu-daVinci-Si
-- Installing: /home/utc_sim/ros2_dvrk/install/dvrk_config_jhu/share/jhu-daVinci-Si/system-MTMR.json
-- Installing: /home/utc_sim/ros2_dvrk/install/dvrk_config_jhu/share/jhu-daVinci-Si/system-PSM2.json
-- Installing: /home/utc_sim/ros2_dvrk/install/dvrk_config_jhu/share/jhu-daVinci-Si/Endo360-tool-index.json
-- Installing: /home/utc_sim/ros2_dvrk/install/dvrk_config_jhu/share/jhu-daVinci-Si/sawRobotIO1394-MTML-gripper-28989.json
-- Installing: /home/utc_sim/ros2_dvrk/install/dvrk_config_jhu/share/jhu-daVinci-Si/PSM3-698534.json
-- Installing: /home/utc_sim/ros2_dvrk/install/dvrk_config_jhu/share/jhu-daVinci-Si/system-SUJ-ECM-MTML-PSM2-MTMR-PSM1-Teleop.json
-- Installing: /home/utc_sim/ros2_dvrk/install/dvrk_config_jhu/share/jhu-daVinci-Si/PSM2-Endo360-586288.json
-- Installing: /home/utc_sim/ros2_dvrk/install/dvrk_config_jhu/share/jhu-daVinci-Si/suj-fixed.json
-- Installing: /home/utc_sim/ros2_dvrk/install/dvrk_config_jhu/share/jhu-daVinci-Si/ECM-438610.json
-- Installing: /home/utc_sim/ros2_dvrk/install/dvrk_config_jhu/share/jhu-daVinci-Si/sawRobotIO1394-PSM3-698534.json
-- Installing: /home/utc_sim/ros2_dvrk/install/dvrk_config_jhu/share/jhu-daVinci-Si/system-SUJ-ECM-MTML-PSM2-MTMR-PSM1-PSM3-Teleop.json
-- Installing: /home/utc_sim/ros2_dvrk/install/dvrk_config_jhu/share/jhu-daVinci-Si/PSM2-586288.json
-- Installing: /home/utc_sim/ros2_dvrk/install/dvrk_config_jhu/share/jhu-daVinci-Si/system-Endo360-SUJ-ECM-MTML-PSM2-MTMR-PSM1-Teleop.json
-- Installing: /home/utc_sim/ros2_dvrk/install/dvrk_config_jhu/share/jhu-daVinci-Si/sawRobotIO1394-PSM2-586288.json
-- Installing: /home/utc_sim/ros2_dvrk/install/dvrk_config_jhu/share/jhu-daVinci-Si/suj-si.json
-- Installing: /home/utc_sim/ros2_dvrk/install/dvrk_config_jhu/share/jhu-daVinci-Si/MTMR-30924.json
-- Installing: /home/utc_sim/ros2_dvrk/install/dvrk_config_jhu/share/jhu-daVinci-Si/system-ECM.json
-- Installing: /home/utc_sim/ros2_dvrk/install/dvrk_config_jhu/share/jhu-daVinci-Si/gc-MTMR-30924.json
-- Installing: /home/utc_sim/ros2_dvrk/install/dvrk_config_jhu/share/jhu-daVinci-Si/sawRobotIO1394-PSM1-292409-PotentiometerLookupTable.json
-- Installing: /home/utc_sim/ros2_dvrk/install/dvrk_config_jhu/share/jhu-daVinci-Si/sawRobotIO1394-PSM2-586288-PotentiometerLookupTable.json
-- Installing: /home/utc_sim/ros2_dvrk/install/dvrk_config_jhu/share/jhu-daVinci-Si/gc-MTML-28989.json
-- Installing: /home/utc_sim/ros2_dvrk/install/dvrk_config_jhu/share/jhu-daVinci-Si/PSM1-292409.json
-- Installing: /home/utc_sim/ros2_dvrk/install/dvrk_config_jhu/share/jhu-daVinci-Si/S_CUSTOM.json
-- Installing: /home/utc_sim/ros2_dvrk/install/dvrk_config_jhu/share/jhu-daVinci-Si/sawRobotIO1394-MTML-28989.json
-- Installing: /home/utc_sim/ros2_dvrk/install/dvrk_config_jhu/share/jhu-daVinci-Si/sawRobotIO1394-ECM-438610-PotentiometerLookupTable.json
-- Installing: /home/utc_sim/ros2_dvrk/install/dvrk_config_jhu/share/jhu-daVinci-Si/system-Si-cart-Classic-Si-consoles.json
-- Installing: /home/utc_sim/ros2_dvrk/install/dvrk_config_jhu/share/jhu-daVinci-Si/sawRobotIO1394-PSM1-292409.json
-- Installing: /home/utc_sim/ros2_dvrk/install/dvrk_config_jhu/share/jhu-daVinci-Si/system-PSM1.json
-- Installing: /home/utc_sim/ros2_dvrk/install/dvrk_config_jhu/share/jhu-daVinci-Si/system-SUJ-ECM-PSM1-PSM2-PSM3.json
-- Installing: /home/utc_sim/ros2_dvrk/install/dvrk_config_jhu/share/jhu-daVinci-Si/endo360.py
-- Installing: /home/utc_sim/ros2_dvrk/install/dvrk_config_jhu/share/jhu-daVinci-Si/system-SUJ.json
-- Installing: /home/utc_sim/ros2_dvrk/install/dvrk_config_jhu/share/jhu-daVinci-Si/cal-files
-- Installing: /home/utc_sim/ros2_dvrk/install/dvrk_config_jhu/share/jhu-daVinci-Si/cal-files/jhu-mtmr-22403.cal
-- Installing: /home/utc_sim/ros2_dvrk/install/dvrk_config_jhu/share/jhu-daVinci-Si/cal-files/p292409.cal
-- Installing: /home/utc_sim/ros2_dvrk/install/dvrk_config_jhu/share/jhu-daVinci-Si/cal-files/jhu-psm-s-334809.cal
-- Installing: /home/utc_sim/ros2_dvrk/install/dvrk_config_jhu/share/jhu-daVinci-Si/cal-files/jhu-mtml-28989.cal
-- Installing: /home/utc_sim/ros2_dvrk/install/dvrk_config_jhu/share/jhu-daVinci-Si/cal-files/e267579.cal
-- Installing: /home/utc_sim/ros2_dvrk/install/dvrk_config_jhu/share/jhu-daVinci-Si/cal-files/e438610.cal
-- Installing: /home/utc_sim/ros2_dvrk/install/dvrk_config_jhu/share/jhu-daVinci-Si/cal-files/p586288.cal
-- Installing: /home/utc_sim/ros2_dvrk/install/dvrk_config_jhu/share/jhu-daVinci-Si/cal-files/jhu-ecm-s-267579.cal
-- Installing: /home/utc_sim/ros2_dvrk/install/dvrk_config_jhu/share/jhu-daVinci-Si/MTML-28989.json
-- Installing: /home/utc_sim/ros2_dvrk/install/dvrk_config_jhu/share/jhu-daVinci-Si/system-SUJ_fixed-ECM-MTML-PSM2-MTMR-PSM1-Teleop.json
-- Installing: /home/utc_sim/ros2_dvrk/install/dvrk_config_jhu/share/jhu-daVinci-Si/sawRobotIO1394-PSM3-698534-PotentiometerLookupTable.json
-- Installing: /home/utc_sim/ros2_dvrk/install/dvrk_config_jhu/share/jhu-daVinci-Si/system-PSM3.json
-- Installing: /home/utc_sim/ros2_dvrk/install/dvrk_config_jhu/share/jhu-daVinci-Si/ENDO_360.json
-- Installing: /home/utc_sim/ros2_dvrk/install/dvrk_config_jhu/share/jhu-daVinci-Si/sawRobotIO1394-MTMR-30924.json
-- Installing: /home/utc_sim/ros2_dvrk/install/dvrk_config_jhu/share/jhu-daVinci-Si/sawRobotIO1394-MTMR-gripper-30924.json
-- Installing: /home/utc_sim/ros2_dvrk/install/dvrk_config_jhu/share/jhu-daVinci-Si/system-MTML.json
-- Installing: /home/utc_sim/ros2_dvrk/install/dvrk_config_jhu/share/jhu-daVinci-Si/sawRobotIO1394-ECM-438610.json
