[0.304s] Invoking command in '/home/utc_sim/ros2_dvrk/build/sawControllersCore': CISST_ROOT=/home/utc_sim/ros2_dvrk/install/cisst CMAKE_PREFIX_PATH=/home/utc_sim/ros2_dvrk/install/sawKeyboardAll:/home/utc_sim/ros2_dvrk/install/cisst:/home/utc_sim/ros2_dvrk/install/cisstNetlib:/opt/ros/humble:/opt/ros/humble LD_LIBRARY_PATH=/home/utc_sim/ros2_dvrk/install/sawKeyboardAll/lib:/home/utc_sim/ros2_dvrk/install/cisst/lib:/home/utc_sim/ros2_dvrk/install/cisst/lib:${LD_LIBRARY_PATH} PATH=/home/utc_sim/ros2_dvrk/install/cisst/bin:/home/utc_sim/ros2_dvrk/install/cisst/bin:${PATH} PKG_CONFIG_PATH=/home/utc_sim/ros2_dvrk/install/cisst/lib/aarch64-linux-gnu/pkgconfig:/home/utc_sim/ros2_dvrk/install/cisst/lib/pkgconfig:/home/utc_sim/ros2_dvrk/install/cisstNetlib/lib/aarch64-linux-gnu/pkgconfig:/home/utc_sim/ros2_dvrk/install/cisstNetlib/lib/pkgconfig PYTHONPATH=/home/utc_sim/ros2_dvrk/install/cisst/lib:${PYTHONPATH} ROS_PACKAGE_PATH=/home/utc_sim/ros2_dvrk/install/cisst/share /usr/bin/cmake /home/utc_sim/ros2_dvrk/src/cisst-saw/sawControllers/core -DCMAKE_BUILD_TYPE=Release -DCMAKE_INSTALL_PREFIX=/home/utc_sim/ros2_dvrk/install/sawControllersCore
[0.618s] -- The C compiler identification is GNU 11.4.0
[0.996s] -- The CXX compiler identification is GNU 11.4.0
[1.033s] -- Detecting C compiler ABI info
[1.550s] -- Detecting C compiler ABI info - done
[1.572s] -- Check for working C compiler: /usr/bin/cc - skipped
[1.573s] -- Detecting C compile features
[1.573s] -- Detecting C compile features - done
[1.579s] -- Detecting CXX compiler ABI info
[2.116s] -- Detecting CXX compiler ABI info - done
[2.139s] -- Check for working CXX compiler: /usr/bin/c++ - skipped
[2.140s] -- Detecting CXX compile features
[2.141s] -- Detecting CXX compile features - done
[2.145s] -- Information: cisst has been found in "/home/utc_sim/ros2_dvrk/install/cisst/", headers are in "/home/utc_sim/ros2_dvrk/install/cisst//include"
[2.170s] -- Performing Test CXX_SUPPORTS_WEXTRA
[2.574s] -- Performing Test CXX_SUPPORTS_WEXTRA - Success
[2.575s] -- Performing Test CXX_SUPPORTS_WALL
[3.082s] -- Performing Test CXX_SUPPORTS_WALL - Success
[3.092s] -- Information: cisst has been found in "/home/utc_sim/ros2_dvrk/install/cisst/", headers are in "/home/utc_sim/ros2_dvrk/install/cisst//include"
[3.133s] -- Assuming cisst is built using ROS/catkin since ROS_ROOT is defined in environment
[3.133s] -- CATKIN_DEVEL_PREFIX is not defined so assuming this is NOT a ROS/catkin build after all
[3.133s] -- Assuming cisst is built using ROS2/colcon since ROS_VERSION is 2
[3.134s] -- Assuming cisst is built using ROS/catkin since ROS_ROOT is defined in environment
[3.134s] -- CATKIN_DEVEL_PREFIX is not defined so assuming this is NOT a ROS/catkin build after all
[3.164s] -- Information: cisst has been found in "/home/utc_sim/ros2_dvrk/install/cisst/", headers are in "/home/utc_sim/ros2_dvrk/install/cisst//include"
[3.274s] -- Configuring done
[3.413s] -- Generating done
[3.414s] -- Build files have been written to: /home/utc_sim/ros2_dvrk/build/sawControllersCore
[3.441s] Invoked command in '/home/utc_sim/ros2_dvrk/build/sawControllersCore' returned '0': CISST_ROOT=/home/utc_sim/ros2_dvrk/install/cisst CMAKE_PREFIX_PATH=/home/utc_sim/ros2_dvrk/install/sawKeyboardAll:/home/utc_sim/ros2_dvrk/install/cisst:/home/utc_sim/ros2_dvrk/install/cisstNetlib:/opt/ros/humble:/opt/ros/humble LD_LIBRARY_PATH=/home/utc_sim/ros2_dvrk/install/sawKeyboardAll/lib:/home/utc_sim/ros2_dvrk/install/cisst/lib:/home/utc_sim/ros2_dvrk/install/cisst/lib:${LD_LIBRARY_PATH} PATH=/home/utc_sim/ros2_dvrk/install/cisst/bin:/home/utc_sim/ros2_dvrk/install/cisst/bin:${PATH} PKG_CONFIG_PATH=/home/utc_sim/ros2_dvrk/install/cisst/lib/aarch64-linux-gnu/pkgconfig:/home/utc_sim/ros2_dvrk/install/cisst/lib/pkgconfig:/home/utc_sim/ros2_dvrk/install/cisstNetlib/lib/aarch64-linux-gnu/pkgconfig:/home/utc_sim/ros2_dvrk/install/cisstNetlib/lib/pkgconfig PYTHONPATH=/home/utc_sim/ros2_dvrk/install/cisst/lib:${PYTHONPATH} ROS_PACKAGE_PATH=/home/utc_sim/ros2_dvrk/install/cisst/share /usr/bin/cmake /home/utc_sim/ros2_dvrk/src/cisst-saw/sawControllers/core -DCMAKE_BUILD_TYPE=Release -DCMAKE_INSTALL_PREFIX=/home/utc_sim/ros2_dvrk/install/sawControllersCore
[3.442s] Invoking command in '/home/utc_sim/ros2_dvrk/build/sawControllersCore': CISST_ROOT=/home/utc_sim/ros2_dvrk/install/cisst CMAKE_PREFIX_PATH=/home/utc_sim/ros2_dvrk/install/sawKeyboardAll:/home/utc_sim/ros2_dvrk/install/cisst:/home/utc_sim/ros2_dvrk/install/cisstNetlib:/opt/ros/humble:/opt/ros/humble LD_LIBRARY_PATH=/home/utc_sim/ros2_dvrk/install/sawKeyboardAll/lib:/home/utc_sim/ros2_dvrk/install/cisst/lib:/home/utc_sim/ros2_dvrk/install/cisst/lib:${LD_LIBRARY_PATH} PATH=/home/utc_sim/ros2_dvrk/install/cisst/bin:/home/utc_sim/ros2_dvrk/install/cisst/bin:${PATH} PKG_CONFIG_PATH=/home/utc_sim/ros2_dvrk/install/cisst/lib/aarch64-linux-gnu/pkgconfig:/home/utc_sim/ros2_dvrk/install/cisst/lib/pkgconfig:/home/utc_sim/ros2_dvrk/install/cisstNetlib/lib/aarch64-linux-gnu/pkgconfig:/home/utc_sim/ros2_dvrk/install/cisstNetlib/lib/pkgconfig PYTHONPATH=/home/utc_sim/ros2_dvrk/install/cisst/lib:${PYTHONPATH} ROS_PACKAGE_PATH=/home/utc_sim/ros2_dvrk/install/cisst/share /usr/bin/cmake --build /home/utc_sim/ros2_dvrk/build/sawControllersCore -- -j8 -l8
[3.873s] [  5%] [34m[1mcisstDataGenerator for mtsPIDConfiguration[0m
[3.936s] cisstDataGenerator: generating /home/utc_sim/ros2_dvrk/build/sawControllersCore/components/include/sawControllers/mtsPIDConfiguration.h and /home/utc_sim/ros2_dvrk/build/sawControllersCore/components/mtsPIDConfiguration_cdg.cpp from /home/utc_sim/ros2_dvrk/src/cisst-saw/sawControllers/core/components/code/mtsPIDConfiguration.cdg
[3.937s] cisstDataGenerator: parse succeeded
[3.938s] cisstDataGenerator: generating header file "/home/utc_sim/ros2_dvrk/build/sawControllersCore/components/include/sawControllers/mtsPIDConfiguration.h"
[3.939s] cisstDataGenerator: generating code file "/home/utc_sim/ros2_dvrk/build/sawControllersCore/components/mtsPIDConfiguration_cdg.cpp"
[4.300s] [ 11%] [32mBuilding CXX object components/CMakeFiles/sawControllers.dir/code/osaGravityCompensation.cpp.o[0m
[10.295s] [ 17%] [32mBuilding CXX object components/CMakeFiles/sawControllers.dir/code/mtsPID.cpp.o[0m
[22.148s] [ 23%] [32mBuilding CXX object components/CMakeFiles/sawControllers.dir/mtsPIDConfiguration_cdg.cpp.o[0m
[24.132s] [ 29%] [32mBuilding CXX object components/CMakeFiles/sawControllers.dir/code/mtsPDGC.cpp.o[0m
[25.132s] [ 35%] [32mBuilding CXX object components/CMakeFiles/sawControllers.dir/code/mtsGravityCompensation.cpp.o[0m
[26.086s] [ 41%] [32mBuilding CXX object components/CMakeFiles/sawControllers.dir/code/mtsController.cpp.o[0m
[27.474s] [ 47%] [32mBuilding CXX object components/CMakeFiles/sawControllers.dir/code/osaCartesianImpedanceController.cpp.o[0m
[28.506s] [ 52%] [32mBuilding CXX object components/CMakeFiles/sawControllers.dir/code/osaPIDAntiWindup.cpp.o[0m
[29.197s] [ 58%] [32mBuilding CXX object components/CMakeFiles/sawControllers.dir/code/osaPDGC.cpp.o[0m
[30.189s] [ 64%] [32m[1mLinking CXX shared library /home/utc_sim/ros2_dvrk/install/cisst/lib/libsawControllers.so[0m
[30.359s] [ 64%] Built target sawControllers
[30.379s] [ 70%] [32mBuilding CXX object examples/CMakeFiles/osaGCExample.dir/osaGCExample.cpp.o[0m
[31.207s] [ 76%] [32m[1mLinking CXX executable osaGCExample[0m
[31.298s] [ 76%] Built target osaGCExample
[31.316s] [ 82%] [32mBuilding CXX object examples/CMakeFiles/mtsGCExample.dir/mtsGCExample.cpp.o[0m
[33.116s] [ 88%] [32m[1mLinking CXX executable mtsGCExample[0m
[33.229s] [ 88%] Built target mtsGCExample
[33.241s] [ 94%] [32mBuilding CXX object examples/CMakeFiles/osaPDGCExample.dir/osaPDGCExample.cpp.o[0m
[34.118s] [100%] [32m[1mLinking CXX executable osaPDGCExample[0m
[34.215s] [100%] Built target osaPDGCExample
[34.230s] Invoked command in '/home/utc_sim/ros2_dvrk/build/sawControllersCore' returned '0': CISST_ROOT=/home/utc_sim/ros2_dvrk/install/cisst CMAKE_PREFIX_PATH=/home/utc_sim/ros2_dvrk/install/sawKeyboardAll:/home/utc_sim/ros2_dvrk/install/cisst:/home/utc_sim/ros2_dvrk/install/cisstNetlib:/opt/ros/humble:/opt/ros/humble LD_LIBRARY_PATH=/home/utc_sim/ros2_dvrk/install/sawKeyboardAll/lib:/home/utc_sim/ros2_dvrk/install/cisst/lib:/home/utc_sim/ros2_dvrk/install/cisst/lib:${LD_LIBRARY_PATH} PATH=/home/utc_sim/ros2_dvrk/install/cisst/bin:/home/utc_sim/ros2_dvrk/install/cisst/bin:${PATH} PKG_CONFIG_PATH=/home/utc_sim/ros2_dvrk/install/cisst/lib/aarch64-linux-gnu/pkgconfig:/home/utc_sim/ros2_dvrk/install/cisst/lib/pkgconfig:/home/utc_sim/ros2_dvrk/install/cisstNetlib/lib/aarch64-linux-gnu/pkgconfig:/home/utc_sim/ros2_dvrk/install/cisstNetlib/lib/pkgconfig PYTHONPATH=/home/utc_sim/ros2_dvrk/install/cisst/lib:${PYTHONPATH} ROS_PACKAGE_PATH=/home/utc_sim/ros2_dvrk/install/cisst/share /usr/bin/cmake --build /home/utc_sim/ros2_dvrk/build/sawControllersCore -- -j8 -l8
[34.232s] Invoking command in '/home/utc_sim/ros2_dvrk/build/sawControllersCore': CISST_ROOT=/home/utc_sim/ros2_dvrk/install/cisst CMAKE_PREFIX_PATH=/home/utc_sim/ros2_dvrk/install/sawKeyboardAll:/home/utc_sim/ros2_dvrk/install/cisst:/home/utc_sim/ros2_dvrk/install/cisstNetlib:/opt/ros/humble:/opt/ros/humble LD_LIBRARY_PATH=/home/utc_sim/ros2_dvrk/install/sawKeyboardAll/lib:/home/utc_sim/ros2_dvrk/install/cisst/lib:/home/utc_sim/ros2_dvrk/install/cisst/lib:${LD_LIBRARY_PATH} PATH=/home/utc_sim/ros2_dvrk/install/cisst/bin:/home/utc_sim/ros2_dvrk/install/cisst/bin:${PATH} PKG_CONFIG_PATH=/home/utc_sim/ros2_dvrk/install/cisst/lib/aarch64-linux-gnu/pkgconfig:/home/utc_sim/ros2_dvrk/install/cisst/lib/pkgconfig:/home/utc_sim/ros2_dvrk/install/cisstNetlib/lib/aarch64-linux-gnu/pkgconfig:/home/utc_sim/ros2_dvrk/install/cisstNetlib/lib/pkgconfig PYTHONPATH=/home/utc_sim/ros2_dvrk/install/cisst/lib:${PYTHONPATH} ROS_PACKAGE_PATH=/home/utc_sim/ros2_dvrk/install/cisst/share /usr/bin/cmake --install /home/utc_sim/ros2_dvrk/build/sawControllersCore
[34.236s] -- Install configuration: "Release"
[34.236s] -- Installing: /home/utc_sim/ros2_dvrk/install/sawControllersCore/share/sawControllers/sawControllersConfig.cmake
[34.237s] -- Installing: /home/utc_sim/ros2_dvrk/install/sawControllersCore/share/sawControllers/sawControllersConfigVersion.cmake
[34.249s] -- Installing: /home/utc_sim/ros2_dvrk/install/sawControllersCore/include/sawControllers
[34.249s] -- Installing: /home/utc_sim/ros2_dvrk/install/sawControllersCore/include/sawControllers/mtsPID.h
[34.252s] -- Installing: /home/utc_sim/ros2_dvrk/install/sawControllersCore/include/sawControllers/mtsPDGC.h
[34.252s] -- Installing: /home/utc_sim/ros2_dvrk/install/sawControllersCore/include/sawControllers/mtsController.h
[34.252s] -- Installing: /home/utc_sim/ros2_dvrk/install/sawControllersCore/include/sawControllers/mtsGravityCompensation.h
[34.252s] -- Installing: /home/utc_sim/ros2_dvrk/install/sawControllersCore/include/sawControllers/osaCartesianImpedanceController.h
[34.252s] -- Installing: /home/utc_sim/ros2_dvrk/install/sawControllersCore/include/sawControllers/sawControllersQtExport.h
[34.252s] -- Installing: /home/utc_sim/ros2_dvrk/install/sawControllersCore/include/sawControllers/osaPDGC.h
[34.252s] -- Installing: /home/utc_sim/ros2_dvrk/install/sawControllersCore/include/sawControllers/mtsPIDQtWidget.h
[34.252s] -- Installing: /home/utc_sim/ros2_dvrk/install/sawControllersCore/include/sawControllers/osaGravityCompensation.h
[34.252s] -- Installing: /home/utc_sim/ros2_dvrk/install/sawControllersCore/include/sawControllers/osaPIDAntiWindup.h
[34.252s] -- Installing: /home/utc_sim/ros2_dvrk/install/sawControllersCore/include/sawControllers/sawControllersExport.h
[34.252s] -- Up-to-date: /home/utc_sim/ros2_dvrk/install/sawControllersCore/include/sawControllers
[34.252s] -- Installing: /home/utc_sim/ros2_dvrk/install/sawControllersCore/include/sawControllers/mtsPIDConfiguration.h
[34.252s] -- Installing: /home/utc_sim/ros2_dvrk/install/sawControllersCore/include/sawControllers/sawControllersRevision.h
[34.252s] -- Installing: /home/utc_sim/ros2_dvrk/install/sawControllersCore/lib/libsawControllers.so.2.3.0
[34.255s] -- Set runtime path of "/home/utc_sim/ros2_dvrk/install/sawControllersCore/lib/libsawControllers.so.2.3.0" to ""
[34.255s] -- Installing: /home/utc_sim/ros2_dvrk/install/sawControllersCore/lib/libsawControllers.so
[34.256s] -- Installing: /home/utc_sim/ros2_dvrk/install/sawControllersCore/bin/osaGCExample
[34.256s] -- Set runtime path of "/home/utc_sim/ros2_dvrk/install/sawControllersCore/bin/osaGCExample" to ""
[34.256s] -- Installing: /home/utc_sim/ros2_dvrk/install/sawControllersCore/bin/osaPDGCExample
[34.256s] -- Set runtime path of "/home/utc_sim/ros2_dvrk/install/sawControllersCore/bin/osaPDGCExample" to ""
[34.256s] -- Installing: /home/utc_sim/ros2_dvrk/install/sawControllersCore/bin/mtsGCExample
[34.257s] -- Set runtime path of "/home/utc_sim/ros2_dvrk/install/sawControllersCore/bin/mtsGCExample" to ""
[34.265s] Invoked command in '/home/utc_sim/ros2_dvrk/build/sawControllersCore' returned '0': CISST_ROOT=/home/utc_sim/ros2_dvrk/install/cisst CMAKE_PREFIX_PATH=/home/utc_sim/ros2_dvrk/install/sawKeyboardAll:/home/utc_sim/ros2_dvrk/install/cisst:/home/utc_sim/ros2_dvrk/install/cisstNetlib:/opt/ros/humble:/opt/ros/humble LD_LIBRARY_PATH=/home/utc_sim/ros2_dvrk/install/sawKeyboardAll/lib:/home/utc_sim/ros2_dvrk/install/cisst/lib:/home/utc_sim/ros2_dvrk/install/cisst/lib:${LD_LIBRARY_PATH} PATH=/home/utc_sim/ros2_dvrk/install/cisst/bin:/home/utc_sim/ros2_dvrk/install/cisst/bin:${PATH} PKG_CONFIG_PATH=/home/utc_sim/ros2_dvrk/install/cisst/lib/aarch64-linux-gnu/pkgconfig:/home/utc_sim/ros2_dvrk/install/cisst/lib/pkgconfig:/home/utc_sim/ros2_dvrk/install/cisstNetlib/lib/aarch64-linux-gnu/pkgconfig:/home/utc_sim/ros2_dvrk/install/cisstNetlib/lib/pkgconfig PYTHONPATH=/home/utc_sim/ros2_dvrk/install/cisst/lib:${PYTHONPATH} ROS_PACKAGE_PATH=/home/utc_sim/ros2_dvrk/install/cisst/share /usr/bin/cmake --install /home/utc_sim/ros2_dvrk/build/sawControllersCore
