-- The C compiler identification is GNU 11.4.0
-- The CXX compiler identification is GNU 11.4.0
-- Detecting C compiler ABI info
-- Detecting C compiler ABI info - done
-- Check for working C compiler: /usr/bin/cc - skipped
-- Detecting C compile features
-- Detecting C compile features - done
-- Detecting CXX compiler ABI info
-- Detecting CXX compiler ABI info - done
-- Check for working CXX compiler: /usr/bin/c++ - skipped
-- Detecting CXX compile features
-- Detecting CXX compile features - done
-- Information: cisst has been found in "/home/utc_sim/ros2_dvrk/install/cisst/", headers are in "/home/utc_sim/ros2_dvrk/install/cisst//include"
-- Performing Test CXX_SUPPORTS_WEXTRA
-- Performing Test CXX_SUPPORTS_WEXTRA - Success
-- Performing Test CXX_SUPPORTS_WALL
-- Performing Test CXX_SUPPORTS_WALL - Success
-- Information: cisst has been found in "/home/utc_sim/ros2_dvrk/install/cisst/", headers are in "/home/utc_sim/ros2_dvrk/install/cisst//include"
-- Assuming cisst is built using ROS/catkin since ROS_ROOT is defined in environment
-- CATKIN_DEVEL_PREFIX is not defined so assuming this is NOT a ROS/catkin build after all
-- Assuming cisst is built using ROS2/colcon since ROS_VERSION is 2
-- Assuming cisst is built using ROS/catkin since ROS_ROOT is defined in environment
-- CATKIN_DEVEL_PREFIX is not defined so assuming this is NOT a ROS/catkin build after all
-- Configuring done
-- Generating done
-- Build files have been written to: /home/utc_sim/ros2_dvrk/build/sawKeyboardAll
[ 50%] [32mBuilding CXX object components/CMakeFiles/sawKeyboard.dir/code/mtsKeyboard.cpp.o[0m
[100%] [32m[1mLinking CXX shared library /home/utc_sim/ros2_dvrk/install/cisst/lib/libsawKeyboard.so[0m
[100%] Built target sawKeyboard
-- Install configuration: "Release"
-- Installing: /home/utc_sim/ros2_dvrk/install/sawKeyboardAll/share/sawKeyboard/sawKeyboardConfig.cmake
-- Installing: /home/utc_sim/ros2_dvrk/install/sawKeyboardAll/share/sawKeyboard/sawKeyboardConfigVersion.cmake
-- Installing: /home/utc_sim/ros2_dvrk/install/sawKeyboardAll/include/sawKeyboard
-- Installing: /home/utc_sim/ros2_dvrk/install/sawKeyboardAll/include/sawKeyboard/sawKeyboardExport.h
-- Installing: /home/utc_sim/ros2_dvrk/install/sawKeyboardAll/include/sawKeyboard/mtsKeyboard.h
-- Up-to-date: /home/utc_sim/ros2_dvrk/install/sawKeyboardAll/include/sawKeyboard
-- Installing: /home/utc_sim/ros2_dvrk/install/sawKeyboardAll/include/sawKeyboard/sawKeyboardRevision.h
-- Installing: /home/utc_sim/ros2_dvrk/install/sawKeyboardAll/lib/libsawKeyboard.so.1.4.1
-- Set runtime path of "/home/utc_sim/ros2_dvrk/install/sawKeyboardAll/lib/libsawKeyboard.so.1.4.1" to ""
-- Installing: /home/utc_sim/ros2_dvrk/install/sawKeyboardAll/lib/libsawKeyboard.so
