[0.036s] Invoking command in '/home/utc_sim/ros2_dvrk/src/build/dvrk_arms_from_ros': /usr/bin/cmake /home/utc_sim/ros2_dvrk/src/cisst-saw/sawIntuitiveResearchKit/ros/dvrk_arms_from_ros/components -DCMAKE_BUILD_TYPE=Release -DCATKIN_INSTALL_INTO_PREFIX_ROOT=0 -DCATKIN_SYMLINK_INSTALL=ON -DCMAKE_INSTALL_PREFIX=/home/utc_sim/ros2_dvrk/src/install/dvrk_arms_from_ros
[0.206s] -- The C compiler identification is GNU 11.4.0
[0.393s] -- The CXX compiler identification is GNU 11.4.0
[0.399s] -- Detecting C compiler ABI info
[0.553s] -- Detecting C compiler ABI info - done
[0.560s] -- Check for working C compiler: /usr/bin/cc - skipped
[0.560s] -- Detecting C compile features
[0.560s] -- Detecting C compile features - done
[0.563s] -- Detecting CXX compiler ABI info
[0.722s] -- Detecting CXX compiler ABI info - done
[0.722s] -- Check for working CXX compiler: /usr/bin/c++ - skipped
[0.722s] -- Detecting CXX compile features
[0.722s] -- Detecting CXX compile features - done
[0.924s] -- Found Python3: /usr/bin/python3 (found version "3.10.12") found components: Interpreter 
[1.000s] Traceback (most recent call last):
[1.000s]   File "/opt/ros/humble/share/ament_cmake_core/cmake/package_templates/templates_2_cmake.py", line 21, in <module>
[1.000s]     from ament_package.templates import get_environment_hook_template_path
[1.000s] ModuleNotFoundError: No module named 'ament_package'
[1.008s] [31mCMake Error at /opt/ros/humble/share/ament_cmake_core/cmake/ament_cmake_package_templates-extras.cmake:41 (message):
[1.008s]   execute_process(/usr/bin/python3
[1.008s]   /opt/ros/humble/share/ament_cmake_core/cmake/package_templates/templates_2_cmake.py
[1.008s]   /home/utc_sim/ros2_dvrk/src/build/dvrk_arms_from_ros/ament_cmake_package_templates/templates.cmake)
[1.008s]   returned error code 1
[1.008s] Call Stack (most recent call first):
[1.008s]   /opt/ros/humble/share/ament_cmake_core/cmake/ament_cmake_coreConfig.cmake:41 (include)
[1.008s]   /opt/ros/humble/share/ament_cmake/cmake/ament_cmake_export_dependencies-extras.cmake:15 (find_package)
[1.008s]   /opt/ros/humble/share/ament_cmake/cmake/ament_cmakeConfig.cmake:41 (include)
[1.008s]   CMakeLists.txt:34 (find_package)
[1.008s] 
[1.008s] [0m
[1.008s] -- Configuring incomplete, errors occurred!
[1.008s] See also "/home/utc_sim/ros2_dvrk/src/build/dvrk_arms_from_ros/CMakeFiles/CMakeOutput.log".
