[0.021s] Invoking command in '/home/utc_sim/ros2_dvrk/build/dvrk_python': AMENT_PREFIX_PATH=/home/utc_sim/ros2_dvrk/install/crtk_python_client:/home/utc_sim/ros2_dvrk/install/crtk_msgs:${AMENT_PREFIX_PATH} CMAKE_PREFIX_PATH=/home/utc_sim/ros2_dvrk/install/crtk_python_client:/home/utc_sim/ros2_dvrk/install/crtk_msgs:/opt/ros/humble:/opt/ros/humble:/home/utc_sim/ros2_ws/install: LD_LIBRARY_PATH=/home/utc_sim/ros2_dvrk/install/crtk_msgs/lib:${LD_LIBRARY_PATH} PYTHONPATH=/home/utc_sim/ros2_dvrk/install/crtk_python_client/local/lib/python3.10/dist-packages:/home/utc_sim/ros2_dvrk/install/crtk_msgs/local/lib/python3.10/dist-packages:${PYTHONPATH} /usr/bin/cmake /home/utc_sim/ros2_dvrk/src/dvrk/dvrk_python -DCMAKE_BUILD_TYPE=Release -DAMENT_CMAKE_SYMLINK_INSTALL=1 -DCMAKE_INSTALL_PREFIX=/home/utc_sim/ros2_dvrk/install/dvrk_python
[0.076s] -- The C compiler identification is GNU 11.4.0
[0.125s] -- The CXX compiler identification is GNU 11.4.0
[0.131s] -- Detecting C compiler ABI info
[0.251s] -- Detecting C compiler ABI info - done
[0.259s] -- Check for working C compiler: /usr/bin/cc - skipped
[0.259s] -- Detecting C compile features
[0.259s] -- Detecting C compile features - done
[0.262s] -- Detecting CXX compiler ABI info
[0.342s] -- Detecting CXX compiler ABI info - done
[0.348s] -- Check for working CXX compiler: /usr/bin/c++ - skipped
[0.349s] -- Detecting CXX compile features
[0.349s] -- Detecting CXX compile features - done
[0.498s] -- Found Python3: /usr/bin/python3 (found version "3.10.12") found components: Interpreter 
[0.548s] -- Override CMake install command with custom implementation using symlinks instead of copying resources
[0.693s] -- Configuring done
[0.695s] -- Generating done
[0.697s] -- Build files have been written to: /home/utc_sim/ros2_dvrk/build/dvrk_python
[0.708s] Invoked command in '/home/utc_sim/ros2_dvrk/build/dvrk_python' returned '0': AMENT_PREFIX_PATH=/home/utc_sim/ros2_dvrk/install/crtk_python_client:/home/utc_sim/ros2_dvrk/install/crtk_msgs:${AMENT_PREFIX_PATH} CMAKE_PREFIX_PATH=/home/utc_sim/ros2_dvrk/install/crtk_python_client:/home/utc_sim/ros2_dvrk/install/crtk_msgs:/opt/ros/humble:/opt/ros/humble:/home/utc_sim/ros2_ws/install: LD_LIBRARY_PATH=/home/utc_sim/ros2_dvrk/install/crtk_msgs/lib:${LD_LIBRARY_PATH} PYTHONPATH=/home/utc_sim/ros2_dvrk/install/crtk_python_client/local/lib/python3.10/dist-packages:/home/utc_sim/ros2_dvrk/install/crtk_msgs/local/lib/python3.10/dist-packages:${PYTHONPATH} /usr/bin/cmake /home/utc_sim/ros2_dvrk/src/dvrk/dvrk_python -DCMAKE_BUILD_TYPE=Release -DAMENT_CMAKE_SYMLINK_INSTALL=1 -DCMAKE_INSTALL_PREFIX=/home/utc_sim/ros2_dvrk/install/dvrk_python
[0.708s] Invoking command in '/home/utc_sim/ros2_dvrk/build/dvrk_python': AMENT_PREFIX_PATH=/home/utc_sim/ros2_dvrk/install/crtk_python_client:/home/utc_sim/ros2_dvrk/install/crtk_msgs:${AMENT_PREFIX_PATH} CMAKE_PREFIX_PATH=/home/utc_sim/ros2_dvrk/install/crtk_python_client:/home/utc_sim/ros2_dvrk/install/crtk_msgs:/opt/ros/humble:/opt/ros/humble:/home/utc_sim/ros2_ws/install: LD_LIBRARY_PATH=/home/utc_sim/ros2_dvrk/install/crtk_msgs/lib:${LD_LIBRARY_PATH} PYTHONPATH=/home/utc_sim/ros2_dvrk/install/crtk_python_client/local/lib/python3.10/dist-packages:/home/utc_sim/ros2_dvrk/install/crtk_msgs/local/lib/python3.10/dist-packages:${PYTHONPATH} /usr/bin/cmake --build /home/utc_sim/ros2_dvrk/build/dvrk_python -- -j8 -l8
[0.801s] Built target ament_cmake_python_symlink_dvrk
[0.984s] running egg_info
[0.984s] creating dvrk.egg-info
[0.985s] writing dvrk.egg-info/PKG-INFO
[0.985s] writing dependency_links to dvrk.egg-info/dependency_links.txt
[0.985s] writing top-level names to dvrk.egg-info/top_level.txt
[0.985s] writing manifest file 'dvrk.egg-info/SOURCES.txt'
[0.988s] reading manifest file 'dvrk.egg-info/SOURCES.txt'
[0.988s] writing manifest file 'dvrk.egg-info/SOURCES.txt'
[1.029s] Built target ament_cmake_python_build_dvrk_egg
[1.050s] Invoked command in '/home/utc_sim/ros2_dvrk/build/dvrk_python' returned '0': AMENT_PREFIX_PATH=/home/utc_sim/ros2_dvrk/install/crtk_python_client:/home/utc_sim/ros2_dvrk/install/crtk_msgs:${AMENT_PREFIX_PATH} CMAKE_PREFIX_PATH=/home/utc_sim/ros2_dvrk/install/crtk_python_client:/home/utc_sim/ros2_dvrk/install/crtk_msgs:/opt/ros/humble:/opt/ros/humble:/home/utc_sim/ros2_ws/install: LD_LIBRARY_PATH=/home/utc_sim/ros2_dvrk/install/crtk_msgs/lib:${LD_LIBRARY_PATH} PYTHONPATH=/home/utc_sim/ros2_dvrk/install/crtk_python_client/local/lib/python3.10/dist-packages:/home/utc_sim/ros2_dvrk/install/crtk_msgs/local/lib/python3.10/dist-packages:${PYTHONPATH} /usr/bin/cmake --build /home/utc_sim/ros2_dvrk/build/dvrk_python -- -j8 -l8
[1.051s] Invoking command in '/home/utc_sim/ros2_dvrk/build/dvrk_python': AMENT_PREFIX_PATH=/home/utc_sim/ros2_dvrk/install/crtk_python_client:/home/utc_sim/ros2_dvrk/install/crtk_msgs:${AMENT_PREFIX_PATH} CMAKE_PREFIX_PATH=/home/utc_sim/ros2_dvrk/install/crtk_python_client:/home/utc_sim/ros2_dvrk/install/crtk_msgs:/opt/ros/humble:/opt/ros/humble:/home/utc_sim/ros2_ws/install: LD_LIBRARY_PATH=/home/utc_sim/ros2_dvrk/install/crtk_msgs/lib:${LD_LIBRARY_PATH} PYTHONPATH=/home/utc_sim/ros2_dvrk/install/crtk_python_client/local/lib/python3.10/dist-packages:/home/utc_sim/ros2_dvrk/install/crtk_msgs/local/lib/python3.10/dist-packages:${PYTHONPATH} /usr/bin/cmake --install /home/utc_sim/ros2_dvrk/build/dvrk_python
[1.068s] -- Install configuration: "Release"
[1.068s] -- Execute custom install script
[1.069s] -- Symlinking: /home/utc_sim/ros2_dvrk/install/dvrk_python/share/dvrk_python/environment/pythonpath.sh
[1.084s] -- Symlinking: /home/utc_sim/ros2_dvrk/install/dvrk_python/share/dvrk_python/environment/pythonpath.dsv
[1.094s] -- Symlinking: /home/utc_sim/ros2_dvrk/install/dvrk_python/local/lib/python3.10/dist-packages/dvrk-2.4.0-py3.10.egg-info/PKG-INFO
[1.099s] -- Symlinking: /home/utc_sim/ros2_dvrk/install/dvrk_python/local/lib/python3.10/dist-packages/dvrk-2.4.0-py3.10.egg-info/SOURCES.txt
[1.106s] -- Symlinking: /home/utc_sim/ros2_dvrk/install/dvrk_python/local/lib/python3.10/dist-packages/dvrk-2.4.0-py3.10.egg-info/dependency_links.txt
[1.116s] -- Symlinking: /home/utc_sim/ros2_dvrk/install/dvrk_python/local/lib/python3.10/dist-packages/dvrk-2.4.0-py3.10.egg-info/top_level.txt
[1.143s] -- Symlinking: /home/utc_sim/ros2_dvrk/install/dvrk_python/local/lib/python3.10/dist-packages/dvrk/__init__.py
[1.156s] -- Symlinking: /home/utc_sim/ros2_dvrk/install/dvrk_python/local/lib/python3.10/dist-packages/dvrk/arm.py
[1.177s] -- Symlinking: /home/utc_sim/ros2_dvrk/install/dvrk_python/local/lib/python3.10/dist-packages/dvrk/console.py
[1.182s] -- Symlinking: /home/utc_sim/ros2_dvrk/install/dvrk_python/local/lib/python3.10/dist-packages/dvrk/ecm.py
[1.202s] -- Symlinking: /home/utc_sim/ros2_dvrk/install/dvrk_python/local/lib/python3.10/dist-packages/dvrk/mtm.py
[1.236s] -- Symlinking: /home/utc_sim/ros2_dvrk/install/dvrk_python/local/lib/python3.10/dist-packages/dvrk/psm.py
[1.251s] -- Symlinking: /home/utc_sim/ros2_dvrk/install/dvrk_python/local/lib/python3.10/dist-packages/dvrk/suj.py
[1.258s] -- Symlinking: /home/utc_sim/ros2_dvrk/install/dvrk_python/local/lib/python3.10/dist-packages/dvrk/system.py
[1.263s] -- Symlinking: /home/utc_sim/ros2_dvrk/install/dvrk_python/local/lib/python3.10/dist-packages/dvrk/teleop_psm.py
[1.276s] -- Symlinking: /home/utc_sim/ros2_dvrk/install/dvrk_python/lib/dvrk_python/dvrk_arm_test.py
[1.281s] -- Symlinking: /home/utc_sim/ros2_dvrk/install/dvrk_python/lib/dvrk_python/dvrk_bag_replay.py
[1.289s] -- Symlinking: /home/utc_sim/ros2_dvrk/install/dvrk_python/lib/dvrk_python/dvrk_calibrate_potentiometer_psm.py
[1.300s] -- Symlinking: /home/utc_sim/ros2_dvrk/install/dvrk_python/lib/dvrk_python/dvrk_calibrate_potentiometer_psm_cv.py
[1.305s] -- Symlinking: /home/utc_sim/ros2_dvrk/install/dvrk_python/lib/dvrk_python/dvrk_calibrate_potentiometers.py
[1.310s] -- Symlinking: /home/utc_sim/ros2_dvrk/install/dvrk_python/lib/dvrk_python/dvrk_calibrate_suj.py
[1.315s] -- Symlinking: /home/utc_sim/ros2_dvrk/install/dvrk_python/lib/dvrk_python/dvrk_console_test.py
[1.322s] -- Symlinking: /home/utc_sim/ros2_dvrk/install/dvrk_python/lib/dvrk_python/dvrk_ecm_psm_gc_collect.py
[1.329s] -- Symlinking: /home/utc_sim/ros2_dvrk/install/dvrk_python/lib/dvrk_python/dvrk_latency_test.py
[1.334s] -- Symlinking: /home/utc_sim/ros2_dvrk/install/dvrk_python/lib/dvrk_python/dvrk_move_wait_test.py
[1.339s] -- Symlinking: /home/utc_sim/ros2_dvrk/install/dvrk_python/lib/dvrk_python/dvrk_mtm_cartesian_impedance.py
[1.346s] -- Symlinking: /home/utc_sim/ros2_dvrk/install/dvrk_python/lib/dvrk_python/dvrk_mtm_test.py
[1.360s] -- Symlinking: /home/utc_sim/ros2_dvrk/install/dvrk_python/lib/dvrk_python/dvrk_psm_ecm_registration.py
[1.369s] -- Symlinking: /home/utc_sim/ros2_dvrk/install/dvrk_python/lib/dvrk_python/dvrk_psm_effort_test.py
[1.393s] -- Symlinking: /home/utc_sim/ros2_dvrk/install/dvrk_python/lib/dvrk_python/dvrk_psm_si_kinematics_to_ros.py
[1.397s] -- Symlinking: /home/utc_sim/ros2_dvrk/install/dvrk_python/lib/dvrk_python/dvrk_psm_test.py
[1.402s] -- Symlinking: /home/utc_sim/ros2_dvrk/install/dvrk_python/lib/dvrk_python/dvrk_reset_teleoperation.py
[1.408s] -- Symlinking: /home/utc_sim/ros2_dvrk/install/dvrk_python/lib/dvrk_python/dvrk_system_test.py
[1.414s] -- Symlinking: /home/utc_sim/ros2_dvrk/install/dvrk_python/lib/dvrk_python/dvrk_teleoperation.py
[1.425s] -- Symlinking: /home/utc_sim/ros2_dvrk/install/dvrk_python/lib/dvrk_python/psm_calibration_cv.py
[1.435s] -- Symlinking: /home/utc_sim/ros2_dvrk/install/dvrk_python/lib/dvrk_python/validate_psm_calibration.py
[1.444s] -- Symlinking: /home/utc_sim/ros2_dvrk/install/dvrk_python/share/ament_index/resource_index/package_run_dependencies/dvrk_python
[1.450s] -- Symlinking: /home/utc_sim/ros2_dvrk/install/dvrk_python/share/ament_index/resource_index/parent_prefix_path/dvrk_python
[1.456s] -- Symlinking: /home/utc_sim/ros2_dvrk/install/dvrk_python/share/dvrk_python/environment/ament_prefix_path.sh
[1.485s] -- Symlinking: /home/utc_sim/ros2_dvrk/install/dvrk_python/share/dvrk_python/environment/ament_prefix_path.dsv
[1.498s] -- Symlinking: /home/utc_sim/ros2_dvrk/install/dvrk_python/share/dvrk_python/environment/path.sh
[1.503s] -- Symlinking: /home/utc_sim/ros2_dvrk/install/dvrk_python/share/dvrk_python/environment/path.dsv
[1.510s] -- Symlinking: /home/utc_sim/ros2_dvrk/install/dvrk_python/share/dvrk_python/local_setup.bash
[1.514s] -- Symlinking: /home/utc_sim/ros2_dvrk/install/dvrk_python/share/dvrk_python/local_setup.sh
[1.534s] -- Symlinking: /home/utc_sim/ros2_dvrk/install/dvrk_python/share/dvrk_python/local_setup.zsh
[1.539s] -- Symlinking: /home/utc_sim/ros2_dvrk/install/dvrk_python/share/dvrk_python/local_setup.dsv
[1.554s] -- Symlinking: /home/utc_sim/ros2_dvrk/install/dvrk_python/share/dvrk_python/package.dsv
[1.576s] -- Symlinking: /home/utc_sim/ros2_dvrk/install/dvrk_python/share/ament_index/resource_index/packages/dvrk_python
[1.585s] -- Symlinking: /home/utc_sim/ros2_dvrk/install/dvrk_python/share/dvrk_python/cmake/dvrk_pythonConfig.cmake
[1.604s] -- Symlinking: /home/utc_sim/ros2_dvrk/install/dvrk_python/share/dvrk_python/cmake/dvrk_pythonConfig-version.cmake
[1.616s] -- Symlinking: /home/utc_sim/ros2_dvrk/install/dvrk_python/share/dvrk_python/package.xml
[1.662s] Listing '/home/utc_sim/ros2_dvrk/install/dvrk_python/local/lib/python3.10/dist-packages/dvrk'...
[1.662s] Compiling '/home/utc_sim/ros2_dvrk/install/dvrk_python/local/lib/python3.10/dist-packages/dvrk/__init__.py'...
[1.662s] Compiling '/home/utc_sim/ros2_dvrk/install/dvrk_python/local/lib/python3.10/dist-packages/dvrk/arm.py'...
[1.662s] Compiling '/home/utc_sim/ros2_dvrk/install/dvrk_python/local/lib/python3.10/dist-packages/dvrk/console.py'...
[1.662s] Compiling '/home/utc_sim/ros2_dvrk/install/dvrk_python/local/lib/python3.10/dist-packages/dvrk/ecm.py'...
[1.662s] Compiling '/home/utc_sim/ros2_dvrk/install/dvrk_python/local/lib/python3.10/dist-packages/dvrk/mtm.py'...
[1.662s] Compiling '/home/utc_sim/ros2_dvrk/install/dvrk_python/local/lib/python3.10/dist-packages/dvrk/psm.py'...
[1.662s] Compiling '/home/utc_sim/ros2_dvrk/install/dvrk_python/local/lib/python3.10/dist-packages/dvrk/suj.py'...
[1.662s] Compiling '/home/utc_sim/ros2_dvrk/install/dvrk_python/local/lib/python3.10/dist-packages/dvrk/system.py'...
[1.662s] Compiling '/home/utc_sim/ros2_dvrk/install/dvrk_python/local/lib/python3.10/dist-packages/dvrk/teleop_psm.py'...
[1.675s] Invoked command in '/home/utc_sim/ros2_dvrk/build/dvrk_python' returned '0': AMENT_PREFIX_PATH=/home/utc_sim/ros2_dvrk/install/crtk_python_client:/home/utc_sim/ros2_dvrk/install/crtk_msgs:${AMENT_PREFIX_PATH} CMAKE_PREFIX_PATH=/home/utc_sim/ros2_dvrk/install/crtk_python_client:/home/utc_sim/ros2_dvrk/install/crtk_msgs:/opt/ros/humble:/opt/ros/humble:/home/utc_sim/ros2_ws/install: LD_LIBRARY_PATH=/home/utc_sim/ros2_dvrk/install/crtk_msgs/lib:${LD_LIBRARY_PATH} PYTHONPATH=/home/utc_sim/ros2_dvrk/install/crtk_python_client/local/lib/python3.10/dist-packages:/home/utc_sim/ros2_dvrk/install/crtk_msgs/local/lib/python3.10/dist-packages:${PYTHONPATH} /usr/bin/cmake --install /home/utc_sim/ros2_dvrk/build/dvrk_python
