[0.038s] Invoking command in '/home/utc_sim/ros2_dvrk/build/dvrk_robot': AMENT_PREFIX_PATH=/home/utc_sim/ros2_dvrk/install/saw_robot_io_1394_ros:/home/utc_sim/ros2_dvrk/install/saw_controllers_ros:/home/utc_sim/ros2_dvrk/install/cisst_ros_crtk:/home/utc_sim/ros2_dvrk/install/cisst_ros_bridge:/home/utc_sim/ros2_dvrk/install/crtk_msgs:/home/utc_sim/ros2_dvrk/install/cisst_msgs:${AMENT_PREFIX_PATH} CISST_ROOT=/home/utc_sim/ros2_dvrk/install/cisst CMAKE_PREFIX_PATH=/home/utc_sim/ros2_dvrk/install/saw_robot_io_1394_ros:/home/utc_sim/ros2_dvrk/install/saw_controllers_ros:/home/utc_sim/ros2_dvrk/install/sawIntuitiveResearchKitCore:/home/utc_sim/ros2_dvrk/install/sawTextToSpeechAll:/home/utc_sim/ros2_dvrk/install/sawControllersCore:/home/utc_sim/ros2_dvrk/install/cisst_ros_crtk:/home/utc_sim/ros2_dvrk/install/sawRobotIO1394Core:/home/utc_sim/ros2_dvrk/install/sawKeyboardAll:/home/utc_sim/ros2_dvrk/install/cisst_ros_bridge:/home/utc_sim/ros2_dvrk/install/cisst:/home/utc_sim/ros2_dvrk/install/crtk_msgs:/home/utc_sim/ros2_dvrk/install/cisst_msgs:/home/utc_sim/ros2_dvrk/install/cisstNetlib:/opt/ros/humble:/opt/ros/humble LD_LIBRARY_PATH=/home/utc_sim/ros2_dvrk/install/saw_robot_io_1394_ros/lib:/home/utc_sim/ros2_dvrk/install/saw_controllers_ros/lib:/home/utc_sim/ros2_dvrk/install/sawIntuitiveResearchKitCore/lib:/home/utc_sim/ros2_dvrk/install/sawTextToSpeechAll/lib:/home/utc_sim/ros2_dvrk/install/sawControllersCore/lib:/home/utc_sim/ros2_dvrk/install/cisst_ros_crtk/lib:/home/utc_sim/ros2_dvrk/install/sawRobotIO1394Core/lib:/home/utc_sim/ros2_dvrk/install/sawKeyboardAll/lib:/home/utc_sim/ros2_dvrk/install/cisst_ros_bridge/lib:/home/utc_sim/ros2_dvrk/install/cisst/lib:/home/utc_sim/ros2_dvrk/install/cisst/lib:/home/utc_sim/ros2_dvrk/install/crtk_msgs/lib:/home/utc_sim/ros2_dvrk/install/cisst_msgs/lib PATH=/home/utc_sim/ros2_dvrk/install/sawIntuitiveResearchKitCore/bin:/home/utc_sim/ros2_dvrk/install/sawTextToSpeechAll/bin:/home/utc_sim/ros2_dvrk/install/sawControllersCore/bin:/home/utc_sim/ros2_dvrk/install/sawRobotIO1394Core/bin:/home/utc_sim/ros2_dvrk/install/cisst/bin:/home/utc_sim/ros2_dvrk/install/cisst/bin:${PATH} PKG_CONFIG_PATH=/home/utc_sim/ros2_dvrk/install/cisst/lib/aarch64-linux-gnu/pkgconfig:/home/utc_sim/ros2_dvrk/install/cisst/lib/pkgconfig:/home/utc_sim/ros2_dvrk/install/cisstNetlib/lib/aarch64-linux-gnu/pkgconfig:/home/utc_sim/ros2_dvrk/install/cisstNetlib/lib/pkgconfig PYTHONPATH=/home/utc_sim/ros2_dvrk/install/cisst/lib:/home/utc_sim/ros2_dvrk/install/crtk_msgs/local/lib/python3.10/dist-packages:/home/utc_sim/ros2_dvrk/install/cisst_msgs/local/lib/python3.10/dist-packages ROS_PACKAGE_PATH=/home/utc_sim/ros2_dvrk/install/cisst/share /usr/bin/cmake /home/utc_sim/ros2_dvrk/src/cisst-saw/sawIntuitiveResearchKit/ros/dvrk_robot -DCMAKE_BUILD_TYPE=Release -DCATKIN_INSTALL_INTO_PREFIX_ROOT=0 -DCMAKE_INSTALL_PREFIX=/home/utc_sim/ros2_dvrk/install/dvrk_robot
[0.143s] -- Override CMake install command with custom implementation using symlinks instead of copying resources
[0.148s] -- Found rclcpp: 16.0.17 (/opt/ros/humble/share/rclcpp/cmake)
[0.172s] -- Found rosidl_generator_c: 3.1.8 (/opt/ros/humble/share/rosidl_generator_c/cmake)
[0.175s] -- Found rosidl_adapter: 3.1.8 (/opt/ros/humble/share/rosidl_adapter/cmake)
[0.181s] -- Found rosidl_generator_cpp: 3.1.8 (/opt/ros/humble/share/rosidl_generator_cpp/cmake)
[0.191s] [31mCMake Error at /opt/ros/humble/share/rosidl_typesupport_c/cmake/get_used_typesupports.cmake:35 (message):
[0.191s]   No 'rosidl_typesupport_c' found
[0.191s] Call Stack (most recent call first):
[0.192s]   /opt/ros/humble/share/rosidl_typesupport_c/cmake/rosidl_typesupport_c-extras.cmake:8 (get_used_typesupports)
[0.192s]   /opt/ros/humble/share/rosidl_typesupport_c/cmake/rosidl_typesupport_cConfig.cmake:41 (include)
[0.192s]   /opt/ros/humble/share/builtin_interfaces/cmake/ament_cmake_export_dependencies-extras.cmake:21 (find_package)
[0.192s]   /opt/ros/humble/share/builtin_interfaces/cmake/builtin_interfacesConfig.cmake:41 (include)
[0.192s]   /opt/ros/humble/share/libstatistics_collector/cmake/ament_cmake_export_dependencies-extras.cmake:21 (find_package)
[0.192s]   /opt/ros/humble/share/libstatistics_collector/cmake/libstatistics_collectorConfig.cmake:41 (include)
[0.192s]   /opt/ros/humble/share/rclcpp/cmake/ament_cmake_export_dependencies-extras.cmake:21 (find_package)
[0.192s]   /opt/ros/humble/share/rclcpp/cmake/rclcppConfig.cmake:41 (include)
[0.192s]   CMakeLists.txt:45 (find_package)
[0.192s] 
[0.192s] [0m
[0.192s] -- Configuring incomplete, errors occurred!
[0.193s] See also "/home/utc_sim/ros2_dvrk/build/dvrk_robot/CMakeFiles/CMakeOutput.log".
